ARM GAS  C:\Users\PC\AppData\Local\Temp\ccJq5BNf.s 			page 1


   1              		.syntax unified
   2              		.cpu cortex-m0plus
   3              		.fpu softvfp
   4              		.eabi_attribute 20, 1
   5              		.eabi_attribute 21, 1
   6              		.eabi_attribute 23, 3
   7              		.eabi_attribute 24, 1
   8              		.eabi_attribute 25, 1
   9              		.eabi_attribute 26, 1
  10              		.eabi_attribute 30, 1
  11              		.eabi_attribute 34, 0
  12              		.eabi_attribute 18, 4
  13              		.thumb
  14              		.syntax unified
  15              		.file	"main.c"
  16              		.text
  17              	.Ltext0:
  18              		.cfi_sections	.debug_frame
  19              		.section	.text.main,"ax",%progbits
  20              		.align	2
  21              		.global	main
  22              		.code	16
  23              		.thumb_func
  24              		.type	main, %function
  25              	main:
  26              	.LFB33:
  27              		.file 1 "main.c"
   1:main.c        **** /* ========================================
   2:main.c        ****  *
   3:main.c        ****  * Copyright YOUR COMPANY, THE YEAR
   4:main.c        ****  * All Rights Reserved
   5:main.c        ****  * UNPUBLISHED, LICENSED SOFTWARE.
   6:main.c        ****  *
   7:main.c        ****  * CONFIDENTIAL AND PROPRIETARY INFORMATION
   8:main.c        ****  * WHICH IS THE PROPERTY OF your company.
   9:main.c        ****  *
  10:main.c        ****  * ========================================
  11:main.c        **** */
  12:main.c        **** #include "project.h"
  13:main.c        **** 
  14:main.c        **** int main(void)
  15:main.c        **** {
  28              		.loc 1 15 0
  29              		.cfi_startproc
  30              		@ Volatile: function does not return.
  31              		@ args = 0, pretend = 0, frame = 0
  32              		@ frame_needed = 0, uses_anonymous_args = 0
  33 0000 10B5     		push	{r4, lr}
  34              		.cfi_def_cfa_offset 8
  35              		.cfi_offset 4, -8
  36              		.cfi_offset 14, -4
  16:main.c        ****     CyGlobalIntEnable; /* Enable global interrupts. */
  37              		.loc 1 16 0
  38              		.syntax divided
  39              	@ 16 "main.c" 1
  40 0002 62B6     		CPSIE   i
  41              	@ 0 "" 2
ARM GAS  C:\Users\PC\AppData\Local\Temp\ccJq5BNf.s 			page 2


  17:main.c        ****     mUART_Start();
  42              		.loc 1 17 0
  43              		.thumb
  44              		.syntax unified
  45 0004 FFF7FEFF 		bl	mUART_Start
  46              	.LVL0:
  47              	.L2:
  48 0008 FEE7     		b	.L2
  49              		.cfi_endproc
  50              	.LFE33:
  51              		.size	main, .-main
  52 000a C046     		.text
  53              	.Letext0:
  54              		.file 2 "Generated_Source\\PSoC4/mUART.h"
  55              		.section	.debug_info,"",%progbits
  56              	.Ldebug_info0:
  57 0000 B9000000 		.4byte	0xb9
  58 0004 0400     		.2byte	0x4
  59 0006 00000000 		.4byte	.Ldebug_abbrev0
  60 000a 04       		.byte	0x4
  61 000b 01       		.uleb128 0x1
  62 000c EF000000 		.4byte	.LASF14
  63 0010 0C       		.byte	0xc
  64 0011 1B000000 		.4byte	.LASF15
  65 0015 A4000000 		.4byte	.LASF16
  66 0019 00000000 		.4byte	.Ldebug_ranges0+0
  67 001d 00000000 		.4byte	0
  68 0021 00000000 		.4byte	.Ldebug_line0
  69 0025 02       		.uleb128 0x2
  70 0026 01       		.byte	0x1
  71 0027 06       		.byte	0x6
  72 0028 8C000000 		.4byte	.LASF0
  73 002c 02       		.uleb128 0x2
  74 002d 01       		.byte	0x1
  75 002e 08       		.byte	0x8
  76 002f 56000000 		.4byte	.LASF1
  77 0033 02       		.uleb128 0x2
  78 0034 02       		.byte	0x2
  79 0035 05       		.byte	0x5
  80 0036 E5000000 		.4byte	.LASF2
  81 003a 02       		.uleb128 0x2
  82 003b 02       		.byte	0x2
  83 003c 07       		.byte	0x7
  84 003d 79000000 		.4byte	.LASF3
  85 0041 02       		.uleb128 0x2
  86 0042 04       		.byte	0x4
  87 0043 05       		.byte	0x5
  88 0044 69000000 		.4byte	.LASF4
  89 0048 02       		.uleb128 0x2
  90 0049 04       		.byte	0x4
  91 004a 07       		.byte	0x7
  92 004b 27000000 		.4byte	.LASF5
  93 004f 02       		.uleb128 0x2
  94 0050 08       		.byte	0x8
  95 0051 05       		.byte	0x5
  96 0052 00000000 		.4byte	.LASF6
  97 0056 02       		.uleb128 0x2
ARM GAS  C:\Users\PC\AppData\Local\Temp\ccJq5BNf.s 			page 3


  98 0057 08       		.byte	0x8
  99 0058 07       		.byte	0x7
 100 0059 39000000 		.4byte	.LASF7
 101 005d 03       		.uleb128 0x3
 102 005e 04       		.byte	0x4
 103 005f 05       		.byte	0x5
 104 0060 696E7400 		.ascii	"int\000"
 105 0064 02       		.uleb128 0x2
 106 0065 04       		.byte	0x4
 107 0066 07       		.byte	0x7
 108 0067 0E000000 		.4byte	.LASF8
 109 006b 02       		.uleb128 0x2
 110 006c 04       		.byte	0x4
 111 006d 04       		.byte	0x4
 112 006e 50000000 		.4byte	.LASF9
 113 0072 02       		.uleb128 0x2
 114 0073 08       		.byte	0x8
 115 0074 04       		.byte	0x4
 116 0075 72000000 		.4byte	.LASF10
 117 0079 02       		.uleb128 0x2
 118 007a 01       		.byte	0x1
 119 007b 08       		.byte	0x8
 120 007c 64000000 		.4byte	.LASF11
 121 0080 02       		.uleb128 0x2
 122 0081 08       		.byte	0x8
 123 0082 04       		.byte	0x4
 124 0083 98000000 		.4byte	.LASF12
 125 0087 02       		.uleb128 0x2
 126 0088 04       		.byte	0x4
 127 0089 07       		.byte	0x7
 128 008a 8D010000 		.4byte	.LASF13
 129 008e 04       		.uleb128 0x4
 130 008f 22000000 		.4byte	.LASF17
 131 0093 01       		.byte	0x1
 132 0094 0E       		.byte	0xe
 133 0095 5D000000 		.4byte	0x5d
 134 0099 00000000 		.4byte	.LFB33
 135 009d 0A000000 		.4byte	.LFE33-.LFB33
 136 00a1 01       		.uleb128 0x1
 137 00a2 9C       		.byte	0x9c
 138 00a3 B1000000 		.4byte	0xb1
 139 00a7 05       		.uleb128 0x5
 140 00a8 08000000 		.4byte	.LVL0
 141 00ac B1000000 		.4byte	0xb1
 142 00b0 00       		.byte	0
 143 00b1 06       		.uleb128 0x6
 144 00b2 81010000 		.4byte	.LASF18
 145 00b6 81010000 		.4byte	.LASF18
 146 00ba 02       		.byte	0x2
 147 00bb 72       		.byte	0x72
 148 00bc 00       		.byte	0
 149              		.section	.debug_abbrev,"",%progbits
 150              	.Ldebug_abbrev0:
 151 0000 01       		.uleb128 0x1
 152 0001 11       		.uleb128 0x11
 153 0002 01       		.byte	0x1
 154 0003 25       		.uleb128 0x25
ARM GAS  C:\Users\PC\AppData\Local\Temp\ccJq5BNf.s 			page 4


 155 0004 0E       		.uleb128 0xe
 156 0005 13       		.uleb128 0x13
 157 0006 0B       		.uleb128 0xb
 158 0007 03       		.uleb128 0x3
 159 0008 0E       		.uleb128 0xe
 160 0009 1B       		.uleb128 0x1b
 161 000a 0E       		.uleb128 0xe
 162 000b 55       		.uleb128 0x55
 163 000c 17       		.uleb128 0x17
 164 000d 11       		.uleb128 0x11
 165 000e 01       		.uleb128 0x1
 166 000f 10       		.uleb128 0x10
 167 0010 17       		.uleb128 0x17
 168 0011 00       		.byte	0
 169 0012 00       		.byte	0
 170 0013 02       		.uleb128 0x2
 171 0014 24       		.uleb128 0x24
 172 0015 00       		.byte	0
 173 0016 0B       		.uleb128 0xb
 174 0017 0B       		.uleb128 0xb
 175 0018 3E       		.uleb128 0x3e
 176 0019 0B       		.uleb128 0xb
 177 001a 03       		.uleb128 0x3
 178 001b 0E       		.uleb128 0xe
 179 001c 00       		.byte	0
 180 001d 00       		.byte	0
 181 001e 03       		.uleb128 0x3
 182 001f 24       		.uleb128 0x24
 183 0020 00       		.byte	0
 184 0021 0B       		.uleb128 0xb
 185 0022 0B       		.uleb128 0xb
 186 0023 3E       		.uleb128 0x3e
 187 0024 0B       		.uleb128 0xb
 188 0025 03       		.uleb128 0x3
 189 0026 08       		.uleb128 0x8
 190 0027 00       		.byte	0
 191 0028 00       		.byte	0
 192 0029 04       		.uleb128 0x4
 193 002a 2E       		.uleb128 0x2e
 194 002b 01       		.byte	0x1
 195 002c 3F       		.uleb128 0x3f
 196 002d 19       		.uleb128 0x19
 197 002e 03       		.uleb128 0x3
 198 002f 0E       		.uleb128 0xe
 199 0030 3A       		.uleb128 0x3a
 200 0031 0B       		.uleb128 0xb
 201 0032 3B       		.uleb128 0x3b
 202 0033 0B       		.uleb128 0xb
 203 0034 27       		.uleb128 0x27
 204 0035 19       		.uleb128 0x19
 205 0036 49       		.uleb128 0x49
 206 0037 13       		.uleb128 0x13
 207 0038 8701     		.uleb128 0x87
 208 003a 19       		.uleb128 0x19
 209 003b 11       		.uleb128 0x11
 210 003c 01       		.uleb128 0x1
 211 003d 12       		.uleb128 0x12
ARM GAS  C:\Users\PC\AppData\Local\Temp\ccJq5BNf.s 			page 5


 212 003e 06       		.uleb128 0x6
 213 003f 40       		.uleb128 0x40
 214 0040 18       		.uleb128 0x18
 215 0041 9742     		.uleb128 0x2117
 216 0043 19       		.uleb128 0x19
 217 0044 01       		.uleb128 0x1
 218 0045 13       		.uleb128 0x13
 219 0046 00       		.byte	0
 220 0047 00       		.byte	0
 221 0048 05       		.uleb128 0x5
 222 0049 898201   		.uleb128 0x4109
 223 004c 00       		.byte	0
 224 004d 11       		.uleb128 0x11
 225 004e 01       		.uleb128 0x1
 226 004f 31       		.uleb128 0x31
 227 0050 13       		.uleb128 0x13
 228 0051 00       		.byte	0
 229 0052 00       		.byte	0
 230 0053 06       		.uleb128 0x6
 231 0054 2E       		.uleb128 0x2e
 232 0055 00       		.byte	0
 233 0056 3F       		.uleb128 0x3f
 234 0057 19       		.uleb128 0x19
 235 0058 3C       		.uleb128 0x3c
 236 0059 19       		.uleb128 0x19
 237 005a 6E       		.uleb128 0x6e
 238 005b 0E       		.uleb128 0xe
 239 005c 03       		.uleb128 0x3
 240 005d 0E       		.uleb128 0xe
 241 005e 3A       		.uleb128 0x3a
 242 005f 0B       		.uleb128 0xb
 243 0060 3B       		.uleb128 0x3b
 244 0061 0B       		.uleb128 0xb
 245 0062 00       		.byte	0
 246 0063 00       		.byte	0
 247 0064 00       		.byte	0
 248              		.section	.debug_aranges,"",%progbits
 249 0000 1C000000 		.4byte	0x1c
 250 0004 0200     		.2byte	0x2
 251 0006 00000000 		.4byte	.Ldebug_info0
 252 000a 04       		.byte	0x4
 253 000b 00       		.byte	0
 254 000c 0000     		.2byte	0
 255 000e 0000     		.2byte	0
 256 0010 00000000 		.4byte	.LFB33
 257 0014 0A000000 		.4byte	.LFE33-.LFB33
 258 0018 00000000 		.4byte	0
 259 001c 00000000 		.4byte	0
 260              		.section	.debug_ranges,"",%progbits
 261              	.Ldebug_ranges0:
 262 0000 00000000 		.4byte	.LFB33
 263 0004 0A000000 		.4byte	.LFE33
 264 0008 00000000 		.4byte	0
 265 000c 00000000 		.4byte	0
 266              		.section	.debug_line,"",%progbits
 267              	.Ldebug_line0:
 268 0000 56000000 		.section	.debug_str,"MS",%progbits,1
ARM GAS  C:\Users\PC\AppData\Local\Temp\ccJq5BNf.s 			page 6


 268      02003F00 
 268      00000201 
 268      FB0E0D00 
 268      01010101 
 269              	.LASF6:
 270 0000 6C6F6E67 		.ascii	"long long int\000"
 270      206C6F6E 
 270      6720696E 
 270      7400
 271              	.LASF8:
 272 000e 756E7369 		.ascii	"unsigned int\000"
 272      676E6564 
 272      20696E74 
 272      00
 273              	.LASF15:
 274 001b 6D61696E 		.ascii	"main.c\000"
 274      2E6300
 275              	.LASF17:
 276 0022 6D61696E 		.ascii	"main\000"
 276      00
 277              	.LASF5:
 278 0027 6C6F6E67 		.ascii	"long unsigned int\000"
 278      20756E73 
 278      69676E65 
 278      6420696E 
 278      7400
 279              	.LASF7:
 280 0039 6C6F6E67 		.ascii	"long long unsigned int\000"
 280      206C6F6E 
 280      6720756E 
 280      7369676E 
 280      65642069 
 281              	.LASF9:
 282 0050 666C6F61 		.ascii	"float\000"
 282      7400
 283              	.LASF1:
 284 0056 756E7369 		.ascii	"unsigned char\000"
 284      676E6564 
 284      20636861 
 284      7200
 285              	.LASF11:
 286 0064 63686172 		.ascii	"char\000"
 286      00
 287              	.LASF4:
 288 0069 6C6F6E67 		.ascii	"long int\000"
 288      20696E74 
 288      00
 289              	.LASF10:
 290 0072 646F7562 		.ascii	"double\000"
 290      6C6500
 291              	.LASF3:
 292 0079 73686F72 		.ascii	"short unsigned int\000"
 292      7420756E 
 292      7369676E 
 292      65642069 
 292      6E7400
 293              	.LASF0:
ARM GAS  C:\Users\PC\AppData\Local\Temp\ccJq5BNf.s 			page 7


 294 008c 7369676E 		.ascii	"signed char\000"
 294      65642063 
 294      68617200 
 295              	.LASF12:
 296 0098 6C6F6E67 		.ascii	"long double\000"
 296      20646F75 
 296      626C6500 
 297              	.LASF16:
 298 00a4 433A5C55 		.ascii	"C:\\Users\\PC\\Documents\\GitHub_Commit\\Yellow-Chi"
 298      73657273 
 298      5C50435C 
 298      446F6375 
 298      6D656E74 
 299 00d2 705C626F 		.ascii	"p\\bootloader.cydsn\000"
 299      6F746C6F 
 299      61646572 
 299      2E637964 
 299      736E00
 300              	.LASF2:
 301 00e5 73686F72 		.ascii	"short int\000"
 301      7420696E 
 301      7400
 302              	.LASF14:
 303 00ef 474E5520 		.ascii	"GNU C11 5.4.1 20160609 (release) [ARM/embedded-5-br"
 303      43313120 
 303      352E342E 
 303      31203230 
 303      31363036 
 304 0122 616E6368 		.ascii	"anch revision 237715] -mcpu=cortex-m0plus -mthumb -"
 304      20726576 
 304      6973696F 
 304      6E203233 
 304      37373135 
 305 0155 67202D4F 		.ascii	"g -Og -ffunction-sections -ffat-lto-objects\000"
 305      67202D66 
 305      66756E63 
 305      74696F6E 
 305      2D736563 
 306              	.LASF18:
 307 0181 6D554152 		.ascii	"mUART_Start\000"
 307      545F5374 
 307      61727400 
 308              	.LASF13:
 309 018d 73697A65 		.ascii	"sizetype\000"
 309      74797065 
 309      00
 310              		.ident	"GCC: (GNU Tools for ARM Embedded Processors) 5.4.1 20160609 (release) [ARM/embedded-5-bran
