ARM GAS  C:\Users\PC\AppData\Local\Temp\ccuFrRF8.s 			page 1


   1              		.syntax unified
   2              		.cpu cortex-m0plus
   3              		.fpu softvfp
   4              		.eabi_attribute 20, 1
   5              		.eabi_attribute 21, 1
   6              		.eabi_attribute 23, 3
   7              		.eabi_attribute 24, 1
   8              		.eabi_attribute 25, 1
   9              		.eabi_attribute 26, 1
  10              		.eabi_attribute 30, 1
  11              		.eabi_attribute 34, 0
  12              		.eabi_attribute 18, 4
  13              		.thumb
  14              		.syntax unified
  15              		.file	"cyfitter_cfg.c"
  16              		.text
  17              	.Ltext0:
  18              		.cfi_sections	.debug_frame
  19              		.section	.psocinit,"ax",%progbits
  20              		.align	2
  21              		.code	16
  22              		.thumb_func
  23              		.type	ClockSetup, %function
  24              	ClockSetup:
  25              	.LFB4:
  26              		.file 1 "Generated_Source\\PSoC4\\cyfitter_cfg.c"
   1:Generated_Source\PSoC4/cyfitter_cfg.c **** 
   2:Generated_Source\PSoC4/cyfitter_cfg.c **** /*******************************************************************************
   3:Generated_Source\PSoC4/cyfitter_cfg.c **** * File Name: cyfitter_cfg.c
   4:Generated_Source\PSoC4/cyfitter_cfg.c **** * 
   5:Generated_Source\PSoC4/cyfitter_cfg.c **** * PSoC Creator  4.4
   6:Generated_Source\PSoC4/cyfitter_cfg.c **** *
   7:Generated_Source\PSoC4/cyfitter_cfg.c **** * Description:
   8:Generated_Source\PSoC4/cyfitter_cfg.c **** * This file contains device initialization code.
   9:Generated_Source\PSoC4/cyfitter_cfg.c **** * Except for the user defined sections in CyClockStartupError(), this file should not be modified.
  10:Generated_Source\PSoC4/cyfitter_cfg.c **** * This file is automatically generated by PSoC Creator.
  11:Generated_Source\PSoC4/cyfitter_cfg.c **** *
  12:Generated_Source\PSoC4/cyfitter_cfg.c **** ********************************************************************************
  13:Generated_Source\PSoC4/cyfitter_cfg.c **** * Copyright (c) 2007-2020 Cypress Semiconductor.  All rights reserved.
  14:Generated_Source\PSoC4/cyfitter_cfg.c **** * You may use this file only in accordance with the license, terms, conditions, 
  15:Generated_Source\PSoC4/cyfitter_cfg.c **** * disclaimers, and limitations in the end user license agreement accompanying 
  16:Generated_Source\PSoC4/cyfitter_cfg.c **** * the software package with which this file was provided.
  17:Generated_Source\PSoC4/cyfitter_cfg.c **** ********************************************************************************/
  18:Generated_Source\PSoC4/cyfitter_cfg.c **** 
  19:Generated_Source\PSoC4/cyfitter_cfg.c **** #include <string.h>
  20:Generated_Source\PSoC4/cyfitter_cfg.c **** #include "cytypes.h"
  21:Generated_Source\PSoC4/cyfitter_cfg.c **** #include "cydevice_trm.h"
  22:Generated_Source\PSoC4/cyfitter_cfg.c **** #include "cyfitter.h"
  23:Generated_Source\PSoC4/cyfitter_cfg.c **** #include "CyLib.h"
  24:Generated_Source\PSoC4/cyfitter_cfg.c **** #include "cyfitter_cfg.h"
  25:Generated_Source\PSoC4/cyfitter_cfg.c **** #include "cyapicallbacks.h"
  26:Generated_Source\PSoC4/cyfitter_cfg.c **** 
  27:Generated_Source\PSoC4/cyfitter_cfg.c **** 
  28:Generated_Source\PSoC4/cyfitter_cfg.c **** #if defined(__GNUC__) || defined(__ARMCC_VERSION)
  29:Generated_Source\PSoC4/cyfitter_cfg.c ****     #define CYPACKED 
  30:Generated_Source\PSoC4/cyfitter_cfg.c ****     #define CYPACKED_ATTR __attribute__ ((packed))
  31:Generated_Source\PSoC4/cyfitter_cfg.c ****     #define CYALIGNED __attribute__ ((aligned))
ARM GAS  C:\Users\PC\AppData\Local\Temp\ccuFrRF8.s 			page 2


  32:Generated_Source\PSoC4/cyfitter_cfg.c ****     #define CY_CFG_UNUSED __attribute__ ((unused))
  33:Generated_Source\PSoC4/cyfitter_cfg.c ****     #ifndef CY_CFG_SECTION
  34:Generated_Source\PSoC4/cyfitter_cfg.c ****         #define CY_CFG_SECTION __attribute__ ((section(".psocinit")))
  35:Generated_Source\PSoC4/cyfitter_cfg.c ****     #endif
  36:Generated_Source\PSoC4/cyfitter_cfg.c ****     
  37:Generated_Source\PSoC4/cyfitter_cfg.c ****     #if defined(__ARMCC_VERSION)
  38:Generated_Source\PSoC4/cyfitter_cfg.c ****         #define CY_CFG_MEMORY_BARRIER() __memory_changed()
  39:Generated_Source\PSoC4/cyfitter_cfg.c ****     #else
  40:Generated_Source\PSoC4/cyfitter_cfg.c ****         #define CY_CFG_MEMORY_BARRIER() __sync_synchronize()
  41:Generated_Source\PSoC4/cyfitter_cfg.c ****     #endif
  42:Generated_Source\PSoC4/cyfitter_cfg.c ****     
  43:Generated_Source\PSoC4/cyfitter_cfg.c **** #elif defined(__ICCARM__)
  44:Generated_Source\PSoC4/cyfitter_cfg.c ****     #include <intrinsics.h>
  45:Generated_Source\PSoC4/cyfitter_cfg.c **** 
  46:Generated_Source\PSoC4/cyfitter_cfg.c ****     #define CYPACKED __packed
  47:Generated_Source\PSoC4/cyfitter_cfg.c ****     #define CYPACKED_ATTR 
  48:Generated_Source\PSoC4/cyfitter_cfg.c ****     #define CYALIGNED _Pragma("data_alignment=4")
  49:Generated_Source\PSoC4/cyfitter_cfg.c ****     #define CY_CFG_UNUSED _Pragma("diag_suppress=Pe177")
  50:Generated_Source\PSoC4/cyfitter_cfg.c ****     #define CY_CFG_SECTION _Pragma("location=\".psocinit\"")
  51:Generated_Source\PSoC4/cyfitter_cfg.c ****     
  52:Generated_Source\PSoC4/cyfitter_cfg.c ****     #define CY_CFG_MEMORY_BARRIER() __DMB()
  53:Generated_Source\PSoC4/cyfitter_cfg.c ****     
  54:Generated_Source\PSoC4/cyfitter_cfg.c **** #else
  55:Generated_Source\PSoC4/cyfitter_cfg.c ****     #error Unsupported toolchain
  56:Generated_Source\PSoC4/cyfitter_cfg.c **** #endif
  57:Generated_Source\PSoC4/cyfitter_cfg.c **** 
  58:Generated_Source\PSoC4/cyfitter_cfg.c **** #ifndef CYCODE
  59:Generated_Source\PSoC4/cyfitter_cfg.c ****     #define CYCODE
  60:Generated_Source\PSoC4/cyfitter_cfg.c **** #endif
  61:Generated_Source\PSoC4/cyfitter_cfg.c **** #ifndef CYDATA
  62:Generated_Source\PSoC4/cyfitter_cfg.c ****     #define CYDATA
  63:Generated_Source\PSoC4/cyfitter_cfg.c **** #endif
  64:Generated_Source\PSoC4/cyfitter_cfg.c **** #ifndef CYFAR
  65:Generated_Source\PSoC4/cyfitter_cfg.c ****     #define CYFAR
  66:Generated_Source\PSoC4/cyfitter_cfg.c **** #endif
  67:Generated_Source\PSoC4/cyfitter_cfg.c **** #ifndef CYXDATA
  68:Generated_Source\PSoC4/cyfitter_cfg.c ****     #define CYXDATA
  69:Generated_Source\PSoC4/cyfitter_cfg.c **** #endif
  70:Generated_Source\PSoC4/cyfitter_cfg.c **** 
  71:Generated_Source\PSoC4/cyfitter_cfg.c **** 
  72:Generated_Source\PSoC4/cyfitter_cfg.c **** CY_CFG_UNUSED
  73:Generated_Source\PSoC4/cyfitter_cfg.c **** static void CYMEMZERO(void *s, size_t n);
  74:Generated_Source\PSoC4/cyfitter_cfg.c **** CY_CFG_UNUSED
  75:Generated_Source\PSoC4/cyfitter_cfg.c **** static void CYMEMZERO(void *s, size_t n)
  76:Generated_Source\PSoC4/cyfitter_cfg.c **** {
  77:Generated_Source\PSoC4/cyfitter_cfg.c **** 	(void)memset(s, 0, n);
  78:Generated_Source\PSoC4/cyfitter_cfg.c **** }
  79:Generated_Source\PSoC4/cyfitter_cfg.c **** CY_CFG_UNUSED
  80:Generated_Source\PSoC4/cyfitter_cfg.c **** static void CYCONFIGCPY(void *dest, const void *src, size_t n);
  81:Generated_Source\PSoC4/cyfitter_cfg.c **** CY_CFG_UNUSED
  82:Generated_Source\PSoC4/cyfitter_cfg.c **** static void CYCONFIGCPY(void *dest, const void *src, size_t n)
  83:Generated_Source\PSoC4/cyfitter_cfg.c **** {
  84:Generated_Source\PSoC4/cyfitter_cfg.c **** 	(void)memcpy(dest, src, n);
  85:Generated_Source\PSoC4/cyfitter_cfg.c **** }
  86:Generated_Source\PSoC4/cyfitter_cfg.c **** CY_CFG_UNUSED
  87:Generated_Source\PSoC4/cyfitter_cfg.c **** static void CYCONFIGCPYCODE(void *dest, const void *src, size_t n);
  88:Generated_Source\PSoC4/cyfitter_cfg.c **** CY_CFG_UNUSED
ARM GAS  C:\Users\PC\AppData\Local\Temp\ccuFrRF8.s 			page 3


  89:Generated_Source\PSoC4/cyfitter_cfg.c **** static void CYCONFIGCPYCODE(void *dest, const void *src, size_t n)
  90:Generated_Source\PSoC4/cyfitter_cfg.c **** {
  91:Generated_Source\PSoC4/cyfitter_cfg.c **** 	(void)memcpy(dest, src, n);
  92:Generated_Source\PSoC4/cyfitter_cfg.c **** }
  93:Generated_Source\PSoC4/cyfitter_cfg.c **** 
  94:Generated_Source\PSoC4/cyfitter_cfg.c **** 
  95:Generated_Source\PSoC4/cyfitter_cfg.c **** 
  96:Generated_Source\PSoC4/cyfitter_cfg.c **** 
  97:Generated_Source\PSoC4/cyfitter_cfg.c **** /* Clock startup error codes                                                   */
  98:Generated_Source\PSoC4/cyfitter_cfg.c **** #define CYCLOCKSTART_NO_ERROR    0u
  99:Generated_Source\PSoC4/cyfitter_cfg.c **** #define CYCLOCKSTART_XTAL_ERROR  1u
 100:Generated_Source\PSoC4/cyfitter_cfg.c **** #define CYCLOCKSTART_32KHZ_ERROR 2u
 101:Generated_Source\PSoC4/cyfitter_cfg.c **** #define CYCLOCKSTART_PLL_ERROR   3u
 102:Generated_Source\PSoC4/cyfitter_cfg.c **** #define CYCLOCKSTART_FLL_ERROR   4u
 103:Generated_Source\PSoC4/cyfitter_cfg.c **** #define CYCLOCKSTART_WCO_ERROR   5u
 104:Generated_Source\PSoC4/cyfitter_cfg.c **** 
 105:Generated_Source\PSoC4/cyfitter_cfg.c **** 
 106:Generated_Source\PSoC4/cyfitter_cfg.c **** #ifdef CY_NEED_CYCLOCKSTARTUPERROR
 107:Generated_Source\PSoC4/cyfitter_cfg.c **** /*******************************************************************************
 108:Generated_Source\PSoC4/cyfitter_cfg.c **** * Function Name: CyClockStartupError
 109:Generated_Source\PSoC4/cyfitter_cfg.c **** ********************************************************************************
 110:Generated_Source\PSoC4/cyfitter_cfg.c **** * Summary:
 111:Generated_Source\PSoC4/cyfitter_cfg.c **** *  If an error is encountered during clock configuration (crystal startup error,
 112:Generated_Source\PSoC4/cyfitter_cfg.c **** *  PLL lock error, etc.), the system will end up here.  Unless reimplemented by
 113:Generated_Source\PSoC4/cyfitter_cfg.c **** *  the customer, this function will stop in an infinite loop.
 114:Generated_Source\PSoC4/cyfitter_cfg.c **** *
 115:Generated_Source\PSoC4/cyfitter_cfg.c **** * Parameters:
 116:Generated_Source\PSoC4/cyfitter_cfg.c **** *   void
 117:Generated_Source\PSoC4/cyfitter_cfg.c **** *
 118:Generated_Source\PSoC4/cyfitter_cfg.c **** * Return:
 119:Generated_Source\PSoC4/cyfitter_cfg.c **** *   void
 120:Generated_Source\PSoC4/cyfitter_cfg.c **** *
 121:Generated_Source\PSoC4/cyfitter_cfg.c **** *******************************************************************************/
 122:Generated_Source\PSoC4/cyfitter_cfg.c **** CY_CFG_UNUSED
 123:Generated_Source\PSoC4/cyfitter_cfg.c **** static void CyClockStartupError(uint8 errorCode);
 124:Generated_Source\PSoC4/cyfitter_cfg.c **** CY_CFG_UNUSED
 125:Generated_Source\PSoC4/cyfitter_cfg.c **** static void CyClockStartupError(uint8 errorCode)
 126:Generated_Source\PSoC4/cyfitter_cfg.c **** {
 127:Generated_Source\PSoC4/cyfitter_cfg.c ****     /* To remove the compiler warning if errorCode not used.                */
 128:Generated_Source\PSoC4/cyfitter_cfg.c ****     errorCode = errorCode;
 129:Generated_Source\PSoC4/cyfitter_cfg.c **** 
 130:Generated_Source\PSoC4/cyfitter_cfg.c ****     /* If we have a clock startup error (bad MHz crystal, PLL lock, etc.),  */
 131:Generated_Source\PSoC4/cyfitter_cfg.c ****     /* we will end up here to allow the customer to implement something to  */
 132:Generated_Source\PSoC4/cyfitter_cfg.c ****     /* deal with the clock condition.                                       */
 133:Generated_Source\PSoC4/cyfitter_cfg.c **** 
 134:Generated_Source\PSoC4/cyfitter_cfg.c **** #ifdef CY_CFG_CLOCK_STARTUP_ERROR_CALLBACK
 135:Generated_Source\PSoC4/cyfitter_cfg.c ****     CY_CFG_Clock_Startup_ErrorCallback();
 136:Generated_Source\PSoC4/cyfitter_cfg.c **** #else
 137:Generated_Source\PSoC4/cyfitter_cfg.c ****     /*  If not using CY_CFG_CLOCK_STARTUP_ERROR_CALLBACK, place your clock startup code here. */
 138:Generated_Source\PSoC4/cyfitter_cfg.c ****     /* `#START CyClockStartupError` */
 139:Generated_Source\PSoC4/cyfitter_cfg.c **** 
 140:Generated_Source\PSoC4/cyfitter_cfg.c **** 
 141:Generated_Source\PSoC4/cyfitter_cfg.c **** 
 142:Generated_Source\PSoC4/cyfitter_cfg.c ****     /* `#END` */
 143:Generated_Source\PSoC4/cyfitter_cfg.c **** 
 144:Generated_Source\PSoC4/cyfitter_cfg.c ****     while(1) {}
 145:Generated_Source\PSoC4/cyfitter_cfg.c **** #endif /* CY_CFG_CLOCK_STARTUP_ERROR_CALLBACK */
ARM GAS  C:\Users\PC\AppData\Local\Temp\ccuFrRF8.s 			page 4


 146:Generated_Source\PSoC4/cyfitter_cfg.c **** }
 147:Generated_Source\PSoC4/cyfitter_cfg.c **** #endif
 148:Generated_Source\PSoC4/cyfitter_cfg.c **** 
 149:Generated_Source\PSoC4/cyfitter_cfg.c **** 
 150:Generated_Source\PSoC4/cyfitter_cfg.c **** 
 151:Generated_Source\PSoC4/cyfitter_cfg.c **** /*******************************************************************************
 152:Generated_Source\PSoC4/cyfitter_cfg.c **** * Function Name: ClockSetup
 153:Generated_Source\PSoC4/cyfitter_cfg.c **** ********************************************************************************
 154:Generated_Source\PSoC4/cyfitter_cfg.c **** *
 155:Generated_Source\PSoC4/cyfitter_cfg.c **** * Summary:
 156:Generated_Source\PSoC4/cyfitter_cfg.c **** *   Performs the initialization of all of the clocks in the device based on the
 157:Generated_Source\PSoC4/cyfitter_cfg.c **** *   settings in the Clock tab of the DWR.  This includes enabling the requested
 158:Generated_Source\PSoC4/cyfitter_cfg.c **** *   clocks and setting the necessary dividers to produce the desired frequency. 
 159:Generated_Source\PSoC4/cyfitter_cfg.c **** *
 160:Generated_Source\PSoC4/cyfitter_cfg.c **** * Parameters:
 161:Generated_Source\PSoC4/cyfitter_cfg.c **** *   void
 162:Generated_Source\PSoC4/cyfitter_cfg.c **** *
 163:Generated_Source\PSoC4/cyfitter_cfg.c **** * Return:
 164:Generated_Source\PSoC4/cyfitter_cfg.c **** *   void
 165:Generated_Source\PSoC4/cyfitter_cfg.c **** *
 166:Generated_Source\PSoC4/cyfitter_cfg.c **** *******************************************************************************/
 167:Generated_Source\PSoC4/cyfitter_cfg.c **** static void ClockSetup(void);
 168:Generated_Source\PSoC4/cyfitter_cfg.c **** CY_CFG_SECTION
 169:Generated_Source\PSoC4/cyfitter_cfg.c **** static void ClockSetup(void)
 170:Generated_Source\PSoC4/cyfitter_cfg.c **** {
  27              		.loc 1 170 0
  28              		.cfi_startproc
  29              		@ args = 0, pretend = 0, frame = 0
  30              		@ frame_needed = 0, uses_anonymous_args = 0
  31 0000 10B5     		push	{r4, lr}
  32              		.cfi_def_cfa_offset 8
  33              		.cfi_offset 4, -8
  34              		.cfi_offset 14, -4
 171:Generated_Source\PSoC4/cyfitter_cfg.c **** 
 172:Generated_Source\PSoC4/cyfitter_cfg.c **** 	/* Set Flash Cycles based on max possible frequency in case a glitch occurs during ClockSetup(). *
 173:Generated_Source\PSoC4/cyfitter_cfg.c **** 	CY_SET_REG32((void CYXDATA *)(CYREG_CPUSS_FLASH_CTL), (0x0012u));
  35              		.loc 1 173 0
  36 0002 114C     		ldr	r4, .L2
  37 0004 1223     		movs	r3, #18
  38 0006 2360     		str	r3, [r4]
 174:Generated_Source\PSoC4/cyfitter_cfg.c **** 	/* Update IMO to new clock speed. */
 175:Generated_Source\PSoC4/cyfitter_cfg.c **** 	CySysClkWriteImoFreq(24u);
  39              		.loc 1 175 0
  40 0008 1820     		movs	r0, #24
  41 000a FFF7FEFF 		bl	CySysClkWriteImoFreq
  42              	.LVL0:
 176:Generated_Source\PSoC4/cyfitter_cfg.c **** 
 177:Generated_Source\PSoC4/cyfitter_cfg.c **** 	/* Setup phase aligned clocks */
 178:Generated_Source\PSoC4/cyfitter_cfg.c **** 	CY_SET_REG32((void *)CYREG_PERI_DIV_16_CTL0, 0x00000100u);
  43              		.loc 1 178 0
  44 000e 8022     		movs	r2, #128
  45 0010 5200     		lsls	r2, r2, #1
  46 0012 0E4B     		ldr	r3, .L2+4
  47 0014 1A60     		str	r2, [r3]
 179:Generated_Source\PSoC4/cyfitter_cfg.c **** 	CY_SET_REG32((void *)CYREG_PERI_DIV_CMD, 0x8000FF40u);
  48              		.loc 1 179 0
  49 0016 0E4B     		ldr	r3, .L2+8
ARM GAS  C:\Users\PC\AppData\Local\Temp\ccuFrRF8.s 			page 5


  50 0018 0E4A     		ldr	r2, .L2+12
  51 001a 1A60     		str	r2, [r3]
 180:Generated_Source\PSoC4/cyfitter_cfg.c **** 	CY_SET_REG32((void *)CYREG_PERI_DIV_16_CTL1, 0x00001000u);
  52              		.loc 1 180 0
  53 001c 8021     		movs	r1, #128
  54 001e 4901     		lsls	r1, r1, #5
  55 0020 0D4A     		ldr	r2, .L2+16
  56 0022 1160     		str	r1, [r2]
 181:Generated_Source\PSoC4/cyfitter_cfg.c **** 	CY_SET_REG32((void *)CYREG_PERI_DIV_CMD, 0x8000FF41u);
  57              		.loc 1 181 0
  58 0024 0D4A     		ldr	r2, .L2+20
  59 0026 1A60     		str	r2, [r3]
 182:Generated_Source\PSoC4/cyfitter_cfg.c **** 
 183:Generated_Source\PSoC4/cyfitter_cfg.c **** 	/* CYDEV_CLK_SELECT Starting address: CYDEV_CLK_SELECT */
 184:Generated_Source\PSoC4/cyfitter_cfg.c **** 	CY_SET_REG32((void *)(CYREG_CLK_SELECT), 0x00000000u);
  60              		.loc 1 184 0
  61 0028 0022     		movs	r2, #0
  62 002a 0D4B     		ldr	r3, .L2+24
  63 002c 1A60     		str	r2, [r3]
 185:Generated_Source\PSoC4/cyfitter_cfg.c **** 
 186:Generated_Source\PSoC4/cyfitter_cfg.c **** 	/* CYDEV_PERI_PCLK_CTL7 Starting address: CYDEV_PERI_PCLK_CTL7 */
 187:Generated_Source\PSoC4/cyfitter_cfg.c **** 	CY_SET_REG32((void *)(CYREG_PERI_PCLK_CTL7), 0x00000040u);
  64              		.loc 1 187 0
  65 002e 4023     		movs	r3, #64
  66 0030 0C4A     		ldr	r2, .L2+28
  67 0032 1360     		str	r3, [r2]
 188:Generated_Source\PSoC4/cyfitter_cfg.c **** 
 189:Generated_Source\PSoC4/cyfitter_cfg.c **** 	/* CYDEV_PERI_PCLK_CTL6 Starting address: CYDEV_PERI_PCLK_CTL6 */
 190:Generated_Source\PSoC4/cyfitter_cfg.c **** 	CY_SET_REG32((void *)(CYREG_PERI_PCLK_CTL6), 0x00000040u);
  68              		.loc 1 190 0
  69 0034 0C4A     		ldr	r2, .L2+32
  70 0036 1360     		str	r3, [r2]
 191:Generated_Source\PSoC4/cyfitter_cfg.c **** 
 192:Generated_Source\PSoC4/cyfitter_cfg.c **** 	/* CYDEV_PERI_PCLK_CTL4 Starting address: CYDEV_PERI_PCLK_CTL4 */
 193:Generated_Source\PSoC4/cyfitter_cfg.c **** 	CY_SET_REG32((void *)(CYREG_PERI_PCLK_CTL4), 0x00000040u);
  71              		.loc 1 193 0
  72 0038 0C4A     		ldr	r2, .L2+36
  73 003a 1360     		str	r3, [r2]
 194:Generated_Source\PSoC4/cyfitter_cfg.c **** 
 195:Generated_Source\PSoC4/cyfitter_cfg.c **** 	/* CYDEV_PERI_PCLK_CTL0 Starting address: CYDEV_PERI_PCLK_CTL0 */
 196:Generated_Source\PSoC4/cyfitter_cfg.c **** 	CY_SET_REG32((void *)(CYREG_PERI_PCLK_CTL0), 0x00000041u);
  74              		.loc 1 196 0
  75 003c 4122     		movs	r2, #65
  76 003e 0C4B     		ldr	r3, .L2+40
  77 0040 1A60     		str	r2, [r3]
 197:Generated_Source\PSoC4/cyfitter_cfg.c **** 
 198:Generated_Source\PSoC4/cyfitter_cfg.c **** 	/* Set Flash Cycles based on newly configured 24.00MHz HFCLK. */
 199:Generated_Source\PSoC4/cyfitter_cfg.c **** 	CY_SET_REG32((void CYXDATA *)(CYREG_CPUSS_FLASH_CTL), (0x0011u));
  78              		.loc 1 199 0
  79 0042 1123     		movs	r3, #17
  80 0044 2360     		str	r3, [r4]
 200:Generated_Source\PSoC4/cyfitter_cfg.c **** }
  81              		.loc 1 200 0
  82              		@ sp needed
  83 0046 10BD     		pop	{r4, pc}
  84              	.L3:
  85              		.align	2
ARM GAS  C:\Users\PC\AppData\Local\Temp\ccuFrRF8.s 			page 6


  86              	.L2:
  87 0048 30001040 		.word	1074790448
  88 004c 00030140 		.word	1073808128
  89 0050 00000140 		.word	1073807360
  90 0054 40FF0080 		.word	-2147418304
  91 0058 04030140 		.word	1073808132
  92 005c 41FF0080 		.word	-2147418303
  93 0060 28000340 		.word	1073938472
  94 0064 1C010140 		.word	1073807644
  95 0068 18010140 		.word	1073807640
  96 006c 10010140 		.word	1073807632
  97 0070 00010140 		.word	1073807616
  98              		.cfi_endproc
  99              	.LFE4:
 100              		.size	ClockSetup, .-ClockSetup
 101              		.align	2
 102              		.global	cyfitter_cfg
 103              		.code	16
 104              		.thumb_func
 105              		.type	cyfitter_cfg, %function
 106              	cyfitter_cfg:
 107              	.LFB6:
 201:Generated_Source\PSoC4/cyfitter_cfg.c **** 
 202:Generated_Source\PSoC4/cyfitter_cfg.c **** 
 203:Generated_Source\PSoC4/cyfitter_cfg.c **** /* Analog API Functions */
 204:Generated_Source\PSoC4/cyfitter_cfg.c **** 
 205:Generated_Source\PSoC4/cyfitter_cfg.c **** 
 206:Generated_Source\PSoC4/cyfitter_cfg.c **** /*******************************************************************************
 207:Generated_Source\PSoC4/cyfitter_cfg.c **** * Function Name: AnalogSetDefault
 208:Generated_Source\PSoC4/cyfitter_cfg.c **** ********************************************************************************
 209:Generated_Source\PSoC4/cyfitter_cfg.c **** *
 210:Generated_Source\PSoC4/cyfitter_cfg.c **** * Summary:
 211:Generated_Source\PSoC4/cyfitter_cfg.c **** *  Sets up the analog portions of the chip to default values based on chip
 212:Generated_Source\PSoC4/cyfitter_cfg.c **** *  configuration options from the project.
 213:Generated_Source\PSoC4/cyfitter_cfg.c **** *
 214:Generated_Source\PSoC4/cyfitter_cfg.c **** * Parameters:
 215:Generated_Source\PSoC4/cyfitter_cfg.c **** *  void
 216:Generated_Source\PSoC4/cyfitter_cfg.c **** *
 217:Generated_Source\PSoC4/cyfitter_cfg.c **** * Return:
 218:Generated_Source\PSoC4/cyfitter_cfg.c **** *  void
 219:Generated_Source\PSoC4/cyfitter_cfg.c **** *
 220:Generated_Source\PSoC4/cyfitter_cfg.c **** *******************************************************************************/
 221:Generated_Source\PSoC4/cyfitter_cfg.c **** static void AnalogSetDefault(void);
 222:Generated_Source\PSoC4/cyfitter_cfg.c **** static void AnalogSetDefault(void)
 223:Generated_Source\PSoC4/cyfitter_cfg.c **** {
 224:Generated_Source\PSoC4/cyfitter_cfg.c **** }
 225:Generated_Source\PSoC4/cyfitter_cfg.c **** 
 226:Generated_Source\PSoC4/cyfitter_cfg.c **** 
 227:Generated_Source\PSoC4/cyfitter_cfg.c **** 
 228:Generated_Source\PSoC4/cyfitter_cfg.c **** 
 229:Generated_Source\PSoC4/cyfitter_cfg.c **** /*******************************************************************************
 230:Generated_Source\PSoC4/cyfitter_cfg.c **** * Function Name: cyfitter_cfg
 231:Generated_Source\PSoC4/cyfitter_cfg.c **** ********************************************************************************
 232:Generated_Source\PSoC4/cyfitter_cfg.c **** * Summary:
 233:Generated_Source\PSoC4/cyfitter_cfg.c **** *  This function is called by the start-up code for the selected device. It
 234:Generated_Source\PSoC4/cyfitter_cfg.c **** *  performs all of the necessary device configuration based on the design
 235:Generated_Source\PSoC4/cyfitter_cfg.c **** *  settings.  This includes settings from the Design Wide Resources (DWR) such
ARM GAS  C:\Users\PC\AppData\Local\Temp\ccuFrRF8.s 			page 7


 236:Generated_Source\PSoC4/cyfitter_cfg.c **** *  as Clocks and Pins as well as any component configuration that is necessary.
 237:Generated_Source\PSoC4/cyfitter_cfg.c **** *
 238:Generated_Source\PSoC4/cyfitter_cfg.c **** * Parameters:
 239:Generated_Source\PSoC4/cyfitter_cfg.c **** *   void
 240:Generated_Source\PSoC4/cyfitter_cfg.c **** *
 241:Generated_Source\PSoC4/cyfitter_cfg.c **** * Return:
 242:Generated_Source\PSoC4/cyfitter_cfg.c **** *   void
 243:Generated_Source\PSoC4/cyfitter_cfg.c **** *
 244:Generated_Source\PSoC4/cyfitter_cfg.c **** *******************************************************************************/
 245:Generated_Source\PSoC4/cyfitter_cfg.c **** CY_CFG_SECTION
 246:Generated_Source\PSoC4/cyfitter_cfg.c **** void cyfitter_cfg(void)
 247:Generated_Source\PSoC4/cyfitter_cfg.c **** {
 108              		.loc 1 247 0
 109              		.cfi_startproc
 110              		@ args = 0, pretend = 0, frame = 0
 111              		@ frame_needed = 0, uses_anonymous_args = 0
 112 0074 10B5     		push	{r4, lr}
 113              		.cfi_def_cfa_offset 8
 114              		.cfi_offset 4, -8
 115              		.cfi_offset 14, -4
 248:Generated_Source\PSoC4/cyfitter_cfg.c **** 	/* Disable interrupts by default. Let user enable if/when they want. */
 249:Generated_Source\PSoC4/cyfitter_cfg.c **** 	CyGlobalIntDisable;
 116              		.loc 1 249 0
 117              		.syntax divided
 118              	@ 249 "Generated_Source\PSoC4\cyfitter_cfg.c" 1
 119 0076 72B6     		CPSID   i
 120              	@ 0 "" 2
 250:Generated_Source\PSoC4/cyfitter_cfg.c **** 
 251:Generated_Source\PSoC4/cyfitter_cfg.c **** 	{
 252:Generated_Source\PSoC4/cyfitter_cfg.c **** 		/* HSIOM Starting address: CYDEV_HSIOM_BASE */
 253:Generated_Source\PSoC4/cyfitter_cfg.c **** 		CY_SET_REG32((void *)(CYREG_HSIOM_PORT_SEL1), 0x00000800u);
 121              		.loc 1 253 0
 122              		.thumb
 123              		.syntax unified
 124 0078 8022     		movs	r2, #128
 125 007a 1201     		lsls	r2, r2, #4
 126 007c 144B     		ldr	r3, .L5
 127 007e 1A60     		str	r2, [r3]
 254:Generated_Source\PSoC4/cyfitter_cfg.c **** 		CY_SET_REG32((void *)(CYREG_HSIOM_PORT_SEL2), 0x08000008u);
 128              		.loc 1 254 0
 129 0080 144A     		ldr	r2, .L5+4
 130 0082 154B     		ldr	r3, .L5+8
 131 0084 1A60     		str	r2, [r3]
 255:Generated_Source\PSoC4/cyfitter_cfg.c **** 		CY_SET_REG32((void *)(CYREG_HSIOM_PORT_SEL3), 0x0000EE00u);
 132              		.loc 1 255 0
 133 0086 EE22     		movs	r2, #238
 134 0088 1202     		lsls	r2, r2, #8
 135 008a 144B     		ldr	r3, .L5+12
 136 008c 1A60     		str	r2, [r3]
 256:Generated_Source\PSoC4/cyfitter_cfg.c **** 		CY_SET_REG32((void *)(CYREG_HSIOM_PORT_SEL4), 0x00000099u);
 137              		.loc 1 256 0
 138 008e 9922     		movs	r2, #153
 139 0090 134B     		ldr	r3, .L5+16
 140 0092 1A60     		str	r2, [r3]
 257:Generated_Source\PSoC4/cyfitter_cfg.c **** 
 258:Generated_Source\PSoC4/cyfitter_cfg.c **** 	}
 259:Generated_Source\PSoC4/cyfitter_cfg.c **** 
ARM GAS  C:\Users\PC\AppData\Local\Temp\ccuFrRF8.s 			page 8


 260:Generated_Source\PSoC4/cyfitter_cfg.c **** 	/* Perform second pass device configuration. These items must be configured in specific order afte
 261:Generated_Source\PSoC4/cyfitter_cfg.c **** 	/* IOPINS0_1 Starting address: CYDEV_GPIO_PRT1_BASE */
 262:Generated_Source\PSoC4/cyfitter_cfg.c **** 	CY_SET_REG32((void *)(CYDEV_GPIO_PRT1_BASE), 0x00000004u);
 141              		.loc 1 262 0
 142 0094 953A     		subs	r2, r2, #149
 143 0096 134B     		ldr	r3, .L5+20
 144 0098 1A60     		str	r2, [r3]
 263:Generated_Source\PSoC4/cyfitter_cfg.c **** 	CY_SET_REG32((void *)(CYREG_GPIO_PRT1_PC), 0x00000180u);
 145              		.loc 1 263 0
 146 009a 7D32     		adds	r2, r2, #125
 147 009c FF32     		adds	r2, r2, #255
 148 009e 124B     		ldr	r3, .L5+24
 149 00a0 1A60     		str	r2, [r3]
 264:Generated_Source\PSoC4/cyfitter_cfg.c **** 
 265:Generated_Source\PSoC4/cyfitter_cfg.c **** 	/* IOPINS0_2 Starting address: CYDEV_GPIO_PRT2_BASE */
 266:Generated_Source\PSoC4/cyfitter_cfg.c **** 	CY_SET_REG32((void *)(CYDEV_GPIO_PRT2_BASE), 0x00000041u);
 150              		.loc 1 266 0
 151 00a2 403A     		subs	r2, r2, #64
 152 00a4 FF3A     		subs	r2, r2, #255
 153 00a6 114B     		ldr	r3, .L5+28
 154 00a8 1A60     		str	r2, [r3]
 267:Generated_Source\PSoC4/cyfitter_cfg.c **** 	CY_SET_REG32((void *)(CYREG_GPIO_PRT2_PC), 0x00180006u);
 155              		.loc 1 267 0
 156 00aa 114A     		ldr	r2, .L5+32
 157 00ac 114B     		ldr	r3, .L5+36
 158 00ae 1A60     		str	r2, [r3]
 268:Generated_Source\PSoC4/cyfitter_cfg.c **** 
 269:Generated_Source\PSoC4/cyfitter_cfg.c **** 	/* IOPINS0_3 Starting address: CYDEV_GPIO_PRT3_BASE */
 270:Generated_Source\PSoC4/cyfitter_cfg.c **** 	CY_SET_REG32((void *)(CYREG_GPIO_PRT3_PC), 0x00000D80u);
 159              		.loc 1 270 0
 160 00b0 D822     		movs	r2, #216
 161 00b2 1201     		lsls	r2, r2, #4
 162 00b4 104B     		ldr	r3, .L5+40
 163 00b6 1A60     		str	r2, [r3]
 271:Generated_Source\PSoC4/cyfitter_cfg.c **** 
 272:Generated_Source\PSoC4/cyfitter_cfg.c **** 	/* IOPINS0_4 Starting address: CYDEV_GPIO_PRT4_BASE */
 273:Generated_Source\PSoC4/cyfitter_cfg.c **** 	CY_SET_REG32((void *)(CYDEV_GPIO_PRT4_BASE), 0x00000002u);
 164              		.loc 1 273 0
 165 00b8 0223     		movs	r3, #2
 166 00ba 104A     		ldr	r2, .L5+44
 167 00bc 1360     		str	r3, [r2]
 274:Generated_Source\PSoC4/cyfitter_cfg.c **** 	CY_SET_REG32((void *)(CYREG_GPIO_PRT4_PC), 0x00000031u);
 168              		.loc 1 274 0
 169 00be 3121     		movs	r1, #49
 170 00c0 0F4A     		ldr	r2, .L5+48
 171 00c2 1160     		str	r1, [r2]
 275:Generated_Source\PSoC4/cyfitter_cfg.c **** 	CY_SET_REG32((void *)(CYREG_GPIO_PRT4_PC2), 0x00000002u);
 172              		.loc 1 275 0
 173 00c4 0F4A     		ldr	r2, .L5+52
 174 00c6 1360     		str	r3, [r2]
 276:Generated_Source\PSoC4/cyfitter_cfg.c **** 
 277:Generated_Source\PSoC4/cyfitter_cfg.c **** 
 278:Generated_Source\PSoC4/cyfitter_cfg.c **** 	/* Setup clocks based on selections from Clock DWR */
 279:Generated_Source\PSoC4/cyfitter_cfg.c **** 	ClockSetup();
 175              		.loc 1 279 0
 176 00c8 FFF79AFF 		bl	ClockSetup
 177              	.LVL1:
ARM GAS  C:\Users\PC\AppData\Local\Temp\ccuFrRF8.s 			page 9


 280:Generated_Source\PSoC4/cyfitter_cfg.c **** 
 281:Generated_Source\PSoC4/cyfitter_cfg.c **** 	/* Perform basic analog initialization to defaults */
 282:Generated_Source\PSoC4/cyfitter_cfg.c **** 	AnalogSetDefault();
 283:Generated_Source\PSoC4/cyfitter_cfg.c **** 
 284:Generated_Source\PSoC4/cyfitter_cfg.c **** }
 178              		.loc 1 284 0
 179              		@ sp needed
 180 00cc 10BD     		pop	{r4, pc}
 181              	.L6:
 182 00ce C046     		.align	2
 183              	.L5:
 184 00d0 00010240 		.word	1073873152
 185 00d4 08000008 		.word	134217736
 186 00d8 00020240 		.word	1073873408
 187 00dc 00030240 		.word	1073873664
 188 00e0 00040240 		.word	1073873920
 189 00e4 00010440 		.word	1074004224
 190 00e8 08010440 		.word	1074004232
 191 00ec 00020440 		.word	1074004480
 192 00f0 06001800 		.word	1572870
 193 00f4 08020440 		.word	1074004488
 194 00f8 08030440 		.word	1074004744
 195 00fc 00040440 		.word	1074004992
 196 0100 08040440 		.word	1074005000
 197 0104 18040440 		.word	1074005016
 198              		.cfi_endproc
 199              	.LFE6:
 200              		.size	cyfitter_cfg, .-cyfitter_cfg
 201              		.text
 202              	.Letext0:
 203              		.file 2 "Generated_Source\\PSoC4\\cytypes.h"
 204              		.file 3 "Generated_Source\\PSoC4\\CyLib.h"
 205              		.section	.debug_info,"",%progbits
 206              	.Ldebug_info0:
 207 0000 F7000000 		.4byte	0xf7
 208 0004 0400     		.2byte	0x4
 209 0006 00000000 		.4byte	.Ldebug_abbrev0
 210 000a 04       		.byte	0x4
 211 000b 01       		.uleb128 0x1
 212 000c 93000000 		.4byte	.LASF16
 213 0010 0C       		.byte	0xc
 214 0011 15000000 		.4byte	.LASF17
 215 0015 94010000 		.4byte	.LASF18
 216 0019 00000000 		.4byte	.Ldebug_ranges0+0
 217 001d 00000000 		.4byte	0
 218 0021 00000000 		.4byte	.Ldebug_line0
 219 0025 02       		.uleb128 0x2
 220 0026 04       		.byte	0x4
 221 0027 05       		.byte	0x5
 222 0028 696E7400 		.ascii	"int\000"
 223 002c 03       		.uleb128 0x3
 224 002d 04       		.byte	0x4
 225 002e 07       		.byte	0x7
 226 002f 3B000000 		.4byte	.LASF0
 227 0033 03       		.uleb128 0x3
 228 0034 08       		.byte	0x8
 229 0035 05       		.byte	0x5
ARM GAS  C:\Users\PC\AppData\Local\Temp\ccuFrRF8.s 			page 10


 230 0036 00000000 		.4byte	.LASF1
 231 003a 03       		.uleb128 0x3
 232 003b 08       		.byte	0x8
 233 003c 04       		.byte	0x4
 234 003d 7E010000 		.4byte	.LASF2
 235 0041 03       		.uleb128 0x3
 236 0042 01       		.byte	0x1
 237 0043 06       		.byte	0x6
 238 0044 72010000 		.4byte	.LASF3
 239 0048 03       		.uleb128 0x3
 240 0049 01       		.byte	0x1
 241 004a 08       		.byte	0x8
 242 004b 2B010000 		.4byte	.LASF4
 243 004f 03       		.uleb128 0x3
 244 0050 02       		.byte	0x2
 245 0051 05       		.byte	0x5
 246 0052 8A010000 		.4byte	.LASF5
 247 0056 03       		.uleb128 0x3
 248 0057 02       		.byte	0x2
 249 0058 07       		.byte	0x7
 250 0059 5F010000 		.4byte	.LASF6
 251 005d 03       		.uleb128 0x3
 252 005e 04       		.byte	0x4
 253 005f 05       		.byte	0x5
 254 0060 3E010000 		.4byte	.LASF7
 255 0064 03       		.uleb128 0x3
 256 0065 04       		.byte	0x4
 257 0066 07       		.byte	0x7
 258 0067 5D000000 		.4byte	.LASF8
 259 006b 03       		.uleb128 0x3
 260 006c 08       		.byte	0x8
 261 006d 07       		.byte	0x7
 262 006e 7C000000 		.4byte	.LASF9
 263 0072 03       		.uleb128 0x3
 264 0073 04       		.byte	0x4
 265 0074 07       		.byte	0x7
 266 0075 CC010000 		.4byte	.LASF10
 267 0079 03       		.uleb128 0x3
 268 007a 01       		.byte	0x1
 269 007b 08       		.byte	0x8
 270 007c 39010000 		.4byte	.LASF11
 271 0080 04       		.uleb128 0x4
 272 0081 0E000000 		.4byte	.LASF14
 273 0085 02       		.byte	0x2
 274 0086 FD01     		.2byte	0x1fd
 275 0088 64000000 		.4byte	0x64
 276 008c 03       		.uleb128 0x3
 277 008d 04       		.byte	0x4
 278 008e 04       		.byte	0x4
 279 008f 25010000 		.4byte	.LASF12
 280 0093 03       		.uleb128 0x3
 281 0094 08       		.byte	0x8
 282 0095 04       		.byte	0x4
 283 0096 52010000 		.4byte	.LASF13
 284 009a 04       		.uleb128 0x4
 285 009b 59010000 		.4byte	.LASF15
 286 009f 02       		.byte	0x2
ARM GAS  C:\Users\PC\AppData\Local\Temp\ccuFrRF8.s 			page 11


 287 00a0 A702     		.2byte	0x2a7
 288 00a2 A6000000 		.4byte	0xa6
 289 00a6 05       		.uleb128 0x5
 290 00a7 80000000 		.4byte	0x80
 291 00ab 06       		.uleb128 0x6
 292 00ac 47010000 		.4byte	.LASF19
 293 00b0 01       		.byte	0x1
 294 00b1 A9       		.byte	0xa9
 295 00b2 00000000 		.4byte	.LFB4
 296 00b6 74000000 		.4byte	.LFE4-.LFB4
 297 00ba 01       		.uleb128 0x1
 298 00bb 9C       		.byte	0x9c
 299 00bc D0000000 		.4byte	0xd0
 300 00c0 07       		.uleb128 0x7
 301 00c1 0E000000 		.4byte	.LVL0
 302 00c5 EF000000 		.4byte	0xef
 303 00c9 08       		.uleb128 0x8
 304 00ca 01       		.uleb128 0x1
 305 00cb 50       		.byte	0x50
 306 00cc 01       		.uleb128 0x1
 307 00cd 48       		.byte	0x48
 308 00ce 00       		.byte	0
 309 00cf 00       		.byte	0
 310 00d0 09       		.uleb128 0x9
 311 00d1 6F000000 		.4byte	.LASF20
 312 00d5 01       		.byte	0x1
 313 00d6 F6       		.byte	0xf6
 314 00d7 74000000 		.4byte	.LFB6
 315 00db 94000000 		.4byte	.LFE6-.LFB6
 316 00df 01       		.uleb128 0x1
 317 00e0 9C       		.byte	0x9c
 318 00e1 EF000000 		.4byte	0xef
 319 00e5 0A       		.uleb128 0xa
 320 00e6 CC000000 		.4byte	.LVL1
 321 00ea AB000000 		.4byte	0xab
 322 00ee 00       		.byte	0
 323 00ef 0B       		.uleb128 0xb
 324 00f0 48000000 		.4byte	.LASF21
 325 00f4 48000000 		.4byte	.LASF21
 326 00f8 03       		.byte	0x3
 327 00f9 6C       		.byte	0x6c
 328 00fa 00       		.byte	0
 329              		.section	.debug_abbrev,"",%progbits
 330              	.Ldebug_abbrev0:
 331 0000 01       		.uleb128 0x1
 332 0001 11       		.uleb128 0x11
 333 0002 01       		.byte	0x1
 334 0003 25       		.uleb128 0x25
 335 0004 0E       		.uleb128 0xe
 336 0005 13       		.uleb128 0x13
 337 0006 0B       		.uleb128 0xb
 338 0007 03       		.uleb128 0x3
 339 0008 0E       		.uleb128 0xe
 340 0009 1B       		.uleb128 0x1b
 341 000a 0E       		.uleb128 0xe
 342 000b 55       		.uleb128 0x55
 343 000c 17       		.uleb128 0x17
ARM GAS  C:\Users\PC\AppData\Local\Temp\ccuFrRF8.s 			page 12


 344 000d 11       		.uleb128 0x11
 345 000e 01       		.uleb128 0x1
 346 000f 10       		.uleb128 0x10
 347 0010 17       		.uleb128 0x17
 348 0011 00       		.byte	0
 349 0012 00       		.byte	0
 350 0013 02       		.uleb128 0x2
 351 0014 24       		.uleb128 0x24
 352 0015 00       		.byte	0
 353 0016 0B       		.uleb128 0xb
 354 0017 0B       		.uleb128 0xb
 355 0018 3E       		.uleb128 0x3e
 356 0019 0B       		.uleb128 0xb
 357 001a 03       		.uleb128 0x3
 358 001b 08       		.uleb128 0x8
 359 001c 00       		.byte	0
 360 001d 00       		.byte	0
 361 001e 03       		.uleb128 0x3
 362 001f 24       		.uleb128 0x24
 363 0020 00       		.byte	0
 364 0021 0B       		.uleb128 0xb
 365 0022 0B       		.uleb128 0xb
 366 0023 3E       		.uleb128 0x3e
 367 0024 0B       		.uleb128 0xb
 368 0025 03       		.uleb128 0x3
 369 0026 0E       		.uleb128 0xe
 370 0027 00       		.byte	0
 371 0028 00       		.byte	0
 372 0029 04       		.uleb128 0x4
 373 002a 16       		.uleb128 0x16
 374 002b 00       		.byte	0
 375 002c 03       		.uleb128 0x3
 376 002d 0E       		.uleb128 0xe
 377 002e 3A       		.uleb128 0x3a
 378 002f 0B       		.uleb128 0xb
 379 0030 3B       		.uleb128 0x3b
 380 0031 05       		.uleb128 0x5
 381 0032 49       		.uleb128 0x49
 382 0033 13       		.uleb128 0x13
 383 0034 00       		.byte	0
 384 0035 00       		.byte	0
 385 0036 05       		.uleb128 0x5
 386 0037 35       		.uleb128 0x35
 387 0038 00       		.byte	0
 388 0039 49       		.uleb128 0x49
 389 003a 13       		.uleb128 0x13
 390 003b 00       		.byte	0
 391 003c 00       		.byte	0
 392 003d 06       		.uleb128 0x6
 393 003e 2E       		.uleb128 0x2e
 394 003f 01       		.byte	0x1
 395 0040 03       		.uleb128 0x3
 396 0041 0E       		.uleb128 0xe
 397 0042 3A       		.uleb128 0x3a
 398 0043 0B       		.uleb128 0xb
 399 0044 3B       		.uleb128 0x3b
 400 0045 0B       		.uleb128 0xb
ARM GAS  C:\Users\PC\AppData\Local\Temp\ccuFrRF8.s 			page 13


 401 0046 27       		.uleb128 0x27
 402 0047 19       		.uleb128 0x19
 403 0048 11       		.uleb128 0x11
 404 0049 01       		.uleb128 0x1
 405 004a 12       		.uleb128 0x12
 406 004b 06       		.uleb128 0x6
 407 004c 40       		.uleb128 0x40
 408 004d 18       		.uleb128 0x18
 409 004e 9742     		.uleb128 0x2117
 410 0050 19       		.uleb128 0x19
 411 0051 01       		.uleb128 0x1
 412 0052 13       		.uleb128 0x13
 413 0053 00       		.byte	0
 414 0054 00       		.byte	0
 415 0055 07       		.uleb128 0x7
 416 0056 898201   		.uleb128 0x4109
 417 0059 01       		.byte	0x1
 418 005a 11       		.uleb128 0x11
 419 005b 01       		.uleb128 0x1
 420 005c 31       		.uleb128 0x31
 421 005d 13       		.uleb128 0x13
 422 005e 00       		.byte	0
 423 005f 00       		.byte	0
 424 0060 08       		.uleb128 0x8
 425 0061 8A8201   		.uleb128 0x410a
 426 0064 00       		.byte	0
 427 0065 02       		.uleb128 0x2
 428 0066 18       		.uleb128 0x18
 429 0067 9142     		.uleb128 0x2111
 430 0069 18       		.uleb128 0x18
 431 006a 00       		.byte	0
 432 006b 00       		.byte	0
 433 006c 09       		.uleb128 0x9
 434 006d 2E       		.uleb128 0x2e
 435 006e 01       		.byte	0x1
 436 006f 3F       		.uleb128 0x3f
 437 0070 19       		.uleb128 0x19
 438 0071 03       		.uleb128 0x3
 439 0072 0E       		.uleb128 0xe
 440 0073 3A       		.uleb128 0x3a
 441 0074 0B       		.uleb128 0xb
 442 0075 3B       		.uleb128 0x3b
 443 0076 0B       		.uleb128 0xb
 444 0077 27       		.uleb128 0x27
 445 0078 19       		.uleb128 0x19
 446 0079 11       		.uleb128 0x11
 447 007a 01       		.uleb128 0x1
 448 007b 12       		.uleb128 0x12
 449 007c 06       		.uleb128 0x6
 450 007d 40       		.uleb128 0x40
 451 007e 18       		.uleb128 0x18
 452 007f 9742     		.uleb128 0x2117
 453 0081 19       		.uleb128 0x19
 454 0082 01       		.uleb128 0x1
 455 0083 13       		.uleb128 0x13
 456 0084 00       		.byte	0
 457 0085 00       		.byte	0
ARM GAS  C:\Users\PC\AppData\Local\Temp\ccuFrRF8.s 			page 14


 458 0086 0A       		.uleb128 0xa
 459 0087 898201   		.uleb128 0x4109
 460 008a 00       		.byte	0
 461 008b 11       		.uleb128 0x11
 462 008c 01       		.uleb128 0x1
 463 008d 31       		.uleb128 0x31
 464 008e 13       		.uleb128 0x13
 465 008f 00       		.byte	0
 466 0090 00       		.byte	0
 467 0091 0B       		.uleb128 0xb
 468 0092 2E       		.uleb128 0x2e
 469 0093 00       		.byte	0
 470 0094 3F       		.uleb128 0x3f
 471 0095 19       		.uleb128 0x19
 472 0096 3C       		.uleb128 0x3c
 473 0097 19       		.uleb128 0x19
 474 0098 6E       		.uleb128 0x6e
 475 0099 0E       		.uleb128 0xe
 476 009a 03       		.uleb128 0x3
 477 009b 0E       		.uleb128 0xe
 478 009c 3A       		.uleb128 0x3a
 479 009d 0B       		.uleb128 0xb
 480 009e 3B       		.uleb128 0x3b
 481 009f 0B       		.uleb128 0xb
 482 00a0 00       		.byte	0
 483 00a1 00       		.byte	0
 484 00a2 00       		.byte	0
 485              		.section	.debug_aranges,"",%progbits
 486 0000 24000000 		.4byte	0x24
 487 0004 0200     		.2byte	0x2
 488 0006 00000000 		.4byte	.Ldebug_info0
 489 000a 04       		.byte	0x4
 490 000b 00       		.byte	0
 491 000c 0000     		.2byte	0
 492 000e 0000     		.2byte	0
 493 0010 00000000 		.4byte	.LFB4
 494 0014 74000000 		.4byte	.LFE4-.LFB4
 495 0018 74000000 		.4byte	.LFB6
 496 001c 94000000 		.4byte	.LFE6-.LFB6
 497 0020 00000000 		.4byte	0
 498 0024 00000000 		.4byte	0
 499              		.section	.debug_ranges,"",%progbits
 500              	.Ldebug_ranges0:
 501 0000 00000000 		.4byte	.LFB4
 502 0004 74000000 		.4byte	.LFE4
 503 0008 74000000 		.4byte	.LFB6
 504 000c 08010000 		.4byte	.LFE6
 505 0010 00000000 		.4byte	0
 506 0014 00000000 		.4byte	0
 507              		.section	.debug_line,"",%progbits
 508              	.Ldebug_line0:
 509 0000 8A000000 		.section	.debug_str,"MS",%progbits,1
 509      02005400 
 509      00000201 
 509      FB0E0D00 
 509      01010101 
 510              	.LASF1:
ARM GAS  C:\Users\PC\AppData\Local\Temp\ccuFrRF8.s 			page 15


 511 0000 6C6F6E67 		.ascii	"long long int\000"
 511      206C6F6E 
 511      6720696E 
 511      7400
 512              	.LASF14:
 513 000e 75696E74 		.ascii	"uint32\000"
 513      333200
 514              	.LASF17:
 515 0015 47656E65 		.ascii	"Generated_Source\\PSoC4\\cyfitter_cfg.c\000"
 515      72617465 
 515      645F536F 
 515      75726365 
 515      5C50536F 
 516              	.LASF0:
 517 003b 756E7369 		.ascii	"unsigned int\000"
 517      676E6564 
 517      20696E74 
 517      00
 518              	.LASF21:
 519 0048 43795379 		.ascii	"CySysClkWriteImoFreq\000"
 519      73436C6B 
 519      57726974 
 519      65496D6F 
 519      46726571 
 520              	.LASF8:
 521 005d 6C6F6E67 		.ascii	"long unsigned int\000"
 521      20756E73 
 521      69676E65 
 521      6420696E 
 521      7400
 522              	.LASF20:
 523 006f 63796669 		.ascii	"cyfitter_cfg\000"
 523      74746572 
 523      5F636667 
 523      00
 524              	.LASF9:
 525 007c 6C6F6E67 		.ascii	"long long unsigned int\000"
 525      206C6F6E 
 525      6720756E 
 525      7369676E 
 525      65642069 
 526              	.LASF16:
 527 0093 474E5520 		.ascii	"GNU C11 5.4.1 20160609 (release) [ARM/embedded-5-br"
 527      43313120 
 527      352E342E 
 527      31203230 
 527      31363036 
 528 00c6 616E6368 		.ascii	"anch revision 237715] -mcpu=cortex-m0plus -mthumb -"
 528      20726576 
 528      6973696F 
 528      6E203233 
 528      37373135 
 529 00f9 67202D4F 		.ascii	"g -Og -ffunction-sections -ffat-lto-objects\000"
 529      67202D66 
 529      66756E63 
 529      74696F6E 
 529      2D736563 
ARM GAS  C:\Users\PC\AppData\Local\Temp\ccuFrRF8.s 			page 16


 530              	.LASF12:
 531 0125 666C6F61 		.ascii	"float\000"
 531      7400
 532              	.LASF4:
 533 012b 756E7369 		.ascii	"unsigned char\000"
 533      676E6564 
 533      20636861 
 533      7200
 534              	.LASF11:
 535 0139 63686172 		.ascii	"char\000"
 535      00
 536              	.LASF7:
 537 013e 6C6F6E67 		.ascii	"long int\000"
 537      20696E74 
 537      00
 538              	.LASF19:
 539 0147 436C6F63 		.ascii	"ClockSetup\000"
 539      6B536574 
 539      757000
 540              	.LASF13:
 541 0152 646F7562 		.ascii	"double\000"
 541      6C6500
 542              	.LASF15:
 543 0159 72656733 		.ascii	"reg32\000"
 543      3200
 544              	.LASF6:
 545 015f 73686F72 		.ascii	"short unsigned int\000"
 545      7420756E 
 545      7369676E 
 545      65642069 
 545      6E7400
 546              	.LASF3:
 547 0172 7369676E 		.ascii	"signed char\000"
 547      65642063 
 547      68617200 
 548              	.LASF2:
 549 017e 6C6F6E67 		.ascii	"long double\000"
 549      20646F75 
 549      626C6500 
 550              	.LASF5:
 551 018a 73686F72 		.ascii	"short int\000"
 551      7420696E 
 551      7400
 552              	.LASF18:
 553 0194 433A5C55 		.ascii	"C:\\Users\\PC\\Documents\\PSoC Creator\\yellowChip\\"
 553      73657273 
 553      5C50435C 
 553      446F6375 
 553      6D656E74 
 554 01c2 50574D2E 		.ascii	"PWM.cydsn\000"
 554      63796473 
 554      6E00
 555              	.LASF10:
 556 01cc 73697A65 		.ascii	"sizetype\000"
 556      74797065 
 556      00
 557              		.ident	"GCC: (GNU Tools for ARM Embedded Processors) 5.4.1 20160609 (release) [ARM/embedded-5-bran
ARM GAS  C:\Users\PC\AppData\Local\Temp\ccuFrRF8.s 			page 17


