ARM GAS  C:\Users\PC\AppData\Local\Temp\cckhhDze.s 			page 1


   1              		.syntax unified
   2              		.cpu cortex-m0plus
   3              		.fpu softvfp
   4              		.eabi_attribute 20, 1
   5              		.eabi_attribute 21, 1
   6              		.eabi_attribute 23, 3
   7              		.eabi_attribute 24, 1
   8              		.eabi_attribute 25, 1
   9              		.eabi_attribute 26, 1
  10              		.eabi_attribute 30, 1
  11              		.eabi_attribute 34, 0
  12              		.eabi_attribute 18, 4
  13              		.thumb
  14              		.syntax unified
  15              		.file	"cyfitter_cfg.c"
  16              		.text
  17              	.Ltext0:
  18              		.cfi_sections	.debug_frame
  19              		.section	.text.AnalogSetDefault,"ax",%progbits
  20              		.align	2
  21              		.code	16
  22              		.thumb_func
  23              		.type	AnalogSetDefault, %function
  24              	AnalogSetDefault:
  25              	.LFB5:
  26              		.file 1 "Generated_Source\\PSoC4\\cyfitter_cfg.c"
   1:Generated_Source\PSoC4/cyfitter_cfg.c **** 
   2:Generated_Source\PSoC4/cyfitter_cfg.c **** /*******************************************************************************
   3:Generated_Source\PSoC4/cyfitter_cfg.c **** * File Name: cyfitter_cfg.c
   4:Generated_Source\PSoC4/cyfitter_cfg.c **** * 
   5:Generated_Source\PSoC4/cyfitter_cfg.c **** * PSoC Creator  4.4
   6:Generated_Source\PSoC4/cyfitter_cfg.c **** *
   7:Generated_Source\PSoC4/cyfitter_cfg.c **** * Description:
   8:Generated_Source\PSoC4/cyfitter_cfg.c **** * This file contains device initialization code.
   9:Generated_Source\PSoC4/cyfitter_cfg.c **** * Except for the user defined sections in CyClockStartupError(), this file should not be modified.
  10:Generated_Source\PSoC4/cyfitter_cfg.c **** * This file is automatically generated by PSoC Creator.
  11:Generated_Source\PSoC4/cyfitter_cfg.c **** *
  12:Generated_Source\PSoC4/cyfitter_cfg.c **** ********************************************************************************
  13:Generated_Source\PSoC4/cyfitter_cfg.c **** * Copyright (c) 2007-2020 Cypress Semiconductor.  All rights reserved.
  14:Generated_Source\PSoC4/cyfitter_cfg.c **** * You may use this file only in accordance with the license, terms, conditions, 
  15:Generated_Source\PSoC4/cyfitter_cfg.c **** * disclaimers, and limitations in the end user license agreement accompanying 
  16:Generated_Source\PSoC4/cyfitter_cfg.c **** * the software package with which this file was provided.
  17:Generated_Source\PSoC4/cyfitter_cfg.c **** ********************************************************************************/
  18:Generated_Source\PSoC4/cyfitter_cfg.c **** 
  19:Generated_Source\PSoC4/cyfitter_cfg.c **** #include <string.h>
  20:Generated_Source\PSoC4/cyfitter_cfg.c **** #include "cytypes.h"
  21:Generated_Source\PSoC4/cyfitter_cfg.c **** #include "cydevice_trm.h"
  22:Generated_Source\PSoC4/cyfitter_cfg.c **** #include "cyfitter.h"
  23:Generated_Source\PSoC4/cyfitter_cfg.c **** #include "CyLib.h"
  24:Generated_Source\PSoC4/cyfitter_cfg.c **** #include "cyfitter_cfg.h"
  25:Generated_Source\PSoC4/cyfitter_cfg.c **** #include "cyapicallbacks.h"
  26:Generated_Source\PSoC4/cyfitter_cfg.c **** 
  27:Generated_Source\PSoC4/cyfitter_cfg.c **** 
  28:Generated_Source\PSoC4/cyfitter_cfg.c **** #if defined(__GNUC__) || defined(__ARMCC_VERSION)
  29:Generated_Source\PSoC4/cyfitter_cfg.c ****     #define CYPACKED 
  30:Generated_Source\PSoC4/cyfitter_cfg.c ****     #define CYPACKED_ATTR __attribute__ ((packed))
  31:Generated_Source\PSoC4/cyfitter_cfg.c ****     #define CYALIGNED __attribute__ ((aligned))
ARM GAS  C:\Users\PC\AppData\Local\Temp\cckhhDze.s 			page 2


  32:Generated_Source\PSoC4/cyfitter_cfg.c ****     #define CY_CFG_UNUSED __attribute__ ((unused))
  33:Generated_Source\PSoC4/cyfitter_cfg.c ****     #ifndef CY_CFG_SECTION
  34:Generated_Source\PSoC4/cyfitter_cfg.c ****         #define CY_CFG_SECTION __attribute__ ((section(".psocinit")))
  35:Generated_Source\PSoC4/cyfitter_cfg.c ****     #endif
  36:Generated_Source\PSoC4/cyfitter_cfg.c ****     
  37:Generated_Source\PSoC4/cyfitter_cfg.c ****     #if defined(__ARMCC_VERSION)
  38:Generated_Source\PSoC4/cyfitter_cfg.c ****         #define CY_CFG_MEMORY_BARRIER() __memory_changed()
  39:Generated_Source\PSoC4/cyfitter_cfg.c ****     #else
  40:Generated_Source\PSoC4/cyfitter_cfg.c ****         #define CY_CFG_MEMORY_BARRIER() __sync_synchronize()
  41:Generated_Source\PSoC4/cyfitter_cfg.c ****     #endif
  42:Generated_Source\PSoC4/cyfitter_cfg.c ****     
  43:Generated_Source\PSoC4/cyfitter_cfg.c **** #elif defined(__ICCARM__)
  44:Generated_Source\PSoC4/cyfitter_cfg.c ****     #include <intrinsics.h>
  45:Generated_Source\PSoC4/cyfitter_cfg.c **** 
  46:Generated_Source\PSoC4/cyfitter_cfg.c ****     #define CYPACKED __packed
  47:Generated_Source\PSoC4/cyfitter_cfg.c ****     #define CYPACKED_ATTR 
  48:Generated_Source\PSoC4/cyfitter_cfg.c ****     #define CYALIGNED _Pragma("data_alignment=4")
  49:Generated_Source\PSoC4/cyfitter_cfg.c ****     #define CY_CFG_UNUSED _Pragma("diag_suppress=Pe177")
  50:Generated_Source\PSoC4/cyfitter_cfg.c ****     #define CY_CFG_SECTION _Pragma("location=\".psocinit\"")
  51:Generated_Source\PSoC4/cyfitter_cfg.c ****     
  52:Generated_Source\PSoC4/cyfitter_cfg.c ****     #define CY_CFG_MEMORY_BARRIER() __DMB()
  53:Generated_Source\PSoC4/cyfitter_cfg.c ****     
  54:Generated_Source\PSoC4/cyfitter_cfg.c **** #else
  55:Generated_Source\PSoC4/cyfitter_cfg.c ****     #error Unsupported toolchain
  56:Generated_Source\PSoC4/cyfitter_cfg.c **** #endif
  57:Generated_Source\PSoC4/cyfitter_cfg.c **** 
  58:Generated_Source\PSoC4/cyfitter_cfg.c **** #ifndef CYCODE
  59:Generated_Source\PSoC4/cyfitter_cfg.c ****     #define CYCODE
  60:Generated_Source\PSoC4/cyfitter_cfg.c **** #endif
  61:Generated_Source\PSoC4/cyfitter_cfg.c **** #ifndef CYDATA
  62:Generated_Source\PSoC4/cyfitter_cfg.c ****     #define CYDATA
  63:Generated_Source\PSoC4/cyfitter_cfg.c **** #endif
  64:Generated_Source\PSoC4/cyfitter_cfg.c **** #ifndef CYFAR
  65:Generated_Source\PSoC4/cyfitter_cfg.c ****     #define CYFAR
  66:Generated_Source\PSoC4/cyfitter_cfg.c **** #endif
  67:Generated_Source\PSoC4/cyfitter_cfg.c **** #ifndef CYXDATA
  68:Generated_Source\PSoC4/cyfitter_cfg.c ****     #define CYXDATA
  69:Generated_Source\PSoC4/cyfitter_cfg.c **** #endif
  70:Generated_Source\PSoC4/cyfitter_cfg.c **** 
  71:Generated_Source\PSoC4/cyfitter_cfg.c **** 
  72:Generated_Source\PSoC4/cyfitter_cfg.c **** CY_CFG_UNUSED
  73:Generated_Source\PSoC4/cyfitter_cfg.c **** static void CYMEMZERO(void *s, size_t n);
  74:Generated_Source\PSoC4/cyfitter_cfg.c **** CY_CFG_UNUSED
  75:Generated_Source\PSoC4/cyfitter_cfg.c **** static void CYMEMZERO(void *s, size_t n)
  76:Generated_Source\PSoC4/cyfitter_cfg.c **** {
  77:Generated_Source\PSoC4/cyfitter_cfg.c **** 	(void)memset(s, 0, n);
  78:Generated_Source\PSoC4/cyfitter_cfg.c **** }
  79:Generated_Source\PSoC4/cyfitter_cfg.c **** CY_CFG_UNUSED
  80:Generated_Source\PSoC4/cyfitter_cfg.c **** static void CYCONFIGCPY(void *dest, const void *src, size_t n);
  81:Generated_Source\PSoC4/cyfitter_cfg.c **** CY_CFG_UNUSED
  82:Generated_Source\PSoC4/cyfitter_cfg.c **** static void CYCONFIGCPY(void *dest, const void *src, size_t n)
  83:Generated_Source\PSoC4/cyfitter_cfg.c **** {
  84:Generated_Source\PSoC4/cyfitter_cfg.c **** 	(void)memcpy(dest, src, n);
  85:Generated_Source\PSoC4/cyfitter_cfg.c **** }
  86:Generated_Source\PSoC4/cyfitter_cfg.c **** CY_CFG_UNUSED
  87:Generated_Source\PSoC4/cyfitter_cfg.c **** static void CYCONFIGCPYCODE(void *dest, const void *src, size_t n);
  88:Generated_Source\PSoC4/cyfitter_cfg.c **** CY_CFG_UNUSED
ARM GAS  C:\Users\PC\AppData\Local\Temp\cckhhDze.s 			page 3


  89:Generated_Source\PSoC4/cyfitter_cfg.c **** static void CYCONFIGCPYCODE(void *dest, const void *src, size_t n)
  90:Generated_Source\PSoC4/cyfitter_cfg.c **** {
  91:Generated_Source\PSoC4/cyfitter_cfg.c **** 	(void)memcpy(dest, src, n);
  92:Generated_Source\PSoC4/cyfitter_cfg.c **** }
  93:Generated_Source\PSoC4/cyfitter_cfg.c **** 
  94:Generated_Source\PSoC4/cyfitter_cfg.c **** 
  95:Generated_Source\PSoC4/cyfitter_cfg.c **** 
  96:Generated_Source\PSoC4/cyfitter_cfg.c **** 
  97:Generated_Source\PSoC4/cyfitter_cfg.c **** /* Clock startup error codes                                                   */
  98:Generated_Source\PSoC4/cyfitter_cfg.c **** #define CYCLOCKSTART_NO_ERROR    0u
  99:Generated_Source\PSoC4/cyfitter_cfg.c **** #define CYCLOCKSTART_XTAL_ERROR  1u
 100:Generated_Source\PSoC4/cyfitter_cfg.c **** #define CYCLOCKSTART_32KHZ_ERROR 2u
 101:Generated_Source\PSoC4/cyfitter_cfg.c **** #define CYCLOCKSTART_PLL_ERROR   3u
 102:Generated_Source\PSoC4/cyfitter_cfg.c **** #define CYCLOCKSTART_FLL_ERROR   4u
 103:Generated_Source\PSoC4/cyfitter_cfg.c **** #define CYCLOCKSTART_WCO_ERROR   5u
 104:Generated_Source\PSoC4/cyfitter_cfg.c **** 
 105:Generated_Source\PSoC4/cyfitter_cfg.c **** 
 106:Generated_Source\PSoC4/cyfitter_cfg.c **** #ifdef CY_NEED_CYCLOCKSTARTUPERROR
 107:Generated_Source\PSoC4/cyfitter_cfg.c **** /*******************************************************************************
 108:Generated_Source\PSoC4/cyfitter_cfg.c **** * Function Name: CyClockStartupError
 109:Generated_Source\PSoC4/cyfitter_cfg.c **** ********************************************************************************
 110:Generated_Source\PSoC4/cyfitter_cfg.c **** * Summary:
 111:Generated_Source\PSoC4/cyfitter_cfg.c **** *  If an error is encountered during clock configuration (crystal startup error,
 112:Generated_Source\PSoC4/cyfitter_cfg.c **** *  PLL lock error, etc.), the system will end up here.  Unless reimplemented by
 113:Generated_Source\PSoC4/cyfitter_cfg.c **** *  the customer, this function will stop in an infinite loop.
 114:Generated_Source\PSoC4/cyfitter_cfg.c **** *
 115:Generated_Source\PSoC4/cyfitter_cfg.c **** * Parameters:
 116:Generated_Source\PSoC4/cyfitter_cfg.c **** *   void
 117:Generated_Source\PSoC4/cyfitter_cfg.c **** *
 118:Generated_Source\PSoC4/cyfitter_cfg.c **** * Return:
 119:Generated_Source\PSoC4/cyfitter_cfg.c **** *   void
 120:Generated_Source\PSoC4/cyfitter_cfg.c **** *
 121:Generated_Source\PSoC4/cyfitter_cfg.c **** *******************************************************************************/
 122:Generated_Source\PSoC4/cyfitter_cfg.c **** CY_CFG_UNUSED
 123:Generated_Source\PSoC4/cyfitter_cfg.c **** static void CyClockStartupError(uint8 errorCode);
 124:Generated_Source\PSoC4/cyfitter_cfg.c **** CY_CFG_UNUSED
 125:Generated_Source\PSoC4/cyfitter_cfg.c **** static void CyClockStartupError(uint8 errorCode)
 126:Generated_Source\PSoC4/cyfitter_cfg.c **** {
 127:Generated_Source\PSoC4/cyfitter_cfg.c ****     /* To remove the compiler warning if errorCode not used.                */
 128:Generated_Source\PSoC4/cyfitter_cfg.c ****     errorCode = errorCode;
 129:Generated_Source\PSoC4/cyfitter_cfg.c **** 
 130:Generated_Source\PSoC4/cyfitter_cfg.c ****     /* If we have a clock startup error (bad MHz crystal, PLL lock, etc.),  */
 131:Generated_Source\PSoC4/cyfitter_cfg.c ****     /* we will end up here to allow the customer to implement something to  */
 132:Generated_Source\PSoC4/cyfitter_cfg.c ****     /* deal with the clock condition.                                       */
 133:Generated_Source\PSoC4/cyfitter_cfg.c **** 
 134:Generated_Source\PSoC4/cyfitter_cfg.c **** #ifdef CY_CFG_CLOCK_STARTUP_ERROR_CALLBACK
 135:Generated_Source\PSoC4/cyfitter_cfg.c ****     CY_CFG_Clock_Startup_ErrorCallback();
 136:Generated_Source\PSoC4/cyfitter_cfg.c **** #else
 137:Generated_Source\PSoC4/cyfitter_cfg.c ****     /*  If not using CY_CFG_CLOCK_STARTUP_ERROR_CALLBACK, place your clock startup code here. */
 138:Generated_Source\PSoC4/cyfitter_cfg.c ****     /* `#START CyClockStartupError` */
 139:Generated_Source\PSoC4/cyfitter_cfg.c **** 
 140:Generated_Source\PSoC4/cyfitter_cfg.c **** 
 141:Generated_Source\PSoC4/cyfitter_cfg.c **** 
 142:Generated_Source\PSoC4/cyfitter_cfg.c ****     /* `#END` */
 143:Generated_Source\PSoC4/cyfitter_cfg.c **** 
 144:Generated_Source\PSoC4/cyfitter_cfg.c ****     while(1) {}
 145:Generated_Source\PSoC4/cyfitter_cfg.c **** #endif /* CY_CFG_CLOCK_STARTUP_ERROR_CALLBACK */
ARM GAS  C:\Users\PC\AppData\Local\Temp\cckhhDze.s 			page 4


 146:Generated_Source\PSoC4/cyfitter_cfg.c **** }
 147:Generated_Source\PSoC4/cyfitter_cfg.c **** #endif
 148:Generated_Source\PSoC4/cyfitter_cfg.c **** 
 149:Generated_Source\PSoC4/cyfitter_cfg.c **** 
 150:Generated_Source\PSoC4/cyfitter_cfg.c **** 
 151:Generated_Source\PSoC4/cyfitter_cfg.c **** /*******************************************************************************
 152:Generated_Source\PSoC4/cyfitter_cfg.c **** * Function Name: ClockSetup
 153:Generated_Source\PSoC4/cyfitter_cfg.c **** ********************************************************************************
 154:Generated_Source\PSoC4/cyfitter_cfg.c **** *
 155:Generated_Source\PSoC4/cyfitter_cfg.c **** * Summary:
 156:Generated_Source\PSoC4/cyfitter_cfg.c **** *   Performs the initialization of all of the clocks in the device based on the
 157:Generated_Source\PSoC4/cyfitter_cfg.c **** *   settings in the Clock tab of the DWR.  This includes enabling the requested
 158:Generated_Source\PSoC4/cyfitter_cfg.c **** *   clocks and setting the necessary dividers to produce the desired frequency. 
 159:Generated_Source\PSoC4/cyfitter_cfg.c **** *
 160:Generated_Source\PSoC4/cyfitter_cfg.c **** * Parameters:
 161:Generated_Source\PSoC4/cyfitter_cfg.c **** *   void
 162:Generated_Source\PSoC4/cyfitter_cfg.c **** *
 163:Generated_Source\PSoC4/cyfitter_cfg.c **** * Return:
 164:Generated_Source\PSoC4/cyfitter_cfg.c **** *   void
 165:Generated_Source\PSoC4/cyfitter_cfg.c **** *
 166:Generated_Source\PSoC4/cyfitter_cfg.c **** *******************************************************************************/
 167:Generated_Source\PSoC4/cyfitter_cfg.c **** static void ClockSetup(void);
 168:Generated_Source\PSoC4/cyfitter_cfg.c **** CY_CFG_SECTION
 169:Generated_Source\PSoC4/cyfitter_cfg.c **** static void ClockSetup(void)
 170:Generated_Source\PSoC4/cyfitter_cfg.c **** {
 171:Generated_Source\PSoC4/cyfitter_cfg.c **** 
 172:Generated_Source\PSoC4/cyfitter_cfg.c **** 	/* Set Flash Cycles based on max possible frequency in case a glitch occurs during ClockSetup(). *
 173:Generated_Source\PSoC4/cyfitter_cfg.c **** 	CY_SET_REG32((void CYXDATA *)(CYREG_CPUSS_FLASH_CTL), (0x0012u));
 174:Generated_Source\PSoC4/cyfitter_cfg.c **** 	/* Update IMO to new clock speed. */
 175:Generated_Source\PSoC4/cyfitter_cfg.c **** 	CySysClkWriteImoFreq(24u);
 176:Generated_Source\PSoC4/cyfitter_cfg.c **** 
 177:Generated_Source\PSoC4/cyfitter_cfg.c **** 	/* Setup phase aligned clocks */
 178:Generated_Source\PSoC4/cyfitter_cfg.c **** 	CY_SET_REG32((void *)CYREG_PERI_DIV_16_CTL0, 0x0000FE00u);
 179:Generated_Source\PSoC4/cyfitter_cfg.c **** 	CY_SET_REG32((void *)CYREG_PERI_DIV_CMD, 0x8000FF40u);
 180:Generated_Source\PSoC4/cyfitter_cfg.c **** 	CY_SET_REG32((void *)CYREG_PERI_DIV_16_CTL1, 0x00001000u);
 181:Generated_Source\PSoC4/cyfitter_cfg.c **** 	CY_SET_REG32((void *)CYREG_PERI_DIV_CMD, 0x8000FF41u);
 182:Generated_Source\PSoC4/cyfitter_cfg.c **** 
 183:Generated_Source\PSoC4/cyfitter_cfg.c **** 	/* CYDEV_CLK_SELECT Starting address: CYDEV_CLK_SELECT */
 184:Generated_Source\PSoC4/cyfitter_cfg.c **** 	CY_SET_REG32((void *)(CYREG_CLK_SELECT), 0x00000000u);
 185:Generated_Source\PSoC4/cyfitter_cfg.c **** 
 186:Generated_Source\PSoC4/cyfitter_cfg.c **** 	/* CYDEV_PERI_PCLK_CTL2 Starting address: CYDEV_PERI_PCLK_CTL2 */
 187:Generated_Source\PSoC4/cyfitter_cfg.c **** 	CY_SET_REG32((void *)(CYREG_PERI_PCLK_CTL2), 0x00000040u);
 188:Generated_Source\PSoC4/cyfitter_cfg.c **** 
 189:Generated_Source\PSoC4/cyfitter_cfg.c **** 	/* CYDEV_PERI_PCLK_CTL0 Starting address: CYDEV_PERI_PCLK_CTL0 */
 190:Generated_Source\PSoC4/cyfitter_cfg.c **** 	CY_SET_REG32((void *)(CYREG_PERI_PCLK_CTL0), 0x00000041u);
 191:Generated_Source\PSoC4/cyfitter_cfg.c **** 
 192:Generated_Source\PSoC4/cyfitter_cfg.c **** 	/* Set Flash Cycles based on newly configured 24.00MHz HFCLK. */
 193:Generated_Source\PSoC4/cyfitter_cfg.c **** 	CY_SET_REG32((void CYXDATA *)(CYREG_CPUSS_FLASH_CTL), (0x0011u));
 194:Generated_Source\PSoC4/cyfitter_cfg.c **** }
 195:Generated_Source\PSoC4/cyfitter_cfg.c **** 
 196:Generated_Source\PSoC4/cyfitter_cfg.c **** 
 197:Generated_Source\PSoC4/cyfitter_cfg.c **** /* Analog API Functions */
 198:Generated_Source\PSoC4/cyfitter_cfg.c **** 
 199:Generated_Source\PSoC4/cyfitter_cfg.c **** 
 200:Generated_Source\PSoC4/cyfitter_cfg.c **** /*******************************************************************************
 201:Generated_Source\PSoC4/cyfitter_cfg.c **** * Function Name: AnalogSetDefault
 202:Generated_Source\PSoC4/cyfitter_cfg.c **** ********************************************************************************
ARM GAS  C:\Users\PC\AppData\Local\Temp\cckhhDze.s 			page 5


 203:Generated_Source\PSoC4/cyfitter_cfg.c **** *
 204:Generated_Source\PSoC4/cyfitter_cfg.c **** * Summary:
 205:Generated_Source\PSoC4/cyfitter_cfg.c **** *  Sets up the analog portions of the chip to default values based on chip
 206:Generated_Source\PSoC4/cyfitter_cfg.c **** *  configuration options from the project.
 207:Generated_Source\PSoC4/cyfitter_cfg.c **** *
 208:Generated_Source\PSoC4/cyfitter_cfg.c **** * Parameters:
 209:Generated_Source\PSoC4/cyfitter_cfg.c **** *  void
 210:Generated_Source\PSoC4/cyfitter_cfg.c **** *
 211:Generated_Source\PSoC4/cyfitter_cfg.c **** * Return:
 212:Generated_Source\PSoC4/cyfitter_cfg.c **** *  void
 213:Generated_Source\PSoC4/cyfitter_cfg.c **** *
 214:Generated_Source\PSoC4/cyfitter_cfg.c **** *******************************************************************************/
 215:Generated_Source\PSoC4/cyfitter_cfg.c **** static void AnalogSetDefault(void);
 216:Generated_Source\PSoC4/cyfitter_cfg.c **** static void AnalogSetDefault(void)
 217:Generated_Source\PSoC4/cyfitter_cfg.c **** {
  27              		.loc 1 217 0
  28              		.cfi_startproc
  29              		@ args = 0, pretend = 0, frame = 0
  30              		@ frame_needed = 0, uses_anonymous_args = 0
  31              		@ link register save eliminated.
 218:Generated_Source\PSoC4/cyfitter_cfg.c **** 	CY_SET_XTND_REG32((void CYFAR *)CYREG_CSD_SW_REFGEN_SEL, 0x00000010u);
  32              		.loc 1 218 0
  33 0000 1022     		movs	r2, #16
  34 0002 014B     		ldr	r3, .L2
  35 0004 1A60     		str	r2, [r3]
 219:Generated_Source\PSoC4/cyfitter_cfg.c **** 	/* Variable VDDA is selected; no pumps are enabled by default */
 220:Generated_Source\PSoC4/cyfitter_cfg.c **** }
  36              		.loc 1 220 0
  37              		@ sp needed
  38 0006 7047     		bx	lr
  39              	.L3:
  40              		.align	2
  41              	.L2:
  42 0008 A8020B40 		.word	1074463400
  43              		.cfi_endproc
  44              	.LFE5:
  45              		.size	AnalogSetDefault, .-AnalogSetDefault
  46              		.section	.psocinit,"ax",%progbits
  47              		.align	2
  48              		.code	16
  49              		.thumb_func
  50              		.type	ClockSetup, %function
  51              	ClockSetup:
  52              	.LFB4:
 170:Generated_Source\PSoC4/cyfitter_cfg.c **** 
  53              		.loc 1 170 0
  54              		.cfi_startproc
  55              		@ args = 0, pretend = 0, frame = 0
  56              		@ frame_needed = 0, uses_anonymous_args = 0
  57 0000 10B5     		push	{r4, lr}
  58              		.cfi_def_cfa_offset 8
  59              		.cfi_offset 4, -8
  60              		.cfi_offset 14, -4
 173:Generated_Source\PSoC4/cyfitter_cfg.c **** 	/* Update IMO to new clock speed. */
  61              		.loc 1 173 0
  62 0002 0F4C     		ldr	r4, .L5
  63 0004 1223     		movs	r3, #18
ARM GAS  C:\Users\PC\AppData\Local\Temp\cckhhDze.s 			page 6


  64 0006 2360     		str	r3, [r4]
 175:Generated_Source\PSoC4/cyfitter_cfg.c **** 
  65              		.loc 1 175 0
  66 0008 1820     		movs	r0, #24
  67 000a FFF7FEFF 		bl	CySysClkWriteImoFreq
  68              	.LVL0:
 178:Generated_Source\PSoC4/cyfitter_cfg.c **** 	CY_SET_REG32((void *)CYREG_PERI_DIV_CMD, 0x8000FF40u);
  69              		.loc 1 178 0
  70 000e FE22     		movs	r2, #254
  71 0010 1202     		lsls	r2, r2, #8
  72 0012 0C4B     		ldr	r3, .L5+4
  73 0014 1A60     		str	r2, [r3]
 179:Generated_Source\PSoC4/cyfitter_cfg.c **** 	CY_SET_REG32((void *)CYREG_PERI_DIV_16_CTL1, 0x00001000u);
  74              		.loc 1 179 0
  75 0016 0C4B     		ldr	r3, .L5+8
  76 0018 0C4A     		ldr	r2, .L5+12
  77 001a 1A60     		str	r2, [r3]
 180:Generated_Source\PSoC4/cyfitter_cfg.c **** 	CY_SET_REG32((void *)CYREG_PERI_DIV_CMD, 0x8000FF41u);
  78              		.loc 1 180 0
  79 001c 8021     		movs	r1, #128
  80 001e 4901     		lsls	r1, r1, #5
  81 0020 0B4A     		ldr	r2, .L5+16
  82 0022 1160     		str	r1, [r2]
 181:Generated_Source\PSoC4/cyfitter_cfg.c **** 
  83              		.loc 1 181 0
  84 0024 0B4A     		ldr	r2, .L5+20
  85 0026 1A60     		str	r2, [r3]
 184:Generated_Source\PSoC4/cyfitter_cfg.c **** 
  86              		.loc 1 184 0
  87 0028 0022     		movs	r2, #0
  88 002a 0B4B     		ldr	r3, .L5+24
  89 002c 1A60     		str	r2, [r3]
 187:Generated_Source\PSoC4/cyfitter_cfg.c **** 
  90              		.loc 1 187 0
  91 002e 4032     		adds	r2, r2, #64
  92 0030 0A4B     		ldr	r3, .L5+28
  93 0032 1A60     		str	r2, [r3]
 190:Generated_Source\PSoC4/cyfitter_cfg.c **** 
  94              		.loc 1 190 0
  95 0034 0132     		adds	r2, r2, #1
  96 0036 0A4B     		ldr	r3, .L5+32
  97 0038 1A60     		str	r2, [r3]
 193:Generated_Source\PSoC4/cyfitter_cfg.c **** }
  98              		.loc 1 193 0
  99 003a 1123     		movs	r3, #17
 100 003c 2360     		str	r3, [r4]
 194:Generated_Source\PSoC4/cyfitter_cfg.c **** 
 101              		.loc 1 194 0
 102              		@ sp needed
 103 003e 10BD     		pop	{r4, pc}
 104              	.L6:
 105              		.align	2
 106              	.L5:
 107 0040 30001040 		.word	1074790448
 108 0044 00030140 		.word	1073808128
 109 0048 00000140 		.word	1073807360
 110 004c 40FF0080 		.word	-2147418304
ARM GAS  C:\Users\PC\AppData\Local\Temp\cckhhDze.s 			page 7


 111 0050 04030140 		.word	1073808132
 112 0054 41FF0080 		.word	-2147418303
 113 0058 28000340 		.word	1073938472
 114 005c 08010140 		.word	1073807624
 115 0060 00010140 		.word	1073807616
 116              		.cfi_endproc
 117              	.LFE4:
 118              		.size	ClockSetup, .-ClockSetup
 119              		.section	.text.SetAnalogRoutingPumps,"ax",%progbits
 120              		.align	2
 121              		.global	SetAnalogRoutingPumps
 122              		.code	16
 123              		.thumb_func
 124              		.type	SetAnalogRoutingPumps, %function
 125              	SetAnalogRoutingPumps:
 126              	.LFB6:
 221:Generated_Source\PSoC4/cyfitter_cfg.c **** 
 222:Generated_Source\PSoC4/cyfitter_cfg.c **** 
 223:Generated_Source\PSoC4/cyfitter_cfg.c **** /*******************************************************************************
 224:Generated_Source\PSoC4/cyfitter_cfg.c **** * Function Name: SetAnalogRoutingPumps
 225:Generated_Source\PSoC4/cyfitter_cfg.c **** ********************************************************************************
 226:Generated_Source\PSoC4/cyfitter_cfg.c **** *
 227:Generated_Source\PSoC4/cyfitter_cfg.c **** * Summary:
 228:Generated_Source\PSoC4/cyfitter_cfg.c **** * Enables or disables the analog pumps feeding analog routing switches.
 229:Generated_Source\PSoC4/cyfitter_cfg.c **** * Intended to be called at startup, based on the Vdda system configuration;
 230:Generated_Source\PSoC4/cyfitter_cfg.c **** * may be called during operation when the user informs us that the Vdda voltage crossed the pump th
 231:Generated_Source\PSoC4/cyfitter_cfg.c **** *
 232:Generated_Source\PSoC4/cyfitter_cfg.c **** * Parameters:
 233:Generated_Source\PSoC4/cyfitter_cfg.c **** *  enabled - 1 to enable the pumps, 0 to disable the pumps
 234:Generated_Source\PSoC4/cyfitter_cfg.c **** *
 235:Generated_Source\PSoC4/cyfitter_cfg.c **** * Return:
 236:Generated_Source\PSoC4/cyfitter_cfg.c **** *  void
 237:Generated_Source\PSoC4/cyfitter_cfg.c **** *
 238:Generated_Source\PSoC4/cyfitter_cfg.c **** *******************************************************************************/
 239:Generated_Source\PSoC4/cyfitter_cfg.c **** void SetAnalogRoutingPumps(uint8 enabled)
 240:Generated_Source\PSoC4/cyfitter_cfg.c **** {
 127              		.loc 1 240 0
 128              		.cfi_startproc
 129              		@ args = 0, pretend = 0, frame = 0
 130              		@ frame_needed = 0, uses_anonymous_args = 0
 131              		@ link register save eliminated.
 132              	.LVL1:
 241:Generated_Source\PSoC4/cyfitter_cfg.c **** 	uint32 regValue = CY_GET_XTND_REG32((void *)(CYREG_HSIOM_PUMP_CTL));
 133              		.loc 1 241 0
 134 0000 0B4B     		ldr	r3, .L12
 135 0002 1B68     		ldr	r3, [r3]
 136              	.LVL2:
 242:Generated_Source\PSoC4/cyfitter_cfg.c **** 	if (enabled != 0u)
 137              		.loc 1 242 0
 138 0004 0028     		cmp	r0, #0
 139 0006 03D0     		beq	.L8
 243:Generated_Source\PSoC4/cyfitter_cfg.c **** 	{
 244:Generated_Source\PSoC4/cyfitter_cfg.c **** 		regValue |= 0x80000000u;
 140              		.loc 1 244 0
 141 0008 8022     		movs	r2, #128
 142 000a 1206     		lsls	r2, r2, #24
 143 000c 1343     		orrs	r3, r2
ARM GAS  C:\Users\PC\AppData\Local\Temp\cckhhDze.s 			page 8


 144              	.LVL3:
 145 000e 01E0     		b	.L9
 146              	.L8:
 245:Generated_Source\PSoC4/cyfitter_cfg.c **** 	}
 246:Generated_Source\PSoC4/cyfitter_cfg.c **** 	else
 247:Generated_Source\PSoC4/cyfitter_cfg.c **** 	{
 248:Generated_Source\PSoC4/cyfitter_cfg.c **** 		regValue &= ~0x80000000u;
 147              		.loc 1 248 0
 148 0010 5B00     		lsls	r3, r3, #1
 149              	.LVL4:
 150 0012 5B08     		lsrs	r3, r3, #1
 151              	.LVL5:
 152              	.L9:
 249:Generated_Source\PSoC4/cyfitter_cfg.c **** 	}
 250:Generated_Source\PSoC4/cyfitter_cfg.c **** 	CY_SET_XTND_REG32((void *)(CYREG_HSIOM_PUMP_CTL), regValue);
 153              		.loc 1 250 0
 154 0014 064A     		ldr	r2, .L12
 155 0016 1360     		str	r3, [r2]
 251:Generated_Source\PSoC4/cyfitter_cfg.c **** 	regValue = CY_GET_XTND_REG32((void *)(CYREG_CLK_SELECT));
 156              		.loc 1 251 0
 157 0018 064B     		ldr	r3, .L12+4
 158              	.LVL6:
 159 001a 1B68     		ldr	r3, [r3]
 160              	.LVL7:
 252:Generated_Source\PSoC4/cyfitter_cfg.c **** 	if (enabled != 0u)
 161              		.loc 1 252 0
 162 001c 0028     		cmp	r0, #0
 163 001e 02D0     		beq	.L10
 253:Generated_Source\PSoC4/cyfitter_cfg.c **** 	{
 254:Generated_Source\PSoC4/cyfitter_cfg.c **** 		regValue |= 0x00000020u;
 164              		.loc 1 254 0
 165 0020 2022     		movs	r2, #32
 166 0022 1343     		orrs	r3, r2
 167              	.LVL8:
 168 0024 01E0     		b	.L11
 169              	.L10:
 255:Generated_Source\PSoC4/cyfitter_cfg.c **** 	}
 256:Generated_Source\PSoC4/cyfitter_cfg.c **** 	else
 257:Generated_Source\PSoC4/cyfitter_cfg.c **** 	{
 258:Generated_Source\PSoC4/cyfitter_cfg.c **** 		regValue &= ~0x00000020u;
 170              		.loc 1 258 0
 171 0026 2022     		movs	r2, #32
 172 0028 9343     		bics	r3, r2
 173              	.LVL9:
 174              	.L11:
 259:Generated_Source\PSoC4/cyfitter_cfg.c **** 	}
 260:Generated_Source\PSoC4/cyfitter_cfg.c **** 	CY_SET_XTND_REG32((void *)(CYREG_CLK_SELECT), regValue);
 175              		.loc 1 260 0
 176 002a 024A     		ldr	r2, .L12+4
 177 002c 1360     		str	r3, [r2]
 261:Generated_Source\PSoC4/cyfitter_cfg.c **** }
 178              		.loc 1 261 0
 179              		@ sp needed
 180 002e 7047     		bx	lr
 181              	.L13:
 182              		.align	2
 183              	.L12:
ARM GAS  C:\Users\PC\AppData\Local\Temp\cckhhDze.s 			page 9


 184 0030 00200240 		.word	1073881088
 185 0034 28000340 		.word	1073938472
 186              		.cfi_endproc
 187              	.LFE6:
 188              		.size	SetAnalogRoutingPumps, .-SetAnalogRoutingPumps
 189              		.section	.psocinit
 190              		.align	2
 191              		.global	cyfitter_cfg
 192              		.code	16
 193              		.thumb_func
 194              		.type	cyfitter_cfg, %function
 195              	cyfitter_cfg:
 196              	.LFB7:
 262:Generated_Source\PSoC4/cyfitter_cfg.c **** 
 263:Generated_Source\PSoC4/cyfitter_cfg.c **** 
 264:Generated_Source\PSoC4/cyfitter_cfg.c **** 
 265:Generated_Source\PSoC4/cyfitter_cfg.c **** 
 266:Generated_Source\PSoC4/cyfitter_cfg.c **** /*******************************************************************************
 267:Generated_Source\PSoC4/cyfitter_cfg.c **** * Function Name: cyfitter_cfg
 268:Generated_Source\PSoC4/cyfitter_cfg.c **** ********************************************************************************
 269:Generated_Source\PSoC4/cyfitter_cfg.c **** * Summary:
 270:Generated_Source\PSoC4/cyfitter_cfg.c **** *  This function is called by the start-up code for the selected device. It
 271:Generated_Source\PSoC4/cyfitter_cfg.c **** *  performs all of the necessary device configuration based on the design
 272:Generated_Source\PSoC4/cyfitter_cfg.c **** *  settings.  This includes settings from the Design Wide Resources (DWR) such
 273:Generated_Source\PSoC4/cyfitter_cfg.c **** *  as Clocks and Pins as well as any component configuration that is necessary.
 274:Generated_Source\PSoC4/cyfitter_cfg.c **** *
 275:Generated_Source\PSoC4/cyfitter_cfg.c **** * Parameters:
 276:Generated_Source\PSoC4/cyfitter_cfg.c **** *   void
 277:Generated_Source\PSoC4/cyfitter_cfg.c **** *
 278:Generated_Source\PSoC4/cyfitter_cfg.c **** * Return:
 279:Generated_Source\PSoC4/cyfitter_cfg.c **** *   void
 280:Generated_Source\PSoC4/cyfitter_cfg.c **** *
 281:Generated_Source\PSoC4/cyfitter_cfg.c **** *******************************************************************************/
 282:Generated_Source\PSoC4/cyfitter_cfg.c **** CY_CFG_SECTION
 283:Generated_Source\PSoC4/cyfitter_cfg.c **** void cyfitter_cfg(void)
 284:Generated_Source\PSoC4/cyfitter_cfg.c **** {
 197              		.loc 1 284 0
 198              		.cfi_startproc
 199              		@ args = 0, pretend = 0, frame = 0
 200              		@ frame_needed = 0, uses_anonymous_args = 0
 201 0064 10B5     		push	{r4, lr}
 202              		.cfi_def_cfa_offset 8
 203              		.cfi_offset 4, -8
 204              		.cfi_offset 14, -4
 285:Generated_Source\PSoC4/cyfitter_cfg.c **** 	/* Disable interrupts by default. Let user enable if/when they want. */
 286:Generated_Source\PSoC4/cyfitter_cfg.c **** 	CyGlobalIntDisable;
 205              		.loc 1 286 0
 206              		.syntax divided
 207              	@ 286 "Generated_Source\PSoC4\cyfitter_cfg.c" 1
 208 0066 72B6     		CPSID   i
 209              	@ 0 "" 2
 287:Generated_Source\PSoC4/cyfitter_cfg.c **** 
 288:Generated_Source\PSoC4/cyfitter_cfg.c **** 	{
 289:Generated_Source\PSoC4/cyfitter_cfg.c **** 		/* HSIOM Starting address: CYDEV_HSIOM_BASE */
 290:Generated_Source\PSoC4/cyfitter_cfg.c **** 		CY_SET_REG32((void *)(CYREG_HSIOM_PORT_SEL3), 0x0000EE00u);
 210              		.loc 1 290 0
 211              		.thumb
ARM GAS  C:\Users\PC\AppData\Local\Temp\cckhhDze.s 			page 10


 212              		.syntax unified
 213 0068 EE22     		movs	r2, #238
 214 006a 1202     		lsls	r2, r2, #8
 215 006c 0D4B     		ldr	r3, .L15
 216 006e 1A60     		str	r2, [r3]
 291:Generated_Source\PSoC4/cyfitter_cfg.c **** 		CY_SET_REG32((void *)(CYREG_HSIOM_PORT_SEL4), 0x00000099u);
 217              		.loc 1 291 0
 218 0070 9922     		movs	r2, #153
 219 0072 0D4B     		ldr	r3, .L15+4
 220 0074 1A60     		str	r2, [r3]
 292:Generated_Source\PSoC4/cyfitter_cfg.c **** 
 293:Generated_Source\PSoC4/cyfitter_cfg.c **** 	}
 294:Generated_Source\PSoC4/cyfitter_cfg.c **** 
 295:Generated_Source\PSoC4/cyfitter_cfg.c **** 	/* Perform second pass device configuration. These items must be configured in specific order afte
 296:Generated_Source\PSoC4/cyfitter_cfg.c **** 	/* IOPINS0_2 Starting address: CYDEV_GPIO_PRT2_BASE */
 297:Generated_Source\PSoC4/cyfitter_cfg.c **** 	CY_SET_REG32((void *)(CYDEV_GPIO_PRT2_BASE), 0x00000002u);
 221              		.loc 1 297 0
 222 0076 0223     		movs	r3, #2
 223 0078 0C4A     		ldr	r2, .L15+8
 224 007a 1360     		str	r3, [r2]
 298:Generated_Source\PSoC4/cyfitter_cfg.c **** 	CY_SET_REG32((void *)(CYREG_GPIO_PRT2_PC2), 0x00000003u);
 225              		.loc 1 298 0
 226 007c 0321     		movs	r1, #3
 227 007e 0C4A     		ldr	r2, .L15+12
 228 0080 1160     		str	r1, [r2]
 299:Generated_Source\PSoC4/cyfitter_cfg.c **** 
 300:Generated_Source\PSoC4/cyfitter_cfg.c **** 	/* IOPINS0_3 Starting address: CYDEV_GPIO_PRT3_BASE */
 301:Generated_Source\PSoC4/cyfitter_cfg.c **** 	CY_SET_REG32((void *)(CYREG_GPIO_PRT3_PC), 0x00000D80u);
 229              		.loc 1 301 0
 230 0082 D821     		movs	r1, #216
 231 0084 0901     		lsls	r1, r1, #4
 232 0086 0B4A     		ldr	r2, .L15+16
 233 0088 1160     		str	r1, [r2]
 302:Generated_Source\PSoC4/cyfitter_cfg.c **** 
 303:Generated_Source\PSoC4/cyfitter_cfg.c **** 	/* IOPINS0_4 Starting address: CYDEV_GPIO_PRT4_BASE */
 304:Generated_Source\PSoC4/cyfitter_cfg.c **** 	CY_SET_REG32((void *)(CYDEV_GPIO_PRT4_BASE), 0x00000002u);
 234              		.loc 1 304 0
 235 008a 0B4A     		ldr	r2, .L15+20
 236 008c 1360     		str	r3, [r2]
 305:Generated_Source\PSoC4/cyfitter_cfg.c **** 	CY_SET_REG32((void *)(CYREG_GPIO_PRT4_PC), 0x00000031u);
 237              		.loc 1 305 0
 238 008e 3121     		movs	r1, #49
 239 0090 0A4A     		ldr	r2, .L15+24
 240 0092 1160     		str	r1, [r2]
 306:Generated_Source\PSoC4/cyfitter_cfg.c **** 	CY_SET_REG32((void *)(CYREG_GPIO_PRT4_PC2), 0x00000002u);
 241              		.loc 1 306 0
 242 0094 0A4A     		ldr	r2, .L15+28
 243 0096 1360     		str	r3, [r2]
 307:Generated_Source\PSoC4/cyfitter_cfg.c **** 
 308:Generated_Source\PSoC4/cyfitter_cfg.c **** 
 309:Generated_Source\PSoC4/cyfitter_cfg.c **** 	/* Setup clocks based on selections from Clock DWR */
 310:Generated_Source\PSoC4/cyfitter_cfg.c **** 	ClockSetup();
 244              		.loc 1 310 0
 245 0098 FFF7B2FF 		bl	ClockSetup
 246              	.LVL10:
 311:Generated_Source\PSoC4/cyfitter_cfg.c **** 
 312:Generated_Source\PSoC4/cyfitter_cfg.c **** 	/* Perform basic analog initialization to defaults */
ARM GAS  C:\Users\PC\AppData\Local\Temp\cckhhDze.s 			page 11


 313:Generated_Source\PSoC4/cyfitter_cfg.c **** 	AnalogSetDefault();
 247              		.loc 1 313 0
 248 009c FFF7FEFF 		bl	AnalogSetDefault
 249              	.LVL11:
 314:Generated_Source\PSoC4/cyfitter_cfg.c **** 
 315:Generated_Source\PSoC4/cyfitter_cfg.c **** }
 250              		.loc 1 315 0
 251              		@ sp needed
 252 00a0 10BD     		pop	{r4, pc}
 253              	.L16:
 254 00a2 C046     		.align	2
 255              	.L15:
 256 00a4 00030240 		.word	1073873664
 257 00a8 00040240 		.word	1073873920
 258 00ac 00020440 		.word	1074004480
 259 00b0 18020440 		.word	1074004504
 260 00b4 08030440 		.word	1074004744
 261 00b8 00040440 		.word	1074004992
 262 00bc 08040440 		.word	1074005000
 263 00c0 18040440 		.word	1074005016
 264              		.cfi_endproc
 265              	.LFE7:
 266              		.size	cyfitter_cfg, .-cyfitter_cfg
 267              		.text
 268              	.Letext0:
 269              		.file 2 "Generated_Source\\PSoC4\\cytypes.h"
 270              		.file 3 "Generated_Source\\PSoC4\\CyLib.h"
 271              		.section	.debug_info,"",%progbits
 272              	.Ldebug_info0:
 273 0000 50010000 		.4byte	0x150
 274 0004 0400     		.2byte	0x4
 275 0006 00000000 		.4byte	.Ldebug_abbrev0
 276 000a 04       		.byte	0x4
 277 000b 01       		.uleb128 0x1
 278 000c 78010000 		.4byte	.LASF19
 279 0010 0C       		.byte	0xc
 280 0011 15000000 		.4byte	.LASF20
 281 0015 48000000 		.4byte	.LASF21
 282 0019 00000000 		.4byte	.Ldebug_ranges0+0
 283 001d 00000000 		.4byte	0
 284 0021 00000000 		.4byte	.Ldebug_line0
 285 0025 02       		.uleb128 0x2
 286 0026 04       		.byte	0x4
 287 0027 05       		.byte	0x5
 288 0028 696E7400 		.ascii	"int\000"
 289 002c 03       		.uleb128 0x3
 290 002d 04       		.byte	0x4
 291 002e 07       		.byte	0x7
 292 002f 3B000000 		.4byte	.LASF0
 293 0033 03       		.uleb128 0x3
 294 0034 08       		.byte	0x8
 295 0035 05       		.byte	0x5
 296 0036 00000000 		.4byte	.LASF1
 297 003a 03       		.uleb128 0x3
 298 003b 08       		.byte	0x8
 299 003c 04       		.byte	0x4
 300 003d 51010000 		.4byte	.LASF2
ARM GAS  C:\Users\PC\AppData\Local\Temp\cckhhDze.s 			page 12


 301 0041 03       		.uleb128 0x3
 302 0042 01       		.byte	0x1
 303 0043 06       		.byte	0x6
 304 0044 45010000 		.4byte	.LASF3
 305 0048 03       		.uleb128 0x3
 306 0049 01       		.byte	0x1
 307 004a 08       		.byte	0x8
 308 004b ED000000 		.4byte	.LASF4
 309 004f 03       		.uleb128 0x3
 310 0050 02       		.byte	0x2
 311 0051 05       		.byte	0x5
 312 0052 6E010000 		.4byte	.LASF5
 313 0056 03       		.uleb128 0x3
 314 0057 02       		.byte	0x2
 315 0058 07       		.byte	0x7
 316 0059 32010000 		.4byte	.LASF6
 317 005d 03       		.uleb128 0x3
 318 005e 04       		.byte	0x4
 319 005f 05       		.byte	0x5
 320 0060 00010000 		.4byte	.LASF7
 321 0064 03       		.uleb128 0x3
 322 0065 04       		.byte	0x4
 323 0066 07       		.byte	0x7
 324 0067 86000000 		.4byte	.LASF8
 325 006b 03       		.uleb128 0x3
 326 006c 08       		.byte	0x8
 327 006d 07       		.byte	0x7
 328 006e A5000000 		.4byte	.LASF9
 329 0072 03       		.uleb128 0x3
 330 0073 04       		.byte	0x4
 331 0074 07       		.byte	0x7
 332 0075 0A020000 		.4byte	.LASF10
 333 0079 03       		.uleb128 0x3
 334 007a 01       		.byte	0x1
 335 007b 08       		.byte	0x8
 336 007c FB000000 		.4byte	.LASF11
 337 0080 04       		.uleb128 0x4
 338 0081 80000000 		.4byte	.LASF12
 339 0085 02       		.byte	0x2
 340 0086 FB01     		.2byte	0x1fb
 341 0088 48000000 		.4byte	0x48
 342 008c 04       		.uleb128 0x4
 343 008d 0E000000 		.4byte	.LASF13
 344 0091 02       		.byte	0x2
 345 0092 FD01     		.2byte	0x1fd
 346 0094 64000000 		.4byte	0x64
 347 0098 03       		.uleb128 0x3
 348 0099 04       		.byte	0x4
 349 009a 04       		.byte	0x4
 350 009b BC000000 		.4byte	.LASF14
 351 009f 03       		.uleb128 0x3
 352 00a0 08       		.byte	0x8
 353 00a1 04       		.byte	0x4
 354 00a2 25010000 		.4byte	.LASF15
 355 00a6 04       		.uleb128 0x4
 356 00a7 2C010000 		.4byte	.LASF16
 357 00ab 02       		.byte	0x2
ARM GAS  C:\Users\PC\AppData\Local\Temp\cckhhDze.s 			page 13


 358 00ac A702     		.2byte	0x2a7
 359 00ae B2000000 		.4byte	0xb2
 360 00b2 05       		.uleb128 0x5
 361 00b3 8C000000 		.4byte	0x8c
 362 00b7 06       		.uleb128 0x6
 363 00b8 09010000 		.4byte	.LASF22
 364 00bc 01       		.byte	0x1
 365 00bd D8       		.byte	0xd8
 366 00be 00000000 		.4byte	.LFB5
 367 00c2 0C000000 		.4byte	.LFE5-.LFB5
 368 00c6 01       		.uleb128 0x1
 369 00c7 9C       		.byte	0x9c
 370 00c8 07       		.uleb128 0x7
 371 00c9 1A010000 		.4byte	.LASF23
 372 00cd 01       		.byte	0x1
 373 00ce A9       		.byte	0xa9
 374 00cf 00000000 		.4byte	.LFB4
 375 00d3 64000000 		.4byte	.LFE4-.LFB4
 376 00d7 01       		.uleb128 0x1
 377 00d8 9C       		.byte	0x9c
 378 00d9 ED000000 		.4byte	0xed
 379 00dd 08       		.uleb128 0x8
 380 00de 0E000000 		.4byte	.LVL0
 381 00e2 48010000 		.4byte	0x148
 382 00e6 09       		.uleb128 0x9
 383 00e7 01       		.uleb128 0x1
 384 00e8 50       		.byte	0x50
 385 00e9 01       		.uleb128 0x1
 386 00ea 48       		.byte	0x48
 387 00eb 00       		.byte	0
 388 00ec 00       		.byte	0
 389 00ed 0A       		.uleb128 0xa
 390 00ee C2000000 		.4byte	.LASF17
 391 00f2 01       		.byte	0x1
 392 00f3 EF       		.byte	0xef
 393 00f4 00000000 		.4byte	.LFB6
 394 00f8 38000000 		.4byte	.LFE6-.LFB6
 395 00fc 01       		.uleb128 0x1
 396 00fd 9C       		.byte	0x9c
 397 00fe 1F010000 		.4byte	0x11f
 398 0102 0B       		.uleb128 0xb
 399 0103 5D010000 		.4byte	.LASF24
 400 0107 01       		.byte	0x1
 401 0108 EF       		.byte	0xef
 402 0109 80000000 		.4byte	0x80
 403 010d 01       		.uleb128 0x1
 404 010e 50       		.byte	0x50
 405 010f 0C       		.uleb128 0xc
 406 0110 65010000 		.4byte	.LASF25
 407 0114 01       		.byte	0x1
 408 0115 F1       		.byte	0xf1
 409 0116 8C000000 		.4byte	0x8c
 410 011a 00000000 		.4byte	.LLST0
 411 011e 00       		.byte	0
 412 011f 0D       		.uleb128 0xd
 413 0120 98000000 		.4byte	.LASF18
 414 0124 01       		.byte	0x1
ARM GAS  C:\Users\PC\AppData\Local\Temp\cckhhDze.s 			page 14


 415 0125 1B01     		.2byte	0x11b
 416 0127 64000000 		.4byte	.LFB7
 417 012b 60000000 		.4byte	.LFE7-.LFB7
 418 012f 01       		.uleb128 0x1
 419 0130 9C       		.byte	0x9c
 420 0131 48010000 		.4byte	0x148
 421 0135 0E       		.uleb128 0xe
 422 0136 9C000000 		.4byte	.LVL10
 423 013a C8000000 		.4byte	0xc8
 424 013e 0E       		.uleb128 0xe
 425 013f A0000000 		.4byte	.LVL11
 426 0143 B7000000 		.4byte	0xb7
 427 0147 00       		.byte	0
 428 0148 0F       		.uleb128 0xf
 429 0149 D8000000 		.4byte	.LASF26
 430 014d D8000000 		.4byte	.LASF26
 431 0151 03       		.byte	0x3
 432 0152 6C       		.byte	0x6c
 433 0153 00       		.byte	0
 434              		.section	.debug_abbrev,"",%progbits
 435              	.Ldebug_abbrev0:
 436 0000 01       		.uleb128 0x1
 437 0001 11       		.uleb128 0x11
 438 0002 01       		.byte	0x1
 439 0003 25       		.uleb128 0x25
 440 0004 0E       		.uleb128 0xe
 441 0005 13       		.uleb128 0x13
 442 0006 0B       		.uleb128 0xb
 443 0007 03       		.uleb128 0x3
 444 0008 0E       		.uleb128 0xe
 445 0009 1B       		.uleb128 0x1b
 446 000a 0E       		.uleb128 0xe
 447 000b 55       		.uleb128 0x55
 448 000c 17       		.uleb128 0x17
 449 000d 11       		.uleb128 0x11
 450 000e 01       		.uleb128 0x1
 451 000f 10       		.uleb128 0x10
 452 0010 17       		.uleb128 0x17
 453 0011 00       		.byte	0
 454 0012 00       		.byte	0
 455 0013 02       		.uleb128 0x2
 456 0014 24       		.uleb128 0x24
 457 0015 00       		.byte	0
 458 0016 0B       		.uleb128 0xb
 459 0017 0B       		.uleb128 0xb
 460 0018 3E       		.uleb128 0x3e
 461 0019 0B       		.uleb128 0xb
 462 001a 03       		.uleb128 0x3
 463 001b 08       		.uleb128 0x8
 464 001c 00       		.byte	0
 465 001d 00       		.byte	0
 466 001e 03       		.uleb128 0x3
 467 001f 24       		.uleb128 0x24
 468 0020 00       		.byte	0
 469 0021 0B       		.uleb128 0xb
 470 0022 0B       		.uleb128 0xb
 471 0023 3E       		.uleb128 0x3e
ARM GAS  C:\Users\PC\AppData\Local\Temp\cckhhDze.s 			page 15


 472 0024 0B       		.uleb128 0xb
 473 0025 03       		.uleb128 0x3
 474 0026 0E       		.uleb128 0xe
 475 0027 00       		.byte	0
 476 0028 00       		.byte	0
 477 0029 04       		.uleb128 0x4
 478 002a 16       		.uleb128 0x16
 479 002b 00       		.byte	0
 480 002c 03       		.uleb128 0x3
 481 002d 0E       		.uleb128 0xe
 482 002e 3A       		.uleb128 0x3a
 483 002f 0B       		.uleb128 0xb
 484 0030 3B       		.uleb128 0x3b
 485 0031 05       		.uleb128 0x5
 486 0032 49       		.uleb128 0x49
 487 0033 13       		.uleb128 0x13
 488 0034 00       		.byte	0
 489 0035 00       		.byte	0
 490 0036 05       		.uleb128 0x5
 491 0037 35       		.uleb128 0x35
 492 0038 00       		.byte	0
 493 0039 49       		.uleb128 0x49
 494 003a 13       		.uleb128 0x13
 495 003b 00       		.byte	0
 496 003c 00       		.byte	0
 497 003d 06       		.uleb128 0x6
 498 003e 2E       		.uleb128 0x2e
 499 003f 00       		.byte	0
 500 0040 03       		.uleb128 0x3
 501 0041 0E       		.uleb128 0xe
 502 0042 3A       		.uleb128 0x3a
 503 0043 0B       		.uleb128 0xb
 504 0044 3B       		.uleb128 0x3b
 505 0045 0B       		.uleb128 0xb
 506 0046 27       		.uleb128 0x27
 507 0047 19       		.uleb128 0x19
 508 0048 11       		.uleb128 0x11
 509 0049 01       		.uleb128 0x1
 510 004a 12       		.uleb128 0x12
 511 004b 06       		.uleb128 0x6
 512 004c 40       		.uleb128 0x40
 513 004d 18       		.uleb128 0x18
 514 004e 9742     		.uleb128 0x2117
 515 0050 19       		.uleb128 0x19
 516 0051 00       		.byte	0
 517 0052 00       		.byte	0
 518 0053 07       		.uleb128 0x7
 519 0054 2E       		.uleb128 0x2e
 520 0055 01       		.byte	0x1
 521 0056 03       		.uleb128 0x3
 522 0057 0E       		.uleb128 0xe
 523 0058 3A       		.uleb128 0x3a
 524 0059 0B       		.uleb128 0xb
 525 005a 3B       		.uleb128 0x3b
 526 005b 0B       		.uleb128 0xb
 527 005c 27       		.uleb128 0x27
 528 005d 19       		.uleb128 0x19
ARM GAS  C:\Users\PC\AppData\Local\Temp\cckhhDze.s 			page 16


 529 005e 11       		.uleb128 0x11
 530 005f 01       		.uleb128 0x1
 531 0060 12       		.uleb128 0x12
 532 0061 06       		.uleb128 0x6
 533 0062 40       		.uleb128 0x40
 534 0063 18       		.uleb128 0x18
 535 0064 9742     		.uleb128 0x2117
 536 0066 19       		.uleb128 0x19
 537 0067 01       		.uleb128 0x1
 538 0068 13       		.uleb128 0x13
 539 0069 00       		.byte	0
 540 006a 00       		.byte	0
 541 006b 08       		.uleb128 0x8
 542 006c 898201   		.uleb128 0x4109
 543 006f 01       		.byte	0x1
 544 0070 11       		.uleb128 0x11
 545 0071 01       		.uleb128 0x1
 546 0072 31       		.uleb128 0x31
 547 0073 13       		.uleb128 0x13
 548 0074 00       		.byte	0
 549 0075 00       		.byte	0
 550 0076 09       		.uleb128 0x9
 551 0077 8A8201   		.uleb128 0x410a
 552 007a 00       		.byte	0
 553 007b 02       		.uleb128 0x2
 554 007c 18       		.uleb128 0x18
 555 007d 9142     		.uleb128 0x2111
 556 007f 18       		.uleb128 0x18
 557 0080 00       		.byte	0
 558 0081 00       		.byte	0
 559 0082 0A       		.uleb128 0xa
 560 0083 2E       		.uleb128 0x2e
 561 0084 01       		.byte	0x1
 562 0085 3F       		.uleb128 0x3f
 563 0086 19       		.uleb128 0x19
 564 0087 03       		.uleb128 0x3
 565 0088 0E       		.uleb128 0xe
 566 0089 3A       		.uleb128 0x3a
 567 008a 0B       		.uleb128 0xb
 568 008b 3B       		.uleb128 0x3b
 569 008c 0B       		.uleb128 0xb
 570 008d 27       		.uleb128 0x27
 571 008e 19       		.uleb128 0x19
 572 008f 11       		.uleb128 0x11
 573 0090 01       		.uleb128 0x1
 574 0091 12       		.uleb128 0x12
 575 0092 06       		.uleb128 0x6
 576 0093 40       		.uleb128 0x40
 577 0094 18       		.uleb128 0x18
 578 0095 9742     		.uleb128 0x2117
 579 0097 19       		.uleb128 0x19
 580 0098 01       		.uleb128 0x1
 581 0099 13       		.uleb128 0x13
 582 009a 00       		.byte	0
 583 009b 00       		.byte	0
 584 009c 0B       		.uleb128 0xb
 585 009d 05       		.uleb128 0x5
ARM GAS  C:\Users\PC\AppData\Local\Temp\cckhhDze.s 			page 17


 586 009e 00       		.byte	0
 587 009f 03       		.uleb128 0x3
 588 00a0 0E       		.uleb128 0xe
 589 00a1 3A       		.uleb128 0x3a
 590 00a2 0B       		.uleb128 0xb
 591 00a3 3B       		.uleb128 0x3b
 592 00a4 0B       		.uleb128 0xb
 593 00a5 49       		.uleb128 0x49
 594 00a6 13       		.uleb128 0x13
 595 00a7 02       		.uleb128 0x2
 596 00a8 18       		.uleb128 0x18
 597 00a9 00       		.byte	0
 598 00aa 00       		.byte	0
 599 00ab 0C       		.uleb128 0xc
 600 00ac 34       		.uleb128 0x34
 601 00ad 00       		.byte	0
 602 00ae 03       		.uleb128 0x3
 603 00af 0E       		.uleb128 0xe
 604 00b0 3A       		.uleb128 0x3a
 605 00b1 0B       		.uleb128 0xb
 606 00b2 3B       		.uleb128 0x3b
 607 00b3 0B       		.uleb128 0xb
 608 00b4 49       		.uleb128 0x49
 609 00b5 13       		.uleb128 0x13
 610 00b6 02       		.uleb128 0x2
 611 00b7 17       		.uleb128 0x17
 612 00b8 00       		.byte	0
 613 00b9 00       		.byte	0
 614 00ba 0D       		.uleb128 0xd
 615 00bb 2E       		.uleb128 0x2e
 616 00bc 01       		.byte	0x1
 617 00bd 3F       		.uleb128 0x3f
 618 00be 19       		.uleb128 0x19
 619 00bf 03       		.uleb128 0x3
 620 00c0 0E       		.uleb128 0xe
 621 00c1 3A       		.uleb128 0x3a
 622 00c2 0B       		.uleb128 0xb
 623 00c3 3B       		.uleb128 0x3b
 624 00c4 05       		.uleb128 0x5
 625 00c5 27       		.uleb128 0x27
 626 00c6 19       		.uleb128 0x19
 627 00c7 11       		.uleb128 0x11
 628 00c8 01       		.uleb128 0x1
 629 00c9 12       		.uleb128 0x12
 630 00ca 06       		.uleb128 0x6
 631 00cb 40       		.uleb128 0x40
 632 00cc 18       		.uleb128 0x18
 633 00cd 9742     		.uleb128 0x2117
 634 00cf 19       		.uleb128 0x19
 635 00d0 01       		.uleb128 0x1
 636 00d1 13       		.uleb128 0x13
 637 00d2 00       		.byte	0
 638 00d3 00       		.byte	0
 639 00d4 0E       		.uleb128 0xe
 640 00d5 898201   		.uleb128 0x4109
 641 00d8 00       		.byte	0
 642 00d9 11       		.uleb128 0x11
ARM GAS  C:\Users\PC\AppData\Local\Temp\cckhhDze.s 			page 18


 643 00da 01       		.uleb128 0x1
 644 00db 31       		.uleb128 0x31
 645 00dc 13       		.uleb128 0x13
 646 00dd 00       		.byte	0
 647 00de 00       		.byte	0
 648 00df 0F       		.uleb128 0xf
 649 00e0 2E       		.uleb128 0x2e
 650 00e1 00       		.byte	0
 651 00e2 3F       		.uleb128 0x3f
 652 00e3 19       		.uleb128 0x19
 653 00e4 3C       		.uleb128 0x3c
 654 00e5 19       		.uleb128 0x19
 655 00e6 6E       		.uleb128 0x6e
 656 00e7 0E       		.uleb128 0xe
 657 00e8 03       		.uleb128 0x3
 658 00e9 0E       		.uleb128 0xe
 659 00ea 3A       		.uleb128 0x3a
 660 00eb 0B       		.uleb128 0xb
 661 00ec 3B       		.uleb128 0x3b
 662 00ed 0B       		.uleb128 0xb
 663 00ee 00       		.byte	0
 664 00ef 00       		.byte	0
 665 00f0 00       		.byte	0
 666              		.section	.debug_loc,"",%progbits
 667              	.Ldebug_loc0:
 668              	.LLST0:
 669 0000 04000000 		.4byte	.LVL2
 670 0004 12000000 		.4byte	.LVL4
 671 0008 0100     		.2byte	0x1
 672 000a 53       		.byte	0x53
 673 000b 14000000 		.4byte	.LVL5
 674 000f 1A000000 		.4byte	.LVL6
 675 0013 0100     		.2byte	0x1
 676 0015 53       		.byte	0x53
 677 0016 1A000000 		.4byte	.LVL6
 678 001a 1C000000 		.4byte	.LVL7
 679 001e 0200     		.2byte	0x2
 680 0020 72       		.byte	0x72
 681 0021 00       		.sleb128 0
 682 0022 1C000000 		.4byte	.LVL7
 683 0026 38000000 		.4byte	.LFE6
 684 002a 0100     		.2byte	0x1
 685 002c 53       		.byte	0x53
 686 002d 00000000 		.4byte	0
 687 0031 00000000 		.4byte	0
 688              		.section	.debug_aranges,"",%progbits
 689 0000 34000000 		.4byte	0x34
 690 0004 0200     		.2byte	0x2
 691 0006 00000000 		.4byte	.Ldebug_info0
 692 000a 04       		.byte	0x4
 693 000b 00       		.byte	0
 694 000c 0000     		.2byte	0
 695 000e 0000     		.2byte	0
 696 0010 00000000 		.4byte	.LFB5
 697 0014 0C000000 		.4byte	.LFE5-.LFB5
 698 0018 00000000 		.4byte	.LFB4
 699 001c 64000000 		.4byte	.LFE4-.LFB4
ARM GAS  C:\Users\PC\AppData\Local\Temp\cckhhDze.s 			page 19


 700 0020 00000000 		.4byte	.LFB6
 701 0024 38000000 		.4byte	.LFE6-.LFB6
 702 0028 64000000 		.4byte	.LFB7
 703 002c 60000000 		.4byte	.LFE7-.LFB7
 704 0030 00000000 		.4byte	0
 705 0034 00000000 		.4byte	0
 706              		.section	.debug_ranges,"",%progbits
 707              	.Ldebug_ranges0:
 708 0000 00000000 		.4byte	.LFB5
 709 0004 0C000000 		.4byte	.LFE5
 710 0008 00000000 		.4byte	.LFB4
 711 000c 64000000 		.4byte	.LFE4
 712 0010 00000000 		.4byte	.LFB6
 713 0014 38000000 		.4byte	.LFE6
 714 0018 64000000 		.4byte	.LFB7
 715 001c C4000000 		.4byte	.LFE7
 716 0020 00000000 		.4byte	0
 717 0024 00000000 		.4byte	0
 718              		.section	.debug_line,"",%progbits
 719              	.Ldebug_line0:
 720 0000 B3000000 		.section	.debug_str,"MS",%progbits,1
 720      02005400 
 720      00000201 
 720      FB0E0D00 
 720      01010101 
 721              	.LASF1:
 722 0000 6C6F6E67 		.ascii	"long long int\000"
 722      206C6F6E 
 722      6720696E 
 722      7400
 723              	.LASF13:
 724 000e 75696E74 		.ascii	"uint32\000"
 724      333200
 725              	.LASF20:
 726 0015 47656E65 		.ascii	"Generated_Source\\PSoC4\\cyfitter_cfg.c\000"
 726      72617465 
 726      645F536F 
 726      75726365 
 726      5C50536F 
 727              	.LASF0:
 728 003b 756E7369 		.ascii	"unsigned int\000"
 728      676E6564 
 728      20696E74 
 728      00
 729              	.LASF21:
 730 0048 433A5C55 		.ascii	"C:\\Users\\PC\\Documents\\PSoC Creator\\yellowChip\\"
 730      73657273 
 730      5C50435C 
 730      446F6375 
 730      6D656E74 
 731 0076 4144432E 		.ascii	"ADC.cydsn\000"
 731      63796473 
 731      6E00
 732              	.LASF12:
 733 0080 75696E74 		.ascii	"uint8\000"
 733      3800
 734              	.LASF8:
ARM GAS  C:\Users\PC\AppData\Local\Temp\cckhhDze.s 			page 20


 735 0086 6C6F6E67 		.ascii	"long unsigned int\000"
 735      20756E73 
 735      69676E65 
 735      6420696E 
 735      7400
 736              	.LASF18:
 737 0098 63796669 		.ascii	"cyfitter_cfg\000"
 737      74746572 
 737      5F636667 
 737      00
 738              	.LASF9:
 739 00a5 6C6F6E67 		.ascii	"long long unsigned int\000"
 739      206C6F6E 
 739      6720756E 
 739      7369676E 
 739      65642069 
 740              	.LASF14:
 741 00bc 666C6F61 		.ascii	"float\000"
 741      7400
 742              	.LASF17:
 743 00c2 53657441 		.ascii	"SetAnalogRoutingPumps\000"
 743      6E616C6F 
 743      67526F75 
 743      74696E67 
 743      50756D70 
 744              	.LASF26:
 745 00d8 43795379 		.ascii	"CySysClkWriteImoFreq\000"
 745      73436C6B 
 745      57726974 
 745      65496D6F 
 745      46726571 
 746              	.LASF4:
 747 00ed 756E7369 		.ascii	"unsigned char\000"
 747      676E6564 
 747      20636861 
 747      7200
 748              	.LASF11:
 749 00fb 63686172 		.ascii	"char\000"
 749      00
 750              	.LASF7:
 751 0100 6C6F6E67 		.ascii	"long int\000"
 751      20696E74 
 751      00
 752              	.LASF22:
 753 0109 416E616C 		.ascii	"AnalogSetDefault\000"
 753      6F675365 
 753      74446566 
 753      61756C74 
 753      00
 754              	.LASF23:
 755 011a 436C6F63 		.ascii	"ClockSetup\000"
 755      6B536574 
 755      757000
 756              	.LASF15:
 757 0125 646F7562 		.ascii	"double\000"
 757      6C6500
 758              	.LASF16:
ARM GAS  C:\Users\PC\AppData\Local\Temp\cckhhDze.s 			page 21


 759 012c 72656733 		.ascii	"reg32\000"
 759      3200
 760              	.LASF6:
 761 0132 73686F72 		.ascii	"short unsigned int\000"
 761      7420756E 
 761      7369676E 
 761      65642069 
 761      6E7400
 762              	.LASF3:
 763 0145 7369676E 		.ascii	"signed char\000"
 763      65642063 
 763      68617200 
 764              	.LASF2:
 765 0151 6C6F6E67 		.ascii	"long double\000"
 765      20646F75 
 765      626C6500 
 766              	.LASF24:
 767 015d 656E6162 		.ascii	"enabled\000"
 767      6C656400 
 768              	.LASF25:
 769 0165 72656756 		.ascii	"regValue\000"
 769      616C7565 
 769      00
 770              	.LASF5:
 771 016e 73686F72 		.ascii	"short int\000"
 771      7420696E 
 771      7400
 772              	.LASF19:
 773 0178 474E5520 		.ascii	"GNU C11 5.4.1 20160609 (release) [ARM/embedded-5-br"
 773      43313120 
 773      352E342E 
 773      31203230 
 773      31363036 
 774 01ab 616E6368 		.ascii	"anch revision 237715] -mcpu=cortex-m0plus -mthumb -"
 774      20726576 
 774      6973696F 
 774      6E203233 
 774      37373135 
 775 01de 67202D4F 		.ascii	"g -Og -ffunction-sections -ffat-lto-objects\000"
 775      67202D66 
 775      66756E63 
 775      74696F6E 
 775      2D736563 
 776              	.LASF10:
 777 020a 73697A65 		.ascii	"sizetype\000"
 777      74797065 
 777      00
 778              		.ident	"GCC: (GNU Tools for ARM Embedded Processors) 5.4.1 20160609 (release) [ARM/embedded-5-bran
