ARM GAS  C:\Users\PC\AppData\Local\Temp\ccpZlEuk.s 			page 1


   1              		.syntax unified
   2              		.cpu cortex-m0plus
   3              		.fpu softvfp
   4              		.eabi_attribute 20, 1
   5              		.eabi_attribute 21, 1
   6              		.eabi_attribute 23, 3
   7              		.eabi_attribute 24, 1
   8              		.eabi_attribute 25, 1
   9              		.eabi_attribute 26, 1
  10              		.eabi_attribute 30, 4
  11              		.eabi_attribute 34, 0
  12              		.eabi_attribute 18, 4
  13              		.thumb
  14              		.syntax unified
  15              		.file	"cyfitter_cfg.c"
  16              		.text
  17              	.Ltext0:
  18              		.cfi_sections	.debug_frame
  19              		.section	.psocinit,"ax",%progbits
  20              		.align	1
  21              		.global	cyfitter_cfg
  22              		.code	16
  23              		.thumb_func
  24              		.type	cyfitter_cfg, %function
  25              	cyfitter_cfg:
  26              	.LFB6:
  27              		.file 1 "Generated_Source\\PSoC4\\cyfitter_cfg.c"
   1:Generated_Source\PSoC4/cyfitter_cfg.c **** 
   2:Generated_Source\PSoC4/cyfitter_cfg.c **** /*******************************************************************************
   3:Generated_Source\PSoC4/cyfitter_cfg.c **** * File Name: cyfitter_cfg.c
   4:Generated_Source\PSoC4/cyfitter_cfg.c **** * 
   5:Generated_Source\PSoC4/cyfitter_cfg.c **** * PSoC Creator  4.4
   6:Generated_Source\PSoC4/cyfitter_cfg.c **** *
   7:Generated_Source\PSoC4/cyfitter_cfg.c **** * Description:
   8:Generated_Source\PSoC4/cyfitter_cfg.c **** * This file contains device initialization code.
   9:Generated_Source\PSoC4/cyfitter_cfg.c **** * Except for the user defined sections in CyClockStartupError(), this file should not be modified.
  10:Generated_Source\PSoC4/cyfitter_cfg.c **** * This file is automatically generated by PSoC Creator.
  11:Generated_Source\PSoC4/cyfitter_cfg.c **** *
  12:Generated_Source\PSoC4/cyfitter_cfg.c **** ********************************************************************************
  13:Generated_Source\PSoC4/cyfitter_cfg.c **** * Copyright (c) 2007-2020 Cypress Semiconductor.  All rights reserved.
  14:Generated_Source\PSoC4/cyfitter_cfg.c **** * You may use this file only in accordance with the license, terms, conditions, 
  15:Generated_Source\PSoC4/cyfitter_cfg.c **** * disclaimers, and limitations in the end user license agreement accompanying 
  16:Generated_Source\PSoC4/cyfitter_cfg.c **** * the software package with which this file was provided.
  17:Generated_Source\PSoC4/cyfitter_cfg.c **** ********************************************************************************/
  18:Generated_Source\PSoC4/cyfitter_cfg.c **** 
  19:Generated_Source\PSoC4/cyfitter_cfg.c **** #include <string.h>
  20:Generated_Source\PSoC4/cyfitter_cfg.c **** #include "cytypes.h"
  21:Generated_Source\PSoC4/cyfitter_cfg.c **** #include "cydevice_trm.h"
  22:Generated_Source\PSoC4/cyfitter_cfg.c **** #include "cyfitter.h"
  23:Generated_Source\PSoC4/cyfitter_cfg.c **** #include "CyLib.h"
  24:Generated_Source\PSoC4/cyfitter_cfg.c **** #include "cyfitter_cfg.h"
  25:Generated_Source\PSoC4/cyfitter_cfg.c **** #include "cyapicallbacks.h"
  26:Generated_Source\PSoC4/cyfitter_cfg.c **** 
  27:Generated_Source\PSoC4/cyfitter_cfg.c **** 
  28:Generated_Source\PSoC4/cyfitter_cfg.c **** #if defined(__GNUC__) || defined(__ARMCC_VERSION)
  29:Generated_Source\PSoC4/cyfitter_cfg.c ****     #define CYPACKED 
  30:Generated_Source\PSoC4/cyfitter_cfg.c ****     #define CYPACKED_ATTR __attribute__ ((packed))
ARM GAS  C:\Users\PC\AppData\Local\Temp\ccpZlEuk.s 			page 2


  31:Generated_Source\PSoC4/cyfitter_cfg.c ****     #define CYALIGNED __attribute__ ((aligned))
  32:Generated_Source\PSoC4/cyfitter_cfg.c ****     #define CY_CFG_UNUSED __attribute__ ((unused))
  33:Generated_Source\PSoC4/cyfitter_cfg.c ****     #ifndef CY_CFG_SECTION
  34:Generated_Source\PSoC4/cyfitter_cfg.c ****         #define CY_CFG_SECTION __attribute__ ((section(".psocinit")))
  35:Generated_Source\PSoC4/cyfitter_cfg.c ****     #endif
  36:Generated_Source\PSoC4/cyfitter_cfg.c ****     
  37:Generated_Source\PSoC4/cyfitter_cfg.c ****     #if defined(__ARMCC_VERSION)
  38:Generated_Source\PSoC4/cyfitter_cfg.c ****         #define CY_CFG_MEMORY_BARRIER() __memory_changed()
  39:Generated_Source\PSoC4/cyfitter_cfg.c ****     #else
  40:Generated_Source\PSoC4/cyfitter_cfg.c ****         #define CY_CFG_MEMORY_BARRIER() __sync_synchronize()
  41:Generated_Source\PSoC4/cyfitter_cfg.c ****     #endif
  42:Generated_Source\PSoC4/cyfitter_cfg.c ****     
  43:Generated_Source\PSoC4/cyfitter_cfg.c **** #elif defined(__ICCARM__)
  44:Generated_Source\PSoC4/cyfitter_cfg.c ****     #include <intrinsics.h>
  45:Generated_Source\PSoC4/cyfitter_cfg.c **** 
  46:Generated_Source\PSoC4/cyfitter_cfg.c ****     #define CYPACKED __packed
  47:Generated_Source\PSoC4/cyfitter_cfg.c ****     #define CYPACKED_ATTR 
  48:Generated_Source\PSoC4/cyfitter_cfg.c ****     #define CYALIGNED _Pragma("data_alignment=4")
  49:Generated_Source\PSoC4/cyfitter_cfg.c ****     #define CY_CFG_UNUSED _Pragma("diag_suppress=Pe177")
  50:Generated_Source\PSoC4/cyfitter_cfg.c ****     #define CY_CFG_SECTION _Pragma("location=\".psocinit\"")
  51:Generated_Source\PSoC4/cyfitter_cfg.c ****     
  52:Generated_Source\PSoC4/cyfitter_cfg.c ****     #define CY_CFG_MEMORY_BARRIER() __DMB()
  53:Generated_Source\PSoC4/cyfitter_cfg.c ****     
  54:Generated_Source\PSoC4/cyfitter_cfg.c **** #else
  55:Generated_Source\PSoC4/cyfitter_cfg.c ****     #error Unsupported toolchain
  56:Generated_Source\PSoC4/cyfitter_cfg.c **** #endif
  57:Generated_Source\PSoC4/cyfitter_cfg.c **** 
  58:Generated_Source\PSoC4/cyfitter_cfg.c **** #ifndef CYCODE
  59:Generated_Source\PSoC4/cyfitter_cfg.c ****     #define CYCODE
  60:Generated_Source\PSoC4/cyfitter_cfg.c **** #endif
  61:Generated_Source\PSoC4/cyfitter_cfg.c **** #ifndef CYDATA
  62:Generated_Source\PSoC4/cyfitter_cfg.c ****     #define CYDATA
  63:Generated_Source\PSoC4/cyfitter_cfg.c **** #endif
  64:Generated_Source\PSoC4/cyfitter_cfg.c **** #ifndef CYFAR
  65:Generated_Source\PSoC4/cyfitter_cfg.c ****     #define CYFAR
  66:Generated_Source\PSoC4/cyfitter_cfg.c **** #endif
  67:Generated_Source\PSoC4/cyfitter_cfg.c **** #ifndef CYXDATA
  68:Generated_Source\PSoC4/cyfitter_cfg.c ****     #define CYXDATA
  69:Generated_Source\PSoC4/cyfitter_cfg.c **** #endif
  70:Generated_Source\PSoC4/cyfitter_cfg.c **** 
  71:Generated_Source\PSoC4/cyfitter_cfg.c **** 
  72:Generated_Source\PSoC4/cyfitter_cfg.c **** CY_CFG_UNUSED
  73:Generated_Source\PSoC4/cyfitter_cfg.c **** static void CYMEMZERO(void *s, size_t n);
  74:Generated_Source\PSoC4/cyfitter_cfg.c **** CY_CFG_UNUSED
  75:Generated_Source\PSoC4/cyfitter_cfg.c **** static void CYMEMZERO(void *s, size_t n)
  76:Generated_Source\PSoC4/cyfitter_cfg.c **** {
  77:Generated_Source\PSoC4/cyfitter_cfg.c **** 	(void)memset(s, 0, n);
  78:Generated_Source\PSoC4/cyfitter_cfg.c **** }
  79:Generated_Source\PSoC4/cyfitter_cfg.c **** CY_CFG_UNUSED
  80:Generated_Source\PSoC4/cyfitter_cfg.c **** static void CYCONFIGCPY(void *dest, const void *src, size_t n);
  81:Generated_Source\PSoC4/cyfitter_cfg.c **** CY_CFG_UNUSED
  82:Generated_Source\PSoC4/cyfitter_cfg.c **** static void CYCONFIGCPY(void *dest, const void *src, size_t n)
  83:Generated_Source\PSoC4/cyfitter_cfg.c **** {
  84:Generated_Source\PSoC4/cyfitter_cfg.c **** 	(void)memcpy(dest, src, n);
  85:Generated_Source\PSoC4/cyfitter_cfg.c **** }
  86:Generated_Source\PSoC4/cyfitter_cfg.c **** CY_CFG_UNUSED
  87:Generated_Source\PSoC4/cyfitter_cfg.c **** static void CYCONFIGCPYCODE(void *dest, const void *src, size_t n);
ARM GAS  C:\Users\PC\AppData\Local\Temp\ccpZlEuk.s 			page 3


  88:Generated_Source\PSoC4/cyfitter_cfg.c **** CY_CFG_UNUSED
  89:Generated_Source\PSoC4/cyfitter_cfg.c **** static void CYCONFIGCPYCODE(void *dest, const void *src, size_t n)
  90:Generated_Source\PSoC4/cyfitter_cfg.c **** {
  91:Generated_Source\PSoC4/cyfitter_cfg.c **** 	(void)memcpy(dest, src, n);
  92:Generated_Source\PSoC4/cyfitter_cfg.c **** }
  93:Generated_Source\PSoC4/cyfitter_cfg.c **** 
  94:Generated_Source\PSoC4/cyfitter_cfg.c **** 
  95:Generated_Source\PSoC4/cyfitter_cfg.c **** 
  96:Generated_Source\PSoC4/cyfitter_cfg.c **** 
  97:Generated_Source\PSoC4/cyfitter_cfg.c **** /* Clock startup error codes                                                   */
  98:Generated_Source\PSoC4/cyfitter_cfg.c **** #define CYCLOCKSTART_NO_ERROR    0u
  99:Generated_Source\PSoC4/cyfitter_cfg.c **** #define CYCLOCKSTART_XTAL_ERROR  1u
 100:Generated_Source\PSoC4/cyfitter_cfg.c **** #define CYCLOCKSTART_32KHZ_ERROR 2u
 101:Generated_Source\PSoC4/cyfitter_cfg.c **** #define CYCLOCKSTART_PLL_ERROR   3u
 102:Generated_Source\PSoC4/cyfitter_cfg.c **** #define CYCLOCKSTART_FLL_ERROR   4u
 103:Generated_Source\PSoC4/cyfitter_cfg.c **** #define CYCLOCKSTART_WCO_ERROR   5u
 104:Generated_Source\PSoC4/cyfitter_cfg.c **** 
 105:Generated_Source\PSoC4/cyfitter_cfg.c **** 
 106:Generated_Source\PSoC4/cyfitter_cfg.c **** #ifdef CY_NEED_CYCLOCKSTARTUPERROR
 107:Generated_Source\PSoC4/cyfitter_cfg.c **** /*******************************************************************************
 108:Generated_Source\PSoC4/cyfitter_cfg.c **** * Function Name: CyClockStartupError
 109:Generated_Source\PSoC4/cyfitter_cfg.c **** ********************************************************************************
 110:Generated_Source\PSoC4/cyfitter_cfg.c **** * Summary:
 111:Generated_Source\PSoC4/cyfitter_cfg.c **** *  If an error is encountered during clock configuration (crystal startup error,
 112:Generated_Source\PSoC4/cyfitter_cfg.c **** *  PLL lock error, etc.), the system will end up here.  Unless reimplemented by
 113:Generated_Source\PSoC4/cyfitter_cfg.c **** *  the customer, this function will stop in an infinite loop.
 114:Generated_Source\PSoC4/cyfitter_cfg.c **** *
 115:Generated_Source\PSoC4/cyfitter_cfg.c **** * Parameters:
 116:Generated_Source\PSoC4/cyfitter_cfg.c **** *   void
 117:Generated_Source\PSoC4/cyfitter_cfg.c **** *
 118:Generated_Source\PSoC4/cyfitter_cfg.c **** * Return:
 119:Generated_Source\PSoC4/cyfitter_cfg.c **** *   void
 120:Generated_Source\PSoC4/cyfitter_cfg.c **** *
 121:Generated_Source\PSoC4/cyfitter_cfg.c **** *******************************************************************************/
 122:Generated_Source\PSoC4/cyfitter_cfg.c **** CY_CFG_UNUSED
 123:Generated_Source\PSoC4/cyfitter_cfg.c **** static void CyClockStartupError(uint8 errorCode);
 124:Generated_Source\PSoC4/cyfitter_cfg.c **** CY_CFG_UNUSED
 125:Generated_Source\PSoC4/cyfitter_cfg.c **** static void CyClockStartupError(uint8 errorCode)
 126:Generated_Source\PSoC4/cyfitter_cfg.c **** {
 127:Generated_Source\PSoC4/cyfitter_cfg.c ****     /* To remove the compiler warning if errorCode not used.                */
 128:Generated_Source\PSoC4/cyfitter_cfg.c ****     errorCode = errorCode;
 129:Generated_Source\PSoC4/cyfitter_cfg.c **** 
 130:Generated_Source\PSoC4/cyfitter_cfg.c ****     /* If we have a clock startup error (bad MHz crystal, PLL lock, etc.),  */
 131:Generated_Source\PSoC4/cyfitter_cfg.c ****     /* we will end up here to allow the customer to implement something to  */
 132:Generated_Source\PSoC4/cyfitter_cfg.c ****     /* deal with the clock condition.                                       */
 133:Generated_Source\PSoC4/cyfitter_cfg.c **** 
 134:Generated_Source\PSoC4/cyfitter_cfg.c **** #ifdef CY_CFG_CLOCK_STARTUP_ERROR_CALLBACK
 135:Generated_Source\PSoC4/cyfitter_cfg.c ****     CY_CFG_Clock_Startup_ErrorCallback();
 136:Generated_Source\PSoC4/cyfitter_cfg.c **** #else
 137:Generated_Source\PSoC4/cyfitter_cfg.c ****     /*  If not using CY_CFG_CLOCK_STARTUP_ERROR_CALLBACK, place your clock startup code here. */
 138:Generated_Source\PSoC4/cyfitter_cfg.c ****     /* `#START CyClockStartupError` */
 139:Generated_Source\PSoC4/cyfitter_cfg.c **** 
 140:Generated_Source\PSoC4/cyfitter_cfg.c **** 
 141:Generated_Source\PSoC4/cyfitter_cfg.c **** 
 142:Generated_Source\PSoC4/cyfitter_cfg.c ****     /* `#END` */
 143:Generated_Source\PSoC4/cyfitter_cfg.c **** 
 144:Generated_Source\PSoC4/cyfitter_cfg.c ****     while(1) {}
ARM GAS  C:\Users\PC\AppData\Local\Temp\ccpZlEuk.s 			page 4


 145:Generated_Source\PSoC4/cyfitter_cfg.c **** #endif /* CY_CFG_CLOCK_STARTUP_ERROR_CALLBACK */
 146:Generated_Source\PSoC4/cyfitter_cfg.c **** }
 147:Generated_Source\PSoC4/cyfitter_cfg.c **** #endif
 148:Generated_Source\PSoC4/cyfitter_cfg.c **** 
 149:Generated_Source\PSoC4/cyfitter_cfg.c **** 
 150:Generated_Source\PSoC4/cyfitter_cfg.c **** 
 151:Generated_Source\PSoC4/cyfitter_cfg.c **** /*******************************************************************************
 152:Generated_Source\PSoC4/cyfitter_cfg.c **** * Function Name: ClockSetup
 153:Generated_Source\PSoC4/cyfitter_cfg.c **** ********************************************************************************
 154:Generated_Source\PSoC4/cyfitter_cfg.c **** *
 155:Generated_Source\PSoC4/cyfitter_cfg.c **** * Summary:
 156:Generated_Source\PSoC4/cyfitter_cfg.c **** *   Performs the initialization of all of the clocks in the device based on the
 157:Generated_Source\PSoC4/cyfitter_cfg.c **** *   settings in the Clock tab of the DWR.  This includes enabling the requested
 158:Generated_Source\PSoC4/cyfitter_cfg.c **** *   clocks and setting the necessary dividers to produce the desired frequency. 
 159:Generated_Source\PSoC4/cyfitter_cfg.c **** *
 160:Generated_Source\PSoC4/cyfitter_cfg.c **** * Parameters:
 161:Generated_Source\PSoC4/cyfitter_cfg.c **** *   void
 162:Generated_Source\PSoC4/cyfitter_cfg.c **** *
 163:Generated_Source\PSoC4/cyfitter_cfg.c **** * Return:
 164:Generated_Source\PSoC4/cyfitter_cfg.c **** *   void
 165:Generated_Source\PSoC4/cyfitter_cfg.c **** *
 166:Generated_Source\PSoC4/cyfitter_cfg.c **** *******************************************************************************/
 167:Generated_Source\PSoC4/cyfitter_cfg.c **** static void ClockSetup(void);
 168:Generated_Source\PSoC4/cyfitter_cfg.c **** CY_CFG_SECTION
 169:Generated_Source\PSoC4/cyfitter_cfg.c **** static void ClockSetup(void)
 170:Generated_Source\PSoC4/cyfitter_cfg.c **** {
 171:Generated_Source\PSoC4/cyfitter_cfg.c **** 
 172:Generated_Source\PSoC4/cyfitter_cfg.c **** 	/* Set Flash Cycles based on max possible frequency in case a glitch occurs during ClockSetup(). *
 173:Generated_Source\PSoC4/cyfitter_cfg.c **** 	CY_SET_REG32((void CYXDATA *)(CYREG_CPUSS_FLASH_CTL), (0x0012u));
 174:Generated_Source\PSoC4/cyfitter_cfg.c **** 	/* Update IMO to new clock speed. */
 175:Generated_Source\PSoC4/cyfitter_cfg.c **** 	CySysClkWriteImoFreq(24u);
 176:Generated_Source\PSoC4/cyfitter_cfg.c **** 
 177:Generated_Source\PSoC4/cyfitter_cfg.c **** 	/* Setup phase aligned clocks */
 178:Generated_Source\PSoC4/cyfitter_cfg.c **** 	CY_SET_REG32((void *)CYREG_PERI_DIV_16_CTL0, 0x00000100u);
 179:Generated_Source\PSoC4/cyfitter_cfg.c **** 	CY_SET_REG32((void *)CYREG_PERI_DIV_CMD, 0x8000FF40u);
 180:Generated_Source\PSoC4/cyfitter_cfg.c **** 	CY_SET_REG32((void *)CYREG_PERI_DIV_16_CTL1, 0x00001000u);
 181:Generated_Source\PSoC4/cyfitter_cfg.c **** 	CY_SET_REG32((void *)CYREG_PERI_DIV_CMD, 0x8000FF41u);
 182:Generated_Source\PSoC4/cyfitter_cfg.c **** 
 183:Generated_Source\PSoC4/cyfitter_cfg.c **** 	/* CYDEV_CLK_SELECT Starting address: CYDEV_CLK_SELECT */
 184:Generated_Source\PSoC4/cyfitter_cfg.c **** 	CY_SET_REG32((void *)(CYREG_CLK_SELECT), 0x00000000u);
 185:Generated_Source\PSoC4/cyfitter_cfg.c **** 
 186:Generated_Source\PSoC4/cyfitter_cfg.c **** 	/* CYDEV_PERI_PCLK_CTL7 Starting address: CYDEV_PERI_PCLK_CTL7 */
 187:Generated_Source\PSoC4/cyfitter_cfg.c **** 	CY_SET_REG32((void *)(CYREG_PERI_PCLK_CTL7), 0x00000040u);
 188:Generated_Source\PSoC4/cyfitter_cfg.c **** 
 189:Generated_Source\PSoC4/cyfitter_cfg.c **** 	/* CYDEV_PERI_PCLK_CTL0 Starting address: CYDEV_PERI_PCLK_CTL0 */
 190:Generated_Source\PSoC4/cyfitter_cfg.c **** 	CY_SET_REG32((void *)(CYREG_PERI_PCLK_CTL0), 0x00000041u);
 191:Generated_Source\PSoC4/cyfitter_cfg.c **** 
 192:Generated_Source\PSoC4/cyfitter_cfg.c **** 	/* Set Flash Cycles based on newly configured 24.00MHz HFCLK. */
 193:Generated_Source\PSoC4/cyfitter_cfg.c **** 	CY_SET_REG32((void CYXDATA *)(CYREG_CPUSS_FLASH_CTL), (0x0011u));
 194:Generated_Source\PSoC4/cyfitter_cfg.c **** }
 195:Generated_Source\PSoC4/cyfitter_cfg.c **** 
 196:Generated_Source\PSoC4/cyfitter_cfg.c **** 
 197:Generated_Source\PSoC4/cyfitter_cfg.c **** /* Analog API Functions */
 198:Generated_Source\PSoC4/cyfitter_cfg.c **** 
 199:Generated_Source\PSoC4/cyfitter_cfg.c **** 
 200:Generated_Source\PSoC4/cyfitter_cfg.c **** /*******************************************************************************
 201:Generated_Source\PSoC4/cyfitter_cfg.c **** * Function Name: AnalogSetDefault
ARM GAS  C:\Users\PC\AppData\Local\Temp\ccpZlEuk.s 			page 5


 202:Generated_Source\PSoC4/cyfitter_cfg.c **** ********************************************************************************
 203:Generated_Source\PSoC4/cyfitter_cfg.c **** *
 204:Generated_Source\PSoC4/cyfitter_cfg.c **** * Summary:
 205:Generated_Source\PSoC4/cyfitter_cfg.c **** *  Sets up the analog portions of the chip to default values based on chip
 206:Generated_Source\PSoC4/cyfitter_cfg.c **** *  configuration options from the project.
 207:Generated_Source\PSoC4/cyfitter_cfg.c **** *
 208:Generated_Source\PSoC4/cyfitter_cfg.c **** * Parameters:
 209:Generated_Source\PSoC4/cyfitter_cfg.c **** *  void
 210:Generated_Source\PSoC4/cyfitter_cfg.c **** *
 211:Generated_Source\PSoC4/cyfitter_cfg.c **** * Return:
 212:Generated_Source\PSoC4/cyfitter_cfg.c **** *  void
 213:Generated_Source\PSoC4/cyfitter_cfg.c **** *
 214:Generated_Source\PSoC4/cyfitter_cfg.c **** *******************************************************************************/
 215:Generated_Source\PSoC4/cyfitter_cfg.c **** static void AnalogSetDefault(void);
 216:Generated_Source\PSoC4/cyfitter_cfg.c **** static void AnalogSetDefault(void)
 217:Generated_Source\PSoC4/cyfitter_cfg.c **** {
 218:Generated_Source\PSoC4/cyfitter_cfg.c **** }
 219:Generated_Source\PSoC4/cyfitter_cfg.c **** 
 220:Generated_Source\PSoC4/cyfitter_cfg.c **** 
 221:Generated_Source\PSoC4/cyfitter_cfg.c **** 
 222:Generated_Source\PSoC4/cyfitter_cfg.c **** 
 223:Generated_Source\PSoC4/cyfitter_cfg.c **** /*******************************************************************************
 224:Generated_Source\PSoC4/cyfitter_cfg.c **** * Function Name: cyfitter_cfg
 225:Generated_Source\PSoC4/cyfitter_cfg.c **** ********************************************************************************
 226:Generated_Source\PSoC4/cyfitter_cfg.c **** * Summary:
 227:Generated_Source\PSoC4/cyfitter_cfg.c **** *  This function is called by the start-up code for the selected device. It
 228:Generated_Source\PSoC4/cyfitter_cfg.c **** *  performs all of the necessary device configuration based on the design
 229:Generated_Source\PSoC4/cyfitter_cfg.c **** *  settings.  This includes settings from the Design Wide Resources (DWR) such
 230:Generated_Source\PSoC4/cyfitter_cfg.c **** *  as Clocks and Pins as well as any component configuration that is necessary.
 231:Generated_Source\PSoC4/cyfitter_cfg.c **** *
 232:Generated_Source\PSoC4/cyfitter_cfg.c **** * Parameters:
 233:Generated_Source\PSoC4/cyfitter_cfg.c **** *   void
 234:Generated_Source\PSoC4/cyfitter_cfg.c **** *
 235:Generated_Source\PSoC4/cyfitter_cfg.c **** * Return:
 236:Generated_Source\PSoC4/cyfitter_cfg.c **** *   void
 237:Generated_Source\PSoC4/cyfitter_cfg.c **** *
 238:Generated_Source\PSoC4/cyfitter_cfg.c **** *******************************************************************************/
 239:Generated_Source\PSoC4/cyfitter_cfg.c **** CY_CFG_SECTION
 240:Generated_Source\PSoC4/cyfitter_cfg.c **** void cyfitter_cfg(void)
 241:Generated_Source\PSoC4/cyfitter_cfg.c **** {
  28              		.loc 1 241 0
  29              		.cfi_startproc
  30              		@ args = 0, pretend = 0, frame = 0
  31              		@ frame_needed = 0, uses_anonymous_args = 0
  32 0000 10B5     		push	{r4, lr}
  33              		.cfi_def_cfa_offset 8
  34              		.cfi_offset 4, -8
  35              		.cfi_offset 14, -4
 242:Generated_Source\PSoC4/cyfitter_cfg.c **** 	/* Disable interrupts by default. Let user enable if/when they want. */
 243:Generated_Source\PSoC4/cyfitter_cfg.c **** 	CyGlobalIntDisable;
  36              		.loc 1 243 0
  37              		.syntax divided
  38              	@ 243 "Generated_Source\PSoC4\cyfitter_cfg.c" 1
  39 0002 72B6     		CPSID   i
  40              	@ 0 "" 2
 244:Generated_Source\PSoC4/cyfitter_cfg.c **** 
 245:Generated_Source\PSoC4/cyfitter_cfg.c **** 	{
ARM GAS  C:\Users\PC\AppData\Local\Temp\ccpZlEuk.s 			page 6


 246:Generated_Source\PSoC4/cyfitter_cfg.c **** 		/* HSIOM Starting address: CYDEV_HSIOM_BASE */
 247:Generated_Source\PSoC4/cyfitter_cfg.c **** 		CY_SET_REG32((void *)(CYREG_HSIOM_PORT_SEL2), 0x00000008u);
  41              		.loc 1 247 0
  42              		.thumb
  43              		.syntax unified
  44 0004 0822     		movs	r2, #8
  45 0006 1D4B     		ldr	r3, .L2
 248:Generated_Source\PSoC4/cyfitter_cfg.c **** 		CY_SET_REG32((void *)(CYREG_HSIOM_PORT_SEL3), 0x0000EE00u);
 249:Generated_Source\PSoC4/cyfitter_cfg.c **** 		CY_SET_REG32((void *)(CYREG_HSIOM_PORT_SEL4), 0x00000099u);
 250:Generated_Source\PSoC4/cyfitter_cfg.c **** 
 251:Generated_Source\PSoC4/cyfitter_cfg.c **** 	}
 252:Generated_Source\PSoC4/cyfitter_cfg.c **** 
 253:Generated_Source\PSoC4/cyfitter_cfg.c **** 	/* Perform second pass device configuration. These items must be configured in specific order afte
 254:Generated_Source\PSoC4/cyfitter_cfg.c **** 	/* IOPINS0_2 Starting address: CYDEV_GPIO_PRT2_BASE */
 255:Generated_Source\PSoC4/cyfitter_cfg.c **** 	CY_SET_REG32((void *)(CYDEV_GPIO_PRT2_BASE), 0x00000001u);
 256:Generated_Source\PSoC4/cyfitter_cfg.c **** 	CY_SET_REG32((void *)(CYREG_GPIO_PRT2_PC), 0x00000006u);
 257:Generated_Source\PSoC4/cyfitter_cfg.c **** 
 258:Generated_Source\PSoC4/cyfitter_cfg.c **** 	/* IOPINS0_3 Starting address: CYDEV_GPIO_PRT3_BASE */
 259:Generated_Source\PSoC4/cyfitter_cfg.c **** 	CY_SET_REG32((void *)(CYREG_GPIO_PRT3_PC), 0x00000D80u);
 260:Generated_Source\PSoC4/cyfitter_cfg.c **** 
 261:Generated_Source\PSoC4/cyfitter_cfg.c **** 	/* IOPINS0_4 Starting address: CYDEV_GPIO_PRT4_BASE */
 262:Generated_Source\PSoC4/cyfitter_cfg.c **** 	CY_SET_REG32((void *)(CYDEV_GPIO_PRT4_BASE), 0x00000002u);
 263:Generated_Source\PSoC4/cyfitter_cfg.c **** 	CY_SET_REG32((void *)(CYREG_GPIO_PRT4_PC), 0x00000031u);
  46              		.loc 1 263 0
  47 0008 3121     		movs	r1, #49
 247:Generated_Source\PSoC4/cyfitter_cfg.c **** 		CY_SET_REG32((void *)(CYREG_HSIOM_PORT_SEL3), 0x0000EE00u);
  48              		.loc 1 247 0
  49 000a 1A60     		str	r2, [r3]
 248:Generated_Source\PSoC4/cyfitter_cfg.c **** 		CY_SET_REG32((void *)(CYREG_HSIOM_PORT_SEL3), 0x0000EE00u);
  50              		.loc 1 248 0
  51 000c EE22     		movs	r2, #238
  52 000e 1C4B     		ldr	r3, .L2+4
  53 0010 1202     		lsls	r2, r2, #8
  54 0012 1A60     		str	r2, [r3]
 249:Generated_Source\PSoC4/cyfitter_cfg.c **** 
  55              		.loc 1 249 0
  56 0014 9922     		movs	r2, #153
  57 0016 1B4B     		ldr	r3, .L2+8
  58              	.LBB6:
  59              	.LBB7:
 173:Generated_Source\PSoC4/cyfitter_cfg.c **** 	/* Update IMO to new clock speed. */
  60              		.loc 1 173 0
  61 0018 1B4C     		ldr	r4, .L2+12
  62              	.LBE7:
  63              	.LBE6:
 249:Generated_Source\PSoC4/cyfitter_cfg.c **** 
  64              		.loc 1 249 0
  65 001a 1A60     		str	r2, [r3]
 255:Generated_Source\PSoC4/cyfitter_cfg.c **** 	CY_SET_REG32((void *)(CYREG_GPIO_PRT2_PC), 0x00000006u);
  66              		.loc 1 255 0
  67 001c 1B4B     		ldr	r3, .L2+16
  68 001e 983A     		subs	r2, r2, #152
  69 0020 1A60     		str	r2, [r3]
 256:Generated_Source\PSoC4/cyfitter_cfg.c **** 
  70              		.loc 1 256 0
  71 0022 1B4B     		ldr	r3, .L2+20
  72 0024 0532     		adds	r2, r2, #5
ARM GAS  C:\Users\PC\AppData\Local\Temp\ccpZlEuk.s 			page 7


  73 0026 1A60     		str	r2, [r3]
 259:Generated_Source\PSoC4/cyfitter_cfg.c **** 
  74              		.loc 1 259 0
  75 0028 D822     		movs	r2, #216
  76 002a 1A4B     		ldr	r3, .L2+24
  77 002c 1201     		lsls	r2, r2, #4
  78 002e 1A60     		str	r2, [r3]
 262:Generated_Source\PSoC4/cyfitter_cfg.c **** 	CY_SET_REG32((void *)(CYREG_GPIO_PRT4_PC), 0x00000031u);
  79              		.loc 1 262 0
  80 0030 0223     		movs	r3, #2
  81 0032 194A     		ldr	r2, .L2+28
  82              	.LBB10:
  83              	.LBB8:
 175:Generated_Source\PSoC4/cyfitter_cfg.c **** 
  84              		.loc 1 175 0
  85 0034 1820     		movs	r0, #24
  86              	.LBE8:
  87              	.LBE10:
 262:Generated_Source\PSoC4/cyfitter_cfg.c **** 	CY_SET_REG32((void *)(CYREG_GPIO_PRT4_PC), 0x00000031u);
  88              		.loc 1 262 0
  89 0036 1360     		str	r3, [r2]
  90              		.loc 1 263 0
  91 0038 184A     		ldr	r2, .L2+32
 264:Generated_Source\PSoC4/cyfitter_cfg.c **** 	CY_SET_REG32((void *)(CYREG_GPIO_PRT4_PC2), 0x00000002u);
 265:Generated_Source\PSoC4/cyfitter_cfg.c **** 
 266:Generated_Source\PSoC4/cyfitter_cfg.c **** 
 267:Generated_Source\PSoC4/cyfitter_cfg.c **** 	/* Setup clocks based on selections from Clock DWR */
 268:Generated_Source\PSoC4/cyfitter_cfg.c **** 	ClockSetup();
 269:Generated_Source\PSoC4/cyfitter_cfg.c **** 
 270:Generated_Source\PSoC4/cyfitter_cfg.c **** 	/* Perform basic analog initialization to defaults */
 271:Generated_Source\PSoC4/cyfitter_cfg.c **** 	AnalogSetDefault();
 272:Generated_Source\PSoC4/cyfitter_cfg.c **** 
 273:Generated_Source\PSoC4/cyfitter_cfg.c **** }
  92              		.loc 1 273 0
  93              		@ sp needed
 263:Generated_Source\PSoC4/cyfitter_cfg.c **** 	CY_SET_REG32((void *)(CYREG_GPIO_PRT4_PC2), 0x00000002u);
  94              		.loc 1 263 0
  95 003a 1160     		str	r1, [r2]
 264:Generated_Source\PSoC4/cyfitter_cfg.c **** 	CY_SET_REG32((void *)(CYREG_GPIO_PRT4_PC2), 0x00000002u);
  96              		.loc 1 264 0
  97 003c 184A     		ldr	r2, .L2+36
  98 003e 1360     		str	r3, [r2]
  99              	.LBB11:
 100              	.LBB9:
 173:Generated_Source\PSoC4/cyfitter_cfg.c **** 	/* Update IMO to new clock speed. */
 101              		.loc 1 173 0
 102 0040 1033     		adds	r3, r3, #16
 103 0042 2360     		str	r3, [r4]
 175:Generated_Source\PSoC4/cyfitter_cfg.c **** 
 104              		.loc 1 175 0
 105 0044 FFF7FEFF 		bl	CySysClkWriteImoFreq
 106              	.LVL0:
 178:Generated_Source\PSoC4/cyfitter_cfg.c **** 	CY_SET_REG32((void *)CYREG_PERI_DIV_CMD, 0x8000FF40u);
 107              		.loc 1 178 0
 108 0048 8022     		movs	r2, #128
 180:Generated_Source\PSoC4/cyfitter_cfg.c **** 	CY_SET_REG32((void *)CYREG_PERI_DIV_CMD, 0x8000FF41u);
 109              		.loc 1 180 0
ARM GAS  C:\Users\PC\AppData\Local\Temp\ccpZlEuk.s 			page 8


 110 004a 8021     		movs	r1, #128
 178:Generated_Source\PSoC4/cyfitter_cfg.c **** 	CY_SET_REG32((void *)CYREG_PERI_DIV_CMD, 0x8000FF40u);
 111              		.loc 1 178 0
 112 004c 154B     		ldr	r3, .L2+40
 113 004e 5200     		lsls	r2, r2, #1
 114 0050 1A60     		str	r2, [r3]
 179:Generated_Source\PSoC4/cyfitter_cfg.c **** 	CY_SET_REG32((void *)CYREG_PERI_DIV_16_CTL1, 0x00001000u);
 115              		.loc 1 179 0
 116 0052 154B     		ldr	r3, .L2+44
 117 0054 154A     		ldr	r2, .L2+48
 180:Generated_Source\PSoC4/cyfitter_cfg.c **** 	CY_SET_REG32((void *)CYREG_PERI_DIV_CMD, 0x8000FF41u);
 118              		.loc 1 180 0
 119 0056 4901     		lsls	r1, r1, #5
 179:Generated_Source\PSoC4/cyfitter_cfg.c **** 	CY_SET_REG32((void *)CYREG_PERI_DIV_16_CTL1, 0x00001000u);
 120              		.loc 1 179 0
 121 0058 1A60     		str	r2, [r3]
 180:Generated_Source\PSoC4/cyfitter_cfg.c **** 	CY_SET_REG32((void *)CYREG_PERI_DIV_CMD, 0x8000FF41u);
 122              		.loc 1 180 0
 123 005a 154A     		ldr	r2, .L2+52
 124 005c 1160     		str	r1, [r2]
 181:Generated_Source\PSoC4/cyfitter_cfg.c **** 
 125              		.loc 1 181 0
 126 005e 154A     		ldr	r2, .L2+56
 127 0060 1A60     		str	r2, [r3]
 184:Generated_Source\PSoC4/cyfitter_cfg.c **** 
 128              		.loc 1 184 0
 129 0062 0022     		movs	r2, #0
 130 0064 144B     		ldr	r3, .L2+60
 131 0066 1A60     		str	r2, [r3]
 187:Generated_Source\PSoC4/cyfitter_cfg.c **** 
 132              		.loc 1 187 0
 133 0068 144B     		ldr	r3, .L2+64
 134 006a 4032     		adds	r2, r2, #64
 135 006c 1A60     		str	r2, [r3]
 190:Generated_Source\PSoC4/cyfitter_cfg.c **** 
 136              		.loc 1 190 0
 137 006e 144B     		ldr	r3, .L2+68
 138 0070 0132     		adds	r2, r2, #1
 139 0072 1A60     		str	r2, [r3]
 193:Generated_Source\PSoC4/cyfitter_cfg.c **** }
 140              		.loc 1 193 0
 141 0074 1123     		movs	r3, #17
 142 0076 2360     		str	r3, [r4]
 143              	.LBE9:
 144              	.LBE11:
 145              		.loc 1 273 0
 146 0078 10BD     		pop	{r4, pc}
 147              	.L3:
 148 007a C046     		.align	2
 149              	.L2:
 150 007c 00020240 		.word	1073873408
 151 0080 00030240 		.word	1073873664
 152 0084 00040240 		.word	1073873920
 153 0088 30001040 		.word	1074790448
 154 008c 00020440 		.word	1074004480
 155 0090 08020440 		.word	1074004488
 156 0094 08030440 		.word	1074004744
ARM GAS  C:\Users\PC\AppData\Local\Temp\ccpZlEuk.s 			page 9


 157 0098 00040440 		.word	1074004992
 158 009c 08040440 		.word	1074005000
 159 00a0 18040440 		.word	1074005016
 160 00a4 00030140 		.word	1073808128
 161 00a8 00000140 		.word	1073807360
 162 00ac 40FF0080 		.word	-2147418304
 163 00b0 04030140 		.word	1073808132
 164 00b4 41FF0080 		.word	-2147418303
 165 00b8 28000340 		.word	1073938472
 166 00bc 1C010140 		.word	1073807644
 167 00c0 00010140 		.word	1073807616
 168              		.cfi_endproc
 169              	.LFE6:
 170              		.size	cyfitter_cfg, .-cyfitter_cfg
 171              		.text
 172              	.Letext0:
 173              		.file 2 "Generated_Source\\PSoC4\\cytypes.h"
 174              		.file 3 "Generated_Source\\PSoC4\\CyLib.h"
 175              		.section	.debug_info,"",%progbits
 176              	.Ldebug_info0:
 177 0000 F9000000 		.4byte	0xf9
 178 0004 0400     		.2byte	0x4
 179 0006 00000000 		.4byte	.Ldebug_abbrev0
 180 000a 04       		.byte	0x4
 181 000b 01       		.uleb128 0x1
 182 000c 4E010000 		.4byte	.LASF18
 183 0010 0C       		.byte	0xc
 184 0011 15000000 		.4byte	.LASF19
 185 0015 FD000000 		.4byte	.LASF20
 186 0019 20000000 		.4byte	.Ldebug_ranges0+0x20
 187 001d 00000000 		.4byte	0
 188 0021 00000000 		.4byte	.Ldebug_line0
 189 0025 02       		.uleb128 0x2
 190 0026 04       		.byte	0x4
 191 0027 05       		.byte	0x5
 192 0028 696E7400 		.ascii	"int\000"
 193 002c 03       		.uleb128 0x3
 194 002d 04       		.byte	0x4
 195 002e 07       		.byte	0x7
 196 002f 3B000000 		.4byte	.LASF0
 197 0033 03       		.uleb128 0x3
 198 0034 08       		.byte	0x8
 199 0035 05       		.byte	0x5
 200 0036 00000000 		.4byte	.LASF1
 201 003a 03       		.uleb128 0x3
 202 003b 08       		.byte	0x8
 203 003c 04       		.byte	0x4
 204 003d 38010000 		.4byte	.LASF2
 205 0041 03       		.uleb128 0x3
 206 0042 01       		.byte	0x1
 207 0043 06       		.byte	0x6
 208 0044 F1000000 		.4byte	.LASF3
 209 0048 03       		.uleb128 0x3
 210 0049 01       		.byte	0x1
 211 004a 08       		.byte	0x8
 212 004b 99000000 		.4byte	.LASF4
 213 004f 03       		.uleb128 0x3
ARM GAS  C:\Users\PC\AppData\Local\Temp\ccpZlEuk.s 			page 10


 214 0050 02       		.byte	0x2
 215 0051 05       		.byte	0x5
 216 0052 44010000 		.4byte	.LASF5
 217 0056 03       		.uleb128 0x3
 218 0057 02       		.byte	0x2
 219 0058 07       		.byte	0x7
 220 0059 DE000000 		.4byte	.LASF6
 221 005d 03       		.uleb128 0x3
 222 005e 04       		.byte	0x4
 223 005f 05       		.byte	0x5
 224 0060 AC000000 		.4byte	.LASF7
 225 0064 03       		.uleb128 0x3
 226 0065 04       		.byte	0x4
 227 0066 07       		.byte	0x7
 228 0067 5D000000 		.4byte	.LASF8
 229 006b 03       		.uleb128 0x3
 230 006c 08       		.byte	0x8
 231 006d 07       		.byte	0x7
 232 006e 7C000000 		.4byte	.LASF9
 233 0072 03       		.uleb128 0x3
 234 0073 04       		.byte	0x4
 235 0074 07       		.byte	0x7
 236 0075 E0010000 		.4byte	.LASF10
 237 0079 03       		.uleb128 0x3
 238 007a 01       		.byte	0x1
 239 007b 08       		.byte	0x8
 240 007c A7000000 		.4byte	.LASF11
 241 0080 04       		.uleb128 0x4
 242 0081 0E000000 		.4byte	.LASF14
 243 0085 02       		.byte	0x2
 244 0086 FD01     		.2byte	0x1fd
 245 0088 64000000 		.4byte	0x64
 246 008c 03       		.uleb128 0x3
 247 008d 04       		.byte	0x4
 248 008e 04       		.byte	0x4
 249 008f 93000000 		.4byte	.LASF12
 250 0093 03       		.uleb128 0x3
 251 0094 08       		.byte	0x8
 252 0095 04       		.byte	0x4
 253 0096 D1000000 		.4byte	.LASF13
 254 009a 04       		.uleb128 0x4
 255 009b D8000000 		.4byte	.LASF15
 256 009f 02       		.byte	0x2
 257 00a0 A702     		.2byte	0x2a7
 258 00a2 A6000000 		.4byte	0xa6
 259 00a6 05       		.uleb128 0x5
 260 00a7 80000000 		.4byte	0x80
 261 00ab 06       		.uleb128 0x6
 262 00ac B5000000 		.4byte	.LASF16
 263 00b0 01       		.byte	0x1
 264 00b1 D8       		.byte	0xd8
 265 00b2 01       		.byte	0x1
 266 00b3 06       		.uleb128 0x6
 267 00b4 C6000000 		.4byte	.LASF17
 268 00b8 01       		.byte	0x1
 269 00b9 A9       		.byte	0xa9
 270 00ba 01       		.byte	0x1
ARM GAS  C:\Users\PC\AppData\Local\Temp\ccpZlEuk.s 			page 11


 271 00bb 07       		.uleb128 0x7
 272 00bc 6F000000 		.4byte	.LASF21
 273 00c0 01       		.byte	0x1
 274 00c1 F0       		.byte	0xf0
 275 00c2 00000000 		.4byte	.LFB6
 276 00c6 C4000000 		.4byte	.LFE6-.LFB6
 277 00ca 01       		.uleb128 0x1
 278 00cb 9C       		.byte	0x9c
 279 00cc F1000000 		.4byte	0xf1
 280 00d0 08       		.uleb128 0x8
 281 00d1 B3000000 		.4byte	0xb3
 282 00d5 18000000 		.4byte	.LBB6
 283 00d9 00000000 		.4byte	.Ldebug_ranges0+0
 284 00dd 01       		.byte	0x1
 285 00de 0C01     		.2byte	0x10c
 286 00e0 09       		.uleb128 0x9
 287 00e1 48000000 		.4byte	.LVL0
 288 00e5 F1000000 		.4byte	0xf1
 289 00e9 0A       		.uleb128 0xa
 290 00ea 01       		.uleb128 0x1
 291 00eb 50       		.byte	0x50
 292 00ec 01       		.uleb128 0x1
 293 00ed 48       		.byte	0x48
 294 00ee 00       		.byte	0
 295 00ef 00       		.byte	0
 296 00f0 00       		.byte	0
 297 00f1 0B       		.uleb128 0xb
 298 00f2 48000000 		.4byte	.LASF22
 299 00f6 48000000 		.4byte	.LASF22
 300 00fa 03       		.byte	0x3
 301 00fb 6C       		.byte	0x6c
 302 00fc 00       		.byte	0
 303              		.section	.debug_abbrev,"",%progbits
 304              	.Ldebug_abbrev0:
 305 0000 01       		.uleb128 0x1
 306 0001 11       		.uleb128 0x11
 307 0002 01       		.byte	0x1
 308 0003 25       		.uleb128 0x25
 309 0004 0E       		.uleb128 0xe
 310 0005 13       		.uleb128 0x13
 311 0006 0B       		.uleb128 0xb
 312 0007 03       		.uleb128 0x3
 313 0008 0E       		.uleb128 0xe
 314 0009 1B       		.uleb128 0x1b
 315 000a 0E       		.uleb128 0xe
 316 000b 55       		.uleb128 0x55
 317 000c 17       		.uleb128 0x17
 318 000d 11       		.uleb128 0x11
 319 000e 01       		.uleb128 0x1
 320 000f 10       		.uleb128 0x10
 321 0010 17       		.uleb128 0x17
 322 0011 00       		.byte	0
 323 0012 00       		.byte	0
 324 0013 02       		.uleb128 0x2
 325 0014 24       		.uleb128 0x24
 326 0015 00       		.byte	0
 327 0016 0B       		.uleb128 0xb
ARM GAS  C:\Users\PC\AppData\Local\Temp\ccpZlEuk.s 			page 12


 328 0017 0B       		.uleb128 0xb
 329 0018 3E       		.uleb128 0x3e
 330 0019 0B       		.uleb128 0xb
 331 001a 03       		.uleb128 0x3
 332 001b 08       		.uleb128 0x8
 333 001c 00       		.byte	0
 334 001d 00       		.byte	0
 335 001e 03       		.uleb128 0x3
 336 001f 24       		.uleb128 0x24
 337 0020 00       		.byte	0
 338 0021 0B       		.uleb128 0xb
 339 0022 0B       		.uleb128 0xb
 340 0023 3E       		.uleb128 0x3e
 341 0024 0B       		.uleb128 0xb
 342 0025 03       		.uleb128 0x3
 343 0026 0E       		.uleb128 0xe
 344 0027 00       		.byte	0
 345 0028 00       		.byte	0
 346 0029 04       		.uleb128 0x4
 347 002a 16       		.uleb128 0x16
 348 002b 00       		.byte	0
 349 002c 03       		.uleb128 0x3
 350 002d 0E       		.uleb128 0xe
 351 002e 3A       		.uleb128 0x3a
 352 002f 0B       		.uleb128 0xb
 353 0030 3B       		.uleb128 0x3b
 354 0031 05       		.uleb128 0x5
 355 0032 49       		.uleb128 0x49
 356 0033 13       		.uleb128 0x13
 357 0034 00       		.byte	0
 358 0035 00       		.byte	0
 359 0036 05       		.uleb128 0x5
 360 0037 35       		.uleb128 0x35
 361 0038 00       		.byte	0
 362 0039 49       		.uleb128 0x49
 363 003a 13       		.uleb128 0x13
 364 003b 00       		.byte	0
 365 003c 00       		.byte	0
 366 003d 06       		.uleb128 0x6
 367 003e 2E       		.uleb128 0x2e
 368 003f 00       		.byte	0
 369 0040 03       		.uleb128 0x3
 370 0041 0E       		.uleb128 0xe
 371 0042 3A       		.uleb128 0x3a
 372 0043 0B       		.uleb128 0xb
 373 0044 3B       		.uleb128 0x3b
 374 0045 0B       		.uleb128 0xb
 375 0046 27       		.uleb128 0x27
 376 0047 19       		.uleb128 0x19
 377 0048 20       		.uleb128 0x20
 378 0049 0B       		.uleb128 0xb
 379 004a 00       		.byte	0
 380 004b 00       		.byte	0
 381 004c 07       		.uleb128 0x7
 382 004d 2E       		.uleb128 0x2e
 383 004e 01       		.byte	0x1
 384 004f 3F       		.uleb128 0x3f
ARM GAS  C:\Users\PC\AppData\Local\Temp\ccpZlEuk.s 			page 13


 385 0050 19       		.uleb128 0x19
 386 0051 03       		.uleb128 0x3
 387 0052 0E       		.uleb128 0xe
 388 0053 3A       		.uleb128 0x3a
 389 0054 0B       		.uleb128 0xb
 390 0055 3B       		.uleb128 0x3b
 391 0056 0B       		.uleb128 0xb
 392 0057 27       		.uleb128 0x27
 393 0058 19       		.uleb128 0x19
 394 0059 11       		.uleb128 0x11
 395 005a 01       		.uleb128 0x1
 396 005b 12       		.uleb128 0x12
 397 005c 06       		.uleb128 0x6
 398 005d 40       		.uleb128 0x40
 399 005e 18       		.uleb128 0x18
 400 005f 9742     		.uleb128 0x2117
 401 0061 19       		.uleb128 0x19
 402 0062 01       		.uleb128 0x1
 403 0063 13       		.uleb128 0x13
 404 0064 00       		.byte	0
 405 0065 00       		.byte	0
 406 0066 08       		.uleb128 0x8
 407 0067 1D       		.uleb128 0x1d
 408 0068 01       		.byte	0x1
 409 0069 31       		.uleb128 0x31
 410 006a 13       		.uleb128 0x13
 411 006b 52       		.uleb128 0x52
 412 006c 01       		.uleb128 0x1
 413 006d 55       		.uleb128 0x55
 414 006e 17       		.uleb128 0x17
 415 006f 58       		.uleb128 0x58
 416 0070 0B       		.uleb128 0xb
 417 0071 59       		.uleb128 0x59
 418 0072 05       		.uleb128 0x5
 419 0073 00       		.byte	0
 420 0074 00       		.byte	0
 421 0075 09       		.uleb128 0x9
 422 0076 898201   		.uleb128 0x4109
 423 0079 01       		.byte	0x1
 424 007a 11       		.uleb128 0x11
 425 007b 01       		.uleb128 0x1
 426 007c 31       		.uleb128 0x31
 427 007d 13       		.uleb128 0x13
 428 007e 00       		.byte	0
 429 007f 00       		.byte	0
 430 0080 0A       		.uleb128 0xa
 431 0081 8A8201   		.uleb128 0x410a
 432 0084 00       		.byte	0
 433 0085 02       		.uleb128 0x2
 434 0086 18       		.uleb128 0x18
 435 0087 9142     		.uleb128 0x2111
 436 0089 18       		.uleb128 0x18
 437 008a 00       		.byte	0
 438 008b 00       		.byte	0
 439 008c 0B       		.uleb128 0xb
 440 008d 2E       		.uleb128 0x2e
 441 008e 00       		.byte	0
ARM GAS  C:\Users\PC\AppData\Local\Temp\ccpZlEuk.s 			page 14


 442 008f 3F       		.uleb128 0x3f
 443 0090 19       		.uleb128 0x19
 444 0091 3C       		.uleb128 0x3c
 445 0092 19       		.uleb128 0x19
 446 0093 6E       		.uleb128 0x6e
 447 0094 0E       		.uleb128 0xe
 448 0095 03       		.uleb128 0x3
 449 0096 0E       		.uleb128 0xe
 450 0097 3A       		.uleb128 0x3a
 451 0098 0B       		.uleb128 0xb
 452 0099 3B       		.uleb128 0x3b
 453 009a 0B       		.uleb128 0xb
 454 009b 00       		.byte	0
 455 009c 00       		.byte	0
 456 009d 00       		.byte	0
 457              		.section	.debug_aranges,"",%progbits
 458 0000 1C000000 		.4byte	0x1c
 459 0004 0200     		.2byte	0x2
 460 0006 00000000 		.4byte	.Ldebug_info0
 461 000a 04       		.byte	0x4
 462 000b 00       		.byte	0
 463 000c 0000     		.2byte	0
 464 000e 0000     		.2byte	0
 465 0010 00000000 		.4byte	.LFB6
 466 0014 C4000000 		.4byte	.LFE6-.LFB6
 467 0018 00000000 		.4byte	0
 468 001c 00000000 		.4byte	0
 469              		.section	.debug_ranges,"",%progbits
 470              	.Ldebug_ranges0:
 471 0000 18000000 		.4byte	.LBB6
 472 0004 1A000000 		.4byte	.LBE6
 473 0008 34000000 		.4byte	.LBB10
 474 000c 36000000 		.4byte	.LBE10
 475 0010 40000000 		.4byte	.LBB11
 476 0014 78000000 		.4byte	.LBE11
 477 0018 00000000 		.4byte	0
 478 001c 00000000 		.4byte	0
 479 0020 00000000 		.4byte	.LFB6
 480 0024 C4000000 		.4byte	.LFE6
 481 0028 00000000 		.4byte	0
 482 002c 00000000 		.4byte	0
 483              		.section	.debug_line,"",%progbits
 484              	.Ldebug_line0:
 485 0000 A5000000 		.section	.debug_str,"MS",%progbits,1
 485      02005400 
 485      00000201 
 485      FB0E0D00 
 485      01010101 
 486              	.LASF1:
 487 0000 6C6F6E67 		.ascii	"long long int\000"
 487      206C6F6E 
 487      6720696E 
 487      7400
 488              	.LASF14:
 489 000e 75696E74 		.ascii	"uint32\000"
 489      333200
 490              	.LASF19:
ARM GAS  C:\Users\PC\AppData\Local\Temp\ccpZlEuk.s 			page 15


 491 0015 47656E65 		.ascii	"Generated_Source\\PSoC4\\cyfitter_cfg.c\000"
 491      72617465 
 491      645F536F 
 491      75726365 
 491      5C50536F 
 492              	.LASF0:
 493 003b 756E7369 		.ascii	"unsigned int\000"
 493      676E6564 
 493      20696E74 
 493      00
 494              	.LASF22:
 495 0048 43795379 		.ascii	"CySysClkWriteImoFreq\000"
 495      73436C6B 
 495      57726974 
 495      65496D6F 
 495      46726571 
 496              	.LASF8:
 497 005d 6C6F6E67 		.ascii	"long unsigned int\000"
 497      20756E73 
 497      69676E65 
 497      6420696E 
 497      7400
 498              	.LASF21:
 499 006f 63796669 		.ascii	"cyfitter_cfg\000"
 499      74746572 
 499      5F636667 
 499      00
 500              	.LASF9:
 501 007c 6C6F6E67 		.ascii	"long long unsigned int\000"
 501      206C6F6E 
 501      6720756E 
 501      7369676E 
 501      65642069 
 502              	.LASF12:
 503 0093 666C6F61 		.ascii	"float\000"
 503      7400
 504              	.LASF4:
 505 0099 756E7369 		.ascii	"unsigned char\000"
 505      676E6564 
 505      20636861 
 505      7200
 506              	.LASF11:
 507 00a7 63686172 		.ascii	"char\000"
 507      00
 508              	.LASF7:
 509 00ac 6C6F6E67 		.ascii	"long int\000"
 509      20696E74 
 509      00
 510              	.LASF16:
 511 00b5 416E616C 		.ascii	"AnalogSetDefault\000"
 511      6F675365 
 511      74446566 
 511      61756C74 
 511      00
 512              	.LASF17:
 513 00c6 436C6F63 		.ascii	"ClockSetup\000"
 513      6B536574 
ARM GAS  C:\Users\PC\AppData\Local\Temp\ccpZlEuk.s 			page 16


 513      757000
 514              	.LASF13:
 515 00d1 646F7562 		.ascii	"double\000"
 515      6C6500
 516              	.LASF15:
 517 00d8 72656733 		.ascii	"reg32\000"
 517      3200
 518              	.LASF6:
 519 00de 73686F72 		.ascii	"short unsigned int\000"
 519      7420756E 
 519      7369676E 
 519      65642069 
 519      6E7400
 520              	.LASF3:
 521 00f1 7369676E 		.ascii	"signed char\000"
 521      65642063 
 521      68617200 
 522              	.LASF20:
 523 00fd 433A5C55 		.ascii	"C:\\Users\\PC\\Documents\\PSoC Creator\\yellowChip\\"
 523      73657273 
 523      5C50435C 
 523      446F6375 
 523      6D656E74 
 524 012b 42555A5A 		.ascii	"BUZZER.cydsn\000"
 524      45522E63 
 524      7964736E 
 524      00
 525              	.LASF2:
 526 0138 6C6F6E67 		.ascii	"long double\000"
 526      20646F75 
 526      626C6500 
 527              	.LASF5:
 528 0144 73686F72 		.ascii	"short int\000"
 528      7420696E 
 528      7400
 529              	.LASF18:
 530 014e 474E5520 		.ascii	"GNU C11 5.4.1 20160609 (release) [ARM/embedded-5-br"
 530      43313120 
 530      352E342E 
 530      31203230 
 530      31363036 
 531 0181 616E6368 		.ascii	"anch revision 237715] -mcpu=cortex-m0plus -mthumb -"
 531      20726576 
 531      6973696F 
 531      6E203233 
 531      37373135 
 532 01b4 67202D4F 		.ascii	"g -Os -ffunction-sections -ffat-lto-objects\000"
 532      73202D66 
 532      66756E63 
 532      74696F6E 
 532      2D736563 
 533              	.LASF10:
 534 01e0 73697A65 		.ascii	"sizetype\000"
 534      74797065 
 534      00
 535              		.ident	"GCC: (GNU Tools for ARM Embedded Processors) 5.4.1 20160609 (release) [ARM/embedded-5-bran
