ARM GAS  C:\Users\PC\AppData\Local\Temp\ccbnZ8xo.s 			page 1


   1              		.syntax unified
   2              		.cpu cortex-m0plus
   3              		.fpu softvfp
   4              		.eabi_attribute 20, 1
   5              		.eabi_attribute 21, 1
   6              		.eabi_attribute 23, 3
   7              		.eabi_attribute 24, 1
   8              		.eabi_attribute 25, 1
   9              		.eabi_attribute 26, 1
  10              		.eabi_attribute 30, 1
  11              		.eabi_attribute 34, 0
  12              		.eabi_attribute 18, 4
  13              		.thumb
  14              		.syntax unified
  15              		.file	"cyfitter_cfg.c"
  16              		.text
  17              	.Ltext0:
  18              		.cfi_sections	.debug_frame
  19              		.section	.psocinit,"ax",%progbits
  20              		.align	2
  21              		.code	16
  22              		.thumb_func
  23              		.type	ClockSetup, %function
  24              	ClockSetup:
  25              	.LFB4:
  26              		.file 1 "Generated_Source\\PSoC4\\cyfitter_cfg.c"
   1:Generated_Source\PSoC4/cyfitter_cfg.c **** 
   2:Generated_Source\PSoC4/cyfitter_cfg.c **** /*******************************************************************************
   3:Generated_Source\PSoC4/cyfitter_cfg.c **** * File Name: cyfitter_cfg.c
   4:Generated_Source\PSoC4/cyfitter_cfg.c **** * 
   5:Generated_Source\PSoC4/cyfitter_cfg.c **** * PSoC Creator  4.4
   6:Generated_Source\PSoC4/cyfitter_cfg.c **** *
   7:Generated_Source\PSoC4/cyfitter_cfg.c **** * Description:
   8:Generated_Source\PSoC4/cyfitter_cfg.c **** * This file contains device initialization code.
   9:Generated_Source\PSoC4/cyfitter_cfg.c **** * Except for the user defined sections in CyClockStartupError(), this file should not be modified.
  10:Generated_Source\PSoC4/cyfitter_cfg.c **** * This file is automatically generated by PSoC Creator.
  11:Generated_Source\PSoC4/cyfitter_cfg.c **** *
  12:Generated_Source\PSoC4/cyfitter_cfg.c **** ********************************************************************************
  13:Generated_Source\PSoC4/cyfitter_cfg.c **** * Copyright (c) 2007-2020 Cypress Semiconductor.  All rights reserved.
  14:Generated_Source\PSoC4/cyfitter_cfg.c **** * You may use this file only in accordance with the license, terms, conditions, 
  15:Generated_Source\PSoC4/cyfitter_cfg.c **** * disclaimers, and limitations in the end user license agreement accompanying 
  16:Generated_Source\PSoC4/cyfitter_cfg.c **** * the software package with which this file was provided.
  17:Generated_Source\PSoC4/cyfitter_cfg.c **** ********************************************************************************/
  18:Generated_Source\PSoC4/cyfitter_cfg.c **** 
  19:Generated_Source\PSoC4/cyfitter_cfg.c **** #include <string.h>
  20:Generated_Source\PSoC4/cyfitter_cfg.c **** #include "cytypes.h"
  21:Generated_Source\PSoC4/cyfitter_cfg.c **** #include "cydevice_trm.h"
  22:Generated_Source\PSoC4/cyfitter_cfg.c **** #include "cyfitter.h"
  23:Generated_Source\PSoC4/cyfitter_cfg.c **** #include "CyLib.h"
  24:Generated_Source\PSoC4/cyfitter_cfg.c **** #include "cyfitter_cfg.h"
  25:Generated_Source\PSoC4/cyfitter_cfg.c **** #include "cyapicallbacks.h"
  26:Generated_Source\PSoC4/cyfitter_cfg.c **** 
  27:Generated_Source\PSoC4/cyfitter_cfg.c **** 
  28:Generated_Source\PSoC4/cyfitter_cfg.c **** #if defined(__GNUC__) || defined(__ARMCC_VERSION)
  29:Generated_Source\PSoC4/cyfitter_cfg.c ****     #define CYPACKED 
  30:Generated_Source\PSoC4/cyfitter_cfg.c ****     #define CYPACKED_ATTR __attribute__ ((packed))
  31:Generated_Source\PSoC4/cyfitter_cfg.c ****     #define CYALIGNED __attribute__ ((aligned))
ARM GAS  C:\Users\PC\AppData\Local\Temp\ccbnZ8xo.s 			page 2


  32:Generated_Source\PSoC4/cyfitter_cfg.c ****     #define CY_CFG_UNUSED __attribute__ ((unused))
  33:Generated_Source\PSoC4/cyfitter_cfg.c ****     #ifndef CY_CFG_SECTION
  34:Generated_Source\PSoC4/cyfitter_cfg.c ****         #define CY_CFG_SECTION __attribute__ ((section(".psocinit")))
  35:Generated_Source\PSoC4/cyfitter_cfg.c ****     #endif
  36:Generated_Source\PSoC4/cyfitter_cfg.c ****     
  37:Generated_Source\PSoC4/cyfitter_cfg.c ****     #if defined(__ARMCC_VERSION)
  38:Generated_Source\PSoC4/cyfitter_cfg.c ****         #define CY_CFG_MEMORY_BARRIER() __memory_changed()
  39:Generated_Source\PSoC4/cyfitter_cfg.c ****     #else
  40:Generated_Source\PSoC4/cyfitter_cfg.c ****         #define CY_CFG_MEMORY_BARRIER() __sync_synchronize()
  41:Generated_Source\PSoC4/cyfitter_cfg.c ****     #endif
  42:Generated_Source\PSoC4/cyfitter_cfg.c ****     
  43:Generated_Source\PSoC4/cyfitter_cfg.c **** #elif defined(__ICCARM__)
  44:Generated_Source\PSoC4/cyfitter_cfg.c ****     #include <intrinsics.h>
  45:Generated_Source\PSoC4/cyfitter_cfg.c **** 
  46:Generated_Source\PSoC4/cyfitter_cfg.c ****     #define CYPACKED __packed
  47:Generated_Source\PSoC4/cyfitter_cfg.c ****     #define CYPACKED_ATTR 
  48:Generated_Source\PSoC4/cyfitter_cfg.c ****     #define CYALIGNED _Pragma("data_alignment=4")
  49:Generated_Source\PSoC4/cyfitter_cfg.c ****     #define CY_CFG_UNUSED _Pragma("diag_suppress=Pe177")
  50:Generated_Source\PSoC4/cyfitter_cfg.c ****     #define CY_CFG_SECTION _Pragma("location=\".psocinit\"")
  51:Generated_Source\PSoC4/cyfitter_cfg.c ****     
  52:Generated_Source\PSoC4/cyfitter_cfg.c ****     #define CY_CFG_MEMORY_BARRIER() __DMB()
  53:Generated_Source\PSoC4/cyfitter_cfg.c ****     
  54:Generated_Source\PSoC4/cyfitter_cfg.c **** #else
  55:Generated_Source\PSoC4/cyfitter_cfg.c ****     #error Unsupported toolchain
  56:Generated_Source\PSoC4/cyfitter_cfg.c **** #endif
  57:Generated_Source\PSoC4/cyfitter_cfg.c **** 
  58:Generated_Source\PSoC4/cyfitter_cfg.c **** #ifndef CYCODE
  59:Generated_Source\PSoC4/cyfitter_cfg.c ****     #define CYCODE
  60:Generated_Source\PSoC4/cyfitter_cfg.c **** #endif
  61:Generated_Source\PSoC4/cyfitter_cfg.c **** #ifndef CYDATA
  62:Generated_Source\PSoC4/cyfitter_cfg.c ****     #define CYDATA
  63:Generated_Source\PSoC4/cyfitter_cfg.c **** #endif
  64:Generated_Source\PSoC4/cyfitter_cfg.c **** #ifndef CYFAR
  65:Generated_Source\PSoC4/cyfitter_cfg.c ****     #define CYFAR
  66:Generated_Source\PSoC4/cyfitter_cfg.c **** #endif
  67:Generated_Source\PSoC4/cyfitter_cfg.c **** #ifndef CYXDATA
  68:Generated_Source\PSoC4/cyfitter_cfg.c ****     #define CYXDATA
  69:Generated_Source\PSoC4/cyfitter_cfg.c **** #endif
  70:Generated_Source\PSoC4/cyfitter_cfg.c **** 
  71:Generated_Source\PSoC4/cyfitter_cfg.c **** 
  72:Generated_Source\PSoC4/cyfitter_cfg.c **** CY_CFG_UNUSED
  73:Generated_Source\PSoC4/cyfitter_cfg.c **** static void CYMEMZERO(void *s, size_t n);
  74:Generated_Source\PSoC4/cyfitter_cfg.c **** CY_CFG_UNUSED
  75:Generated_Source\PSoC4/cyfitter_cfg.c **** static void CYMEMZERO(void *s, size_t n)
  76:Generated_Source\PSoC4/cyfitter_cfg.c **** {
  77:Generated_Source\PSoC4/cyfitter_cfg.c **** 	(void)memset(s, 0, n);
  78:Generated_Source\PSoC4/cyfitter_cfg.c **** }
  79:Generated_Source\PSoC4/cyfitter_cfg.c **** CY_CFG_UNUSED
  80:Generated_Source\PSoC4/cyfitter_cfg.c **** static void CYCONFIGCPY(void *dest, const void *src, size_t n);
  81:Generated_Source\PSoC4/cyfitter_cfg.c **** CY_CFG_UNUSED
  82:Generated_Source\PSoC4/cyfitter_cfg.c **** static void CYCONFIGCPY(void *dest, const void *src, size_t n)
  83:Generated_Source\PSoC4/cyfitter_cfg.c **** {
  84:Generated_Source\PSoC4/cyfitter_cfg.c **** 	(void)memcpy(dest, src, n);
  85:Generated_Source\PSoC4/cyfitter_cfg.c **** }
  86:Generated_Source\PSoC4/cyfitter_cfg.c **** CY_CFG_UNUSED
  87:Generated_Source\PSoC4/cyfitter_cfg.c **** static void CYCONFIGCPYCODE(void *dest, const void *src, size_t n);
  88:Generated_Source\PSoC4/cyfitter_cfg.c **** CY_CFG_UNUSED
ARM GAS  C:\Users\PC\AppData\Local\Temp\ccbnZ8xo.s 			page 3


  89:Generated_Source\PSoC4/cyfitter_cfg.c **** static void CYCONFIGCPYCODE(void *dest, const void *src, size_t n)
  90:Generated_Source\PSoC4/cyfitter_cfg.c **** {
  91:Generated_Source\PSoC4/cyfitter_cfg.c **** 	(void)memcpy(dest, src, n);
  92:Generated_Source\PSoC4/cyfitter_cfg.c **** }
  93:Generated_Source\PSoC4/cyfitter_cfg.c **** 
  94:Generated_Source\PSoC4/cyfitter_cfg.c **** 
  95:Generated_Source\PSoC4/cyfitter_cfg.c **** 
  96:Generated_Source\PSoC4/cyfitter_cfg.c **** 
  97:Generated_Source\PSoC4/cyfitter_cfg.c **** /* Clock startup error codes                                                   */
  98:Generated_Source\PSoC4/cyfitter_cfg.c **** #define CYCLOCKSTART_NO_ERROR    0u
  99:Generated_Source\PSoC4/cyfitter_cfg.c **** #define CYCLOCKSTART_XTAL_ERROR  1u
 100:Generated_Source\PSoC4/cyfitter_cfg.c **** #define CYCLOCKSTART_32KHZ_ERROR 2u
 101:Generated_Source\PSoC4/cyfitter_cfg.c **** #define CYCLOCKSTART_PLL_ERROR   3u
 102:Generated_Source\PSoC4/cyfitter_cfg.c **** #define CYCLOCKSTART_FLL_ERROR   4u
 103:Generated_Source\PSoC4/cyfitter_cfg.c **** #define CYCLOCKSTART_WCO_ERROR   5u
 104:Generated_Source\PSoC4/cyfitter_cfg.c **** 
 105:Generated_Source\PSoC4/cyfitter_cfg.c **** 
 106:Generated_Source\PSoC4/cyfitter_cfg.c **** #ifdef CY_NEED_CYCLOCKSTARTUPERROR
 107:Generated_Source\PSoC4/cyfitter_cfg.c **** /*******************************************************************************
 108:Generated_Source\PSoC4/cyfitter_cfg.c **** * Function Name: CyClockStartupError
 109:Generated_Source\PSoC4/cyfitter_cfg.c **** ********************************************************************************
 110:Generated_Source\PSoC4/cyfitter_cfg.c **** * Summary:
 111:Generated_Source\PSoC4/cyfitter_cfg.c **** *  If an error is encountered during clock configuration (crystal startup error,
 112:Generated_Source\PSoC4/cyfitter_cfg.c **** *  PLL lock error, etc.), the system will end up here.  Unless reimplemented by
 113:Generated_Source\PSoC4/cyfitter_cfg.c **** *  the customer, this function will stop in an infinite loop.
 114:Generated_Source\PSoC4/cyfitter_cfg.c **** *
 115:Generated_Source\PSoC4/cyfitter_cfg.c **** * Parameters:
 116:Generated_Source\PSoC4/cyfitter_cfg.c **** *   void
 117:Generated_Source\PSoC4/cyfitter_cfg.c **** *
 118:Generated_Source\PSoC4/cyfitter_cfg.c **** * Return:
 119:Generated_Source\PSoC4/cyfitter_cfg.c **** *   void
 120:Generated_Source\PSoC4/cyfitter_cfg.c **** *
 121:Generated_Source\PSoC4/cyfitter_cfg.c **** *******************************************************************************/
 122:Generated_Source\PSoC4/cyfitter_cfg.c **** CY_CFG_UNUSED
 123:Generated_Source\PSoC4/cyfitter_cfg.c **** static void CyClockStartupError(uint8 errorCode);
 124:Generated_Source\PSoC4/cyfitter_cfg.c **** CY_CFG_UNUSED
 125:Generated_Source\PSoC4/cyfitter_cfg.c **** static void CyClockStartupError(uint8 errorCode)
 126:Generated_Source\PSoC4/cyfitter_cfg.c **** {
 127:Generated_Source\PSoC4/cyfitter_cfg.c ****     /* To remove the compiler warning if errorCode not used.                */
 128:Generated_Source\PSoC4/cyfitter_cfg.c ****     errorCode = errorCode;
 129:Generated_Source\PSoC4/cyfitter_cfg.c **** 
 130:Generated_Source\PSoC4/cyfitter_cfg.c ****     /* If we have a clock startup error (bad MHz crystal, PLL lock, etc.),  */
 131:Generated_Source\PSoC4/cyfitter_cfg.c ****     /* we will end up here to allow the customer to implement something to  */
 132:Generated_Source\PSoC4/cyfitter_cfg.c ****     /* deal with the clock condition.                                       */
 133:Generated_Source\PSoC4/cyfitter_cfg.c **** 
 134:Generated_Source\PSoC4/cyfitter_cfg.c **** #ifdef CY_CFG_CLOCK_STARTUP_ERROR_CALLBACK
 135:Generated_Source\PSoC4/cyfitter_cfg.c ****     CY_CFG_Clock_Startup_ErrorCallback();
 136:Generated_Source\PSoC4/cyfitter_cfg.c **** #else
 137:Generated_Source\PSoC4/cyfitter_cfg.c ****     /*  If not using CY_CFG_CLOCK_STARTUP_ERROR_CALLBACK, place your clock startup code here. */
 138:Generated_Source\PSoC4/cyfitter_cfg.c ****     /* `#START CyClockStartupError` */
 139:Generated_Source\PSoC4/cyfitter_cfg.c **** 
 140:Generated_Source\PSoC4/cyfitter_cfg.c **** 
 141:Generated_Source\PSoC4/cyfitter_cfg.c **** 
 142:Generated_Source\PSoC4/cyfitter_cfg.c ****     /* `#END` */
 143:Generated_Source\PSoC4/cyfitter_cfg.c **** 
 144:Generated_Source\PSoC4/cyfitter_cfg.c ****     while(1) {}
 145:Generated_Source\PSoC4/cyfitter_cfg.c **** #endif /* CY_CFG_CLOCK_STARTUP_ERROR_CALLBACK */
ARM GAS  C:\Users\PC\AppData\Local\Temp\ccbnZ8xo.s 			page 4


 146:Generated_Source\PSoC4/cyfitter_cfg.c **** }
 147:Generated_Source\PSoC4/cyfitter_cfg.c **** #endif
 148:Generated_Source\PSoC4/cyfitter_cfg.c **** 
 149:Generated_Source\PSoC4/cyfitter_cfg.c **** 
 150:Generated_Source\PSoC4/cyfitter_cfg.c **** 
 151:Generated_Source\PSoC4/cyfitter_cfg.c **** /*******************************************************************************
 152:Generated_Source\PSoC4/cyfitter_cfg.c **** * Function Name: ClockSetup
 153:Generated_Source\PSoC4/cyfitter_cfg.c **** ********************************************************************************
 154:Generated_Source\PSoC4/cyfitter_cfg.c **** *
 155:Generated_Source\PSoC4/cyfitter_cfg.c **** * Summary:
 156:Generated_Source\PSoC4/cyfitter_cfg.c **** *   Performs the initialization of all of the clocks in the device based on the
 157:Generated_Source\PSoC4/cyfitter_cfg.c **** *   settings in the Clock tab of the DWR.  This includes enabling the requested
 158:Generated_Source\PSoC4/cyfitter_cfg.c **** *   clocks and setting the necessary dividers to produce the desired frequency. 
 159:Generated_Source\PSoC4/cyfitter_cfg.c **** *
 160:Generated_Source\PSoC4/cyfitter_cfg.c **** * Parameters:
 161:Generated_Source\PSoC4/cyfitter_cfg.c **** *   void
 162:Generated_Source\PSoC4/cyfitter_cfg.c **** *
 163:Generated_Source\PSoC4/cyfitter_cfg.c **** * Return:
 164:Generated_Source\PSoC4/cyfitter_cfg.c **** *   void
 165:Generated_Source\PSoC4/cyfitter_cfg.c **** *
 166:Generated_Source\PSoC4/cyfitter_cfg.c **** *******************************************************************************/
 167:Generated_Source\PSoC4/cyfitter_cfg.c **** static void ClockSetup(void);
 168:Generated_Source\PSoC4/cyfitter_cfg.c **** CY_CFG_SECTION
 169:Generated_Source\PSoC4/cyfitter_cfg.c **** static void ClockSetup(void)
 170:Generated_Source\PSoC4/cyfitter_cfg.c **** {
  27              		.loc 1 170 0
  28              		.cfi_startproc
  29              		@ args = 0, pretend = 0, frame = 0
  30              		@ frame_needed = 0, uses_anonymous_args = 0
  31 0000 10B5     		push	{r4, lr}
  32              		.cfi_def_cfa_offset 8
  33              		.cfi_offset 4, -8
  34              		.cfi_offset 14, -4
 171:Generated_Source\PSoC4/cyfitter_cfg.c **** 
 172:Generated_Source\PSoC4/cyfitter_cfg.c **** 	/* Set Flash Cycles based on max possible frequency in case a glitch occurs during ClockSetup(). *
 173:Generated_Source\PSoC4/cyfitter_cfg.c **** 	CY_SET_REG32((void CYXDATA *)(CYREG_CPUSS_FLASH_CTL), (0x0012u));
  35              		.loc 1 173 0
  36 0002 0F4C     		ldr	r4, .L2
  37 0004 1223     		movs	r3, #18
  38 0006 2360     		str	r3, [r4]
 174:Generated_Source\PSoC4/cyfitter_cfg.c **** 	/* Update IMO to new clock speed. */
 175:Generated_Source\PSoC4/cyfitter_cfg.c **** 	CySysClkWriteImoFreq(24u);
  39              		.loc 1 175 0
  40 0008 1820     		movs	r0, #24
  41 000a FFF7FEFF 		bl	CySysClkWriteImoFreq
  42              	.LVL0:
 176:Generated_Source\PSoC4/cyfitter_cfg.c **** 
 177:Generated_Source\PSoC4/cyfitter_cfg.c **** 	/* Setup phase aligned clocks */
 178:Generated_Source\PSoC4/cyfitter_cfg.c **** 	CY_SET_REG32((void *)CYREG_PERI_DIV_16_CTL0, 0x0000FE00u);
  43              		.loc 1 178 0
  44 000e FE22     		movs	r2, #254
  45 0010 1202     		lsls	r2, r2, #8
  46 0012 0C4B     		ldr	r3, .L2+4
  47 0014 1A60     		str	r2, [r3]
 179:Generated_Source\PSoC4/cyfitter_cfg.c **** 	CY_SET_REG32((void *)CYREG_PERI_DIV_CMD, 0x8000FF40u);
  48              		.loc 1 179 0
  49 0016 0C4B     		ldr	r3, .L2+8
ARM GAS  C:\Users\PC\AppData\Local\Temp\ccbnZ8xo.s 			page 5


  50 0018 0C4A     		ldr	r2, .L2+12
  51 001a 1A60     		str	r2, [r3]
 180:Generated_Source\PSoC4/cyfitter_cfg.c **** 	CY_SET_REG32((void *)CYREG_PERI_DIV_16_CTL1, 0x00001000u);
  52              		.loc 1 180 0
  53 001c 8021     		movs	r1, #128
  54 001e 4901     		lsls	r1, r1, #5
  55 0020 0B4A     		ldr	r2, .L2+16
  56 0022 1160     		str	r1, [r2]
 181:Generated_Source\PSoC4/cyfitter_cfg.c **** 	CY_SET_REG32((void *)CYREG_PERI_DIV_CMD, 0x8000FF41u);
  57              		.loc 1 181 0
  58 0024 0B4A     		ldr	r2, .L2+20
  59 0026 1A60     		str	r2, [r3]
 182:Generated_Source\PSoC4/cyfitter_cfg.c **** 
 183:Generated_Source\PSoC4/cyfitter_cfg.c **** 	/* CYDEV_CLK_SELECT Starting address: CYDEV_CLK_SELECT */
 184:Generated_Source\PSoC4/cyfitter_cfg.c **** 	CY_SET_REG32((void *)(CYREG_CLK_SELECT), 0x00000000u);
  60              		.loc 1 184 0
  61 0028 0022     		movs	r2, #0
  62 002a 0B4B     		ldr	r3, .L2+24
  63 002c 1A60     		str	r2, [r3]
 185:Generated_Source\PSoC4/cyfitter_cfg.c **** 
 186:Generated_Source\PSoC4/cyfitter_cfg.c **** 	/* CYDEV_PERI_PCLK_CTL2 Starting address: CYDEV_PERI_PCLK_CTL2 */
 187:Generated_Source\PSoC4/cyfitter_cfg.c **** 	CY_SET_REG32((void *)(CYREG_PERI_PCLK_CTL2), 0x00000040u);
  64              		.loc 1 187 0
  65 002e 4032     		adds	r2, r2, #64
  66 0030 0A4B     		ldr	r3, .L2+28
  67 0032 1A60     		str	r2, [r3]
 188:Generated_Source\PSoC4/cyfitter_cfg.c **** 
 189:Generated_Source\PSoC4/cyfitter_cfg.c **** 	/* CYDEV_PERI_PCLK_CTL0 Starting address: CYDEV_PERI_PCLK_CTL0 */
 190:Generated_Source\PSoC4/cyfitter_cfg.c **** 	CY_SET_REG32((void *)(CYREG_PERI_PCLK_CTL0), 0x00000041u);
  68              		.loc 1 190 0
  69 0034 0132     		adds	r2, r2, #1
  70 0036 0A4B     		ldr	r3, .L2+32
  71 0038 1A60     		str	r2, [r3]
 191:Generated_Source\PSoC4/cyfitter_cfg.c **** 
 192:Generated_Source\PSoC4/cyfitter_cfg.c **** 	/* Set Flash Cycles based on newly configured 24.00MHz HFCLK. */
 193:Generated_Source\PSoC4/cyfitter_cfg.c **** 	CY_SET_REG32((void CYXDATA *)(CYREG_CPUSS_FLASH_CTL), (0x0011u));
  72              		.loc 1 193 0
  73 003a 1123     		movs	r3, #17
  74 003c 2360     		str	r3, [r4]
 194:Generated_Source\PSoC4/cyfitter_cfg.c **** }
  75              		.loc 1 194 0
  76              		@ sp needed
  77 003e 10BD     		pop	{r4, pc}
  78              	.L3:
  79              		.align	2
  80              	.L2:
  81 0040 30001040 		.word	1074790448
  82 0044 00030140 		.word	1073808128
  83 0048 00000140 		.word	1073807360
  84 004c 40FF0080 		.word	-2147418304
  85 0050 04030140 		.word	1073808132
  86 0054 41FF0080 		.word	-2147418303
  87 0058 28000340 		.word	1073938472
  88 005c 08010140 		.word	1073807624
  89 0060 00010140 		.word	1073807616
  90              		.cfi_endproc
  91              	.LFE4:
ARM GAS  C:\Users\PC\AppData\Local\Temp\ccbnZ8xo.s 			page 6


  92              		.size	ClockSetup, .-ClockSetup
  93              		.section	.text.SetAnalogRoutingPumps,"ax",%progbits
  94              		.align	2
  95              		.global	SetAnalogRoutingPumps
  96              		.code	16
  97              		.thumb_func
  98              		.type	SetAnalogRoutingPumps, %function
  99              	SetAnalogRoutingPumps:
 100              	.LFB6:
 195:Generated_Source\PSoC4/cyfitter_cfg.c **** 
 196:Generated_Source\PSoC4/cyfitter_cfg.c **** 
 197:Generated_Source\PSoC4/cyfitter_cfg.c **** /* Analog API Functions */
 198:Generated_Source\PSoC4/cyfitter_cfg.c **** 
 199:Generated_Source\PSoC4/cyfitter_cfg.c **** 
 200:Generated_Source\PSoC4/cyfitter_cfg.c **** /*******************************************************************************
 201:Generated_Source\PSoC4/cyfitter_cfg.c **** * Function Name: AnalogSetDefault
 202:Generated_Source\PSoC4/cyfitter_cfg.c **** ********************************************************************************
 203:Generated_Source\PSoC4/cyfitter_cfg.c **** *
 204:Generated_Source\PSoC4/cyfitter_cfg.c **** * Summary:
 205:Generated_Source\PSoC4/cyfitter_cfg.c **** *  Sets up the analog portions of the chip to default values based on chip
 206:Generated_Source\PSoC4/cyfitter_cfg.c **** *  configuration options from the project.
 207:Generated_Source\PSoC4/cyfitter_cfg.c **** *
 208:Generated_Source\PSoC4/cyfitter_cfg.c **** * Parameters:
 209:Generated_Source\PSoC4/cyfitter_cfg.c **** *  void
 210:Generated_Source\PSoC4/cyfitter_cfg.c **** *
 211:Generated_Source\PSoC4/cyfitter_cfg.c **** * Return:
 212:Generated_Source\PSoC4/cyfitter_cfg.c **** *  void
 213:Generated_Source\PSoC4/cyfitter_cfg.c **** *
 214:Generated_Source\PSoC4/cyfitter_cfg.c **** *******************************************************************************/
 215:Generated_Source\PSoC4/cyfitter_cfg.c **** static void AnalogSetDefault(void);
 216:Generated_Source\PSoC4/cyfitter_cfg.c **** static void AnalogSetDefault(void)
 217:Generated_Source\PSoC4/cyfitter_cfg.c **** {
 218:Generated_Source\PSoC4/cyfitter_cfg.c **** 	CY_SET_XTND_REG32((void CYFAR *)CYREG_CSD_SW_REFGEN_SEL, 0x00000010u);
 219:Generated_Source\PSoC4/cyfitter_cfg.c **** 	SetAnalogRoutingPumps(1);
 220:Generated_Source\PSoC4/cyfitter_cfg.c **** }
 221:Generated_Source\PSoC4/cyfitter_cfg.c **** 
 222:Generated_Source\PSoC4/cyfitter_cfg.c **** 
 223:Generated_Source\PSoC4/cyfitter_cfg.c **** /*******************************************************************************
 224:Generated_Source\PSoC4/cyfitter_cfg.c **** * Function Name: SetAnalogRoutingPumps
 225:Generated_Source\PSoC4/cyfitter_cfg.c **** ********************************************************************************
 226:Generated_Source\PSoC4/cyfitter_cfg.c **** *
 227:Generated_Source\PSoC4/cyfitter_cfg.c **** * Summary:
 228:Generated_Source\PSoC4/cyfitter_cfg.c **** * Enables or disables the analog pumps feeding analog routing switches.
 229:Generated_Source\PSoC4/cyfitter_cfg.c **** * Intended to be called at startup, based on the Vdda system configuration;
 230:Generated_Source\PSoC4/cyfitter_cfg.c **** * may be called during operation when the user informs us that the Vdda voltage crossed the pump th
 231:Generated_Source\PSoC4/cyfitter_cfg.c **** *
 232:Generated_Source\PSoC4/cyfitter_cfg.c **** * Parameters:
 233:Generated_Source\PSoC4/cyfitter_cfg.c **** *  enabled - 1 to enable the pumps, 0 to disable the pumps
 234:Generated_Source\PSoC4/cyfitter_cfg.c **** *
 235:Generated_Source\PSoC4/cyfitter_cfg.c **** * Return:
 236:Generated_Source\PSoC4/cyfitter_cfg.c **** *  void
 237:Generated_Source\PSoC4/cyfitter_cfg.c **** *
 238:Generated_Source\PSoC4/cyfitter_cfg.c **** *******************************************************************************/
 239:Generated_Source\PSoC4/cyfitter_cfg.c **** void SetAnalogRoutingPumps(uint8 enabled)
 240:Generated_Source\PSoC4/cyfitter_cfg.c **** {
 101              		.loc 1 240 0
 102              		.cfi_startproc
ARM GAS  C:\Users\PC\AppData\Local\Temp\ccbnZ8xo.s 			page 7


 103              		@ args = 0, pretend = 0, frame = 0
 104              		@ frame_needed = 0, uses_anonymous_args = 0
 105              		@ link register save eliminated.
 106              	.LVL1:
 241:Generated_Source\PSoC4/cyfitter_cfg.c **** 	uint32 regValue = CY_GET_XTND_REG32((void *)(CYREG_HSIOM_PUMP_CTL));
 107              		.loc 1 241 0
 108 0000 0B4B     		ldr	r3, .L9
 109 0002 1B68     		ldr	r3, [r3]
 110              	.LVL2:
 242:Generated_Source\PSoC4/cyfitter_cfg.c **** 	if (enabled != 0u)
 111              		.loc 1 242 0
 112 0004 0028     		cmp	r0, #0
 113 0006 03D0     		beq	.L5
 243:Generated_Source\PSoC4/cyfitter_cfg.c **** 	{
 244:Generated_Source\PSoC4/cyfitter_cfg.c **** 		regValue |= 0x80000000u;
 114              		.loc 1 244 0
 115 0008 8022     		movs	r2, #128
 116 000a 1206     		lsls	r2, r2, #24
 117 000c 1343     		orrs	r3, r2
 118              	.LVL3:
 119 000e 01E0     		b	.L6
 120              	.L5:
 245:Generated_Source\PSoC4/cyfitter_cfg.c **** 	}
 246:Generated_Source\PSoC4/cyfitter_cfg.c **** 	else
 247:Generated_Source\PSoC4/cyfitter_cfg.c **** 	{
 248:Generated_Source\PSoC4/cyfitter_cfg.c **** 		regValue &= ~0x80000000u;
 121              		.loc 1 248 0
 122 0010 5B00     		lsls	r3, r3, #1
 123              	.LVL4:
 124 0012 5B08     		lsrs	r3, r3, #1
 125              	.LVL5:
 126              	.L6:
 249:Generated_Source\PSoC4/cyfitter_cfg.c **** 	}
 250:Generated_Source\PSoC4/cyfitter_cfg.c **** 	CY_SET_XTND_REG32((void *)(CYREG_HSIOM_PUMP_CTL), regValue);
 127              		.loc 1 250 0
 128 0014 064A     		ldr	r2, .L9
 129 0016 1360     		str	r3, [r2]
 251:Generated_Source\PSoC4/cyfitter_cfg.c **** 	regValue = CY_GET_XTND_REG32((void *)(CYREG_CLK_SELECT));
 130              		.loc 1 251 0
 131 0018 064B     		ldr	r3, .L9+4
 132              	.LVL6:
 133 001a 1B68     		ldr	r3, [r3]
 134              	.LVL7:
 252:Generated_Source\PSoC4/cyfitter_cfg.c **** 	if (enabled != 0u)
 135              		.loc 1 252 0
 136 001c 0028     		cmp	r0, #0
 137 001e 02D0     		beq	.L7
 253:Generated_Source\PSoC4/cyfitter_cfg.c **** 	{
 254:Generated_Source\PSoC4/cyfitter_cfg.c **** 		regValue |= 0x00000020u;
 138              		.loc 1 254 0
 139 0020 2022     		movs	r2, #32
 140 0022 1343     		orrs	r3, r2
 141              	.LVL8:
 142 0024 01E0     		b	.L8
 143              	.L7:
 255:Generated_Source\PSoC4/cyfitter_cfg.c **** 	}
 256:Generated_Source\PSoC4/cyfitter_cfg.c **** 	else
ARM GAS  C:\Users\PC\AppData\Local\Temp\ccbnZ8xo.s 			page 8


 257:Generated_Source\PSoC4/cyfitter_cfg.c **** 	{
 258:Generated_Source\PSoC4/cyfitter_cfg.c **** 		regValue &= ~0x00000020u;
 144              		.loc 1 258 0
 145 0026 2022     		movs	r2, #32
 146 0028 9343     		bics	r3, r2
 147              	.LVL9:
 148              	.L8:
 259:Generated_Source\PSoC4/cyfitter_cfg.c **** 	}
 260:Generated_Source\PSoC4/cyfitter_cfg.c **** 	CY_SET_XTND_REG32((void *)(CYREG_CLK_SELECT), regValue);
 149              		.loc 1 260 0
 150 002a 024A     		ldr	r2, .L9+4
 151 002c 1360     		str	r3, [r2]
 261:Generated_Source\PSoC4/cyfitter_cfg.c **** }
 152              		.loc 1 261 0
 153              		@ sp needed
 154 002e 7047     		bx	lr
 155              	.L10:
 156              		.align	2
 157              	.L9:
 158 0030 00200240 		.word	1073881088
 159 0034 28000340 		.word	1073938472
 160              		.cfi_endproc
 161              	.LFE6:
 162              		.size	SetAnalogRoutingPumps, .-SetAnalogRoutingPumps
 163              		.section	.text.AnalogSetDefault,"ax",%progbits
 164              		.align	2
 165              		.code	16
 166              		.thumb_func
 167              		.type	AnalogSetDefault, %function
 168              	AnalogSetDefault:
 169              	.LFB5:
 217:Generated_Source\PSoC4/cyfitter_cfg.c **** 	CY_SET_XTND_REG32((void CYFAR *)CYREG_CSD_SW_REFGEN_SEL, 0x00000010u);
 170              		.loc 1 217 0
 171              		.cfi_startproc
 172              		@ args = 0, pretend = 0, frame = 0
 173              		@ frame_needed = 0, uses_anonymous_args = 0
 174 0000 10B5     		push	{r4, lr}
 175              		.cfi_def_cfa_offset 8
 176              		.cfi_offset 4, -8
 177              		.cfi_offset 14, -4
 218:Generated_Source\PSoC4/cyfitter_cfg.c **** 	SetAnalogRoutingPumps(1);
 178              		.loc 1 218 0
 179 0002 1022     		movs	r2, #16
 180 0004 024B     		ldr	r3, .L12
 181 0006 1A60     		str	r2, [r3]
 219:Generated_Source\PSoC4/cyfitter_cfg.c **** }
 182              		.loc 1 219 0
 183 0008 0120     		movs	r0, #1
 184 000a FFF7FEFF 		bl	SetAnalogRoutingPumps
 185              	.LVL10:
 220:Generated_Source\PSoC4/cyfitter_cfg.c **** 
 186              		.loc 1 220 0
 187              		@ sp needed
 188 000e 10BD     		pop	{r4, pc}
 189              	.L13:
 190              		.align	2
 191              	.L12:
ARM GAS  C:\Users\PC\AppData\Local\Temp\ccbnZ8xo.s 			page 9


 192 0010 A8020B40 		.word	1074463400
 193              		.cfi_endproc
 194              	.LFE5:
 195              		.size	AnalogSetDefault, .-AnalogSetDefault
 196              		.section	.psocinit
 197              		.align	2
 198              		.global	cyfitter_cfg
 199              		.code	16
 200              		.thumb_func
 201              		.type	cyfitter_cfg, %function
 202              	cyfitter_cfg:
 203              	.LFB7:
 262:Generated_Source\PSoC4/cyfitter_cfg.c **** 
 263:Generated_Source\PSoC4/cyfitter_cfg.c **** 
 264:Generated_Source\PSoC4/cyfitter_cfg.c **** 
 265:Generated_Source\PSoC4/cyfitter_cfg.c **** 
 266:Generated_Source\PSoC4/cyfitter_cfg.c **** /*******************************************************************************
 267:Generated_Source\PSoC4/cyfitter_cfg.c **** * Function Name: cyfitter_cfg
 268:Generated_Source\PSoC4/cyfitter_cfg.c **** ********************************************************************************
 269:Generated_Source\PSoC4/cyfitter_cfg.c **** * Summary:
 270:Generated_Source\PSoC4/cyfitter_cfg.c **** *  This function is called by the start-up code for the selected device. It
 271:Generated_Source\PSoC4/cyfitter_cfg.c **** *  performs all of the necessary device configuration based on the design
 272:Generated_Source\PSoC4/cyfitter_cfg.c **** *  settings.  This includes settings from the Design Wide Resources (DWR) such
 273:Generated_Source\PSoC4/cyfitter_cfg.c **** *  as Clocks and Pins as well as any component configuration that is necessary.
 274:Generated_Source\PSoC4/cyfitter_cfg.c **** *
 275:Generated_Source\PSoC4/cyfitter_cfg.c **** * Parameters:
 276:Generated_Source\PSoC4/cyfitter_cfg.c **** *   void
 277:Generated_Source\PSoC4/cyfitter_cfg.c **** *
 278:Generated_Source\PSoC4/cyfitter_cfg.c **** * Return:
 279:Generated_Source\PSoC4/cyfitter_cfg.c **** *   void
 280:Generated_Source\PSoC4/cyfitter_cfg.c **** *
 281:Generated_Source\PSoC4/cyfitter_cfg.c **** *******************************************************************************/
 282:Generated_Source\PSoC4/cyfitter_cfg.c **** CY_CFG_SECTION
 283:Generated_Source\PSoC4/cyfitter_cfg.c **** void cyfitter_cfg(void)
 284:Generated_Source\PSoC4/cyfitter_cfg.c **** {
 204              		.loc 1 284 0
 205              		.cfi_startproc
 206              		@ args = 0, pretend = 0, frame = 0
 207              		@ frame_needed = 0, uses_anonymous_args = 0
 208 0064 10B5     		push	{r4, lr}
 209              		.cfi_def_cfa_offset 8
 210              		.cfi_offset 4, -8
 211              		.cfi_offset 14, -4
 285:Generated_Source\PSoC4/cyfitter_cfg.c **** 	/* Disable interrupts by default. Let user enable if/when they want. */
 286:Generated_Source\PSoC4/cyfitter_cfg.c **** 	CyGlobalIntDisable;
 212              		.loc 1 286 0
 213              		.syntax divided
 214              	@ 286 "Generated_Source\PSoC4\cyfitter_cfg.c" 1
 215 0066 72B6     		CPSID   i
 216              	@ 0 "" 2
 287:Generated_Source\PSoC4/cyfitter_cfg.c **** 
 288:Generated_Source\PSoC4/cyfitter_cfg.c **** 	{
 289:Generated_Source\PSoC4/cyfitter_cfg.c **** 		/* HSIOM Starting address: CYDEV_HSIOM_BASE */
 290:Generated_Source\PSoC4/cyfitter_cfg.c **** 		CY_SET_REG32((void *)(CYREG_HSIOM_PORT_SEL3), 0x0000EE00u);
 217              		.loc 1 290 0
 218              		.thumb
 219              		.syntax unified
ARM GAS  C:\Users\PC\AppData\Local\Temp\ccbnZ8xo.s 			page 10


 220 0068 EE22     		movs	r2, #238
 221 006a 1202     		lsls	r2, r2, #8
 222 006c 114B     		ldr	r3, .L15
 223 006e 1A60     		str	r2, [r3]
 291:Generated_Source\PSoC4/cyfitter_cfg.c **** 		CY_SET_REG32((void *)(CYREG_HSIOM_PORT_SEL4), 0x00000099u);
 224              		.loc 1 291 0
 225 0070 9922     		movs	r2, #153
 226 0072 114B     		ldr	r3, .L15+4
 227 0074 1A60     		str	r2, [r3]
 292:Generated_Source\PSoC4/cyfitter_cfg.c **** 
 293:Generated_Source\PSoC4/cyfitter_cfg.c **** 	}
 294:Generated_Source\PSoC4/cyfitter_cfg.c **** 
 295:Generated_Source\PSoC4/cyfitter_cfg.c **** 	/* Perform second pass device configuration. These items must be configured in specific order afte
 296:Generated_Source\PSoC4/cyfitter_cfg.c **** 	/* IOPINS0_0 Starting address: CYDEV_GPIO_PRT0_BASE */
 297:Generated_Source\PSoC4/cyfitter_cfg.c **** 	CY_SET_REG32((void *)(CYDEV_GPIO_PRT0_BASE), 0x00000004u);
 228              		.loc 1 297 0
 229 0076 953A     		subs	r2, r2, #149
 230 0078 104B     		ldr	r3, .L15+8
 231 007a 1A60     		str	r2, [r3]
 298:Generated_Source\PSoC4/cyfitter_cfg.c **** 	CY_SET_REG32((void *)(CYREG_GPIO_PRT0_PC), 0x00000080u);
 232              		.loc 1 298 0
 233 007c 7C32     		adds	r2, r2, #124
 234 007e 104B     		ldr	r3, .L15+12
 235 0080 1A60     		str	r2, [r3]
 299:Generated_Source\PSoC4/cyfitter_cfg.c **** 
 300:Generated_Source\PSoC4/cyfitter_cfg.c **** 	/* IOPINS0_2 Starting address: CYDEV_GPIO_PRT2_BASE */
 301:Generated_Source\PSoC4/cyfitter_cfg.c **** 	CY_SET_REG32((void *)(CYDEV_GPIO_PRT2_BASE), 0x00000002u);
 236              		.loc 1 301 0
 237 0082 0223     		movs	r3, #2
 238 0084 0F4A     		ldr	r2, .L15+16
 239 0086 1360     		str	r3, [r2]
 302:Generated_Source\PSoC4/cyfitter_cfg.c **** 	CY_SET_REG32((void *)(CYREG_GPIO_PRT2_PC), 0x00030D80u);
 240              		.loc 1 302 0
 241 0088 0F49     		ldr	r1, .L15+20
 242 008a 104A     		ldr	r2, .L15+24
 243 008c 1160     		str	r1, [r2]
 303:Generated_Source\PSoC4/cyfitter_cfg.c **** 	CY_SET_REG32((void *)(CYREG_GPIO_PRT2_PC2), 0x00000003u);
 244              		.loc 1 303 0
 245 008e 0321     		movs	r1, #3
 246 0090 0F4A     		ldr	r2, .L15+28
 247 0092 1160     		str	r1, [r2]
 304:Generated_Source\PSoC4/cyfitter_cfg.c **** 
 305:Generated_Source\PSoC4/cyfitter_cfg.c **** 	/* IOPINS0_3 Starting address: CYDEV_GPIO_PRT3_BASE */
 306:Generated_Source\PSoC4/cyfitter_cfg.c **** 	CY_SET_REG32((void *)(CYREG_GPIO_PRT3_PC), 0x00000D80u);
 248              		.loc 1 306 0
 249 0094 D821     		movs	r1, #216
 250 0096 0901     		lsls	r1, r1, #4
 251 0098 0E4A     		ldr	r2, .L15+32
 252 009a 1160     		str	r1, [r2]
 307:Generated_Source\PSoC4/cyfitter_cfg.c **** 
 308:Generated_Source\PSoC4/cyfitter_cfg.c **** 	/* IOPINS0_4 Starting address: CYDEV_GPIO_PRT4_BASE */
 309:Generated_Source\PSoC4/cyfitter_cfg.c **** 	CY_SET_REG32((void *)(CYDEV_GPIO_PRT4_BASE), 0x00000002u);
 253              		.loc 1 309 0
 254 009c 0E4A     		ldr	r2, .L15+36
 255 009e 1360     		str	r3, [r2]
 310:Generated_Source\PSoC4/cyfitter_cfg.c **** 	CY_SET_REG32((void *)(CYREG_GPIO_PRT4_PC), 0x00000031u);
 256              		.loc 1 310 0
ARM GAS  C:\Users\PC\AppData\Local\Temp\ccbnZ8xo.s 			page 11


 257 00a0 3121     		movs	r1, #49
 258 00a2 0E4A     		ldr	r2, .L15+40
 259 00a4 1160     		str	r1, [r2]
 311:Generated_Source\PSoC4/cyfitter_cfg.c **** 	CY_SET_REG32((void *)(CYREG_GPIO_PRT4_PC2), 0x00000002u);
 260              		.loc 1 311 0
 261 00a6 0E4A     		ldr	r2, .L15+44
 262 00a8 1360     		str	r3, [r2]
 312:Generated_Source\PSoC4/cyfitter_cfg.c **** 
 313:Generated_Source\PSoC4/cyfitter_cfg.c **** 
 314:Generated_Source\PSoC4/cyfitter_cfg.c **** 	/* Setup clocks based on selections from Clock DWR */
 315:Generated_Source\PSoC4/cyfitter_cfg.c **** 	ClockSetup();
 263              		.loc 1 315 0
 264 00aa FFF7A9FF 		bl	ClockSetup
 265              	.LVL11:
 316:Generated_Source\PSoC4/cyfitter_cfg.c **** 
 317:Generated_Source\PSoC4/cyfitter_cfg.c **** 	/* Perform basic analog initialization to defaults */
 318:Generated_Source\PSoC4/cyfitter_cfg.c **** 	AnalogSetDefault();
 266              		.loc 1 318 0
 267 00ae FFF7FEFF 		bl	AnalogSetDefault
 268              	.LVL12:
 319:Generated_Source\PSoC4/cyfitter_cfg.c **** 
 320:Generated_Source\PSoC4/cyfitter_cfg.c **** }
 269              		.loc 1 320 0
 270              		@ sp needed
 271 00b2 10BD     		pop	{r4, pc}
 272              	.L16:
 273              		.align	2
 274              	.L15:
 275 00b4 00030240 		.word	1073873664
 276 00b8 00040240 		.word	1073873920
 277 00bc 00000440 		.word	1074003968
 278 00c0 08000440 		.word	1074003976
 279 00c4 00020440 		.word	1074004480
 280 00c8 800D0300 		.word	200064
 281 00cc 08020440 		.word	1074004488
 282 00d0 18020440 		.word	1074004504
 283 00d4 08030440 		.word	1074004744
 284 00d8 00040440 		.word	1074004992
 285 00dc 08040440 		.word	1074005000
 286 00e0 18040440 		.word	1074005016
 287              		.cfi_endproc
 288              	.LFE7:
 289              		.size	cyfitter_cfg, .-cyfitter_cfg
 290              		.text
 291              	.Letext0:
 292              		.file 2 "Generated_Source\\PSoC4\\cytypes.h"
 293              		.file 3 "Generated_Source\\PSoC4\\CyLib.h"
 294              		.section	.debug_info,"",%progbits
 295              	.Ldebug_info0:
 296 0000 64010000 		.4byte	0x164
 297 0004 0400     		.2byte	0x4
 298 0006 00000000 		.4byte	.Ldebug_abbrev0
 299 000a 04       		.byte	0x4
 300 000b 01       		.uleb128 0x1
 301 000c 40010000 		.4byte	.LASF21
 302 0010 0C       		.byte	0xc
 303 0011 15000000 		.4byte	.LASF22
ARM GAS  C:\Users\PC\AppData\Local\Temp\ccbnZ8xo.s 			page 12


 304 0015 DB010000 		.4byte	.LASF23
 305 0019 00000000 		.4byte	.Ldebug_ranges0+0
 306 001d 00000000 		.4byte	0
 307 0021 00000000 		.4byte	.Ldebug_line0
 308 0025 02       		.uleb128 0x2
 309 0026 04       		.byte	0x4
 310 0027 05       		.byte	0x5
 311 0028 696E7400 		.ascii	"int\000"
 312 002c 03       		.uleb128 0x3
 313 002d 04       		.byte	0x4
 314 002e 07       		.byte	0x7
 315 002f 3B000000 		.4byte	.LASF0
 316 0033 03       		.uleb128 0x3
 317 0034 08       		.byte	0x8
 318 0035 05       		.byte	0x5
 319 0036 00000000 		.4byte	.LASF1
 320 003a 03       		.uleb128 0x3
 321 003b 08       		.byte	0x8
 322 003c 04       		.byte	0x4
 323 003d 19010000 		.4byte	.LASF2
 324 0041 03       		.uleb128 0x3
 325 0042 01       		.byte	0x1
 326 0043 06       		.byte	0x6
 327 0044 0D010000 		.4byte	.LASF3
 328 0048 03       		.uleb128 0x3
 329 0049 01       		.byte	0x1
 330 004a 08       		.byte	0x8
 331 004b B5000000 		.4byte	.LASF4
 332 004f 03       		.uleb128 0x3
 333 0050 02       		.byte	0x2
 334 0051 05       		.byte	0x5
 335 0052 36010000 		.4byte	.LASF5
 336 0056 03       		.uleb128 0x3
 337 0057 02       		.byte	0x2
 338 0058 07       		.byte	0x7
 339 0059 FA000000 		.4byte	.LASF6
 340 005d 03       		.uleb128 0x3
 341 005e 04       		.byte	0x4
 342 005f 05       		.byte	0x5
 343 0060 C8000000 		.4byte	.LASF7
 344 0064 03       		.uleb128 0x3
 345 0065 04       		.byte	0x4
 346 0066 07       		.byte	0x7
 347 0067 4E000000 		.4byte	.LASF8
 348 006b 03       		.uleb128 0x3
 349 006c 08       		.byte	0x8
 350 006d 07       		.byte	0x7
 351 006e 6D000000 		.4byte	.LASF9
 352 0072 03       		.uleb128 0x3
 353 0073 04       		.byte	0x4
 354 0074 07       		.byte	0x7
 355 0075 D2010000 		.4byte	.LASF10
 356 0079 03       		.uleb128 0x3
 357 007a 01       		.byte	0x1
 358 007b 08       		.byte	0x8
 359 007c C3000000 		.4byte	.LASF11
 360 0080 04       		.uleb128 0x4
ARM GAS  C:\Users\PC\AppData\Local\Temp\ccbnZ8xo.s 			page 13


 361 0081 48000000 		.4byte	.LASF12
 362 0085 02       		.byte	0x2
 363 0086 FB01     		.2byte	0x1fb
 364 0088 48000000 		.4byte	0x48
 365 008c 04       		.uleb128 0x4
 366 008d 0E000000 		.4byte	.LASF13
 367 0091 02       		.byte	0x2
 368 0092 FD01     		.2byte	0x1fd
 369 0094 64000000 		.4byte	0x64
 370 0098 03       		.uleb128 0x3
 371 0099 04       		.byte	0x4
 372 009a 04       		.byte	0x4
 373 009b 84000000 		.4byte	.LASF14
 374 009f 03       		.uleb128 0x3
 375 00a0 08       		.byte	0x8
 376 00a1 04       		.byte	0x4
 377 00a2 ED000000 		.4byte	.LASF15
 378 00a6 04       		.uleb128 0x4
 379 00a7 F4000000 		.4byte	.LASF16
 380 00ab 02       		.byte	0x2
 381 00ac A702     		.2byte	0x2a7
 382 00ae B2000000 		.4byte	0xb2
 383 00b2 05       		.uleb128 0x5
 384 00b3 8C000000 		.4byte	0x8c
 385 00b7 06       		.uleb128 0x6
 386 00b8 E2000000 		.4byte	.LASF17
 387 00bc 01       		.byte	0x1
 388 00bd A9       		.byte	0xa9
 389 00be 00000000 		.4byte	.LFB4
 390 00c2 64000000 		.4byte	.LFE4-.LFB4
 391 00c6 01       		.uleb128 0x1
 392 00c7 9C       		.byte	0x9c
 393 00c8 DC000000 		.4byte	0xdc
 394 00cc 07       		.uleb128 0x7
 395 00cd 0E000000 		.4byte	.LVL0
 396 00d1 5C010000 		.4byte	0x15c
 397 00d5 08       		.uleb128 0x8
 398 00d6 01       		.uleb128 0x1
 399 00d7 50       		.byte	0x50
 400 00d8 01       		.uleb128 0x1
 401 00d9 48       		.byte	0x48
 402 00da 00       		.byte	0
 403 00db 00       		.byte	0
 404 00dc 09       		.uleb128 0x9
 405 00dd 8A000000 		.4byte	.LASF19
 406 00e1 01       		.byte	0x1
 407 00e2 EF       		.byte	0xef
 408 00e3 00000000 		.4byte	.LFB6
 409 00e7 38000000 		.4byte	.LFE6-.LFB6
 410 00eb 01       		.uleb128 0x1
 411 00ec 9C       		.byte	0x9c
 412 00ed 0E010000 		.4byte	0x10e
 413 00f1 0A       		.uleb128 0xa
 414 00f2 25010000 		.4byte	.LASF24
 415 00f6 01       		.byte	0x1
 416 00f7 EF       		.byte	0xef
 417 00f8 80000000 		.4byte	0x80
ARM GAS  C:\Users\PC\AppData\Local\Temp\ccbnZ8xo.s 			page 14


 418 00fc 01       		.uleb128 0x1
 419 00fd 50       		.byte	0x50
 420 00fe 0B       		.uleb128 0xb
 421 00ff 2D010000 		.4byte	.LASF25
 422 0103 01       		.byte	0x1
 423 0104 F1       		.byte	0xf1
 424 0105 8C000000 		.4byte	0x8c
 425 0109 00000000 		.4byte	.LLST0
 426 010d 00       		.byte	0
 427 010e 06       		.uleb128 0x6
 428 010f D1000000 		.4byte	.LASF18
 429 0113 01       		.byte	0x1
 430 0114 D8       		.byte	0xd8
 431 0115 00000000 		.4byte	.LFB5
 432 0119 14000000 		.4byte	.LFE5-.LFB5
 433 011d 01       		.uleb128 0x1
 434 011e 9C       		.byte	0x9c
 435 011f 33010000 		.4byte	0x133
 436 0123 07       		.uleb128 0x7
 437 0124 0E000000 		.4byte	.LVL10
 438 0128 DC000000 		.4byte	0xdc
 439 012c 08       		.uleb128 0x8
 440 012d 01       		.uleb128 0x1
 441 012e 50       		.byte	0x50
 442 012f 01       		.uleb128 0x1
 443 0130 31       		.byte	0x31
 444 0131 00       		.byte	0
 445 0132 00       		.byte	0
 446 0133 0C       		.uleb128 0xc
 447 0134 60000000 		.4byte	.LASF20
 448 0138 01       		.byte	0x1
 449 0139 1B01     		.2byte	0x11b
 450 013b 64000000 		.4byte	.LFB7
 451 013f 80000000 		.4byte	.LFE7-.LFB7
 452 0143 01       		.uleb128 0x1
 453 0144 9C       		.byte	0x9c
 454 0145 5C010000 		.4byte	0x15c
 455 0149 0D       		.uleb128 0xd
 456 014a AE000000 		.4byte	.LVL11
 457 014e B7000000 		.4byte	0xb7
 458 0152 0D       		.uleb128 0xd
 459 0153 B2000000 		.4byte	.LVL12
 460 0157 0E010000 		.4byte	0x10e
 461 015b 00       		.byte	0
 462 015c 0E       		.uleb128 0xe
 463 015d A0000000 		.4byte	.LASF26
 464 0161 A0000000 		.4byte	.LASF26
 465 0165 03       		.byte	0x3
 466 0166 6C       		.byte	0x6c
 467 0167 00       		.byte	0
 468              		.section	.debug_abbrev,"",%progbits
 469              	.Ldebug_abbrev0:
 470 0000 01       		.uleb128 0x1
 471 0001 11       		.uleb128 0x11
 472 0002 01       		.byte	0x1
 473 0003 25       		.uleb128 0x25
 474 0004 0E       		.uleb128 0xe
ARM GAS  C:\Users\PC\AppData\Local\Temp\ccbnZ8xo.s 			page 15


 475 0005 13       		.uleb128 0x13
 476 0006 0B       		.uleb128 0xb
 477 0007 03       		.uleb128 0x3
 478 0008 0E       		.uleb128 0xe
 479 0009 1B       		.uleb128 0x1b
 480 000a 0E       		.uleb128 0xe
 481 000b 55       		.uleb128 0x55
 482 000c 17       		.uleb128 0x17
 483 000d 11       		.uleb128 0x11
 484 000e 01       		.uleb128 0x1
 485 000f 10       		.uleb128 0x10
 486 0010 17       		.uleb128 0x17
 487 0011 00       		.byte	0
 488 0012 00       		.byte	0
 489 0013 02       		.uleb128 0x2
 490 0014 24       		.uleb128 0x24
 491 0015 00       		.byte	0
 492 0016 0B       		.uleb128 0xb
 493 0017 0B       		.uleb128 0xb
 494 0018 3E       		.uleb128 0x3e
 495 0019 0B       		.uleb128 0xb
 496 001a 03       		.uleb128 0x3
 497 001b 08       		.uleb128 0x8
 498 001c 00       		.byte	0
 499 001d 00       		.byte	0
 500 001e 03       		.uleb128 0x3
 501 001f 24       		.uleb128 0x24
 502 0020 00       		.byte	0
 503 0021 0B       		.uleb128 0xb
 504 0022 0B       		.uleb128 0xb
 505 0023 3E       		.uleb128 0x3e
 506 0024 0B       		.uleb128 0xb
 507 0025 03       		.uleb128 0x3
 508 0026 0E       		.uleb128 0xe
 509 0027 00       		.byte	0
 510 0028 00       		.byte	0
 511 0029 04       		.uleb128 0x4
 512 002a 16       		.uleb128 0x16
 513 002b 00       		.byte	0
 514 002c 03       		.uleb128 0x3
 515 002d 0E       		.uleb128 0xe
 516 002e 3A       		.uleb128 0x3a
 517 002f 0B       		.uleb128 0xb
 518 0030 3B       		.uleb128 0x3b
 519 0031 05       		.uleb128 0x5
 520 0032 49       		.uleb128 0x49
 521 0033 13       		.uleb128 0x13
 522 0034 00       		.byte	0
 523 0035 00       		.byte	0
 524 0036 05       		.uleb128 0x5
 525 0037 35       		.uleb128 0x35
 526 0038 00       		.byte	0
 527 0039 49       		.uleb128 0x49
 528 003a 13       		.uleb128 0x13
 529 003b 00       		.byte	0
 530 003c 00       		.byte	0
 531 003d 06       		.uleb128 0x6
ARM GAS  C:\Users\PC\AppData\Local\Temp\ccbnZ8xo.s 			page 16


 532 003e 2E       		.uleb128 0x2e
 533 003f 01       		.byte	0x1
 534 0040 03       		.uleb128 0x3
 535 0041 0E       		.uleb128 0xe
 536 0042 3A       		.uleb128 0x3a
 537 0043 0B       		.uleb128 0xb
 538 0044 3B       		.uleb128 0x3b
 539 0045 0B       		.uleb128 0xb
 540 0046 27       		.uleb128 0x27
 541 0047 19       		.uleb128 0x19
 542 0048 11       		.uleb128 0x11
 543 0049 01       		.uleb128 0x1
 544 004a 12       		.uleb128 0x12
 545 004b 06       		.uleb128 0x6
 546 004c 40       		.uleb128 0x40
 547 004d 18       		.uleb128 0x18
 548 004e 9742     		.uleb128 0x2117
 549 0050 19       		.uleb128 0x19
 550 0051 01       		.uleb128 0x1
 551 0052 13       		.uleb128 0x13
 552 0053 00       		.byte	0
 553 0054 00       		.byte	0
 554 0055 07       		.uleb128 0x7
 555 0056 898201   		.uleb128 0x4109
 556 0059 01       		.byte	0x1
 557 005a 11       		.uleb128 0x11
 558 005b 01       		.uleb128 0x1
 559 005c 31       		.uleb128 0x31
 560 005d 13       		.uleb128 0x13
 561 005e 00       		.byte	0
 562 005f 00       		.byte	0
 563 0060 08       		.uleb128 0x8
 564 0061 8A8201   		.uleb128 0x410a
 565 0064 00       		.byte	0
 566 0065 02       		.uleb128 0x2
 567 0066 18       		.uleb128 0x18
 568 0067 9142     		.uleb128 0x2111
 569 0069 18       		.uleb128 0x18
 570 006a 00       		.byte	0
 571 006b 00       		.byte	0
 572 006c 09       		.uleb128 0x9
 573 006d 2E       		.uleb128 0x2e
 574 006e 01       		.byte	0x1
 575 006f 3F       		.uleb128 0x3f
 576 0070 19       		.uleb128 0x19
 577 0071 03       		.uleb128 0x3
 578 0072 0E       		.uleb128 0xe
 579 0073 3A       		.uleb128 0x3a
 580 0074 0B       		.uleb128 0xb
 581 0075 3B       		.uleb128 0x3b
 582 0076 0B       		.uleb128 0xb
 583 0077 27       		.uleb128 0x27
 584 0078 19       		.uleb128 0x19
 585 0079 11       		.uleb128 0x11
 586 007a 01       		.uleb128 0x1
 587 007b 12       		.uleb128 0x12
 588 007c 06       		.uleb128 0x6
ARM GAS  C:\Users\PC\AppData\Local\Temp\ccbnZ8xo.s 			page 17


 589 007d 40       		.uleb128 0x40
 590 007e 18       		.uleb128 0x18
 591 007f 9742     		.uleb128 0x2117
 592 0081 19       		.uleb128 0x19
 593 0082 01       		.uleb128 0x1
 594 0083 13       		.uleb128 0x13
 595 0084 00       		.byte	0
 596 0085 00       		.byte	0
 597 0086 0A       		.uleb128 0xa
 598 0087 05       		.uleb128 0x5
 599 0088 00       		.byte	0
 600 0089 03       		.uleb128 0x3
 601 008a 0E       		.uleb128 0xe
 602 008b 3A       		.uleb128 0x3a
 603 008c 0B       		.uleb128 0xb
 604 008d 3B       		.uleb128 0x3b
 605 008e 0B       		.uleb128 0xb
 606 008f 49       		.uleb128 0x49
 607 0090 13       		.uleb128 0x13
 608 0091 02       		.uleb128 0x2
 609 0092 18       		.uleb128 0x18
 610 0093 00       		.byte	0
 611 0094 00       		.byte	0
 612 0095 0B       		.uleb128 0xb
 613 0096 34       		.uleb128 0x34
 614 0097 00       		.byte	0
 615 0098 03       		.uleb128 0x3
 616 0099 0E       		.uleb128 0xe
 617 009a 3A       		.uleb128 0x3a
 618 009b 0B       		.uleb128 0xb
 619 009c 3B       		.uleb128 0x3b
 620 009d 0B       		.uleb128 0xb
 621 009e 49       		.uleb128 0x49
 622 009f 13       		.uleb128 0x13
 623 00a0 02       		.uleb128 0x2
 624 00a1 17       		.uleb128 0x17
 625 00a2 00       		.byte	0
 626 00a3 00       		.byte	0
 627 00a4 0C       		.uleb128 0xc
 628 00a5 2E       		.uleb128 0x2e
 629 00a6 01       		.byte	0x1
 630 00a7 3F       		.uleb128 0x3f
 631 00a8 19       		.uleb128 0x19
 632 00a9 03       		.uleb128 0x3
 633 00aa 0E       		.uleb128 0xe
 634 00ab 3A       		.uleb128 0x3a
 635 00ac 0B       		.uleb128 0xb
 636 00ad 3B       		.uleb128 0x3b
 637 00ae 05       		.uleb128 0x5
 638 00af 27       		.uleb128 0x27
 639 00b0 19       		.uleb128 0x19
 640 00b1 11       		.uleb128 0x11
 641 00b2 01       		.uleb128 0x1
 642 00b3 12       		.uleb128 0x12
 643 00b4 06       		.uleb128 0x6
 644 00b5 40       		.uleb128 0x40
 645 00b6 18       		.uleb128 0x18
ARM GAS  C:\Users\PC\AppData\Local\Temp\ccbnZ8xo.s 			page 18


 646 00b7 9742     		.uleb128 0x2117
 647 00b9 19       		.uleb128 0x19
 648 00ba 01       		.uleb128 0x1
 649 00bb 13       		.uleb128 0x13
 650 00bc 00       		.byte	0
 651 00bd 00       		.byte	0
 652 00be 0D       		.uleb128 0xd
 653 00bf 898201   		.uleb128 0x4109
 654 00c2 00       		.byte	0
 655 00c3 11       		.uleb128 0x11
 656 00c4 01       		.uleb128 0x1
 657 00c5 31       		.uleb128 0x31
 658 00c6 13       		.uleb128 0x13
 659 00c7 00       		.byte	0
 660 00c8 00       		.byte	0
 661 00c9 0E       		.uleb128 0xe
 662 00ca 2E       		.uleb128 0x2e
 663 00cb 00       		.byte	0
 664 00cc 3F       		.uleb128 0x3f
 665 00cd 19       		.uleb128 0x19
 666 00ce 3C       		.uleb128 0x3c
 667 00cf 19       		.uleb128 0x19
 668 00d0 6E       		.uleb128 0x6e
 669 00d1 0E       		.uleb128 0xe
 670 00d2 03       		.uleb128 0x3
 671 00d3 0E       		.uleb128 0xe
 672 00d4 3A       		.uleb128 0x3a
 673 00d5 0B       		.uleb128 0xb
 674 00d6 3B       		.uleb128 0x3b
 675 00d7 0B       		.uleb128 0xb
 676 00d8 00       		.byte	0
 677 00d9 00       		.byte	0
 678 00da 00       		.byte	0
 679              		.section	.debug_loc,"",%progbits
 680              	.Ldebug_loc0:
 681              	.LLST0:
 682 0000 04000000 		.4byte	.LVL2
 683 0004 12000000 		.4byte	.LVL4
 684 0008 0100     		.2byte	0x1
 685 000a 53       		.byte	0x53
 686 000b 14000000 		.4byte	.LVL5
 687 000f 1A000000 		.4byte	.LVL6
 688 0013 0100     		.2byte	0x1
 689 0015 53       		.byte	0x53
 690 0016 1A000000 		.4byte	.LVL6
 691 001a 1C000000 		.4byte	.LVL7
 692 001e 0200     		.2byte	0x2
 693 0020 72       		.byte	0x72
 694 0021 00       		.sleb128 0
 695 0022 1C000000 		.4byte	.LVL7
 696 0026 38000000 		.4byte	.LFE6
 697 002a 0100     		.2byte	0x1
 698 002c 53       		.byte	0x53
 699 002d 00000000 		.4byte	0
 700 0031 00000000 		.4byte	0
 701              		.section	.debug_aranges,"",%progbits
 702 0000 34000000 		.4byte	0x34
ARM GAS  C:\Users\PC\AppData\Local\Temp\ccbnZ8xo.s 			page 19


 703 0004 0200     		.2byte	0x2
 704 0006 00000000 		.4byte	.Ldebug_info0
 705 000a 04       		.byte	0x4
 706 000b 00       		.byte	0
 707 000c 0000     		.2byte	0
 708 000e 0000     		.2byte	0
 709 0010 00000000 		.4byte	.LFB4
 710 0014 64000000 		.4byte	.LFE4-.LFB4
 711 0018 00000000 		.4byte	.LFB6
 712 001c 38000000 		.4byte	.LFE6-.LFB6
 713 0020 00000000 		.4byte	.LFB5
 714 0024 14000000 		.4byte	.LFE5-.LFB5
 715 0028 64000000 		.4byte	.LFB7
 716 002c 80000000 		.4byte	.LFE7-.LFB7
 717 0030 00000000 		.4byte	0
 718 0034 00000000 		.4byte	0
 719              		.section	.debug_ranges,"",%progbits
 720              	.Ldebug_ranges0:
 721 0000 00000000 		.4byte	.LFB4
 722 0004 64000000 		.4byte	.LFE4
 723 0008 00000000 		.4byte	.LFB6
 724 000c 38000000 		.4byte	.LFE6
 725 0010 00000000 		.4byte	.LFB5
 726 0014 14000000 		.4byte	.LFE5
 727 0018 64000000 		.4byte	.LFB7
 728 001c E4000000 		.4byte	.LFE7
 729 0020 00000000 		.4byte	0
 730 0024 00000000 		.4byte	0
 731              		.section	.debug_line,"",%progbits
 732              	.Ldebug_line0:
 733 0000 B7000000 		.section	.debug_str,"MS",%progbits,1
 733      02005400 
 733      00000201 
 733      FB0E0D00 
 733      01010101 
 734              	.LASF1:
 735 0000 6C6F6E67 		.ascii	"long long int\000"
 735      206C6F6E 
 735      6720696E 
 735      7400
 736              	.LASF13:
 737 000e 75696E74 		.ascii	"uint32\000"
 737      333200
 738              	.LASF22:
 739 0015 47656E65 		.ascii	"Generated_Source\\PSoC4\\cyfitter_cfg.c\000"
 739      72617465 
 739      645F536F 
 739      75726365 
 739      5C50536F 
 740              	.LASF0:
 741 003b 756E7369 		.ascii	"unsigned int\000"
 741      676E6564 
 741      20696E74 
 741      00
 742              	.LASF12:
 743 0048 75696E74 		.ascii	"uint8\000"
 743      3800
ARM GAS  C:\Users\PC\AppData\Local\Temp\ccbnZ8xo.s 			page 20


 744              	.LASF8:
 745 004e 6C6F6E67 		.ascii	"long unsigned int\000"
 745      20756E73 
 745      69676E65 
 745      6420696E 
 745      7400
 746              	.LASF20:
 747 0060 63796669 		.ascii	"cyfitter_cfg\000"
 747      74746572 
 747      5F636667 
 747      00
 748              	.LASF9:
 749 006d 6C6F6E67 		.ascii	"long long unsigned int\000"
 749      206C6F6E 
 749      6720756E 
 749      7369676E 
 749      65642069 
 750              	.LASF14:
 751 0084 666C6F61 		.ascii	"float\000"
 751      7400
 752              	.LASF19:
 753 008a 53657441 		.ascii	"SetAnalogRoutingPumps\000"
 753      6E616C6F 
 753      67526F75 
 753      74696E67 
 753      50756D70 
 754              	.LASF26:
 755 00a0 43795379 		.ascii	"CySysClkWriteImoFreq\000"
 755      73436C6B 
 755      57726974 
 755      65496D6F 
 755      46726571 
 756              	.LASF4:
 757 00b5 756E7369 		.ascii	"unsigned char\000"
 757      676E6564 
 757      20636861 
 757      7200
 758              	.LASF11:
 759 00c3 63686172 		.ascii	"char\000"
 759      00
 760              	.LASF7:
 761 00c8 6C6F6E67 		.ascii	"long int\000"
 761      20696E74 
 761      00
 762              	.LASF18:
 763 00d1 416E616C 		.ascii	"AnalogSetDefault\000"
 763      6F675365 
 763      74446566 
 763      61756C74 
 763      00
 764              	.LASF17:
 765 00e2 436C6F63 		.ascii	"ClockSetup\000"
 765      6B536574 
 765      757000
 766              	.LASF15:
 767 00ed 646F7562 		.ascii	"double\000"
 767      6C6500
ARM GAS  C:\Users\PC\AppData\Local\Temp\ccbnZ8xo.s 			page 21


 768              	.LASF16:
 769 00f4 72656733 		.ascii	"reg32\000"
 769      3200
 770              	.LASF6:
 771 00fa 73686F72 		.ascii	"short unsigned int\000"
 771      7420756E 
 771      7369676E 
 771      65642069 
 771      6E7400
 772              	.LASF3:
 773 010d 7369676E 		.ascii	"signed char\000"
 773      65642063 
 773      68617200 
 774              	.LASF2:
 775 0119 6C6F6E67 		.ascii	"long double\000"
 775      20646F75 
 775      626C6500 
 776              	.LASF24:
 777 0125 656E6162 		.ascii	"enabled\000"
 777      6C656400 
 778              	.LASF25:
 779 012d 72656756 		.ascii	"regValue\000"
 779      616C7565 
 779      00
 780              	.LASF5:
 781 0136 73686F72 		.ascii	"short int\000"
 781      7420696E 
 781      7400
 782              	.LASF21:
 783 0140 474E5520 		.ascii	"GNU C11 5.4.1 20160609 (release) [ARM/embedded-5-br"
 783      43313120 
 783      352E342E 
 783      31203230 
 783      31363036 
 784 0173 616E6368 		.ascii	"anch revision 237715] -mcpu=cortex-m0plus -mthumb -"
 784      20726576 
 784      6973696F 
 784      6E203233 
 784      37373135 
 785 01a6 67202D4F 		.ascii	"g -Og -ffunction-sections -ffat-lto-objects\000"
 785      67202D66 
 785      66756E63 
 785      74696F6E 
 785      2D736563 
 786              	.LASF10:
 787 01d2 73697A65 		.ascii	"sizetype\000"
 787      74797065 
 787      00
 788              	.LASF23:
 789 01db 433A5C55 		.ascii	"C:\\Users\\PC\\Documents\\PSoC Creator\\yellowChip\\"
 789      73657273 
 789      5C50435C 
 789      446F6375 
 789      6D656E74 
 790 0209 5247425F 		.ascii	"RGB_Led.cydsn\000"
 790      4C65642E 
 790      63796473 
ARM GAS  C:\Users\PC\AppData\Local\Temp\ccbnZ8xo.s 			page 22


 790      6E00
 791              		.ident	"GCC: (GNU Tools for ARM Embedded Processors) 5.4.1 20160609 (release) [ARM/embedded-5-bran
