ARM GAS  C:\Users\PC\AppData\Local\Temp\ccfE62Ib.s 			page 1


   1              		.syntax unified
   2              		.cpu cortex-m0plus
   3              		.fpu softvfp
   4              		.eabi_attribute 20, 1
   5              		.eabi_attribute 21, 1
   6              		.eabi_attribute 23, 3
   7              		.eabi_attribute 24, 1
   8              		.eabi_attribute 25, 1
   9              		.eabi_attribute 26, 1
  10              		.eabi_attribute 30, 1
  11              		.eabi_attribute 34, 0
  12              		.eabi_attribute 18, 4
  13              		.thumb
  14              		.syntax unified
  15              		.file	"main.c"
  16              		.text
  17              	.Ltext0:
  18              		.cfi_sections	.debug_frame
  19              		.section	.text.println,"ax",%progbits
  20              		.align	2
  21              		.global	println
  22              		.code	16
  23              		.thumb_func
  24              		.type	println, %function
  25              	println:
  26              	.LFB34:
  27              		.file 1 "main.c"
   1:main.c        **** /* ========================================
   2:main.c        ****  *
   3:main.c        ****  * Copyright YOUR COMPANY, THE YEAR
   4:main.c        ****  * All Rights Reserved
   5:main.c        ****  * UNPUBLISHED, LICENSED SOFTWARE.
   6:main.c        ****  *
   7:main.c        ****  * CONFIDENTIAL AND PROPRIETARY INFORMATION
   8:main.c        ****  * WHICH IS THE PROPERTY OF your company.
   9:main.c        ****  *
  10:main.c        ****  * ========================================
  11:main.c        **** */
  12:main.c        **** #include <stdio.h>
  13:main.c        **** #include <math.h>
  14:main.c        **** #include "project.h"
  15:main.c        **** 
  16:main.c        **** typedef char *String;
  17:main.c        **** 
  18:main.c        **** void println(String str){
  28              		.loc 1 18 0
  29              		.cfi_startproc
  30              		@ args = 0, pretend = 0, frame = 0
  31              		@ frame_needed = 0, uses_anonymous_args = 0
  32              	.LVL0:
  33 0000 10B5     		push	{r4, lr}
  34              		.cfi_def_cfa_offset 8
  35              		.cfi_offset 4, -8
  36              		.cfi_offset 14, -4
  19:main.c        ****     mUART_UartPutString(str);
  37              		.loc 1 19 0
  38 0002 FFF7FEFF 		bl	mUART_UartPutString
ARM GAS  C:\Users\PC\AppData\Local\Temp\ccfE62Ib.s 			page 2


  39              	.LVL1:
  20:main.c        ****     mUART_UartPutString("\n");
  40              		.loc 1 20 0
  41 0006 0248     		ldr	r0, .L2
  42 0008 FFF7FEFF 		bl	mUART_UartPutString
  43              	.LVL2:
  21:main.c        **** }
  44              		.loc 1 21 0
  45              		@ sp needed
  46 000c 10BD     		pop	{r4, pc}
  47              	.L3:
  48 000e C046     		.align	2
  49              	.L2:
  50 0010 00000000 		.word	.LC0
  51              		.cfi_endproc
  52              	.LFE34:
  53              		.size	println, .-println
  54              		.section	.text.publicSetUp,"ax",%progbits
  55              		.align	2
  56              		.global	publicSetUp
  57              		.code	16
  58              		.thumb_func
  59              		.type	publicSetUp, %function
  60              	publicSetUp:
  61              	.LFB35:
  22:main.c        **** 
  23:main.c        **** typedef struct _System{
  24:main.c        ****     struct _IN{   
  25:main.c        ****     
  26:main.c        ****     }in;
  27:main.c        ****     struct _OUT{
  28:main.c        ****         void (*println)(String);
  29:main.c        ****     }out;
  30:main.c        **** }system;
  31:main.c        **** 
  32:main.c        **** void publicSetUp(system *System){
  62              		.loc 1 32 0
  63              		.cfi_startproc
  64              		@ args = 0, pretend = 0, frame = 0
  65              		@ frame_needed = 0, uses_anonymous_args = 0
  66              		@ link register save eliminated.
  67              	.LVL3:
  33:main.c        ****     System->out.println = println;
  68              		.loc 1 33 0
  69 0000 014B     		ldr	r3, .L5
  70 0002 0360     		str	r3, [r0]
  34:main.c        **** }
  71              		.loc 1 34 0
  72              		@ sp needed
  73 0004 7047     		bx	lr
  74              	.L6:
  75 0006 C046     		.align	2
  76              	.L5:
  77 0008 00000000 		.word	println
  78              		.cfi_endproc
  79              	.LFE35:
  80              		.size	publicSetUp, .-publicSetUp
ARM GAS  C:\Users\PC\AppData\Local\Temp\ccfE62Ib.s 			page 3


  81              		.section	.text.privateSetUp,"ax",%progbits
  82              		.align	2
  83              		.global	privateSetUp
  84              		.code	16
  85              		.thumb_func
  86              		.type	privateSetUp, %function
  87              	privateSetUp:
  88              	.LFB36:
  35:main.c        **** 
  36:main.c        **** void privateSetUp(system *System){
  89              		.loc 1 36 0
  90              		.cfi_startproc
  91              		@ args = 0, pretend = 0, frame = 0
  92              		@ frame_needed = 0, uses_anonymous_args = 0
  93              	.LVL4:
  94 0000 10B5     		push	{r4, lr}
  95              		.cfi_def_cfa_offset 8
  96              		.cfi_offset 4, -8
  97              		.cfi_offset 14, -4
  37:main.c        ****     publicSetUp(System);
  98              		.loc 1 37 0
  99 0002 FFF7FEFF 		bl	publicSetUp
 100              	.LVL5:
  38:main.c        **** }
 101              		.loc 1 38 0
 102              		@ sp needed
 103 0006 10BD     		pop	{r4, pc}
 104              		.cfi_endproc
 105              	.LFE36:
 106              		.size	privateSetUp, .-privateSetUp
 107              		.global	__aeabi_dadd
 108              		.global	__aeabi_dcmpge
 109              		.global	__aeabi_dsub
 110              		.global	__aeabi_dmul
 111              		.global	__aeabi_ddiv
 112              		.global	__aeabi_d2iz
 113              		.section	.text.main,"ax",%progbits
 114              		.align	2
 115              		.global	main
 116              		.code	16
 117              		.thumb_func
 118              		.type	main, %function
 119              	main:
 120              	.LFB37:
  39:main.c        **** 
  40:main.c        **** int main(void)
  41:main.c        **** {
 121              		.loc 1 41 0
 122              		.cfi_startproc
 123              		@ args = 0, pretend = 0, frame = 64
 124              		@ frame_needed = 0, uses_anonymous_args = 0
 125 0000 F0B5     		push	{r4, r5, r6, r7, lr}
 126              		.cfi_def_cfa_offset 20
 127              		.cfi_offset 4, -20
 128              		.cfi_offset 5, -16
 129              		.cfi_offset 6, -12
 130              		.cfi_offset 7, -8
ARM GAS  C:\Users\PC\AppData\Local\Temp\ccfE62Ib.s 			page 4


 131              		.cfi_offset 14, -4
 132 0002 93B0     		sub	sp, sp, #76
 133              		.cfi_def_cfa_offset 96
  42:main.c        ****     CyGlobalIntEnable; /* Enable global interrupts. */
 134              		.loc 1 42 0
 135              		.syntax divided
 136              	@ 42 "main.c" 1
 137 0004 62B6     		CPSIE   i
 138              	@ 0 "" 2
 139              	.LVL6:
  43:main.c        ****     
  44:main.c        ****     system System;
  45:main.c        ****     double angleR = 0,angleG = 120, angleB = 240;
  46:main.c        ****     
  47:main.c        ****     /* Place your initialization/startup code here (e.g. MyInst_Start()) */
  48:main.c        ****     publicSetUp(&System);
 140              		.loc 1 48 0
 141              		.thumb
 142              		.syntax unified
 143 0006 11A8     		add	r0, sp, #68
 144 0008 FFF7FEFF 		bl	publicSetUp
 145              	.LVL7:
  49:main.c        ****     mUART_Start();
 146              		.loc 1 49 0
 147 000c FFF7FEFF 		bl	mUART_Start
 148              	.LVL8:
  50:main.c        ****     mPWM0_Start();
 149              		.loc 1 50 0
 150 0010 FFF7FEFF 		bl	mPWM0_Start
 151              	.LVL9:
  51:main.c        ****     mPWM1_Start();
 152              		.loc 1 51 0
 153 0014 FFF7FEFF 		bl	mPWM1_Start
 154              	.LVL10:
  52:main.c        ****     mPWM2_Start();
 155              		.loc 1 52 0
 156 0018 FFF7FEFF 		bl	mPWM2_Start
 157              	.LVL11:
  45:main.c        ****     
 158              		.loc 1 45 0
 159 001c 0023     		movs	r3, #0
 160 001e 584C     		ldr	r4, .L19
 161 0020 0293     		str	r3, [sp, #8]
 162 0022 0394     		str	r4, [sp, #12]
 163 0024 0026     		movs	r6, #0
 164 0026 574F     		ldr	r7, .L19+4
 165 0028 0023     		movs	r3, #0
 166 002a 0024     		movs	r4, #0
 167 002c 0493     		str	r3, [sp, #16]
 168 002e 0594     		str	r4, [sp, #20]
 169              	.LVL12:
 170              	.L15:
 171              	.LBB2:
  53:main.c        ****     for(;;)
  54:main.c        ****     {   
  55:main.c        ****         angleR++;
 172              		.loc 1 55 0
ARM GAS  C:\Users\PC\AppData\Local\Temp\ccfE62Ib.s 			page 5


 173 0030 0022     		movs	r2, #0
 174 0032 554B     		ldr	r3, .L19+8
 175 0034 0498     		ldr	r0, [sp, #16]
 176 0036 0599     		ldr	r1, [sp, #20]
 177 0038 FFF7FEFF 		bl	__aeabi_dadd
 178              	.LVL13:
 179 003c 0400     		movs	r4, r0
 180 003e 0D00     		movs	r5, r1
 181 0040 0494     		str	r4, [sp, #16]
 182 0042 0595     		str	r5, [sp, #20]
 183              	.LVL14:
  56:main.c        ****         angleG++;
 184              		.loc 1 56 0
 185 0044 0022     		movs	r2, #0
 186 0046 504B     		ldr	r3, .L19+8
 187 0048 3000     		movs	r0, r6
 188 004a 3900     		movs	r1, r7
 189 004c FFF7FEFF 		bl	__aeabi_dadd
 190              	.LVL15:
 191 0050 0600     		movs	r6, r0
 192              	.LVL16:
 193 0052 0F00     		movs	r7, r1
 194              	.LVL17:
  57:main.c        ****         angleB++;
 195              		.loc 1 57 0
 196 0054 0022     		movs	r2, #0
 197 0056 4C4B     		ldr	r3, .L19+8
 198 0058 0298     		ldr	r0, [sp, #8]
 199 005a 0399     		ldr	r1, [sp, #12]
 200 005c FFF7FEFF 		bl	__aeabi_dadd
 201              	.LVL18:
 202 0060 0290     		str	r0, [sp, #8]
 203 0062 0391     		str	r1, [sp, #12]
 204              	.LVL19:
  58:main.c        ****         if(angleR >= 360) angleR -= 360;
 205              		.loc 1 58 0
 206 0064 0022     		movs	r2, #0
 207 0066 494B     		ldr	r3, .L19+12
 208 0068 2000     		movs	r0, r4
 209              	.LVL20:
 210 006a 2900     		movs	r1, r5
 211 006c FFF7FEFF 		bl	__aeabi_dcmpge
 212              	.LVL21:
 213 0070 0028     		cmp	r0, #0
 214 0072 07D0     		beq	.L9
 215              		.loc 1 58 0 is_stmt 0 discriminator 1
 216 0074 0022     		movs	r2, #0
 217 0076 454B     		ldr	r3, .L19+12
 218 0078 2000     		movs	r0, r4
 219 007a 2900     		movs	r1, r5
 220 007c FFF7FEFF 		bl	__aeabi_dsub
 221              	.LVL22:
 222 0080 0490     		str	r0, [sp, #16]
 223 0082 0591     		str	r1, [sp, #20]
 224              	.LVL23:
 225              	.L9:
  59:main.c        ****         if(angleG >= 360) angleG -= 360; 
ARM GAS  C:\Users\PC\AppData\Local\Temp\ccfE62Ib.s 			page 6


 226              		.loc 1 59 0 is_stmt 1
 227 0084 0022     		movs	r2, #0
 228 0086 414B     		ldr	r3, .L19+12
 229 0088 3000     		movs	r0, r6
 230 008a 3900     		movs	r1, r7
 231 008c FFF7FEFF 		bl	__aeabi_dcmpge
 232              	.LVL24:
 233 0090 0028     		cmp	r0, #0
 234 0092 07D0     		beq	.L11
 235              		.loc 1 59 0 is_stmt 0 discriminator 1
 236 0094 0022     		movs	r2, #0
 237 0096 3D4B     		ldr	r3, .L19+12
 238 0098 3000     		movs	r0, r6
 239 009a 3900     		movs	r1, r7
 240 009c FFF7FEFF 		bl	__aeabi_dsub
 241              	.LVL25:
 242 00a0 0600     		movs	r6, r0
 243              	.LVL26:
 244 00a2 0F00     		movs	r7, r1
 245              	.LVL27:
 246              	.L11:
  60:main.c        ****         if(angleB >= 360) angleB -= 360;
 247              		.loc 1 60 0 is_stmt 1
 248 00a4 0022     		movs	r2, #0
 249 00a6 394B     		ldr	r3, .L19+12
 250 00a8 029C     		ldr	r4, [sp, #8]
 251 00aa 039D     		ldr	r5, [sp, #12]
 252 00ac 2000     		movs	r0, r4
 253 00ae 2900     		movs	r1, r5
 254 00b0 FFF7FEFF 		bl	__aeabi_dcmpge
 255              	.LVL28:
 256 00b4 0028     		cmp	r0, #0
 257 00b6 07D0     		beq	.L13
 258              		.loc 1 60 0 is_stmt 0 discriminator 1
 259 00b8 0022     		movs	r2, #0
 260 00ba 344B     		ldr	r3, .L19+12
 261 00bc 2000     		movs	r0, r4
 262 00be 2900     		movs	r1, r5
 263 00c0 FFF7FEFF 		bl	__aeabi_dsub
 264              	.LVL29:
 265 00c4 0290     		str	r0, [sp, #8]
 266 00c6 0391     		str	r1, [sp, #12]
 267              	.LVL30:
 268              	.L13:
  61:main.c        ****         int valR = (int)(sin(angleR * 3.14 / 180) * 500 + 500);
 269              		.loc 1 61 0 is_stmt 1
 270 00c8 314A     		ldr	r2, .L19+16
 271 00ca 324B     		ldr	r3, .L19+20
 272 00cc 0498     		ldr	r0, [sp, #16]
 273 00ce 0599     		ldr	r1, [sp, #20]
 274 00d0 FFF7FEFF 		bl	__aeabi_dmul
 275              	.LVL31:
 276 00d4 0022     		movs	r2, #0
 277 00d6 304B     		ldr	r3, .L19+24
 278 00d8 FFF7FEFF 		bl	__aeabi_ddiv
 279              	.LVL32:
 280 00dc FFF7FEFF 		bl	sin
ARM GAS  C:\Users\PC\AppData\Local\Temp\ccfE62Ib.s 			page 7


 281              	.LVL33:
 282 00e0 0022     		movs	r2, #0
 283 00e2 2E4B     		ldr	r3, .L19+28
 284 00e4 FFF7FEFF 		bl	__aeabi_dmul
 285              	.LVL34:
 286 00e8 0022     		movs	r2, #0
 287 00ea 2C4B     		ldr	r3, .L19+28
 288 00ec FFF7FEFF 		bl	__aeabi_dadd
 289              	.LVL35:
 290 00f0 FFF7FEFF 		bl	__aeabi_d2iz
 291              	.LVL36:
 292 00f4 0790     		str	r0, [sp, #28]
 293              	.LVL37:
  62:main.c        ****         int valG = (int)(sin(angleG * 3.14 / 180) * 500 + 500);
 294              		.loc 1 62 0
 295 00f6 264A     		ldr	r2, .L19+16
 296 00f8 264B     		ldr	r3, .L19+20
 297 00fa 3000     		movs	r0, r6
 298              	.LVL38:
 299 00fc 3900     		movs	r1, r7
 300 00fe FFF7FEFF 		bl	__aeabi_dmul
 301              	.LVL39:
 302 0102 0022     		movs	r2, #0
 303 0104 244B     		ldr	r3, .L19+24
 304 0106 FFF7FEFF 		bl	__aeabi_ddiv
 305              	.LVL40:
 306 010a FFF7FEFF 		bl	sin
 307              	.LVL41:
 308 010e 0022     		movs	r2, #0
 309 0110 224B     		ldr	r3, .L19+28
 310 0112 FFF7FEFF 		bl	__aeabi_dmul
 311              	.LVL42:
 312 0116 0022     		movs	r2, #0
 313 0118 204B     		ldr	r3, .L19+28
 314 011a FFF7FEFF 		bl	__aeabi_dadd
 315              	.LVL43:
 316 011e FFF7FEFF 		bl	__aeabi_d2iz
 317              	.LVL44:
 318 0122 0500     		movs	r5, r0
 319              	.LVL45:
  63:main.c        ****         int valB = (int)(sin(angleB * 3.14 / 180) * 500 + 500);
 320              		.loc 1 63 0
 321 0124 1A4A     		ldr	r2, .L19+16
 322 0126 1B4B     		ldr	r3, .L19+20
 323 0128 0298     		ldr	r0, [sp, #8]
 324 012a 0399     		ldr	r1, [sp, #12]
 325              	.LVL46:
 326 012c FFF7FEFF 		bl	__aeabi_dmul
 327              	.LVL47:
 328 0130 0022     		movs	r2, #0
 329 0132 194B     		ldr	r3, .L19+24
 330 0134 FFF7FEFF 		bl	__aeabi_ddiv
 331              	.LVL48:
 332 0138 FFF7FEFF 		bl	sin
 333              	.LVL49:
 334 013c 0022     		movs	r2, #0
 335 013e 174B     		ldr	r3, .L19+28
ARM GAS  C:\Users\PC\AppData\Local\Temp\ccfE62Ib.s 			page 8


 336 0140 FFF7FEFF 		bl	__aeabi_dmul
 337              	.LVL50:
 338 0144 0022     		movs	r2, #0
 339 0146 154B     		ldr	r3, .L19+28
 340 0148 FFF7FEFF 		bl	__aeabi_dadd
 341              	.LVL51:
 342 014c FFF7FEFF 		bl	__aeabi_d2iz
 343              	.LVL52:
 344 0150 0400     		movs	r4, r0
 345              	.LVL53:
  64:main.c        ****         mPWM0_WriteCompare(valR);
 346              		.loc 1 64 0
 347 0152 0798     		ldr	r0, [sp, #28]
 348              	.LVL54:
 349 0154 FFF7FEFF 		bl	mPWM0_WriteCompare
 350              	.LVL55:
  65:main.c        ****         mPWM1_WriteCompare(valG);
 351              		.loc 1 65 0
 352 0158 2800     		movs	r0, r5
 353 015a FFF7FEFF 		bl	mPWM1_WriteCompare
 354              	.LVL56:
  66:main.c        ****         mPWM2_WriteCompare(valB);
 355              		.loc 1 66 0
 356 015e 2000     		movs	r0, r4
 357 0160 FFF7FEFF 		bl	mPWM2_WriteCompare
 358              	.LVL57:
  67:main.c        ****         CyDelay(1);
 359              		.loc 1 67 0
 360 0164 0120     		movs	r0, #1
 361 0166 FFF7FEFF 		bl	CyDelay
 362              	.LVL58:
  68:main.c        ****         char str[30];
  69:main.c        ****         sprintf(str, "%d %d %d", valR, valG, valB);
 363              		.loc 1 69 0
 364 016a 0094     		str	r4, [sp]
 365 016c 2B00     		movs	r3, r5
 366 016e 079A     		ldr	r2, [sp, #28]
 367 0170 0B49     		ldr	r1, .L19+32
 368 0172 09A8     		add	r0, sp, #36
 369 0174 FFF7FEFF 		bl	sprintf
 370              	.LVL59:
  70:main.c        ****         System.out.println(str);
 371              		.loc 1 70 0
 372 0178 09A8     		add	r0, sp, #36
 373 017a 119B     		ldr	r3, [sp, #68]
 374 017c 9847     		blx	r3
 375              	.LVL60:
 376              	.LBE2:
  71:main.c        ****     }
 377              		.loc 1 71 0
 378 017e 57E7     		b	.L15
 379              	.L20:
 380              		.align	2
 381              	.L19:
 382 0180 00006E40 		.word	1080950784
 383 0184 00005E40 		.word	1079902208
 384 0188 0000F03F 		.word	1072693248
ARM GAS  C:\Users\PC\AppData\Local\Temp\ccfE62Ib.s 			page 9


 385 018c 00807640 		.word	1081507840
 386 0190 1F85EB51 		.word	1374389535
 387 0194 B81E0940 		.word	1074339512
 388 0198 00806640 		.word	1080459264
 389 019c 00407F40 		.word	1082081280
 390 01a0 04000000 		.word	.LC3
 391              		.cfi_endproc
 392              	.LFE37:
 393              		.size	main, .-main
 394              		.section	.rodata.str1.4,"aMS",%progbits,1
 395              		.align	2
 396              	.LC0:
 397 0000 0A00     		.ascii	"\012\000"
 398 0002 0000     		.space	2
 399              	.LC3:
 400 0004 25642025 		.ascii	"%d %d %d\000"
 400      64202564 
 400      00
 401              		.text
 402              	.Letext0:
 403              		.file 2 "Generated_Source\\PSoC4/mUART_SPI_UART.h"
 404              		.file 3 "Generated_Source\\PSoC4/mPWM0.h"
 405              		.file 4 "Generated_Source\\PSoC4/mPWM1.h"
 406              		.file 5 "Generated_Source\\PSoC4/mPWM2.h"
 407              		.file 6 "Generated_Source\\PSoC4/CyLib.h"
 408              		.file 7 "c:\\program files (x86)\\cypress\\psoc creator\\4.4\\psoc creator\\import\\gnu\\arm\\5.4.
 409              		.file 8 "Generated_Source\\PSoC4/mUART.h"
 410              		.file 9 "c:\\program files (x86)\\cypress\\psoc creator\\4.4\\psoc creator\\import\\gnu\\arm\\5.4.
 411              		.section	.debug_info,"",%progbits
 412              	.Ldebug_info0:
 413 0000 B9030000 		.4byte	0x3b9
 414 0004 0400     		.2byte	0x4
 415 0006 00000000 		.4byte	.Ldebug_abbrev0
 416 000a 04       		.byte	0x4
 417 000b 01       		.uleb128 0x1
 418 000c C0010000 		.4byte	.LASF38
 419 0010 0C       		.byte	0xc
 420 0011 14010000 		.4byte	.LASF39
 421 0015 20010000 		.4byte	.LASF40
 422 0019 00000000 		.4byte	.Ldebug_ranges0+0
 423 001d 00000000 		.4byte	0
 424 0021 00000000 		.4byte	.Ldebug_line0
 425 0025 02       		.uleb128 0x2
 426 0026 01       		.byte	0x1
 427 0027 06       		.byte	0x6
 428 0028 52020000 		.4byte	.LASF0
 429 002c 02       		.uleb128 0x2
 430 002d 01       		.byte	0x1
 431 002e 08       		.byte	0x8
 432 002f 56000000 		.4byte	.LASF1
 433 0033 02       		.uleb128 0x2
 434 0034 02       		.byte	0x2
 435 0035 05       		.byte	0x5
 436 0036 90000000 		.4byte	.LASF2
 437 003a 02       		.uleb128 0x2
 438 003b 02       		.byte	0x2
 439 003c 07       		.byte	0x7
ARM GAS  C:\Users\PC\AppData\Local\Temp\ccfE62Ib.s 			page 10


 440 003d 76000000 		.4byte	.LASF3
 441 0041 02       		.uleb128 0x2
 442 0042 04       		.byte	0x4
 443 0043 05       		.byte	0x5
 444 0044 9F010000 		.4byte	.LASF4
 445 0048 02       		.uleb128 0x2
 446 0049 04       		.byte	0x4
 447 004a 07       		.byte	0x7
 448 004b 64000000 		.4byte	.LASF5
 449 004f 02       		.uleb128 0x2
 450 0050 08       		.byte	0x8
 451 0051 05       		.byte	0x5
 452 0052 06010000 		.4byte	.LASF6
 453 0056 02       		.uleb128 0x2
 454 0057 08       		.byte	0x8
 455 0058 07       		.byte	0x7
 456 0059 BB000000 		.4byte	.LASF7
 457 005d 03       		.uleb128 0x3
 458 005e 04       		.byte	0x4
 459 005f 05       		.byte	0x5
 460 0060 696E7400 		.ascii	"int\000"
 461 0064 02       		.uleb128 0x2
 462 0065 04       		.byte	0x4
 463 0066 07       		.byte	0x7
 464 0067 AE000000 		.4byte	.LASF8
 465 006b 02       		.uleb128 0x2
 466 006c 08       		.byte	0x8
 467 006d 04       		.byte	0x4
 468 006e B4010000 		.4byte	.LASF9
 469 0072 02       		.uleb128 0x2
 470 0073 04       		.byte	0x4
 471 0074 07       		.byte	0x7
 472 0075 FD000000 		.4byte	.LASF10
 473 0079 04       		.uleb128 0x4
 474 007a 04       		.byte	0x4
 475 007b 7F000000 		.4byte	0x7f
 476 007f 02       		.uleb128 0x2
 477 0080 01       		.byte	0x1
 478 0081 08       		.byte	0x8
 479 0082 1B010000 		.4byte	.LASF11
 480 0086 02       		.uleb128 0x2
 481 0087 08       		.byte	0x8
 482 0088 04       		.byte	0x4
 483 0089 89000000 		.4byte	.LASF12
 484 008d 02       		.uleb128 0x2
 485 008e 04       		.byte	0x4
 486 008f 04       		.byte	0x4
 487 0090 31000000 		.4byte	.LASF13
 488 0094 05       		.uleb128 0x5
 489 0095 17000000 		.4byte	.LASF17
 490 0099 01       		.byte	0x1
 491 009a 10       		.byte	0x10
 492 009b 79000000 		.4byte	0x79
 493 009f 06       		.uleb128 0x6
 494 00a0 5F494E00 		.ascii	"_IN\000"
 495 00a4 00       		.byte	0
 496 00a5 01       		.byte	0x1
ARM GAS  C:\Users\PC\AppData\Local\Temp\ccfE62Ib.s 			page 11


 497 00a6 18       		.byte	0x18
 498 00a7 07       		.uleb128 0x7
 499 00a8 9F000000 		.4byte	.LASF14
 500 00ac 04       		.byte	0x4
 501 00ad 01       		.byte	0x1
 502 00ae 1B       		.byte	0x1b
 503 00af C0000000 		.4byte	0xc0
 504 00b3 08       		.uleb128 0x8
 505 00b4 07000000 		.4byte	.LASF16
 506 00b8 01       		.byte	0x1
 507 00b9 1C       		.byte	0x1c
 508 00ba CB000000 		.4byte	0xcb
 509 00be 00       		.byte	0
 510 00bf 00       		.byte	0
 511 00c0 09       		.uleb128 0x9
 512 00c1 CB000000 		.4byte	0xcb
 513 00c5 0A       		.uleb128 0xa
 514 00c6 94000000 		.4byte	0x94
 515 00ca 00       		.byte	0
 516 00cb 04       		.uleb128 0x4
 517 00cc 04       		.byte	0x4
 518 00cd C0000000 		.4byte	0xc0
 519 00d1 07       		.uleb128 0x7
 520 00d2 0F000000 		.4byte	.LASF15
 521 00d6 04       		.byte	0x4
 522 00d7 01       		.byte	0x1
 523 00d8 17       		.byte	0x17
 524 00d9 F5000000 		.4byte	0xf5
 525 00dd 0B       		.uleb128 0xb
 526 00de 696E00   		.ascii	"in\000"
 527 00e1 01       		.byte	0x1
 528 00e2 1A       		.byte	0x1a
 529 00e3 9F000000 		.4byte	0x9f
 530 00e7 00       		.byte	0
 531 00e8 0B       		.uleb128 0xb
 532 00e9 6F757400 		.ascii	"out\000"
 533 00ed 01       		.byte	0x1
 534 00ee 1D       		.byte	0x1d
 535 00ef A7000000 		.4byte	0xa7
 536 00f3 00       		.byte	0
 537 00f4 00       		.byte	0
 538 00f5 05       		.uleb128 0x5
 539 00f6 EA000000 		.4byte	.LASF18
 540 00fa 01       		.byte	0x1
 541 00fb 1E       		.byte	0x1e
 542 00fc D1000000 		.4byte	0xd1
 543 0100 0C       		.uleb128 0xc
 544 0101 07000000 		.4byte	.LASF16
 545 0105 01       		.byte	0x1
 546 0106 12       		.byte	0x12
 547 0107 00000000 		.4byte	.LFB34
 548 010b 14000000 		.4byte	.LFE34-.LFB34
 549 010f 01       		.uleb128 0x1
 550 0110 9C       		.byte	0x9c
 551 0111 4D010000 		.4byte	0x14d
 552 0115 0D       		.uleb128 0xd
 553 0116 73747200 		.ascii	"str\000"
ARM GAS  C:\Users\PC\AppData\Local\Temp\ccfE62Ib.s 			page 12


 554 011a 01       		.byte	0x1
 555 011b 12       		.byte	0x12
 556 011c 94000000 		.4byte	0x94
 557 0120 00000000 		.4byte	.LLST0
 558 0124 0E       		.uleb128 0xe
 559 0125 06000000 		.4byte	.LVL1
 560 0129 3C030000 		.4byte	0x33c
 561 012d 39010000 		.4byte	0x139
 562 0131 0F       		.uleb128 0xf
 563 0132 01       		.uleb128 0x1
 564 0133 50       		.byte	0x50
 565 0134 03       		.uleb128 0x3
 566 0135 F3       		.byte	0xf3
 567 0136 01       		.uleb128 0x1
 568 0137 50       		.byte	0x50
 569 0138 00       		.byte	0
 570 0139 10       		.uleb128 0x10
 571 013a 0C000000 		.4byte	.LVL2
 572 013e 3C030000 		.4byte	0x33c
 573 0142 0F       		.uleb128 0xf
 574 0143 01       		.uleb128 0x1
 575 0144 50       		.byte	0x50
 576 0145 05       		.uleb128 0x5
 577 0146 03       		.byte	0x3
 578 0147 00000000 		.4byte	.LC0
 579 014b 00       		.byte	0
 580 014c 00       		.byte	0
 581 014d 0C       		.uleb128 0xc
 582 014e 4A000000 		.4byte	.LASF19
 583 0152 01       		.byte	0x1
 584 0153 20       		.byte	0x20
 585 0154 00000000 		.4byte	.LFB35
 586 0158 0C000000 		.4byte	.LFE35-.LFB35
 587 015c 01       		.uleb128 0x1
 588 015d 9C       		.byte	0x9c
 589 015e 70010000 		.4byte	0x170
 590 0162 11       		.uleb128 0x11
 591 0163 E3000000 		.4byte	.LASF20
 592 0167 01       		.byte	0x1
 593 0168 20       		.byte	0x20
 594 0169 70010000 		.4byte	0x170
 595 016d 01       		.uleb128 0x1
 596 016e 50       		.byte	0x50
 597 016f 00       		.byte	0
 598 0170 04       		.uleb128 0x4
 599 0171 04       		.byte	0x4
 600 0172 F5000000 		.4byte	0xf5
 601 0176 0C       		.uleb128 0xc
 602 0177 6B010000 		.4byte	.LASF21
 603 017b 01       		.byte	0x1
 604 017c 24       		.byte	0x24
 605 017d 00000000 		.4byte	.LFB36
 606 0181 08000000 		.4byte	.LFE36-.LFB36
 607 0185 01       		.uleb128 0x1
 608 0186 9C       		.byte	0x9c
 609 0187 AC010000 		.4byte	0x1ac
 610 018b 12       		.uleb128 0x12
ARM GAS  C:\Users\PC\AppData\Local\Temp\ccfE62Ib.s 			page 13


 611 018c E3000000 		.4byte	.LASF20
 612 0190 01       		.byte	0x1
 613 0191 24       		.byte	0x24
 614 0192 70010000 		.4byte	0x170
 615 0196 21000000 		.4byte	.LLST1
 616 019a 10       		.uleb128 0x10
 617 019b 06000000 		.4byte	.LVL5
 618 019f 4D010000 		.4byte	0x14d
 619 01a3 0F       		.uleb128 0xf
 620 01a4 01       		.uleb128 0x1
 621 01a5 50       		.byte	0x50
 622 01a6 03       		.uleb128 0x3
 623 01a7 F3       		.byte	0xf3
 624 01a8 01       		.uleb128 0x1
 625 01a9 50       		.byte	0x50
 626 01aa 00       		.byte	0
 627 01ab 00       		.byte	0
 628 01ac 13       		.uleb128 0x13
 629 01ad A4000000 		.4byte	.LASF41
 630 01b1 01       		.byte	0x1
 631 01b2 28       		.byte	0x28
 632 01b3 5D000000 		.4byte	0x5d
 633 01b7 00000000 		.4byte	.LFB37
 634 01bb A4010000 		.4byte	.LFE37-.LFB37
 635 01bf 01       		.uleb128 0x1
 636 01c0 9C       		.byte	0x9c
 637 01c1 2C030000 		.4byte	0x32c
 638 01c5 14       		.uleb128 0x14
 639 01c6 E3000000 		.4byte	.LASF20
 640 01ca 01       		.byte	0x1
 641 01cb 2C       		.byte	0x2c
 642 01cc F5000000 		.4byte	0xf5
 643 01d0 02       		.uleb128 0x2
 644 01d1 91       		.byte	0x91
 645 01d2 64       		.sleb128 -28
 646 01d3 15       		.uleb128 0x15
 647 01d4 5E020000 		.4byte	.LASF22
 648 01d8 01       		.byte	0x1
 649 01d9 2D       		.byte	0x2d
 650 01da 86000000 		.4byte	0x86
 651 01de 42000000 		.4byte	.LLST2
 652 01e2 15       		.uleb128 0x15
 653 01e3 8C010000 		.4byte	.LASF23
 654 01e7 01       		.byte	0x1
 655 01e8 2D       		.byte	0x2d
 656 01e9 86000000 		.4byte	0x86
 657 01ed 88000000 		.4byte	.LLST3
 658 01f1 15       		.uleb128 0x15
 659 01f2 00000000 		.4byte	.LASF24
 660 01f6 01       		.byte	0x1
 661 01f7 2D       		.byte	0x2d
 662 01f8 86000000 		.4byte	0x86
 663 01fc D4000000 		.4byte	.LLST4
 664 0200 16       		.uleb128 0x16
 665 0201 30000000 		.4byte	.LBB2
 666 0205 4E010000 		.4byte	.LBE2-.LBB2
 667 0209 F3020000 		.4byte	0x2f3
ARM GAS  C:\Users\PC\AppData\Local\Temp\ccfE62Ib.s 			page 14


 668 020d 15       		.uleb128 0x15
 669 020e D2000000 		.4byte	.LASF25
 670 0212 01       		.byte	0x1
 671 0213 3D       		.byte	0x3d
 672 0214 5D000000 		.4byte	0x5d
 673 0218 1A010000 		.4byte	.LLST5
 674 021c 15       		.uleb128 0x15
 675 021d A9000000 		.4byte	.LASF26
 676 0221 01       		.byte	0x1
 677 0222 3E       		.byte	0x3e
 678 0223 5D000000 		.4byte	0x5d
 679 0227 3A010000 		.4byte	.LLST6
 680 022b 15       		.uleb128 0x15
 681 022c 9A000000 		.4byte	.LASF27
 682 0230 01       		.byte	0x1
 683 0231 3F       		.byte	0x3f
 684 0232 5D000000 		.4byte	0x5d
 685 0236 58010000 		.4byte	.LLST7
 686 023a 17       		.uleb128 0x17
 687 023b 73747200 		.ascii	"str\000"
 688 023f 01       		.byte	0x1
 689 0240 44       		.byte	0x44
 690 0241 2C030000 		.4byte	0x32c
 691 0245 02       		.uleb128 0x2
 692 0246 91       		.byte	0x91
 693 0247 44       		.sleb128 -60
 694 0248 18       		.uleb128 0x18
 695 0249 E0000000 		.4byte	.LVL33
 696 024d 48030000 		.4byte	0x348
 697 0251 18       		.uleb128 0x18
 698 0252 0E010000 		.4byte	.LVL41
 699 0256 48030000 		.4byte	0x348
 700 025a 18       		.uleb128 0x18
 701 025b 3C010000 		.4byte	.LVL49
 702 025f 48030000 		.4byte	0x348
 703 0263 0E       		.uleb128 0xe
 704 0264 58010000 		.4byte	.LVL55
 705 0268 53030000 		.4byte	0x353
 706 026c 79020000 		.4byte	0x279
 707 0270 0F       		.uleb128 0xf
 708 0271 01       		.uleb128 0x1
 709 0272 50       		.byte	0x50
 710 0273 04       		.uleb128 0x4
 711 0274 91       		.byte	0x91
 712 0275 BC7F     		.sleb128 -68
 713 0277 06       		.byte	0x6
 714 0278 00       		.byte	0
 715 0279 0E       		.uleb128 0xe
 716 027a 5E010000 		.4byte	.LVL56
 717 027e 5F030000 		.4byte	0x35f
 718 0282 8D020000 		.4byte	0x28d
 719 0286 0F       		.uleb128 0xf
 720 0287 01       		.uleb128 0x1
 721 0288 50       		.byte	0x50
 722 0289 02       		.uleb128 0x2
 723 028a 75       		.byte	0x75
 724 028b 00       		.sleb128 0
ARM GAS  C:\Users\PC\AppData\Local\Temp\ccfE62Ib.s 			page 15


 725 028c 00       		.byte	0
 726 028d 0E       		.uleb128 0xe
 727 028e 64010000 		.4byte	.LVL57
 728 0292 6B030000 		.4byte	0x36b
 729 0296 A1020000 		.4byte	0x2a1
 730 029a 0F       		.uleb128 0xf
 731 029b 01       		.uleb128 0x1
 732 029c 50       		.byte	0x50
 733 029d 02       		.uleb128 0x2
 734 029e 74       		.byte	0x74
 735 029f 00       		.sleb128 0
 736 02a0 00       		.byte	0
 737 02a1 0E       		.uleb128 0xe
 738 02a2 6A010000 		.4byte	.LVL58
 739 02a6 77030000 		.4byte	0x377
 740 02aa B4020000 		.4byte	0x2b4
 741 02ae 0F       		.uleb128 0xf
 742 02af 01       		.uleb128 0x1
 743 02b0 50       		.byte	0x50
 744 02b1 01       		.uleb128 0x1
 745 02b2 31       		.byte	0x31
 746 02b3 00       		.byte	0
 747 02b4 0E       		.uleb128 0xe
 748 02b5 78010000 		.4byte	.LVL59
 749 02b9 82030000 		.4byte	0x382
 750 02bd E6020000 		.4byte	0x2e6
 751 02c1 0F       		.uleb128 0xf
 752 02c2 01       		.uleb128 0x1
 753 02c3 50       		.byte	0x50
 754 02c4 02       		.uleb128 0x2
 755 02c5 91       		.byte	0x91
 756 02c6 44       		.sleb128 -60
 757 02c7 0F       		.uleb128 0xf
 758 02c8 01       		.uleb128 0x1
 759 02c9 51       		.byte	0x51
 760 02ca 05       		.uleb128 0x5
 761 02cb 03       		.byte	0x3
 762 02cc 04000000 		.4byte	.LC3
 763 02d0 0F       		.uleb128 0xf
 764 02d1 01       		.uleb128 0x1
 765 02d2 52       		.byte	0x52
 766 02d3 04       		.uleb128 0x4
 767 02d4 91       		.byte	0x91
 768 02d5 BC7F     		.sleb128 -68
 769 02d7 06       		.byte	0x6
 770 02d8 0F       		.uleb128 0xf
 771 02d9 01       		.uleb128 0x1
 772 02da 53       		.byte	0x53
 773 02db 02       		.uleb128 0x2
 774 02dc 75       		.byte	0x75
 775 02dd 00       		.sleb128 0
 776 02de 0F       		.uleb128 0xf
 777 02df 02       		.uleb128 0x2
 778 02e0 7D       		.byte	0x7d
 779 02e1 00       		.sleb128 0
 780 02e2 02       		.uleb128 0x2
 781 02e3 74       		.byte	0x74
ARM GAS  C:\Users\PC\AppData\Local\Temp\ccfE62Ib.s 			page 16


 782 02e4 00       		.sleb128 0
 783 02e5 00       		.byte	0
 784 02e6 19       		.uleb128 0x19
 785 02e7 7E010000 		.4byte	.LVL60
 786 02eb 0F       		.uleb128 0xf
 787 02ec 01       		.uleb128 0x1
 788 02ed 50       		.byte	0x50
 789 02ee 02       		.uleb128 0x2
 790 02ef 91       		.byte	0x91
 791 02f0 44       		.sleb128 -60
 792 02f1 00       		.byte	0
 793 02f2 00       		.byte	0
 794 02f3 0E       		.uleb128 0xe
 795 02f4 0C000000 		.4byte	.LVL7
 796 02f8 4D010000 		.4byte	0x14d
 797 02fc 07030000 		.4byte	0x307
 798 0300 0F       		.uleb128 0xf
 799 0301 01       		.uleb128 0x1
 800 0302 50       		.byte	0x50
 801 0303 02       		.uleb128 0x2
 802 0304 91       		.byte	0x91
 803 0305 64       		.sleb128 -28
 804 0306 00       		.byte	0
 805 0307 18       		.uleb128 0x18
 806 0308 10000000 		.4byte	.LVL8
 807 030c 8D030000 		.4byte	0x38d
 808 0310 18       		.uleb128 0x18
 809 0311 14000000 		.4byte	.LVL9
 810 0315 98030000 		.4byte	0x398
 811 0319 18       		.uleb128 0x18
 812 031a 18000000 		.4byte	.LVL10
 813 031e A4030000 		.4byte	0x3a4
 814 0322 18       		.uleb128 0x18
 815 0323 1C000000 		.4byte	.LVL11
 816 0327 B0030000 		.4byte	0x3b0
 817 032b 00       		.byte	0
 818 032c 1A       		.uleb128 0x1a
 819 032d 7F000000 		.4byte	0x7f
 820 0331 3C030000 		.4byte	0x33c
 821 0335 1B       		.uleb128 0x1b
 822 0336 72000000 		.4byte	0x72
 823 033a 1D       		.byte	0x1d
 824 033b 00       		.byte	0
 825 033c 1C       		.uleb128 0x1c
 826 033d 78010000 		.4byte	.LASF28
 827 0341 78010000 		.4byte	.LASF28
 828 0345 02       		.byte	0x2
 829 0346 2A03     		.2byte	0x32a
 830 0348 1D       		.uleb128 0x1d
 831 0349 73696E00 		.ascii	"sin\000"
 832 034d 73696E00 		.ascii	"sin\000"
 833 0351 09       		.byte	0x9
 834 0352 6F       		.byte	0x6f
 835 0353 1C       		.uleb128 0x1c
 836 0354 1E000000 		.4byte	.LASF29
 837 0358 1E000000 		.4byte	.LASF29
 838 035c 03       		.byte	0x3
ARM GAS  C:\Users\PC\AppData\Local\Temp\ccfE62Ib.s 			page 17


 839 035d 5501     		.2byte	0x155
 840 035f 1C       		.uleb128 0x1c
 841 0360 58010000 		.4byte	.LASF30
 842 0364 58010000 		.4byte	.LASF30
 843 0368 04       		.byte	0x4
 844 0369 5501     		.2byte	0x155
 845 036b 1C       		.uleb128 0x1c
 846 036c 37000000 		.4byte	.LASF31
 847 0370 37000000 		.4byte	.LASF31
 848 0374 05       		.byte	0x5
 849 0375 5501     		.2byte	0x155
 850 0377 1E       		.uleb128 0x1e
 851 0378 6D020000 		.4byte	.LASF32
 852 037c 6D020000 		.4byte	.LASF32
 853 0380 06       		.byte	0x6
 854 0381 EC       		.byte	0xec
 855 0382 1E       		.uleb128 0x1e
 856 0383 65020000 		.4byte	.LASF33
 857 0387 65020000 		.4byte	.LASF33
 858 038b 07       		.byte	0x7
 859 038c E7       		.byte	0xe7
 860 038d 1E       		.uleb128 0x1e
 861 038e F1000000 		.4byte	.LASF34
 862 0392 F1000000 		.4byte	.LASF34
 863 0396 08       		.byte	0x8
 864 0397 72       		.byte	0x72
 865 0398 1C       		.uleb128 0x1c
 866 0399 D7000000 		.4byte	.LASF35
 867 039d D7000000 		.4byte	.LASF35
 868 03a1 03       		.byte	0x3
 869 03a2 3201     		.2byte	0x132
 870 03a4 1C       		.uleb128 0x1c
 871 03a5 A8010000 		.4byte	.LASF36
 872 03a9 A8010000 		.4byte	.LASF36
 873 03ad 04       		.byte	0x4
 874 03ae 3201     		.2byte	0x132
 875 03b0 1C       		.uleb128 0x1c
 876 03b1 93010000 		.4byte	.LASF37
 877 03b5 93010000 		.4byte	.LASF37
 878 03b9 05       		.byte	0x5
 879 03ba 3201     		.2byte	0x132
 880 03bc 00       		.byte	0
 881              		.section	.debug_abbrev,"",%progbits
 882              	.Ldebug_abbrev0:
 883 0000 01       		.uleb128 0x1
 884 0001 11       		.uleb128 0x11
 885 0002 01       		.byte	0x1
 886 0003 25       		.uleb128 0x25
 887 0004 0E       		.uleb128 0xe
 888 0005 13       		.uleb128 0x13
 889 0006 0B       		.uleb128 0xb
 890 0007 03       		.uleb128 0x3
 891 0008 0E       		.uleb128 0xe
 892 0009 1B       		.uleb128 0x1b
 893 000a 0E       		.uleb128 0xe
 894 000b 55       		.uleb128 0x55
 895 000c 17       		.uleb128 0x17
ARM GAS  C:\Users\PC\AppData\Local\Temp\ccfE62Ib.s 			page 18


 896 000d 11       		.uleb128 0x11
 897 000e 01       		.uleb128 0x1
 898 000f 10       		.uleb128 0x10
 899 0010 17       		.uleb128 0x17
 900 0011 00       		.byte	0
 901 0012 00       		.byte	0
 902 0013 02       		.uleb128 0x2
 903 0014 24       		.uleb128 0x24
 904 0015 00       		.byte	0
 905 0016 0B       		.uleb128 0xb
 906 0017 0B       		.uleb128 0xb
 907 0018 3E       		.uleb128 0x3e
 908 0019 0B       		.uleb128 0xb
 909 001a 03       		.uleb128 0x3
 910 001b 0E       		.uleb128 0xe
 911 001c 00       		.byte	0
 912 001d 00       		.byte	0
 913 001e 03       		.uleb128 0x3
 914 001f 24       		.uleb128 0x24
 915 0020 00       		.byte	0
 916 0021 0B       		.uleb128 0xb
 917 0022 0B       		.uleb128 0xb
 918 0023 3E       		.uleb128 0x3e
 919 0024 0B       		.uleb128 0xb
 920 0025 03       		.uleb128 0x3
 921 0026 08       		.uleb128 0x8
 922 0027 00       		.byte	0
 923 0028 00       		.byte	0
 924 0029 04       		.uleb128 0x4
 925 002a 0F       		.uleb128 0xf
 926 002b 00       		.byte	0
 927 002c 0B       		.uleb128 0xb
 928 002d 0B       		.uleb128 0xb
 929 002e 49       		.uleb128 0x49
 930 002f 13       		.uleb128 0x13
 931 0030 00       		.byte	0
 932 0031 00       		.byte	0
 933 0032 05       		.uleb128 0x5
 934 0033 16       		.uleb128 0x16
 935 0034 00       		.byte	0
 936 0035 03       		.uleb128 0x3
 937 0036 0E       		.uleb128 0xe
 938 0037 3A       		.uleb128 0x3a
 939 0038 0B       		.uleb128 0xb
 940 0039 3B       		.uleb128 0x3b
 941 003a 0B       		.uleb128 0xb
 942 003b 49       		.uleb128 0x49
 943 003c 13       		.uleb128 0x13
 944 003d 00       		.byte	0
 945 003e 00       		.byte	0
 946 003f 06       		.uleb128 0x6
 947 0040 13       		.uleb128 0x13
 948 0041 00       		.byte	0
 949 0042 03       		.uleb128 0x3
 950 0043 08       		.uleb128 0x8
 951 0044 0B       		.uleb128 0xb
 952 0045 0B       		.uleb128 0xb
ARM GAS  C:\Users\PC\AppData\Local\Temp\ccfE62Ib.s 			page 19


 953 0046 3A       		.uleb128 0x3a
 954 0047 0B       		.uleb128 0xb
 955 0048 3B       		.uleb128 0x3b
 956 0049 0B       		.uleb128 0xb
 957 004a 00       		.byte	0
 958 004b 00       		.byte	0
 959 004c 07       		.uleb128 0x7
 960 004d 13       		.uleb128 0x13
 961 004e 01       		.byte	0x1
 962 004f 03       		.uleb128 0x3
 963 0050 0E       		.uleb128 0xe
 964 0051 0B       		.uleb128 0xb
 965 0052 0B       		.uleb128 0xb
 966 0053 3A       		.uleb128 0x3a
 967 0054 0B       		.uleb128 0xb
 968 0055 3B       		.uleb128 0x3b
 969 0056 0B       		.uleb128 0xb
 970 0057 01       		.uleb128 0x1
 971 0058 13       		.uleb128 0x13
 972 0059 00       		.byte	0
 973 005a 00       		.byte	0
 974 005b 08       		.uleb128 0x8
 975 005c 0D       		.uleb128 0xd
 976 005d 00       		.byte	0
 977 005e 03       		.uleb128 0x3
 978 005f 0E       		.uleb128 0xe
 979 0060 3A       		.uleb128 0x3a
 980 0061 0B       		.uleb128 0xb
 981 0062 3B       		.uleb128 0x3b
 982 0063 0B       		.uleb128 0xb
 983 0064 49       		.uleb128 0x49
 984 0065 13       		.uleb128 0x13
 985 0066 38       		.uleb128 0x38
 986 0067 0B       		.uleb128 0xb
 987 0068 00       		.byte	0
 988 0069 00       		.byte	0
 989 006a 09       		.uleb128 0x9
 990 006b 15       		.uleb128 0x15
 991 006c 01       		.byte	0x1
 992 006d 27       		.uleb128 0x27
 993 006e 19       		.uleb128 0x19
 994 006f 01       		.uleb128 0x1
 995 0070 13       		.uleb128 0x13
 996 0071 00       		.byte	0
 997 0072 00       		.byte	0
 998 0073 0A       		.uleb128 0xa
 999 0074 05       		.uleb128 0x5
 1000 0075 00       		.byte	0
 1001 0076 49       		.uleb128 0x49
 1002 0077 13       		.uleb128 0x13
 1003 0078 00       		.byte	0
 1004 0079 00       		.byte	0
 1005 007a 0B       		.uleb128 0xb
 1006 007b 0D       		.uleb128 0xd
 1007 007c 00       		.byte	0
 1008 007d 03       		.uleb128 0x3
 1009 007e 08       		.uleb128 0x8
ARM GAS  C:\Users\PC\AppData\Local\Temp\ccfE62Ib.s 			page 20


 1010 007f 3A       		.uleb128 0x3a
 1011 0080 0B       		.uleb128 0xb
 1012 0081 3B       		.uleb128 0x3b
 1013 0082 0B       		.uleb128 0xb
 1014 0083 49       		.uleb128 0x49
 1015 0084 13       		.uleb128 0x13
 1016 0085 38       		.uleb128 0x38
 1017 0086 0B       		.uleb128 0xb
 1018 0087 00       		.byte	0
 1019 0088 00       		.byte	0
 1020 0089 0C       		.uleb128 0xc
 1021 008a 2E       		.uleb128 0x2e
 1022 008b 01       		.byte	0x1
 1023 008c 3F       		.uleb128 0x3f
 1024 008d 19       		.uleb128 0x19
 1025 008e 03       		.uleb128 0x3
 1026 008f 0E       		.uleb128 0xe
 1027 0090 3A       		.uleb128 0x3a
 1028 0091 0B       		.uleb128 0xb
 1029 0092 3B       		.uleb128 0x3b
 1030 0093 0B       		.uleb128 0xb
 1031 0094 27       		.uleb128 0x27
 1032 0095 19       		.uleb128 0x19
 1033 0096 11       		.uleb128 0x11
 1034 0097 01       		.uleb128 0x1
 1035 0098 12       		.uleb128 0x12
 1036 0099 06       		.uleb128 0x6
 1037 009a 40       		.uleb128 0x40
 1038 009b 18       		.uleb128 0x18
 1039 009c 9742     		.uleb128 0x2117
 1040 009e 19       		.uleb128 0x19
 1041 009f 01       		.uleb128 0x1
 1042 00a0 13       		.uleb128 0x13
 1043 00a1 00       		.byte	0
 1044 00a2 00       		.byte	0
 1045 00a3 0D       		.uleb128 0xd
 1046 00a4 05       		.uleb128 0x5
 1047 00a5 00       		.byte	0
 1048 00a6 03       		.uleb128 0x3
 1049 00a7 08       		.uleb128 0x8
 1050 00a8 3A       		.uleb128 0x3a
 1051 00a9 0B       		.uleb128 0xb
 1052 00aa 3B       		.uleb128 0x3b
 1053 00ab 0B       		.uleb128 0xb
 1054 00ac 49       		.uleb128 0x49
 1055 00ad 13       		.uleb128 0x13
 1056 00ae 02       		.uleb128 0x2
 1057 00af 17       		.uleb128 0x17
 1058 00b0 00       		.byte	0
 1059 00b1 00       		.byte	0
 1060 00b2 0E       		.uleb128 0xe
 1061 00b3 898201   		.uleb128 0x4109
 1062 00b6 01       		.byte	0x1
 1063 00b7 11       		.uleb128 0x11
 1064 00b8 01       		.uleb128 0x1
 1065 00b9 31       		.uleb128 0x31
 1066 00ba 13       		.uleb128 0x13
ARM GAS  C:\Users\PC\AppData\Local\Temp\ccfE62Ib.s 			page 21


 1067 00bb 01       		.uleb128 0x1
 1068 00bc 13       		.uleb128 0x13
 1069 00bd 00       		.byte	0
 1070 00be 00       		.byte	0
 1071 00bf 0F       		.uleb128 0xf
 1072 00c0 8A8201   		.uleb128 0x410a
 1073 00c3 00       		.byte	0
 1074 00c4 02       		.uleb128 0x2
 1075 00c5 18       		.uleb128 0x18
 1076 00c6 9142     		.uleb128 0x2111
 1077 00c8 18       		.uleb128 0x18
 1078 00c9 00       		.byte	0
 1079 00ca 00       		.byte	0
 1080 00cb 10       		.uleb128 0x10
 1081 00cc 898201   		.uleb128 0x4109
 1082 00cf 01       		.byte	0x1
 1083 00d0 11       		.uleb128 0x11
 1084 00d1 01       		.uleb128 0x1
 1085 00d2 31       		.uleb128 0x31
 1086 00d3 13       		.uleb128 0x13
 1087 00d4 00       		.byte	0
 1088 00d5 00       		.byte	0
 1089 00d6 11       		.uleb128 0x11
 1090 00d7 05       		.uleb128 0x5
 1091 00d8 00       		.byte	0
 1092 00d9 03       		.uleb128 0x3
 1093 00da 0E       		.uleb128 0xe
 1094 00db 3A       		.uleb128 0x3a
 1095 00dc 0B       		.uleb128 0xb
 1096 00dd 3B       		.uleb128 0x3b
 1097 00de 0B       		.uleb128 0xb
 1098 00df 49       		.uleb128 0x49
 1099 00e0 13       		.uleb128 0x13
 1100 00e1 02       		.uleb128 0x2
 1101 00e2 18       		.uleb128 0x18
 1102 00e3 00       		.byte	0
 1103 00e4 00       		.byte	0
 1104 00e5 12       		.uleb128 0x12
 1105 00e6 05       		.uleb128 0x5
 1106 00e7 00       		.byte	0
 1107 00e8 03       		.uleb128 0x3
 1108 00e9 0E       		.uleb128 0xe
 1109 00ea 3A       		.uleb128 0x3a
 1110 00eb 0B       		.uleb128 0xb
 1111 00ec 3B       		.uleb128 0x3b
 1112 00ed 0B       		.uleb128 0xb
 1113 00ee 49       		.uleb128 0x49
 1114 00ef 13       		.uleb128 0x13
 1115 00f0 02       		.uleb128 0x2
 1116 00f1 17       		.uleb128 0x17
 1117 00f2 00       		.byte	0
 1118 00f3 00       		.byte	0
 1119 00f4 13       		.uleb128 0x13
 1120 00f5 2E       		.uleb128 0x2e
 1121 00f6 01       		.byte	0x1
 1122 00f7 3F       		.uleb128 0x3f
 1123 00f8 19       		.uleb128 0x19
ARM GAS  C:\Users\PC\AppData\Local\Temp\ccfE62Ib.s 			page 22


 1124 00f9 03       		.uleb128 0x3
 1125 00fa 0E       		.uleb128 0xe
 1126 00fb 3A       		.uleb128 0x3a
 1127 00fc 0B       		.uleb128 0xb
 1128 00fd 3B       		.uleb128 0x3b
 1129 00fe 0B       		.uleb128 0xb
 1130 00ff 27       		.uleb128 0x27
 1131 0100 19       		.uleb128 0x19
 1132 0101 49       		.uleb128 0x49
 1133 0102 13       		.uleb128 0x13
 1134 0103 8701     		.uleb128 0x87
 1135 0105 19       		.uleb128 0x19
 1136 0106 11       		.uleb128 0x11
 1137 0107 01       		.uleb128 0x1
 1138 0108 12       		.uleb128 0x12
 1139 0109 06       		.uleb128 0x6
 1140 010a 40       		.uleb128 0x40
 1141 010b 18       		.uleb128 0x18
 1142 010c 9642     		.uleb128 0x2116
 1143 010e 19       		.uleb128 0x19
 1144 010f 01       		.uleb128 0x1
 1145 0110 13       		.uleb128 0x13
 1146 0111 00       		.byte	0
 1147 0112 00       		.byte	0
 1148 0113 14       		.uleb128 0x14
 1149 0114 34       		.uleb128 0x34
 1150 0115 00       		.byte	0
 1151 0116 03       		.uleb128 0x3
 1152 0117 0E       		.uleb128 0xe
 1153 0118 3A       		.uleb128 0x3a
 1154 0119 0B       		.uleb128 0xb
 1155 011a 3B       		.uleb128 0x3b
 1156 011b 0B       		.uleb128 0xb
 1157 011c 49       		.uleb128 0x49
 1158 011d 13       		.uleb128 0x13
 1159 011e 02       		.uleb128 0x2
 1160 011f 18       		.uleb128 0x18
 1161 0120 00       		.byte	0
 1162 0121 00       		.byte	0
 1163 0122 15       		.uleb128 0x15
 1164 0123 34       		.uleb128 0x34
 1165 0124 00       		.byte	0
 1166 0125 03       		.uleb128 0x3
 1167 0126 0E       		.uleb128 0xe
 1168 0127 3A       		.uleb128 0x3a
 1169 0128 0B       		.uleb128 0xb
 1170 0129 3B       		.uleb128 0x3b
 1171 012a 0B       		.uleb128 0xb
 1172 012b 49       		.uleb128 0x49
 1173 012c 13       		.uleb128 0x13
 1174 012d 02       		.uleb128 0x2
 1175 012e 17       		.uleb128 0x17
 1176 012f 00       		.byte	0
 1177 0130 00       		.byte	0
 1178 0131 16       		.uleb128 0x16
 1179 0132 0B       		.uleb128 0xb
 1180 0133 01       		.byte	0x1
ARM GAS  C:\Users\PC\AppData\Local\Temp\ccfE62Ib.s 			page 23


 1181 0134 11       		.uleb128 0x11
 1182 0135 01       		.uleb128 0x1
 1183 0136 12       		.uleb128 0x12
 1184 0137 06       		.uleb128 0x6
 1185 0138 01       		.uleb128 0x1
 1186 0139 13       		.uleb128 0x13
 1187 013a 00       		.byte	0
 1188 013b 00       		.byte	0
 1189 013c 17       		.uleb128 0x17
 1190 013d 34       		.uleb128 0x34
 1191 013e 00       		.byte	0
 1192 013f 03       		.uleb128 0x3
 1193 0140 08       		.uleb128 0x8
 1194 0141 3A       		.uleb128 0x3a
 1195 0142 0B       		.uleb128 0xb
 1196 0143 3B       		.uleb128 0x3b
 1197 0144 0B       		.uleb128 0xb
 1198 0145 49       		.uleb128 0x49
 1199 0146 13       		.uleb128 0x13
 1200 0147 02       		.uleb128 0x2
 1201 0148 18       		.uleb128 0x18
 1202 0149 00       		.byte	0
 1203 014a 00       		.byte	0
 1204 014b 18       		.uleb128 0x18
 1205 014c 898201   		.uleb128 0x4109
 1206 014f 00       		.byte	0
 1207 0150 11       		.uleb128 0x11
 1208 0151 01       		.uleb128 0x1
 1209 0152 31       		.uleb128 0x31
 1210 0153 13       		.uleb128 0x13
 1211 0154 00       		.byte	0
 1212 0155 00       		.byte	0
 1213 0156 19       		.uleb128 0x19
 1214 0157 898201   		.uleb128 0x4109
 1215 015a 01       		.byte	0x1
 1216 015b 11       		.uleb128 0x11
 1217 015c 01       		.uleb128 0x1
 1218 015d 00       		.byte	0
 1219 015e 00       		.byte	0
 1220 015f 1A       		.uleb128 0x1a
 1221 0160 01       		.uleb128 0x1
 1222 0161 01       		.byte	0x1
 1223 0162 49       		.uleb128 0x49
 1224 0163 13       		.uleb128 0x13
 1225 0164 01       		.uleb128 0x1
 1226 0165 13       		.uleb128 0x13
 1227 0166 00       		.byte	0
 1228 0167 00       		.byte	0
 1229 0168 1B       		.uleb128 0x1b
 1230 0169 21       		.uleb128 0x21
 1231 016a 00       		.byte	0
 1232 016b 49       		.uleb128 0x49
 1233 016c 13       		.uleb128 0x13
 1234 016d 2F       		.uleb128 0x2f
 1235 016e 0B       		.uleb128 0xb
 1236 016f 00       		.byte	0
 1237 0170 00       		.byte	0
ARM GAS  C:\Users\PC\AppData\Local\Temp\ccfE62Ib.s 			page 24


 1238 0171 1C       		.uleb128 0x1c
 1239 0172 2E       		.uleb128 0x2e
 1240 0173 00       		.byte	0
 1241 0174 3F       		.uleb128 0x3f
 1242 0175 19       		.uleb128 0x19
 1243 0176 3C       		.uleb128 0x3c
 1244 0177 19       		.uleb128 0x19
 1245 0178 6E       		.uleb128 0x6e
 1246 0179 0E       		.uleb128 0xe
 1247 017a 03       		.uleb128 0x3
 1248 017b 0E       		.uleb128 0xe
 1249 017c 3A       		.uleb128 0x3a
 1250 017d 0B       		.uleb128 0xb
 1251 017e 3B       		.uleb128 0x3b
 1252 017f 05       		.uleb128 0x5
 1253 0180 00       		.byte	0
 1254 0181 00       		.byte	0
 1255 0182 1D       		.uleb128 0x1d
 1256 0183 2E       		.uleb128 0x2e
 1257 0184 00       		.byte	0
 1258 0185 3F       		.uleb128 0x3f
 1259 0186 19       		.uleb128 0x19
 1260 0187 3C       		.uleb128 0x3c
 1261 0188 19       		.uleb128 0x19
 1262 0189 6E       		.uleb128 0x6e
 1263 018a 08       		.uleb128 0x8
 1264 018b 03       		.uleb128 0x3
 1265 018c 08       		.uleb128 0x8
 1266 018d 3A       		.uleb128 0x3a
 1267 018e 0B       		.uleb128 0xb
 1268 018f 3B       		.uleb128 0x3b
 1269 0190 0B       		.uleb128 0xb
 1270 0191 00       		.byte	0
 1271 0192 00       		.byte	0
 1272 0193 1E       		.uleb128 0x1e
 1273 0194 2E       		.uleb128 0x2e
 1274 0195 00       		.byte	0
 1275 0196 3F       		.uleb128 0x3f
 1276 0197 19       		.uleb128 0x19
 1277 0198 3C       		.uleb128 0x3c
 1278 0199 19       		.uleb128 0x19
 1279 019a 6E       		.uleb128 0x6e
 1280 019b 0E       		.uleb128 0xe
 1281 019c 03       		.uleb128 0x3
 1282 019d 0E       		.uleb128 0xe
 1283 019e 3A       		.uleb128 0x3a
 1284 019f 0B       		.uleb128 0xb
 1285 01a0 3B       		.uleb128 0x3b
 1286 01a1 0B       		.uleb128 0xb
 1287 01a2 00       		.byte	0
 1288 01a3 00       		.byte	0
 1289 01a4 00       		.byte	0
 1290              		.section	.debug_loc,"",%progbits
 1291              	.Ldebug_loc0:
 1292              	.LLST0:
 1293 0000 00000000 		.4byte	.LVL0
 1294 0004 05000000 		.4byte	.LVL1-1
ARM GAS  C:\Users\PC\AppData\Local\Temp\ccfE62Ib.s 			page 25


 1295 0008 0100     		.2byte	0x1
 1296 000a 50       		.byte	0x50
 1297 000b 05000000 		.4byte	.LVL1-1
 1298 000f 14000000 		.4byte	.LFE34
 1299 0013 0400     		.2byte	0x4
 1300 0015 F3       		.byte	0xf3
 1301 0016 01       		.uleb128 0x1
 1302 0017 50       		.byte	0x50
 1303 0018 9F       		.byte	0x9f
 1304 0019 00000000 		.4byte	0
 1305 001d 00000000 		.4byte	0
 1306              	.LLST1:
 1307 0021 00000000 		.4byte	.LVL4
 1308 0025 05000000 		.4byte	.LVL5-1
 1309 0029 0100     		.2byte	0x1
 1310 002b 50       		.byte	0x50
 1311 002c 05000000 		.4byte	.LVL5-1
 1312 0030 08000000 		.4byte	.LFE36
 1313 0034 0400     		.2byte	0x4
 1314 0036 F3       		.byte	0xf3
 1315 0037 01       		.uleb128 0x1
 1316 0038 50       		.byte	0x50
 1317 0039 9F       		.byte	0x9f
 1318 003a 00000000 		.4byte	0
 1319 003e 00000000 		.4byte	0
 1320              	.LLST2:
 1321 0042 06000000 		.4byte	.LVL6
 1322 0046 30000000 		.4byte	.LVL12
 1323 004a 0A00     		.2byte	0xa
 1324 004c 9E       		.byte	0x9e
 1325 004d 08       		.uleb128 0x8
 1326 004e 00000000 		.4byte	0
 1327 0052 00000000 		.4byte	0
 1328 0056 30000000 		.4byte	.LVL12
 1329 005a 44000000 		.4byte	.LVL14
 1330 005e 0300     		.2byte	0x3
 1331 0060 91       		.byte	0x91
 1332 0061 B07F     		.sleb128 -80
 1333 0063 44000000 		.4byte	.LVL14
 1334 0067 84000000 		.4byte	.LVL23
 1335 006b 0600     		.2byte	0x6
 1336 006d 54       		.byte	0x54
 1337 006e 93       		.byte	0x93
 1338 006f 04       		.uleb128 0x4
 1339 0070 55       		.byte	0x55
 1340 0071 93       		.byte	0x93
 1341 0072 04       		.uleb128 0x4
 1342 0073 84000000 		.4byte	.LVL23
 1343 0077 A4010000 		.4byte	.LFE37
 1344 007b 0300     		.2byte	0x3
 1345 007d 91       		.byte	0x91
 1346 007e B07F     		.sleb128 -80
 1347 0080 00000000 		.4byte	0
 1348 0084 00000000 		.4byte	0
 1349              	.LLST3:
 1350 0088 06000000 		.4byte	.LVL6
 1351 008c 30000000 		.4byte	.LVL12
ARM GAS  C:\Users\PC\AppData\Local\Temp\ccfE62Ib.s 			page 26


 1352 0090 0A00     		.2byte	0xa
 1353 0092 9E       		.byte	0x9e
 1354 0093 08       		.uleb128 0x8
 1355 0094 00000000 		.4byte	0
 1356 0098 00005E40 		.4byte	0x405e0000
 1357 009c 30000000 		.4byte	.LVL12
 1358 00a0 52000000 		.4byte	.LVL16
 1359 00a4 0600     		.2byte	0x6
 1360 00a6 56       		.byte	0x56
 1361 00a7 93       		.byte	0x93
 1362 00a8 04       		.uleb128 0x4
 1363 00a9 57       		.byte	0x57
 1364 00aa 93       		.byte	0x93
 1365 00ab 04       		.uleb128 0x4
 1366 00ac 54000000 		.4byte	.LVL17
 1367 00b0 A2000000 		.4byte	.LVL26
 1368 00b4 0600     		.2byte	0x6
 1369 00b6 56       		.byte	0x56
 1370 00b7 93       		.byte	0x93
 1371 00b8 04       		.uleb128 0x4
 1372 00b9 57       		.byte	0x57
 1373 00ba 93       		.byte	0x93
 1374 00bb 04       		.uleb128 0x4
 1375 00bc A4000000 		.4byte	.LVL27
 1376 00c0 A4010000 		.4byte	.LFE37
 1377 00c4 0600     		.2byte	0x6
 1378 00c6 56       		.byte	0x56
 1379 00c7 93       		.byte	0x93
 1380 00c8 04       		.uleb128 0x4
 1381 00c9 57       		.byte	0x57
 1382 00ca 93       		.byte	0x93
 1383 00cb 04       		.uleb128 0x4
 1384 00cc 00000000 		.4byte	0
 1385 00d0 00000000 		.4byte	0
 1386              	.LLST4:
 1387 00d4 06000000 		.4byte	.LVL6
 1388 00d8 30000000 		.4byte	.LVL12
 1389 00dc 0A00     		.2byte	0xa
 1390 00de 9E       		.byte	0x9e
 1391 00df 08       		.uleb128 0x8
 1392 00e0 00000000 		.4byte	0
 1393 00e4 00006E40 		.4byte	0x406e0000
 1394 00e8 30000000 		.4byte	.LVL12
 1395 00ec 64000000 		.4byte	.LVL19
 1396 00f0 0300     		.2byte	0x3
 1397 00f2 91       		.byte	0x91
 1398 00f3 A87F     		.sleb128 -88
 1399 00f5 64000000 		.4byte	.LVL19
 1400 00f9 6A000000 		.4byte	.LVL20
 1401 00fd 0600     		.2byte	0x6
 1402 00ff 50       		.byte	0x50
 1403 0100 93       		.byte	0x93
 1404 0101 04       		.uleb128 0x4
 1405 0102 51       		.byte	0x51
 1406 0103 93       		.byte	0x93
 1407 0104 04       		.uleb128 0x4
 1408 0105 6A000000 		.4byte	.LVL20
ARM GAS  C:\Users\PC\AppData\Local\Temp\ccfE62Ib.s 			page 27


 1409 0109 A4010000 		.4byte	.LFE37
 1410 010d 0300     		.2byte	0x3
 1411 010f 91       		.byte	0x91
 1412 0110 A87F     		.sleb128 -88
 1413 0112 00000000 		.4byte	0
 1414 0116 00000000 		.4byte	0
 1415              	.LLST5:
 1416 011a F6000000 		.4byte	.LVL37
 1417 011e FC000000 		.4byte	.LVL38
 1418 0122 0100     		.2byte	0x1
 1419 0124 50       		.byte	0x50
 1420 0125 FC000000 		.4byte	.LVL38
 1421 0129 A4010000 		.4byte	.LFE37
 1422 012d 0300     		.2byte	0x3
 1423 012f 91       		.byte	0x91
 1424 0130 BC7F     		.sleb128 -68
 1425 0132 00000000 		.4byte	0
 1426 0136 00000000 		.4byte	0
 1427              	.LLST6:
 1428 013a 24010000 		.4byte	.LVL45
 1429 013e 2C010000 		.4byte	.LVL46
 1430 0142 0100     		.2byte	0x1
 1431 0144 50       		.byte	0x50
 1432 0145 2C010000 		.4byte	.LVL46
 1433 0149 A4010000 		.4byte	.LFE37
 1434 014d 0100     		.2byte	0x1
 1435 014f 55       		.byte	0x55
 1436 0150 00000000 		.4byte	0
 1437 0154 00000000 		.4byte	0
 1438              	.LLST7:
 1439 0158 52010000 		.4byte	.LVL53
 1440 015c 54010000 		.4byte	.LVL54
 1441 0160 0100     		.2byte	0x1
 1442 0162 50       		.byte	0x50
 1443 0163 54010000 		.4byte	.LVL54
 1444 0167 A4010000 		.4byte	.LFE37
 1445 016b 0100     		.2byte	0x1
 1446 016d 54       		.byte	0x54
 1447 016e 00000000 		.4byte	0
 1448 0172 00000000 		.4byte	0
 1449              		.section	.debug_aranges,"",%progbits
 1450 0000 34000000 		.4byte	0x34
 1451 0004 0200     		.2byte	0x2
 1452 0006 00000000 		.4byte	.Ldebug_info0
 1453 000a 04       		.byte	0x4
 1454 000b 00       		.byte	0
 1455 000c 0000     		.2byte	0
 1456 000e 0000     		.2byte	0
 1457 0010 00000000 		.4byte	.LFB34
 1458 0014 14000000 		.4byte	.LFE34-.LFB34
 1459 0018 00000000 		.4byte	.LFB35
 1460 001c 0C000000 		.4byte	.LFE35-.LFB35
 1461 0020 00000000 		.4byte	.LFB36
 1462 0024 08000000 		.4byte	.LFE36-.LFB36
 1463 0028 00000000 		.4byte	.LFB37
 1464 002c A4010000 		.4byte	.LFE37-.LFB37
 1465 0030 00000000 		.4byte	0
ARM GAS  C:\Users\PC\AppData\Local\Temp\ccfE62Ib.s 			page 28


 1466 0034 00000000 		.4byte	0
 1467              		.section	.debug_ranges,"",%progbits
 1468              	.Ldebug_ranges0:
 1469 0000 00000000 		.4byte	.LFB34
 1470 0004 14000000 		.4byte	.LFE34
 1471 0008 00000000 		.4byte	.LFB35
 1472 000c 0C000000 		.4byte	.LFE35
 1473 0010 00000000 		.4byte	.LFB36
 1474 0014 08000000 		.4byte	.LFE36
 1475 0018 00000000 		.4byte	.LFB37
 1476 001c A4010000 		.4byte	.LFE37
 1477 0020 00000000 		.4byte	0
 1478 0024 00000000 		.4byte	0
 1479              		.section	.debug_line,"",%progbits
 1480              	.Ldebug_line0:
 1481 0000 78010000 		.section	.debug_str,"MS",%progbits,1
 1481      0200FC00 
 1481      00000201 
 1481      FB0E0D00 
 1481      01010101 
 1482              	.LASF24:
 1483 0000 616E676C 		.ascii	"angleB\000"
 1483      654200
 1484              	.LASF16:
 1485 0007 7072696E 		.ascii	"println\000"
 1485      746C6E00 
 1486              	.LASF15:
 1487 000f 5F537973 		.ascii	"_System\000"
 1487      74656D00 
 1488              	.LASF17:
 1489 0017 53747269 		.ascii	"String\000"
 1489      6E6700
 1490              	.LASF29:
 1491 001e 6D50574D 		.ascii	"mPWM0_WriteCompare\000"
 1491      305F5772 
 1491      69746543 
 1491      6F6D7061 
 1491      726500
 1492              	.LASF13:
 1493 0031 666C6F61 		.ascii	"float\000"
 1493      7400
 1494              	.LASF31:
 1495 0037 6D50574D 		.ascii	"mPWM2_WriteCompare\000"
 1495      325F5772 
 1495      69746543 
 1495      6F6D7061 
 1495      726500
 1496              	.LASF19:
 1497 004a 7075626C 		.ascii	"publicSetUp\000"
 1497      69635365 
 1497      74557000 
 1498              	.LASF1:
 1499 0056 756E7369 		.ascii	"unsigned char\000"
 1499      676E6564 
 1499      20636861 
 1499      7200
 1500              	.LASF5:
ARM GAS  C:\Users\PC\AppData\Local\Temp\ccfE62Ib.s 			page 29


 1501 0064 6C6F6E67 		.ascii	"long unsigned int\000"
 1501      20756E73 
 1501      69676E65 
 1501      6420696E 
 1501      7400
 1502              	.LASF3:
 1503 0076 73686F72 		.ascii	"short unsigned int\000"
 1503      7420756E 
 1503      7369676E 
 1503      65642069 
 1503      6E7400
 1504              	.LASF12:
 1505 0089 646F7562 		.ascii	"double\000"
 1505      6C6500
 1506              	.LASF2:
 1507 0090 73686F72 		.ascii	"short int\000"
 1507      7420696E 
 1507      7400
 1508              	.LASF27:
 1509 009a 76616C42 		.ascii	"valB\000"
 1509      00
 1510              	.LASF14:
 1511 009f 5F4F5554 		.ascii	"_OUT\000"
 1511      00
 1512              	.LASF41:
 1513 00a4 6D61696E 		.ascii	"main\000"
 1513      00
 1514              	.LASF26:
 1515 00a9 76616C47 		.ascii	"valG\000"
 1515      00
 1516              	.LASF8:
 1517 00ae 756E7369 		.ascii	"unsigned int\000"
 1517      676E6564 
 1517      20696E74 
 1517      00
 1518              	.LASF7:
 1519 00bb 6C6F6E67 		.ascii	"long long unsigned int\000"
 1519      206C6F6E 
 1519      6720756E 
 1519      7369676E 
 1519      65642069 
 1520              	.LASF25:
 1521 00d2 76616C52 		.ascii	"valR\000"
 1521      00
 1522              	.LASF35:
 1523 00d7 6D50574D 		.ascii	"mPWM0_Start\000"
 1523      305F5374 
 1523      61727400 
 1524              	.LASF20:
 1525 00e3 53797374 		.ascii	"System\000"
 1525      656D00
 1526              	.LASF18:
 1527 00ea 73797374 		.ascii	"system\000"
 1527      656D00
 1528              	.LASF34:
 1529 00f1 6D554152 		.ascii	"mUART_Start\000"
 1529      545F5374 
ARM GAS  C:\Users\PC\AppData\Local\Temp\ccfE62Ib.s 			page 30


 1529      61727400 
 1530              	.LASF10:
 1531 00fd 73697A65 		.ascii	"sizetype\000"
 1531      74797065 
 1531      00
 1532              	.LASF6:
 1533 0106 6C6F6E67 		.ascii	"long long int\000"
 1533      206C6F6E 
 1533      6720696E 
 1533      7400
 1534              	.LASF39:
 1535 0114 6D61696E 		.ascii	"main.c\000"
 1535      2E6300
 1536              	.LASF11:
 1537 011b 63686172 		.ascii	"char\000"
 1537      00
 1538              	.LASF40:
 1539 0120 433A5C55 		.ascii	"C:\\Users\\PC\\Documents\\PSoC Creator\\yellowChip\\"
 1539      73657273 
 1539      5C50435C 
 1539      446F6375 
 1539      6D656E74 
 1540 014e 50574D2E 		.ascii	"PWM.cydsn\000"
 1540      63796473 
 1540      6E00
 1541              	.LASF30:
 1542 0158 6D50574D 		.ascii	"mPWM1_WriteCompare\000"
 1542      315F5772 
 1542      69746543 
 1542      6F6D7061 
 1542      726500
 1543              	.LASF21:
 1544 016b 70726976 		.ascii	"privateSetUp\000"
 1544      61746553 
 1544      65745570 
 1544      00
 1545              	.LASF28:
 1546 0178 6D554152 		.ascii	"mUART_UartPutString\000"
 1546      545F5561 
 1546      72745075 
 1546      74537472 
 1546      696E6700 
 1547              	.LASF23:
 1548 018c 616E676C 		.ascii	"angleG\000"
 1548      654700
 1549              	.LASF37:
 1550 0193 6D50574D 		.ascii	"mPWM2_Start\000"
 1550      325F5374 
 1550      61727400 
 1551              	.LASF4:
 1552 019f 6C6F6E67 		.ascii	"long int\000"
 1552      20696E74 
 1552      00
 1553              	.LASF36:
 1554 01a8 6D50574D 		.ascii	"mPWM1_Start\000"
 1554      315F5374 
 1554      61727400 
ARM GAS  C:\Users\PC\AppData\Local\Temp\ccfE62Ib.s 			page 31


 1555              	.LASF9:
 1556 01b4 6C6F6E67 		.ascii	"long double\000"
 1556      20646F75 
 1556      626C6500 
 1557              	.LASF38:
 1558 01c0 474E5520 		.ascii	"GNU C11 5.4.1 20160609 (release) [ARM/embedded-5-br"
 1558      43313120 
 1558      352E342E 
 1558      31203230 
 1558      31363036 
 1559 01f3 616E6368 		.ascii	"anch revision 237715] -mcpu=cortex-m0plus -mthumb -"
 1559      20726576 
 1559      6973696F 
 1559      6E203233 
 1559      37373135 
 1560 0226 67202D4F 		.ascii	"g -Og -ffunction-sections -ffat-lto-objects\000"
 1560      67202D66 
 1560      66756E63 
 1560      74696F6E 
 1560      2D736563 
 1561              	.LASF0:
 1562 0252 7369676E 		.ascii	"signed char\000"
 1562      65642063 
 1562      68617200 
 1563              	.LASF22:
 1564 025e 616E676C 		.ascii	"angleR\000"
 1564      655200
 1565              	.LASF33:
 1566 0265 73707269 		.ascii	"sprintf\000"
 1566      6E746600 
 1567              	.LASF32:
 1568 026d 43794465 		.ascii	"CyDelay\000"
 1568      6C617900 
 1569              		.ident	"GCC: (GNU Tools for ARM Embedded Processors) 5.4.1 20160609 (release) [ARM/embedded-5-bran
