Loading plugins phase: Elapsed time ==> 0s.120ms
<CYPRESSTAG name="CyDsfit arguments...">
cydsfit arguments: -.fdsnotice -.fdswarpdepfile=warp_dependencies.txt -.fdselabdepfile=elab_dependencies.txt -.fdsbldfile=generated_files.txt -.fdsreffile=referenced_files.txt -p C:\Users\PC\Documents\PSoC Creator\yellowChip\RGB_Led.cydsn\RGB_Led.cyprj -d CY8C4025LQI-S402 -s C:\Users\PC\Documents\PSoC Creator\yellowChip\RGB_Led.cydsn\Generated_Source\PSoC4 -- -yv2 -q10 -ygs -o2 -v3 -.fftcfgtype=LE
</CYPRESSTAG>
<CYPRESSTAG name="Design elaboration results...">
</CYPRESSTAG>
Elaboration phase: Elapsed time ==> 1s.483ms
<CYPRESSTAG name="HDL generation results...">
</CYPRESSTAG>
HDL generation phase: Elapsed time ==> 0s.027ms
<CYPRESSTAG name="Synthesis results...">

     | | | | | | |
   _________________
  -|               |-
  -|               |-
  -|               |-
  -|    CYPRESS    |-
  -|               |-
  -|               |-   Warp Verilog Synthesis Compiler: Version 6.3 IR 41
  -|               |-   Copyright (C) 1991-2001 Cypress Semiconductor
   |_______________|
     | | | | | | |

======================================================================
Compiling:  RGB_Led.v
Program  :   C:\Program Files (x86)\Cypress\PSoC Creator\4.4\PSoC Creator\warp\bin\warp.exe
Options  :    -yv2 -q10 -ygs -o2 -v3 -.fftcfgtype=LE -ya -.fftprj=C:\Users\PC\Documents\PSoC Creator\yellowChip\RGB_Led.cydsn\RGB_Led.cyprj -dcpsoc3 RGB_Led.v -verilog
======================================================================

======================================================================
Compiling:  RGB_Led.v
Program  :   C:\Program Files (x86)\Cypress\PSoC Creator\4.4\PSoC Creator\warp\bin\warp.exe
Options  :    -yv2 -q10 -ygs -o2 -v3 -.fftcfgtype=LE -ya -.fftprj=C:\Users\PC\Documents\PSoC Creator\yellowChip\RGB_Led.cydsn\RGB_Led.cyprj -dcpsoc3 RGB_Led.v -verilog
======================================================================

======================================================================
Compiling:  RGB_Led.v
Program  :   vlogfe
Options  :    -yv2 -q10 -ygs -o2 -v3 -.fftcfgtype=LE -ya -.fftprj=C:\Users\PC\Documents\PSoC Creator\yellowChip\RGB_Led.cydsn\RGB_Led.cyprj -dcpsoc3 -verilog RGB_Led.v
======================================================================

vlogfe V6.3 IR 41:  Verilog parser
Thu Jul 28 15:18:28 2022


======================================================================
Compiling:  RGB_Led.v
Program  :   vpp
Options  :    -yv2 -q10 RGB_Led.v
======================================================================

vpp V6.3 IR 41:  Verilog Pre-Processor
Thu Jul 28 15:18:28 2022

Flattening file 'C:\Program Files (x86)\Cypress\PSoC Creator\4.4\PSoC Creator\psoc\content\CyPrimitives\cyprimitives.cylib\cy_virtualmux_v1_0\cy_virtualmux_v1_0.v'
Flattening file 'C:\Program Files (x86)\Cypress\PSoC Creator\4.4\PSoC Creator\psoc\content\CyPrimitives\cyprimitives.cylib\ZeroTerminal\ZeroTerminal.v'
Flattening file 'C:\Program Files (x86)\Cypress\PSoC Creator\4.4\PSoC Creator\psoc\content\CyPrimitives\cyprimitives.cylib\or_v1_0\or_v1_0.v'
Flattening file 'C:\Program Files (x86)\Cypress\PSoC Creator\4.4\PSoC Creator\psoc\content\CyPrimitives\cyprimitives.cylib\cy_analog_virtualmux_v1_0\cy_analog_virtualmux_v1_0.v'

vpp:  No errors.

Library 'work' => directory 'lcpsoc3'
General_symbol_table
General_symbol_table
Linking 'C:\Program Files (x86)\Cypress\PSoC Creator\4.4\PSoC Creator\warp\lib\common\std.vhd'.
Linking 'C:\Program Files (x86)\Cypress\PSoC Creator\4.4\PSoC Creator\warp\lib\common\cypress.vhd'.
Linking 'C:\Program Files (x86)\Cypress\PSoC Creator\4.4\PSoC Creator\warp\lib\common\work\cypress.vif'.
Linking 'C:\Program Files (x86)\Cypress\PSoC Creator\4.4\PSoC Creator\warp\lib\ieee\work\stdlogic.vif'.
Linking 'C:\Program Files (x86)\Cypress\PSoC Creator\4.4\PSoC Creator\warp\lib\common\stdlogic\lpmpkg.vif'.
Linking 'C:\Program Files (x86)\Cypress\PSoC Creator\4.4\PSoC Creator\warp\lib\common\stdlogic\rtlpkg.vif'.
Linking 'C:\Program Files (x86)\Cypress\PSoC Creator\4.4\PSoC Creator\warp\lib\common\stdlogic\mod_cnst.vif'.
Linking 'C:\Program Files (x86)\Cypress\PSoC Creator\4.4\PSoC Creator\warp\lib\common\stdlogic\mod_mthv.vif'.
Linking 'C:\Program Files (x86)\Cypress\PSoC Creator\4.4\PSoC Creator\warp\lib\common\stdlogic\mod_genv.vif'.
Using control file 'RGB_Led.ctl'.

vlogfe:  No errors.


======================================================================
Compiling:  RGB_Led.v
Program  :   tovif
Options  :    -yv2 -q10 -ygs -o2 -v3 -.fftcfgtype=LE -ya -.fftprj=C:\Users\PC\Documents\PSoC Creator\yellowChip\RGB_Led.cydsn\RGB_Led.cyprj -dcpsoc3 -verilog RGB_Led.v
======================================================================

tovif V6.3 IR 41:  High-level synthesis
Thu Jul 28 15:18:28 2022

Linking 'C:\Program Files (x86)\Cypress\PSoC Creator\4.4\PSoC Creator\warp\lib\common\std.vhd'.
Linking 'C:\Program Files (x86)\Cypress\PSoC Creator\4.4\PSoC Creator\warp\lib\common\cypress.vhd'.
Linking 'C:\Program Files (x86)\Cypress\PSoC Creator\4.4\PSoC Creator\warp\lib\common\work\cypress.vif'.
Linking 'C:\Program Files (x86)\Cypress\PSoC Creator\4.4\PSoC Creator\warp\lib\ieee\work\stdlogic.vif'.
Linking 'C:\Program Files (x86)\Cypress\PSoC Creator\4.4\PSoC Creator\warp\lib\common\stdlogic\lpmpkg.vif'.
Linking 'C:\Program Files (x86)\Cypress\PSoC Creator\4.4\PSoC Creator\warp\lib\common\stdlogic\rtlpkg.vif'.
Linking 'C:\Program Files (x86)\Cypress\PSoC Creator\4.4\PSoC Creator\warp\lib\common\stdlogic\mod_cnst.vif'.
Linking 'C:\Program Files (x86)\Cypress\PSoC Creator\4.4\PSoC Creator\warp\lib\common\stdlogic\mod_mthv.vif'.
Linking 'C:\Program Files (x86)\Cypress\PSoC Creator\4.4\PSoC Creator\warp\lib\common\stdlogic\mod_genv.vif'.
Linking 'C:\Users\PC\Documents\PSoC Creator\yellowChip\RGB_Led.cydsn\codegentemp\RGB_Led.ctl'.
Linking 'C:\Program Files (x86)\Cypress\PSoC Creator\4.4\PSoC Creator\psoc\content\CyPrimitives\cyprimitives.cylib\cy_virtualmux_v1_0\cy_virtualmux_v1_0.v'.
Linking 'C:\Users\PC\Documents\PSoC Creator\yellowChip\RGB_Led.cydsn\codegentemp\RGB_Led.v'.
Linking 'C:\Program Files (x86)\Cypress\PSoC Creator\4.4\PSoC Creator\psoc\content\CyPrimitives\cyprimitives.cylib\ZeroTerminal\ZeroTerminal.v'.
Linking 'C:\Program Files (x86)\Cypress\PSoC Creator\4.4\PSoC Creator\psoc\content\CyPrimitives\cyprimitives.cylib\or_v1_0\or_v1_0.v'.
Linking 'C:\Program Files (x86)\Cypress\PSoC Creator\4.4\PSoC Creator\psoc\content\CyPrimitives\cyprimitives.cylib\cy_analog_virtualmux_v1_0\cy_analog_virtualmux_v1_0.v'.

tovif:  No errors.


======================================================================
Compiling:  RGB_Led.v
Program  :   topld
Options  :    -yv2 -q10 -ygs -o2 -v3 -.fftcfgtype=LE -ya -.fftprj=C:\Users\PC\Documents\PSoC Creator\yellowChip\RGB_Led.cydsn\RGB_Led.cyprj -dcpsoc3 -verilog RGB_Led.v
======================================================================

topld V6.3 IR 41:  Synthesis and optimization
Thu Jul 28 15:18:28 2022

Linking 'C:\Program Files (x86)\Cypress\PSoC Creator\4.4\PSoC Creator\warp\lib\common\std.vhd'.
Linking 'C:\Program Files (x86)\Cypress\PSoC Creator\4.4\PSoC Creator\warp\lib\common\cypress.vhd'.
Linking 'C:\Program Files (x86)\Cypress\PSoC Creator\4.4\PSoC Creator\warp\lib\common\work\cypress.vif'.
Linking 'C:\Program Files (x86)\Cypress\PSoC Creator\4.4\PSoC Creator\warp\lib\ieee\work\stdlogic.vif'.
Linking 'C:\Program Files (x86)\Cypress\PSoC Creator\4.4\PSoC Creator\warp\lib\common\stdlogic\lpmpkg.vif'.
Linking 'C:\Program Files (x86)\Cypress\PSoC Creator\4.4\PSoC Creator\warp\lib\common\stdlogic\rtlpkg.vif'.
Linking 'C:\Program Files (x86)\Cypress\PSoC Creator\4.4\PSoC Creator\warp\lib\common\stdlogic\mod_cnst.vif'.
Linking 'C:\Program Files (x86)\Cypress\PSoC Creator\4.4\PSoC Creator\warp\lib\common\stdlogic\mod_mthv.vif'.
Linking 'C:\Program Files (x86)\Cypress\PSoC Creator\4.4\PSoC Creator\warp\lib\common\stdlogic\mod_genv.vif'.
Linking 'C:\Users\PC\Documents\PSoC Creator\yellowChip\RGB_Led.cydsn\codegentemp\RGB_Led.ctl'.
Linking 'C:\Program Files (x86)\Cypress\PSoC Creator\4.4\PSoC Creator\psoc\content\CyPrimitives\cyprimitives.cylib\cy_virtualmux_v1_0\cy_virtualmux_v1_0.v'.
Linking 'C:\Users\PC\Documents\PSoC Creator\yellowChip\RGB_Led.cydsn\codegentemp\RGB_Led.v'.
Linking 'C:\Program Files (x86)\Cypress\PSoC Creator\4.4\PSoC Creator\psoc\content\CyPrimitives\cyprimitives.cylib\ZeroTerminal\ZeroTerminal.v'.
Linking 'C:\Program Files (x86)\Cypress\PSoC Creator\4.4\PSoC Creator\psoc\content\CyPrimitives\cyprimitives.cylib\or_v1_0\or_v1_0.v'.
Linking 'C:\Program Files (x86)\Cypress\PSoC Creator\4.4\PSoC Creator\psoc\content\CyPrimitives\cyprimitives.cylib\cy_analog_virtualmux_v1_0\cy_analog_virtualmux_v1_0.v'.
Linking 'C:\Program Files (x86)\Cypress\PSoC Creator\4.4\PSoC Creator\warp\lib\lcpsoc3\stdlogic\cpsoc3.vif'.

----------------------------------------------------------
Detecting unused logic.
----------------------------------------------------------
    User names
	\mUART:Net_1257\
	\mUART:uncfg_rx_irq\
	\mUART:Net_1099\
	\mUART:Net_1258\
	Net_5
	Net_6
	Net_7
	Net_8
	Net_9
	Net_10
	Net_11
	Net_14
	Net_15
	Net_22
	\mADC:Net_57\
	\mADC:Net_56\
	\mADC:Net_55\
	\mADC:Net_54\
	\mADC:Net_147\
	\mADC:Net_146\


Deleted 20 User equations/components.
Deleted 0 Synthesized equations/components.

------------------------------------------------------
Alias Detection
------------------------------------------------------
Aliasing \mUART:sclk_s_wire\ to \mUART:select_s_wire\
Aliasing \mUART:mosi_s_wire\ to \mUART:select_s_wire\
Aliasing \mUART:miso_m_wire\ to \mUART:select_s_wire\
Aliasing zero to \mUART:select_s_wire\
Aliasing one to \mUART:tmpOE__tx_net_0\
Aliasing \mUART:tmpOE__rx_net_0\ to \mUART:tmpOE__tx_net_0\
Aliasing \mUART:cts_wire\ to \mUART:select_s_wire\
Aliasing tmpOE__LEDR_net_0 to \mUART:tmpOE__tx_net_0\
Aliasing tmpOE__LEDG_net_0 to \mUART:tmpOE__tx_net_0\
Aliasing tmpOE__LEDB_net_0 to \mUART:tmpOE__tx_net_0\
Aliasing tmpOE__BUTTON_net_0 to \mUART:tmpOE__tx_net_0\
Aliasing \mADC:Net_95\ to \mUART:select_s_wire\
Aliasing \mADC:Net_94\ to \mUART:select_s_wire\
Aliasing \mADC:Net_93\ to \mUART:select_s_wire\
Aliasing \mADC:Net_92\ to \mUART:select_s_wire\
Aliasing \mADC:Net_44\ to \mUART:select_s_wire\
Aliasing \mADC:Net_46\ to \mUART:select_s_wire\
Aliasing \mADC:Net_47\ to \mUART:select_s_wire\
Aliasing \mADC:Net_48\ to \mUART:select_s_wire\
Aliasing \mADC:tmpOE__AdcInput_net_1\ to \mUART:tmpOE__tx_net_0\
Aliasing \mADC:tmpOE__AdcInput_net_0\ to \mUART:tmpOE__tx_net_0\
Removing Rhs of wire \mUART:rx_wire\[3] = \mUART:Net_1268\[4]
Removing Lhs of wire \mUART:Net_1170\[7] = \mUART:Net_847\[1]
Removing Lhs of wire \mUART:sclk_s_wire\[8] = \mUART:select_s_wire\[2]
Removing Lhs of wire \mUART:mosi_s_wire\[9] = \mUART:select_s_wire\[2]
Removing Lhs of wire \mUART:miso_m_wire\[10] = \mUART:select_s_wire\[2]
Removing Rhs of wire zero[17] = \mUART:select_s_wire\[2]
Removing Rhs of wire one[18] = \mUART:tmpOE__tx_net_0\[12]
Removing Lhs of wire \mUART:tmpOE__rx_net_0\[23] = one[18]
Removing Lhs of wire \mUART:cts_wire\[27] = zero[17]
Removing Lhs of wire tmpOE__LEDR_net_0[54] = one[18]
Removing Lhs of wire tmpOE__LEDG_net_0[60] = one[18]
Removing Lhs of wire tmpOE__LEDB_net_0[66] = one[18]
Removing Lhs of wire tmpOE__BUTTON_net_0[72] = one[18]
Removing Lhs of wire \mADC:Net_95\[96] = zero[17]
Removing Lhs of wire \mADC:Net_94\[97] = zero[17]
Removing Lhs of wire \mADC:Net_93\[101] = zero[17]
Removing Lhs of wire \mADC:Net_92\[121] = zero[17]
Removing Lhs of wire \mADC:Net_44\[127] = zero[17]
Removing Lhs of wire \mADC:Net_46\[128] = zero[17]
Removing Lhs of wire \mADC:Net_47\[129] = zero[17]
Removing Lhs of wire \mADC:Net_48\[130] = zero[17]
Removing Lhs of wire \mADC:tmpOE__AdcInput_net_1\[139] = one[18]
Removing Lhs of wire \mADC:tmpOE__AdcInput_net_0\[140] = one[18]

------------------------------------------------------
Aliased 0 equations, 23 wires.
------------------------------------------------------

----------------------------------------------------------
Circuit simplification
----------------------------------------------------------

Substituting virtuals - pass 1:


----------------------------------------------------------
Circuit simplification results:

	Expanded 0 signals.
	Turned 0 signals into soft nodes.
	Maximum default expansion cost was set at 3.
----------------------------------------------------------

topld:  No errors.

CYPRESS_DIR    : C:\Program Files (x86)\Cypress\PSoC Creator\4.4\PSoC Creator\warp
Warp Program   : C:\Program Files (x86)\Cypress\PSoC Creator\4.4\PSoC Creator\warp\bin\warp.exe
Warp Arguments : -yv2 -q10 -ygs -o2 -v3 -.fftcfgtype=LE -ya "-.fftprj=C:\Users\PC\Documents\PSoC Creator\yellowChip\RGB_Led.cydsn\RGB_Led.cyprj" -dcpsoc3 RGB_Led.v -verilog
</CYPRESSTAG>
Warp synthesis phase: Elapsed time ==> 0s.259ms
<CYPRESSTAG name="Fitter results...">
<CYPRESSTAG name="Fitter startup details...">
cyp3fit: V4.4.0.80, Family: PSoC3, Started at: Thursday, 28 July 2022 15:18:28
Options: -yv2 -q10 -ygs -o2 -v3 -.fftcfgtype=LE -ya -.fftprj=C:\Users\PC\Documents\PSoC Creator\yellowChip\RGB_Led.cydsn\RGB_Led.cyprj -d CY8C4025LQI-S402 RGB_Led.v -verilog
</CYPRESSTAG>
<CYPRESSTAG name="Design parsing">
Design parsing phase: Elapsed time ==> 0s.004ms
</CYPRESSTAG>
<CYPRESSTAG name="Tech Mapping">
<CYPRESSTAG name="Initial Mapping" icon="FILE_RPT_TECHM">
<CYPRESSTAG name="Global Clock Selection" icon="FILE_RPT_TECHM">
    Fixed Function Clock 2: Automatic-assigning  clock 'mADC_ModClk'. Signal=\mADC:Net_1423_ff2\
    Fixed Function Clock 0: Automatic-assigning  clock 'mUART_SCBCLK'. Signal=\mUART:Net_847_ff0\
<CYPRESSTAG name="UDB Clock/Enable Remapping Results">
</CYPRESSTAG>
</CYPRESSTAG>

Removing unused cells resulting from optimization
Done removing unused cells.
<CYPRESSTAG name="Duplicate Macrocell detection">
</CYPRESSTAG>
</CYPRESSTAG>
<CYPRESSTAG name="Duplicate Macrocell detection">
</CYPRESSTAG>
<CYPRESSTAG name="Design Equations" icon="FILE_RPT_EQUATION">

------------------------------------------------------------
Design Equations
------------------------------------------------------------
    <CYPRESSTAG name="Pin listing">

    ------------------------------------------------------------
    Pin listing
    ------------------------------------------------------------

    Pin : Name = \mUART:tx(0)\
        Attributes:
            In Group/Port: True
            In Sync Option: NOSYNC
            Out Sync Option: NOSYNC
            Interrupt generated: False
            Interrupt mode: NONE
            Drive mode: CMOS_OUT
            VTrip: CMOS
            Slew: FAST
            Input Sync needed: False
            Output Sync needed: False
            SC shield enabled: False
            POR State: ANY
            LCD Mode: COMMON
            Register Mode: RegComb
            CaSense Mode: NEITHER
            Treat as pin: True
            Is OE Registered: False
            Uses Analog: False
            Can contain Digital: True
            Is SIO: False
            SIO Output Buf: NONREGULATED
            SIO Input Buf: SINGLE_ENDED
            SIO HiFreq: LOW
            SIO Hyst: DISABLED
            SIO Vtrip: MULTIPLIER_0_5
            SIO Multiplier Index: 0
            SIO RefSel: VCC_IO
            Required Capabilities: DIGITAL
            Initial Value: 1
            IO Voltage: 0
        PORT MAP (
            pa_out => \mUART:tx(0)\__PA ,
            pin_input => \mUART:tx_wire\ ,
            pad => \mUART:tx(0)_PAD\ );
        Properties:
        {
        }

    Pin : Name = \mUART:rx(0)\
        Attributes:
            In Group/Port: True
            In Sync Option: NOSYNC
            Out Sync Option: AUTO
            Interrupt generated: False
            Interrupt mode: NONE
            Drive mode: HI_Z_DIGITAL
            VTrip: CMOS
            Slew: FAST
            Input Sync needed: False
            Output Sync needed: False
            SC shield enabled: False
            POR State: ANY
            LCD Mode: COMMON
            Register Mode: RegComb
            CaSense Mode: NEITHER
            Treat as pin: True
            Is OE Registered: False
            Uses Analog: False
            Can contain Digital: True
            Is SIO: False
            SIO Output Buf: NONREGULATED
            SIO Input Buf: SINGLE_ENDED
            SIO HiFreq: LOW
            SIO Hyst: DISABLED
            SIO Vtrip: MULTIPLIER_0_5
            SIO Multiplier Index: 0
            SIO RefSel: VCC_IO
            Required Capabilities: DIGITAL
            Initial Value: 0
            IO Voltage: 0
        PORT MAP (
            pa_out => \mUART:rx(0)\__PA ,
            fb => \mUART:rx_wire\ ,
            pad => \mUART:rx(0)_PAD\ );
        Properties:
        {
        }

    Pin : Name = LEDR(0)
        Attributes:
            In Group/Port: True
            In Sync Option: AUTO
            Out Sync Option: NOSYNC
            Interrupt generated: False
            Interrupt mode: NONE
            Drive mode: CMOS_OUT
            VTrip: EITHER
            Slew: FAST
            Input Sync needed: False
            Output Sync needed: False
            SC shield enabled: False
            POR State: ANY
            LCD Mode: COMMON
            Register Mode: RegComb
            CaSense Mode: NEITHER
            Treat as pin: True
            Is OE Registered: False
            Uses Analog: False
            Can contain Digital: True
            Is SIO: False
            SIO Output Buf: NONREGULATED
            SIO Input Buf: SINGLE_ENDED
            SIO HiFreq: LOW
            SIO Hyst: DISABLED
            SIO Vtrip: MULTIPLIER_0_5
            SIO Multiplier Index: 0
            SIO RefSel: VCC_IO
            Required Capabilities: DIGITAL
            Initial Value: 0
            IO Voltage: 0
        PORT MAP (
            pa_out => LEDR(0)__PA ,
            pad => LEDR(0)_PAD );
        Properties:
        {
        }

    Pin : Name = LEDG(0)
        Attributes:
            In Group/Port: True
            In Sync Option: AUTO
            Out Sync Option: NOSYNC
            Interrupt generated: False
            Interrupt mode: NONE
            Drive mode: CMOS_OUT
            VTrip: EITHER
            Slew: FAST
            Input Sync needed: False
            Output Sync needed: False
            SC shield enabled: False
            POR State: ANY
            LCD Mode: COMMON
            Register Mode: RegComb
            CaSense Mode: NEITHER
            Treat as pin: True
            Is OE Registered: False
            Uses Analog: False
            Can contain Digital: True
            Is SIO: False
            SIO Output Buf: NONREGULATED
            SIO Input Buf: SINGLE_ENDED
            SIO HiFreq: LOW
            SIO Hyst: DISABLED
            SIO Vtrip: MULTIPLIER_0_5
            SIO Multiplier Index: 0
            SIO RefSel: VCC_IO
            Required Capabilities: DIGITAL
            Initial Value: 0
            IO Voltage: 0
        PORT MAP (
            pa_out => LEDG(0)__PA ,
            pad => LEDG(0)_PAD );
        Properties:
        {
        }

    Pin : Name = LEDB(0)
        Attributes:
            In Group/Port: True
            In Sync Option: AUTO
            Out Sync Option: NOSYNC
            Interrupt generated: False
            Interrupt mode: NONE
            Drive mode: CMOS_OUT
            VTrip: EITHER
            Slew: FAST
            Input Sync needed: False
            Output Sync needed: False
            SC shield enabled: False
            POR State: ANY
            LCD Mode: COMMON
            Register Mode: RegComb
            CaSense Mode: NEITHER
            Treat as pin: True
            Is OE Registered: False
            Uses Analog: False
            Can contain Digital: True
            Is SIO: False
            SIO Output Buf: NONREGULATED
            SIO Input Buf: SINGLE_ENDED
            SIO HiFreq: LOW
            SIO Hyst: DISABLED
            SIO Vtrip: MULTIPLIER_0_5
            SIO Multiplier Index: 0
            SIO RefSel: VCC_IO
            Required Capabilities: DIGITAL
            Initial Value: 0
            IO Voltage: 0
        PORT MAP (
            pa_out => LEDB(0)__PA ,
            pad => LEDB(0)_PAD );
        Properties:
        {
        }

    Pin : Name = BUTTON(0)
        Attributes:
            In Group/Port: True
            In Sync Option: NOSYNC
            Out Sync Option: AUTO
            Interrupt generated: False
            Interrupt mode: NONE
            Drive mode: RES_PULL_UP
            VTrip: CMOS
            Slew: FAST
            Input Sync needed: False
            Output Sync needed: False
            SC shield enabled: False
            POR State: ANY
            LCD Mode: COMMON
            Register Mode: RegComb
            CaSense Mode: NEITHER
            Treat as pin: True
            Is OE Registered: False
            Uses Analog: False
            Can contain Digital: True
            Is SIO: False
            SIO Output Buf: NONREGULATED
            SIO Input Buf: SINGLE_ENDED
            SIO HiFreq: LOW
            SIO Hyst: DISABLED
            SIO Vtrip: MULTIPLIER_0_5
            SIO Multiplier Index: 0
            SIO RefSel: VCC_IO
            Required Capabilities: DIGITAL
            Initial Value: 1
            IO Voltage: 0
        PORT MAP (
            pa_out => BUTTON(0)__PA ,
            pad => BUTTON(0)_PAD );
        Properties:
        {
        }

    Pin : Name = \mADC:AdcInput(0)\
        Attributes:
            Alias: Ch0
            In Group/Port: True
            In Sync Option: AUTO
            Out Sync Option: AUTO
            Interrupt generated: False
            Interrupt mode: NONE
            Drive mode: HI_Z_ANALOG
            VTrip: EITHER
            Slew: FAST
            Input Sync needed: False
            Output Sync needed: False
            SC shield enabled: False
            POR State: ANY
            LCD Mode: COMMON
            Register Mode: RegComb
            CaSense Mode: NEITHER
            Treat as pin: True
            Is OE Registered: False
            Uses Analog: True
            Can contain Digital: False
            Is SIO: False
            SIO Output Buf: NONREGULATED
            SIO Input Buf: SINGLE_ENDED
            SIO HiFreq: LOW
            SIO Hyst: DISABLED
            SIO Vtrip: MULTIPLIER_0_5
            SIO Multiplier Index: 0
            SIO RefSel: VCC_IO
            Required Capabilities: ANALOG
            Initial Value: 0
            IO Voltage: 0
        PORT MAP (
            pa_out => \mADC:AdcInput(0)\__PA ,
            analog_term => \mADC:Net_132_0\ ,
            pad => \mADC:AdcInput(0)_PAD\ );
        Properties:
        {
        }

    Pin : Name = \mADC:AdcInput(1)\
        Attributes:
            Alias: Ch1
            In Group/Port: True
            In Sync Option: AUTO
            Out Sync Option: AUTO
            Interrupt generated: False
            Interrupt mode: NONE
            Drive mode: HI_Z_ANALOG
            VTrip: EITHER
            Slew: FAST
            Input Sync needed: False
            Output Sync needed: False
            SC shield enabled: False
            POR State: ANY
            LCD Mode: COMMON
            Register Mode: RegComb
            CaSense Mode: NEITHER
            Treat as pin: True
            Is OE Registered: False
            Uses Analog: True
            Can contain Digital: False
            Is SIO: False
            SIO Output Buf: NONREGULATED
            SIO Input Buf: SINGLE_ENDED
            SIO HiFreq: LOW
            SIO Hyst: DISABLED
            SIO Vtrip: MULTIPLIER_0_5
            SIO Multiplier Index: 0
            SIO RefSel: VCC_IO
            Required Capabilities: ANALOG
            Initial Value: 1
            IO Voltage: 0
        PORT MAP (
            pa_out => \mADC:AdcInput(1)\__PA ,
            analog_term => \mADC:Net_132_0\ ,
            pad => \mADC:AdcInput(1)_PAD\ );
        Properties:
        {
        }
    </CYPRESSTAG>
    <CYPRESSTAG name="Macrocell listing" icon="FILE_RPT_EQUATION">
    </CYPRESSTAG>
    <CYPRESSTAG name="Datapath listing">
    </CYPRESSTAG>
    <CYPRESSTAG name="Status register listing">
    </CYPRESSTAG>
    <CYPRESSTAG name="StatusI register listing">
    </CYPRESSTAG>
    <CYPRESSTAG name="Sync listing">
    </CYPRESSTAG>
    <CYPRESSTAG name="Control register listing">
    </CYPRESSTAG>
    <CYPRESSTAG name="Count7 listing">
    </CYPRESSTAG>
    <CYPRESSTAG name="DRQ listing">
    </CYPRESSTAG>
    <CYPRESSTAG name="Interrupt listing">

    ------------------------------------------------------------
    Interrupt listing
    ------------------------------------------------------------

    interrupt: Name =\mADC:ISR\
        PORT MAP (
            interrupt => \mADC:Net_120\ );
        Properties:
        {
            int_type = "10"
            is_nmi = 0
        }
    </CYPRESSTAG>
</CYPRESSTAG>
<CYPRESSTAG name="Technology mapping summary" expanded>

------------------------------------------------------------
Technology mapping summary
------------------------------------------------------------

Resource Type                 : Used : Free :  Max :  % Used
============================================================
Interrupts                    :    1 :   15 :   16 :  6.25 %
IO                            :   10 :   17 :   27 : 37.04 %
Segment LCD                   :    0 :    1 :    1 :  0.00 %
CapSense                      :    1 :    0 :    1 : 100.00 %
Serial Communication (SCB)    :    1 :    1 :    2 : 50.00 %
Timer/Counter/PWM             :    0 :    5 :    5 :  0.00 %
Smart IO Ports                :    0 :    2 :    2 :  0.00 %
Comparator                    :    1 :    0 :    1 : 100.00 %
LP Comparator                 :    0 :    2 :    2 :  0.00 %
DAC                           :      :      :      :        
  7-bit IDAC                  :    1 :    1 :    2 : 50.00 %
</CYPRESSTAG>
Technology Mapping: Elapsed time ==> 0s.014ms
Tech Mapping phase: Elapsed time ==> 0s.021ms
</CYPRESSTAG>
<CYPRESSTAG name="Analog Placement">
<CYPRESSTAG name="FFB & IO Pre Placement">
<CYPRESSTAG name="Placement" icon="FILE_RPT_PLACEMENT">

Cell                                : Block                              
=========================================================================
\mUART:tx(0)\                       : [IOP=(4)][IoId=(1)]                
\mUART:rx(0)\                       : [IOP=(4)][IoId=(0)]                
LEDR(0)                             : [IOP=(2)][IoId=(5)]                
LEDG(0)                             : [IOP=(2)][IoId=(3)]                
LEDB(0)                             : [IOP=(2)][IoId=(2)]                
BUTTON(0)                           : [IOP=(0)][IoId=(2)]                
\mADC:AdcInput(0)\                  : [IOP=(2)][IoId=(0)]                
\mADC:AdcInput(1)\                  : [IOP=(2)][IoId=(1)]                
ClockGenBlock                       : CLK_GEN_[FFB(CLK_GEN,0)]           
\mUART:SCB\                         : SCB_[FFB(SCB,0)]                   
\mADC:CSD\                          : CSD_[FFB(CSD,0)]                   
\mADC:IDACComp\                     : CSIDAC7_[FFB(CSIDAC7,0)]           

</CYPRESSTAG>
</CYPRESSTAG>
<CYPRESSTAG name="Real Analog Placement">
Elapsed time ==> 0.0796188s
</CYPRESSTAG>
Analog Placement phase: Elapsed time ==> 0s.160ms
</CYPRESSTAG>
<CYPRESSTAG name="Analog Routing">
<CYPRESSTAG name="Analog Routing">
Route success=True, Iterations=1 Elapsed=0.0015465 secs
</CYPRESSTAG>
Analog Routing phase: Elapsed time ==> 0s.001ms
</CYPRESSTAG>
<CYPRESSTAG name="Analog Code Generation">
============ Analog Final Answer Routes ============
Dump of CyAnalogRoutingResultsDB
Map of net to items {
  Net: \mADC:Net_132_0\ {
    CSD0_shield_internal
    swh_8
    shield0
    BYB
    amuxbusb
    P2_P50
    p2_0
    P2_P51
    p2_1
  }
  Net: \mADC:Net_150\ {
  }
  Net: \mADC:Net_324\ {
    idac1_out
    IBCB
  }
}
Map of item to net {
  CSD0_shield_internal                             -> \mADC:Net_132_0\
  swh_8                                            -> \mADC:Net_132_0\
  shield0                                          -> \mADC:Net_132_0\
  BYB                                              -> \mADC:Net_132_0\
  amuxbusb                                         -> \mADC:Net_132_0\
  P2_P50                                           -> \mADC:Net_132_0\
  p2_0                                             -> \mADC:Net_132_0\
  P2_P51                                           -> \mADC:Net_132_0\
  p2_1                                             -> \mADC:Net_132_0\
  idac1_out                                        -> \mADC:Net_324\
  IBCB                                             -> \mADC:Net_324\
}
Mux Info {
}
Analog Code Generation phase: Elapsed time ==> 0s.018ms
</CYPRESSTAG>
<CYPRESSTAG name="Digital Placement">
<CYPRESSTAG name="Detailed placement messages">
I2076: Total run-time: 0.1 sec.

</CYPRESSTAG>
<CYPRESSTAG name="PLD Packing">
<CYPRESSTAG name="PLD Packing Summary">
No PLDs were packed.
</CYPRESSTAG>
PLD Packing: Elapsed time ==> 0s.000ms
</CYPRESSTAG>
<CYPRESSTAG name="Partitioning">
<CYPRESSTAG name="Initial Partitioning Summary">
Initial Partitioning Summary not displayed at this verbose level.</CYPRESSTAG>
<CYPRESSTAG name="Final Partitioning Summary">
Final Partitioning Summary not displayed at this verbose level.</CYPRESSTAG>
Partitioning: Elapsed time ==> 0s.006ms
</CYPRESSTAG>
<CYPRESSTAG name="Final Placement Summary">

------------------------------------------------------------
Final Placement Summary
------------------------------------------------------------

       Resource Type :      Count : Avg Inputs : Avg Outputs
    ========================================================
                 UDB :          0 :       0.00 :       0.00
<CYPRESSTAG name="Final Placement Details">
<CYPRESSTAG name="Component Details">

------------------------------------------------------------
Component Placement Details
------------------------------------------------------------
Intr container @ [IntrContainer=(0)]: 
  Intr@ [IntrContainer=(0)][IntrId=(10)] 
    interrupt: Name =\mADC:ISR\
        PORT MAP (
            interrupt => \mADC:Net_120\ );
        Properties:
        {
            int_type = "10"
            is_nmi = 0
        }
Port 0 contains the following IO cells:
[IoId=2]: 
Pin : Name = BUTTON(0)
    Attributes:
        In Group/Port: True
        In Sync Option: NOSYNC
        Out Sync Option: AUTO
        Interrupt generated: False
        Interrupt mode: NONE
        Drive mode: RES_PULL_UP
        VTrip: CMOS
        Slew: FAST
        Input Sync needed: False
        Output Sync needed: False
        SC shield enabled: False
        POR State: ANY
        LCD Mode: COMMON
        Register Mode: RegComb
        CaSense Mode: NEITHER
        Treat as pin: True
        Is OE Registered: False
        Uses Analog: False
        Can contain Digital: True
        Is SIO: False
        SIO Output Buf: NONREGULATED
        SIO Input Buf: SINGLE_ENDED
        SIO HiFreq: LOW
        SIO Hyst: DISABLED
        SIO Vtrip: MULTIPLIER_0_5
        SIO Multiplier Index: 0
        SIO RefSel: VCC_IO
        Required Capabilities: DIGITAL
        Initial Value: 1
        IO Voltage: 0
    PORT MAP (
        pa_out => BUTTON(0)__PA ,
        pad => BUTTON(0)_PAD );
    Properties:
    {
    }

Port 1 contains the following IO cells:
Port 2 contains the following IO cells:
[IoId=0]: 
Pin : Name = \mADC:AdcInput(0)\
    Attributes:
        Alias: Ch0
        In Group/Port: True
        In Sync Option: AUTO
        Out Sync Option: AUTO
        Interrupt generated: False
        Interrupt mode: NONE
        Drive mode: HI_Z_ANALOG
        VTrip: EITHER
        Slew: FAST
        Input Sync needed: False
        Output Sync needed: False
        SC shield enabled: False
        POR State: ANY
        LCD Mode: COMMON
        Register Mode: RegComb
        CaSense Mode: NEITHER
        Treat as pin: True
        Is OE Registered: False
        Uses Analog: True
        Can contain Digital: False
        Is SIO: False
        SIO Output Buf: NONREGULATED
        SIO Input Buf: SINGLE_ENDED
        SIO HiFreq: LOW
        SIO Hyst: DISABLED
        SIO Vtrip: MULTIPLIER_0_5
        SIO Multiplier Index: 0
        SIO RefSel: VCC_IO
        Required Capabilities: ANALOG
        Initial Value: 0
        IO Voltage: 0
    PORT MAP (
        pa_out => \mADC:AdcInput(0)\__PA ,
        analog_term => \mADC:Net_122\ ,
        pad => \mADC:AdcInput(0)_PAD\ );
    Properties:
    {
    }

[IoId=1]: 
Pin : Name = \mADC:AdcInput(1)\
    Attributes:
        Alias: Ch1
        In Group/Port: True
        In Sync Option: AUTO
        Out Sync Option: AUTO
        Interrupt generated: False
        Interrupt mode: NONE
        Drive mode: HI_Z_ANALOG
        VTrip: EITHER
        Slew: FAST
        Input Sync needed: False
        Output Sync needed: False
        SC shield enabled: False
        POR State: ANY
        LCD Mode: COMMON
        Register Mode: RegComb
        CaSense Mode: NEITHER
        Treat as pin: True
        Is OE Registered: False
        Uses Analog: True
        Can contain Digital: False
        Is SIO: False
        SIO Output Buf: NONREGULATED
        SIO Input Buf: SINGLE_ENDED
        SIO HiFreq: LOW
        SIO Hyst: DISABLED
        SIO Vtrip: MULTIPLIER_0_5
        SIO Multiplier Index: 0
        SIO RefSel: VCC_IO
        Required Capabilities: ANALOG
        Initial Value: 1
        IO Voltage: 0
    PORT MAP (
        pa_out => \mADC:AdcInput(1)\__PA ,
        analog_term => \mADC:Net_122\ ,
        pad => \mADC:AdcInput(1)_PAD\ );
    Properties:
    {
    }

[IoId=2]: 
Pin : Name = LEDB(0)
    Attributes:
        In Group/Port: True
        In Sync Option: AUTO
        Out Sync Option: NOSYNC
        Interrupt generated: False
        Interrupt mode: NONE
        Drive mode: CMOS_OUT
        VTrip: EITHER
        Slew: FAST
        Input Sync needed: False
        Output Sync needed: False
        SC shield enabled: False
        POR State: ANY
        LCD Mode: COMMON
        Register Mode: RegComb
        CaSense Mode: NEITHER
        Treat as pin: True
        Is OE Registered: False
        Uses Analog: False
        Can contain Digital: True
        Is SIO: False
        SIO Output Buf: NONREGULATED
        SIO Input Buf: SINGLE_ENDED
        SIO HiFreq: LOW
        SIO Hyst: DISABLED
        SIO Vtrip: MULTIPLIER_0_5
        SIO Multiplier Index: 0
        SIO RefSel: VCC_IO
        Required Capabilities: DIGITAL
        Initial Value: 0
        IO Voltage: 0
    PORT MAP (
        pa_out => LEDB(0)__PA ,
        pad => LEDB(0)_PAD );
    Properties:
    {
    }

[IoId=3]: 
Pin : Name = LEDG(0)
    Attributes:
        In Group/Port: True
        In Sync Option: AUTO
        Out Sync Option: NOSYNC
        Interrupt generated: False
        Interrupt mode: NONE
        Drive mode: CMOS_OUT
        VTrip: EITHER
        Slew: FAST
        Input Sync needed: False
        Output Sync needed: False
        SC shield enabled: False
        POR State: ANY
        LCD Mode: COMMON
        Register Mode: RegComb
        CaSense Mode: NEITHER
        Treat as pin: True
        Is OE Registered: False
        Uses Analog: False
        Can contain Digital: True
        Is SIO: False
        SIO Output Buf: NONREGULATED
        SIO Input Buf: SINGLE_ENDED
        SIO HiFreq: LOW
        SIO Hyst: DISABLED
        SIO Vtrip: MULTIPLIER_0_5
        SIO Multiplier Index: 0
        SIO RefSel: VCC_IO
        Required Capabilities: DIGITAL
        Initial Value: 0
        IO Voltage: 0
    PORT MAP (
        pa_out => LEDG(0)__PA ,
        pad => LEDG(0)_PAD );
    Properties:
    {
    }

[IoId=5]: 
Pin : Name = LEDR(0)
    Attributes:
        In Group/Port: True
        In Sync Option: AUTO
        Out Sync Option: NOSYNC
        Interrupt generated: False
        Interrupt mode: NONE
        Drive mode: CMOS_OUT
        VTrip: EITHER
        Slew: FAST
        Input Sync needed: False
        Output Sync needed: False
        SC shield enabled: False
        POR State: ANY
        LCD Mode: COMMON
        Register Mode: RegComb
        CaSense Mode: NEITHER
        Treat as pin: True
        Is OE Registered: False
        Uses Analog: False
        Can contain Digital: True
        Is SIO: False
        SIO Output Buf: NONREGULATED
        SIO Input Buf: SINGLE_ENDED
        SIO HiFreq: LOW
        SIO Hyst: DISABLED
        SIO Vtrip: MULTIPLIER_0_5
        SIO Multiplier Index: 0
        SIO RefSel: VCC_IO
        Required Capabilities: DIGITAL
        Initial Value: 0
        IO Voltage: 0
    PORT MAP (
        pa_out => LEDR(0)__PA ,
        pad => LEDR(0)_PAD );
    Properties:
    {
    }

Port 3 contains the following IO cells:
Port 4 contains the following IO cells:
[IoId=0]: 
Pin : Name = \mUART:rx(0)\
    Attributes:
        In Group/Port: True
        In Sync Option: NOSYNC
        Out Sync Option: AUTO
        Interrupt generated: False
        Interrupt mode: NONE
        Drive mode: HI_Z_DIGITAL
        VTrip: CMOS
        Slew: FAST
        Input Sync needed: False
        Output Sync needed: False
        SC shield enabled: False
        POR State: ANY
        LCD Mode: COMMON
        Register Mode: RegComb
        CaSense Mode: NEITHER
        Treat as pin: True
        Is OE Registered: False
        Uses Analog: False
        Can contain Digital: True
        Is SIO: False
        SIO Output Buf: NONREGULATED
        SIO Input Buf: SINGLE_ENDED
        SIO HiFreq: LOW
        SIO Hyst: DISABLED
        SIO Vtrip: MULTIPLIER_0_5
        SIO Multiplier Index: 0
        SIO RefSel: VCC_IO
        Required Capabilities: DIGITAL
        Initial Value: 0
        IO Voltage: 0
    PORT MAP (
        pa_out => \mUART:rx(0)\__PA ,
        fb => \mUART:rx_wire\ ,
        pad => \mUART:rx(0)_PAD\ );
    Properties:
    {
    }

[IoId=1]: 
Pin : Name = \mUART:tx(0)\
    Attributes:
        In Group/Port: True
        In Sync Option: NOSYNC
        Out Sync Option: NOSYNC
        Interrupt generated: False
        Interrupt mode: NONE
        Drive mode: CMOS_OUT
        VTrip: CMOS
        Slew: FAST
        Input Sync needed: False
        Output Sync needed: False
        SC shield enabled: False
        POR State: ANY
        LCD Mode: COMMON
        Register Mode: RegComb
        CaSense Mode: NEITHER
        Treat as pin: True
        Is OE Registered: False
        Uses Analog: False
        Can contain Digital: True
        Is SIO: False
        SIO Output Buf: NONREGULATED
        SIO Input Buf: SINGLE_ENDED
        SIO HiFreq: LOW
        SIO Hyst: DISABLED
        SIO Vtrip: MULTIPLIER_0_5
        SIO Multiplier Index: 0
        SIO RefSel: VCC_IO
        Required Capabilities: DIGITAL
        Initial Value: 1
        IO Voltage: 0
    PORT MAP (
        pa_out => \mUART:tx(0)\__PA ,
        pin_input => \mUART:tx_wire\ ,
        pad => \mUART:tx(0)_PAD\ );
    Properties:
    {
    }

Clock group 0: 
    Clock Block @ F(Clock,0): 
    m0s8clockblockcell: Name =ClockBlock
        PORT MAP (
            hfclk => ClockBlock_HFClk ,
            imo => ClockBlock_IMO ,
            ext => ClockBlock_ExtClk ,
            sysclk => ClockBlock_SysClk ,
            ilo => ClockBlock_ILO ,
            lfclk => ClockBlock_LFClk ,
            wco => ClockBlock_WCO ,
            ff_div_2 => \mADC:Net_1423_ff2\ ,
            ff_div_0 => \mUART:Net_847_ff0\ );
        Properties:
        {
        }
LCD group 0: empty
PICU group 0: empty
LPCOMP group 0: empty
SCB group 0: 
    SCB Block @ F(SCB,0): 
    m0s8scbcell: Name =\mUART:SCB\
        PORT MAP (
            clock => \mUART:Net_847_ff0\ ,
            interrupt => Net_3 ,
            uart_rx => \mUART:rx_wire\ ,
            uart_tx => \mUART:tx_wire\ ,
            uart_rts => \mUART:rts_wire\ ,
            mosi_m => \mUART:mosi_m_wire\ ,
            select_m_3 => \mUART:select_m_wire_3\ ,
            select_m_2 => \mUART:select_m_wire_2\ ,
            select_m_1 => \mUART:select_m_wire_1\ ,
            select_m_0 => \mUART:select_m_wire_0\ ,
            sclk_m => \mUART:sclk_m_wire\ ,
            miso_s => \mUART:miso_s_wire\ ,
            tr_tx_req => Net_21 ,
            tr_rx_req => Net_12 );
        Properties:
        {
            cy_registers = ""
            scb_mode = 2
        }
CSD group 0: 
    CapSense @ F(CSD,0): 
    p4csdcell: Name =\mADC:CSD\
        PORT MAP (
            source => \mADC:Net_2\ ,
            shield => \mADC:Net_122\ ,
            csh => \mADC:Net_84\ ,
            cmod => \mADC:Net_86\ ,
            shield_pad => \mADC:Net_15\ ,
            vref_ext => \mADC:Net_150\ ,
            sense_out => \mADC:Net_317\ ,
            sample_out => \mADC:Net_316\ ,
            dsi_csh_tank => \mADC:Net_323\ ,
            dsi_cmod => \mADC:Net_322\ ,
            dsi_hscmp => \mADC:Net_321\ ,
            dsi_sampling => \mADC:Net_318\ ,
            dsi_adc_on => \mADC:Net_319\ ,
            tr_adc_done => \mADC:Net_354\ ,
            dsi_count_15 => \mADC:Net_320_15\ ,
            dsi_count_14 => \mADC:Net_320_14\ ,
            dsi_count_13 => \mADC:Net_320_13\ ,
            dsi_count_12 => \mADC:Net_320_12\ ,
            dsi_count_11 => \mADC:Net_320_11\ ,
            dsi_count_10 => \mADC:Net_320_10\ ,
            dsi_count_9 => \mADC:Net_320_9\ ,
            dsi_count_8 => \mADC:Net_320_8\ ,
            dsi_count_7 => \mADC:Net_320_7\ ,
            dsi_count_6 => \mADC:Net_320_6\ ,
            dsi_count_5 => \mADC:Net_320_5\ ,
            dsi_count_4 => \mADC:Net_320_4\ ,
            dsi_count_3 => \mADC:Net_320_3\ ,
            dsi_count_2 => \mADC:Net_320_2\ ,
            dsi_count_1 => \mADC:Net_320_1\ ,
            dsi_count_0 => \mADC:Net_320_0\ ,
            clk => \mADC:Net_1423_ff2\ ,
            irq => \mADC:Net_120\ );
        Properties:
        {
            adc_channel_count = 2
            cy_registers = ""
            dedicated_io_count = 2
            ganged_csx = 0
            is_capsense = 0
            is_cmod_charge = 0
            is_csh_charge = 0
            is_mutual = 0
            rx_count = 1
            sense_as_shield = 0
            sensors_count = 1
            shield_as_sense = 0
            shield_count = 1
            tx_count = 1
        }
CSIDAC7 group 0: 
    7-bit IDAC @ F(CSIDAC7,1): 
    p4csidacV2cell: Name =\mADC:IDACComp\
        PORT MAP (
            iout => \mADC:Net_122\ );
        Properties:
        {
            cy_registers = ""
            leg3_needed = 1
        }
TCPWM group 0: empty
CLK_GEN group 0: 
    M0S8 Clock Gen Block @ F(CLK_GEN,0): 
    m0s8clockgenblockcell: Name =ClockGenBlock
        PORT MAP (
             );
        Properties:
        {
        }
LPCOMPBLOCK group 0: empty
WCO group 0: empty
SmartIO group 0: empty
SRSS group 0: empty
CPUSS group 0: empty
IOSS group 0: empty
EXCO group 0: empty
</CYPRESSTAG>
<CYPRESSTAG name="Port Configuration Details">

------------------------------------------------------------
Port Configuration report
------------------------------------------------------------
     |     |       | Interrupt |                  |                    | 
Port | Pin | Fixed |      Type |       Drive Mode |               Name | Connections
-----+-----+-------+-----------+------------------+--------------------+-----------------------
   0 |   2 |     * |      NONE |      RES_PULL_UP |          BUTTON(0) | 
-----+-----+-------+-----------+------------------+--------------------+-----------------------
   2 |   0 |     * |      NONE |      HI_Z_ANALOG | \mADC:AdcInput(0)\ | Analog(\mADC:Net_122\)
     |   1 |     * |      NONE |      HI_Z_ANALOG | \mADC:AdcInput(1)\ | Analog(\mADC:Net_122\)
     |   2 |     * |      NONE |         CMOS_OUT |            LEDB(0) | 
     |   3 |     * |      NONE |         CMOS_OUT |            LEDG(0) | 
     |   5 |     * |      NONE |         CMOS_OUT |            LEDR(0) | 
-----+-----+-------+-----------+------------------+--------------------+-----------------------
   4 |   0 |     * |      NONE |     HI_Z_DIGITAL |      \mUART:rx(0)\ | FB(\mUART:rx_wire\)
     |   1 |     * |      NONE |         CMOS_OUT |      \mUART:tx(0)\ | In(\mUART:tx_wire\)
-----------------------------------------------------------------------------------------------
</CYPRESSTAG>
</CYPRESSTAG>
</CYPRESSTAG>
Digital component placer commit/Report: Elapsed time ==> 0s.007ms
Digital Placement phase: Elapsed time ==> 0s.105ms
</CYPRESSTAG>
<CYPRESSTAG name="Digital Routing">
"C:\Program Files (x86)\Cypress\PSoC Creator\4.4\PSoC Creator\bin/sjrouter.exe" --xml-path "C:\Program Files (x86)\Cypress\PSoC Creator\4.4\PSoC Creator\dev\psoc4/9/route_arch-rrg.cydata" --vh2-path "RGB_Led_r.vh2" --pcf-path "RGB_Led.pco" --des-name "RGB_Led" --dsf-path "RGB_Led.dsf"
Routing successful.
Digital Routing phase: Elapsed time ==> 0s.101ms
</CYPRESSTAG>
<CYPRESSTAG name="Bitstream Generation">
Bitstream Generation phase: Elapsed time ==> 0s.104ms
</CYPRESSTAG>
<CYPRESSTAG name="Bitstream Verification">
Bitstream Verification phase: Elapsed time ==> 0s.006ms
</CYPRESSTAG>
<CYPRESSTAG name="Static timing analysis">
No timing parameter file available for CY8C4025LQI-S402
Static timing analysis phase: Elapsed time ==> 0s.000ms
</CYPRESSTAG>
<CYPRESSTAG name="Data reporting">
Data reporting phase: Elapsed time ==> 0s.000ms
</CYPRESSTAG>
<CYPRESSTAG name="Database update...">
Design database save phase: Elapsed time ==> 0s.117ms
</CYPRESSTAG>
cydsfit: Elapsed time ==> 0s.656ms
</CYPRESSTAG>
Fitter phase: Elapsed time ==> 0s.657ms
API generation phase: Elapsed time ==> 1s.309ms
Dependency generation phase: Elapsed time ==> 0s.006ms
Cleanup phase: Elapsed time ==> 0s.000ms
