ARM GAS  C:\Users\PC\AppData\Local\Temp\ccl8Q4gC.s 			page 1


   1              		.syntax unified
   2              		.cpu cortex-m0plus
   3              		.fpu softvfp
   4              		.eabi_attribute 20, 1
   5              		.eabi_attribute 21, 1
   6              		.eabi_attribute 23, 3
   7              		.eabi_attribute 24, 1
   8              		.eabi_attribute 25, 1
   9              		.eabi_attribute 26, 1
  10              		.eabi_attribute 30, 1
  11              		.eabi_attribute 34, 0
  12              		.eabi_attribute 18, 4
  13              		.thumb
  14              		.syntax unified
  15              		.file	"main.c"
  16              		.text
  17              	.Ltext0:
  18              		.cfi_sections	.debug_frame
  19              		.section	.text.main,"ax",%progbits
  20              		.align	2
  21              		.global	main
  22              		.code	16
  23              		.thumb_func
  24              		.type	main, %function
  25              	main:
  26              	.LFB34:
  27              		.file 1 "main.c"
   1:main.c        **** /* ========================================
   2:main.c        ****  *
   3:main.c        ****  * Copyright YOUR COMPANY, THE YEAR
   4:main.c        ****  * All Rights Reserved
   5:main.c        ****  * UNPUBLISHED, LICENSED SOFTWARE.
   6:main.c        ****  *
   7:main.c        ****  * CONFIDENTIAL AND PROPRIETARY INFORMATION
   8:main.c        ****  * WHICH IS THE PROPERTY OF your company.
   9:main.c        ****  *
  10:main.c        ****  * ========================================
  11:main.c        **** */
  12:main.c        **** #include <stdio.h>
  13:main.c        **** #include "project.h"
  14:main.c        **** 
  15:main.c        **** #define LEDOFF LEDR_Write(0);LEDG_Write(0);LEDB_Write(0)
  16:main.c        **** 
  17:main.c        **** int main(void)
  18:main.c        **** {
  28              		.loc 1 18 0
  29              		.cfi_startproc
  30              		@ args = 0, pretend = 0, frame = 8
  31              		@ frame_needed = 0, uses_anonymous_args = 0
  32 0000 30B5     		push	{r4, r5, lr}
  33              		.cfi_def_cfa_offset 12
  34              		.cfi_offset 4, -12
  35              		.cfi_offset 5, -8
  36              		.cfi_offset 14, -4
  37 0002 83B0     		sub	sp, sp, #12
  38              		.cfi_def_cfa_offset 24
  39              	.LVL0:
ARM GAS  C:\Users\PC\AppData\Local\Temp\ccl8Q4gC.s 			page 2


  19:main.c        ****     int pos = 0, posxy[2];
  20:main.c        ****     CyGlobalIntEnable; /* Enable global interrupts. */
  40              		.loc 1 20 0
  41              		.syntax divided
  42              	@ 20 "main.c" 1
  43 0004 62B6     		CPSIE   i
  44              	@ 0 "" 2
  21:main.c        ****     mUART_Start();
  45              		.loc 1 21 0
  46              		.thumb
  47              		.syntax unified
  48 0006 FFF7FEFF 		bl	mUART_Start
  49              	.LVL1:
  22:main.c        ****     mADC_Start();
  50              		.loc 1 22 0
  51 000a FFF7FEFF 		bl	mADC_Start
  52              	.LVL2:
  23:main.c        ****    
  24:main.c        ****     mADC_StartConvert(pos);
  53              		.loc 1 24 0
  54 000e 0020     		movs	r0, #0
  55 0010 FFF7FEFF 		bl	mADC_StartConvert
  56              	.LVL3:
  25:main.c        ****     mADC_StartConvert(!pos);
  57              		.loc 1 25 0
  58 0014 0120     		movs	r0, #1
  59 0016 FFF7FEFF 		bl	mADC_StartConvert
  60              	.LVL4:
  61              	.L2:
  26:main.c        ****     while(mADC_IsBusy()){}
  62              		.loc 1 26 0 discriminator 1
  63 001a FFF7FEFF 		bl	mADC_IsBusy
  64              	.LVL5:
  65 001e 0028     		cmp	r0, #0
  66 0020 FBD1     		bne	.L2
  27:main.c        ****     LEDOFF;
  67              		.loc 1 27 0
  68 0022 FFF7FEFF 		bl	LEDR_Write
  69              	.LVL6:
  70 0026 0020     		movs	r0, #0
  71 0028 FFF7FEFF 		bl	LEDG_Write
  72              	.LVL7:
  73 002c 0020     		movs	r0, #0
  74 002e FFF7FEFF 		bl	LEDB_Write
  75              	.LVL8:
  19:main.c        ****     CyGlobalIntEnable; /* Enable global interrupts. */
  76              		.loc 1 19 0
  77 0032 0024     		movs	r4, #0
  78              	.LVL9:
  79              	.L8:
  28:main.c        ****     /* Place your initialization/startup code here (e.g. MyInst_Start()) */
  29:main.c        ****     
  30:main.c        ****     for(;;)
  31:main.c        ****     {    
  32:main.c        ****         if(posxy[1] >= 4000) {LEDOFF;}
  80              		.loc 1 32 0
  81 0034 019D     		ldr	r5, [sp, #4]
ARM GAS  C:\Users\PC\AppData\Local\Temp\ccl8Q4gC.s 			page 3


  82 0036 194B     		ldr	r3, .L9
  83 0038 9D42     		cmp	r5, r3
  84 003a 08DD     		ble	.L3
  85              		.loc 1 32 0 is_stmt 0 discriminator 1
  86 003c 0020     		movs	r0, #0
  87 003e FFF7FEFF 		bl	LEDR_Write
  88              	.LVL10:
  89 0042 0020     		movs	r0, #0
  90 0044 FFF7FEFF 		bl	LEDG_Write
  91              	.LVL11:
  92 0048 0020     		movs	r0, #0
  93 004a FFF7FEFF 		bl	LEDB_Write
  94              	.LVL12:
  95              	.L3:
  33:main.c        ****         if(posxy[1] <= 1000) LEDR_Write(1);
  96              		.loc 1 33 0 is_stmt 1
  97 004e FA23     		movs	r3, #250
  98 0050 9B00     		lsls	r3, r3, #2
  99 0052 9D42     		cmp	r5, r3
 100 0054 02DC     		bgt	.L4
 101              		.loc 1 33 0 is_stmt 0 discriminator 1
 102 0056 0120     		movs	r0, #1
 103 0058 FFF7FEFF 		bl	LEDR_Write
 104              	.LVL13:
 105              	.L4:
  34:main.c        ****         if(posxy[0] <= 1000) LEDG_Write(1);
 106              		.loc 1 34 0 is_stmt 1
 107 005c 009D     		ldr	r5, [sp]
 108 005e FA23     		movs	r3, #250
 109 0060 9B00     		lsls	r3, r3, #2
 110 0062 9D42     		cmp	r5, r3
 111 0064 02DC     		bgt	.L5
 112              		.loc 1 34 0 is_stmt 0 discriminator 1
 113 0066 0120     		movs	r0, #1
 114 0068 FFF7FEFF 		bl	LEDG_Write
 115              	.LVL14:
 116              	.L5:
  35:main.c        ****         if(posxy[0] >= 4000) LEDB_Write(1);
 117              		.loc 1 35 0 is_stmt 1
 118 006c 0B4B     		ldr	r3, .L9
 119 006e 9D42     		cmp	r5, r3
 120 0070 02DD     		ble	.L6
 121              		.loc 1 35 0 is_stmt 0 discriminator 1
 122 0072 0120     		movs	r0, #1
 123 0074 FFF7FEFF 		bl	LEDB_Write
 124              	.LVL15:
 125              	.L6:
  36:main.c        ****         posxy[pos] = mADC_GetResult_mVolts(pos);
 126              		.loc 1 36 0 is_stmt 1
 127 0078 E0B2     		uxtb	r0, r4
 128 007a FFF7FEFF 		bl	mADC_GetResult_mVolts
 129              	.LVL16:
 130 007e A300     		lsls	r3, r4, #2
 131 0080 6A46     		mov	r2, sp
 132 0082 9850     		str	r0, [r3, r2]
  37:main.c        ****         pos = !pos;
 133              		.loc 1 37 0
ARM GAS  C:\Users\PC\AppData\Local\Temp\ccl8Q4gC.s 			page 4


 134 0084 6342     		rsbs	r3, r4, #0
 135 0086 5C41     		adcs	r4, r4, r3
 136              	.LVL17:
 137 0088 E4B2     		uxtb	r4, r4
 138              	.LVL18:
  38:main.c        ****         mADC_StartConvert(pos);
 139              		.loc 1 38 0
 140 008a 2000     		movs	r0, r4
 141 008c FFF7FEFF 		bl	mADC_StartConvert
 142              	.LVL19:
 143              	.L7:
  39:main.c        ****         while(mADC_IsBusy()){}
 144              		.loc 1 39 0 discriminator 1
 145 0090 FFF7FEFF 		bl	mADC_IsBusy
 146              	.LVL20:
 147 0094 0028     		cmp	r0, #0
 148 0096 FBD1     		bne	.L7
 149 0098 CCE7     		b	.L8
 150              	.L10:
 151 009a C046     		.align	2
 152              	.L9:
 153 009c 9F0F0000 		.word	3999
 154              		.cfi_endproc
 155              	.LFE34:
 156              		.size	main, .-main
 157              		.text
 158              	.Letext0:
 159              		.file 2 "Generated_Source\\PSoC4/mUART.h"
 160              		.file 3 "Generated_Source\\PSoC4/mADC_Adc.h"
 161              		.file 4 "Generated_Source\\PSoC4/LEDR.h"
 162              		.file 5 "Generated_Source\\PSoC4/LEDG.h"
 163              		.file 6 "Generated_Source\\PSoC4/LEDB.h"
 164              		.section	.debug_info,"",%progbits
 165              	.Ldebug_info0:
 166 0000 3D020000 		.4byte	0x23d
 167 0004 0400     		.2byte	0x4
 168 0006 00000000 		.4byte	.Ldebug_abbrev0
 169 000a 04       		.byte	0x4
 170 000b 01       		.uleb128 0x1
 171 000c 86000000 		.4byte	.LASF23
 172 0010 0C       		.byte	0xc
 173 0011 29000000 		.4byte	.LASF24
 174 0015 BB010000 		.4byte	.LASF25
 175 0019 00000000 		.4byte	.Ldebug_ranges0+0
 176 001d 00000000 		.4byte	0
 177 0021 00000000 		.4byte	.Ldebug_line0
 178 0025 02       		.uleb128 0x2
 179 0026 01       		.byte	0x1
 180 0027 06       		.byte	0x6
 181 0028 55010000 		.4byte	.LASF0
 182 002c 02       		.uleb128 0x2
 183 002d 01       		.byte	0x1
 184 002e 08       		.byte	0x8
 185 002f 1B000000 		.4byte	.LASF1
 186 0033 02       		.uleb128 0x2
 187 0034 02       		.byte	0x2
 188 0035 05       		.byte	0x5
ARM GAS  C:\Users\PC\AppData\Local\Temp\ccl8Q4gC.s 			page 5


 189 0036 91010000 		.4byte	.LASF2
 190 003a 02       		.uleb128 0x2
 191 003b 02       		.byte	0x2
 192 003c 07       		.byte	0x7
 193 003d 61010000 		.4byte	.LASF3
 194 0041 02       		.uleb128 0x2
 195 0042 04       		.byte	0x4
 196 0043 05       		.byte	0x5
 197 0044 1D010000 		.4byte	.LASF4
 198 0048 02       		.uleb128 0x2
 199 0049 04       		.byte	0x4
 200 004a 07       		.byte	0x7
 201 004b 40000000 		.4byte	.LASF5
 202 004f 02       		.uleb128 0x2
 203 0050 08       		.byte	0x8
 204 0051 05       		.byte	0x5
 205 0052 00000000 		.4byte	.LASF6
 206 0056 02       		.uleb128 0x2
 207 0057 08       		.byte	0x8
 208 0058 07       		.byte	0x7
 209 0059 52000000 		.4byte	.LASF7
 210 005d 03       		.uleb128 0x3
 211 005e 04       		.byte	0x4
 212 005f 05       		.byte	0x5
 213 0060 696E7400 		.ascii	"int\000"
 214 0064 02       		.uleb128 0x2
 215 0065 04       		.byte	0x4
 216 0066 07       		.byte	0x7
 217 0067 0E000000 		.4byte	.LASF8
 218 006b 02       		.uleb128 0x2
 219 006c 08       		.byte	0x8
 220 006d 04       		.byte	0x4
 221 006e 74010000 		.4byte	.LASF9
 222 0072 02       		.uleb128 0x2
 223 0073 04       		.byte	0x4
 224 0074 07       		.byte	0x7
 225 0075 B2010000 		.4byte	.LASF10
 226 0079 02       		.uleb128 0x2
 227 007a 01       		.byte	0x1
 228 007b 08       		.byte	0x8
 229 007c 18010000 		.4byte	.LASF11
 230 0080 02       		.uleb128 0x2
 231 0081 04       		.byte	0x4
 232 0082 04       		.byte	0x4
 233 0083 8B010000 		.4byte	.LASF12
 234 0087 02       		.uleb128 0x2
 235 0088 08       		.byte	0x8
 236 0089 04       		.byte	0x4
 237 008a 26010000 		.4byte	.LASF13
 238 008e 04       		.uleb128 0x4
 239 008f 30000000 		.4byte	.LASF26
 240 0093 01       		.byte	0x1
 241 0094 11       		.byte	0x11
 242 0095 5D000000 		.4byte	0x5d
 243 0099 00000000 		.4byte	.LFB34
 244 009d A0000000 		.4byte	.LFE34-.LFB34
 245 00a1 01       		.uleb128 0x1
ARM GAS  C:\Users\PC\AppData\Local\Temp\ccl8Q4gC.s 			page 6


 246 00a2 9C       		.byte	0x9c
 247 00a3 D8010000 		.4byte	0x1d8
 248 00a7 05       		.uleb128 0x5
 249 00a8 706F7300 		.ascii	"pos\000"
 250 00ac 01       		.byte	0x1
 251 00ad 13       		.byte	0x13
 252 00ae 5D000000 		.4byte	0x5d
 253 00b2 00000000 		.4byte	.LLST0
 254 00b6 06       		.uleb128 0x6
 255 00b7 43010000 		.4byte	.LASF14
 256 00bb 01       		.byte	0x1
 257 00bc 13       		.byte	0x13
 258 00bd D8010000 		.4byte	0x1d8
 259 00c1 02       		.uleb128 0x2
 260 00c2 91       		.byte	0x91
 261 00c3 68       		.sleb128 -24
 262 00c4 07       		.uleb128 0x7
 263 00c5 0A000000 		.4byte	.LVL1
 264 00c9 E8010000 		.4byte	0x1e8
 265 00cd 07       		.uleb128 0x7
 266 00ce 0E000000 		.4byte	.LVL2
 267 00d2 F3010000 		.4byte	0x1f3
 268 00d6 08       		.uleb128 0x8
 269 00d7 14000000 		.4byte	.LVL3
 270 00db FE010000 		.4byte	0x1fe
 271 00df E9000000 		.4byte	0xe9
 272 00e3 09       		.uleb128 0x9
 273 00e4 01       		.uleb128 0x1
 274 00e5 50       		.byte	0x50
 275 00e6 01       		.uleb128 0x1
 276 00e7 30       		.byte	0x30
 277 00e8 00       		.byte	0
 278 00e9 08       		.uleb128 0x8
 279 00ea 1A000000 		.4byte	.LVL4
 280 00ee FE010000 		.4byte	0x1fe
 281 00f2 FC000000 		.4byte	0xfc
 282 00f6 09       		.uleb128 0x9
 283 00f7 01       		.uleb128 0x1
 284 00f8 50       		.byte	0x50
 285 00f9 01       		.uleb128 0x1
 286 00fa 31       		.byte	0x31
 287 00fb 00       		.byte	0
 288 00fc 07       		.uleb128 0x7
 289 00fd 1E000000 		.4byte	.LVL5
 290 0101 09020000 		.4byte	0x209
 291 0105 07       		.uleb128 0x7
 292 0106 26000000 		.4byte	.LVL6
 293 010a 14020000 		.4byte	0x214
 294 010e 08       		.uleb128 0x8
 295 010f 2C000000 		.4byte	.LVL7
 296 0113 1F020000 		.4byte	0x21f
 297 0117 21010000 		.4byte	0x121
 298 011b 09       		.uleb128 0x9
 299 011c 01       		.uleb128 0x1
 300 011d 50       		.byte	0x50
 301 011e 01       		.uleb128 0x1
 302 011f 30       		.byte	0x30
ARM GAS  C:\Users\PC\AppData\Local\Temp\ccl8Q4gC.s 			page 7


 303 0120 00       		.byte	0
 304 0121 08       		.uleb128 0x8
 305 0122 32000000 		.4byte	.LVL8
 306 0126 2A020000 		.4byte	0x22a
 307 012a 34010000 		.4byte	0x134
 308 012e 09       		.uleb128 0x9
 309 012f 01       		.uleb128 0x1
 310 0130 50       		.byte	0x50
 311 0131 01       		.uleb128 0x1
 312 0132 30       		.byte	0x30
 313 0133 00       		.byte	0
 314 0134 08       		.uleb128 0x8
 315 0135 42000000 		.4byte	.LVL10
 316 0139 14020000 		.4byte	0x214
 317 013d 47010000 		.4byte	0x147
 318 0141 09       		.uleb128 0x9
 319 0142 01       		.uleb128 0x1
 320 0143 50       		.byte	0x50
 321 0144 01       		.uleb128 0x1
 322 0145 30       		.byte	0x30
 323 0146 00       		.byte	0
 324 0147 08       		.uleb128 0x8
 325 0148 48000000 		.4byte	.LVL11
 326 014c 1F020000 		.4byte	0x21f
 327 0150 5A010000 		.4byte	0x15a
 328 0154 09       		.uleb128 0x9
 329 0155 01       		.uleb128 0x1
 330 0156 50       		.byte	0x50
 331 0157 01       		.uleb128 0x1
 332 0158 30       		.byte	0x30
 333 0159 00       		.byte	0
 334 015a 08       		.uleb128 0x8
 335 015b 4E000000 		.4byte	.LVL12
 336 015f 2A020000 		.4byte	0x22a
 337 0163 6D010000 		.4byte	0x16d
 338 0167 09       		.uleb128 0x9
 339 0168 01       		.uleb128 0x1
 340 0169 50       		.byte	0x50
 341 016a 01       		.uleb128 0x1
 342 016b 30       		.byte	0x30
 343 016c 00       		.byte	0
 344 016d 08       		.uleb128 0x8
 345 016e 5C000000 		.4byte	.LVL13
 346 0172 14020000 		.4byte	0x214
 347 0176 80010000 		.4byte	0x180
 348 017a 09       		.uleb128 0x9
 349 017b 01       		.uleb128 0x1
 350 017c 50       		.byte	0x50
 351 017d 01       		.uleb128 0x1
 352 017e 31       		.byte	0x31
 353 017f 00       		.byte	0
 354 0180 08       		.uleb128 0x8
 355 0181 6C000000 		.4byte	.LVL14
 356 0185 1F020000 		.4byte	0x21f
 357 0189 93010000 		.4byte	0x193
 358 018d 09       		.uleb128 0x9
 359 018e 01       		.uleb128 0x1
ARM GAS  C:\Users\PC\AppData\Local\Temp\ccl8Q4gC.s 			page 8


 360 018f 50       		.byte	0x50
 361 0190 01       		.uleb128 0x1
 362 0191 31       		.byte	0x31
 363 0192 00       		.byte	0
 364 0193 08       		.uleb128 0x8
 365 0194 78000000 		.4byte	.LVL15
 366 0198 2A020000 		.4byte	0x22a
 367 019c A6010000 		.4byte	0x1a6
 368 01a0 09       		.uleb128 0x9
 369 01a1 01       		.uleb128 0x1
 370 01a2 50       		.byte	0x50
 371 01a3 01       		.uleb128 0x1
 372 01a4 31       		.byte	0x31
 373 01a5 00       		.byte	0
 374 01a6 08       		.uleb128 0x8
 375 01a7 7E000000 		.4byte	.LVL16
 376 01ab 35020000 		.4byte	0x235
 377 01af BA010000 		.4byte	0x1ba
 378 01b3 09       		.uleb128 0x9
 379 01b4 01       		.uleb128 0x1
 380 01b5 50       		.byte	0x50
 381 01b6 02       		.uleb128 0x2
 382 01b7 74       		.byte	0x74
 383 01b8 00       		.sleb128 0
 384 01b9 00       		.byte	0
 385 01ba 08       		.uleb128 0x8
 386 01bb 90000000 		.4byte	.LVL19
 387 01bf FE010000 		.4byte	0x1fe
 388 01c3 CE010000 		.4byte	0x1ce
 389 01c7 09       		.uleb128 0x9
 390 01c8 01       		.uleb128 0x1
 391 01c9 50       		.byte	0x50
 392 01ca 02       		.uleb128 0x2
 393 01cb 74       		.byte	0x74
 394 01cc 00       		.sleb128 0
 395 01cd 00       		.byte	0
 396 01ce 07       		.uleb128 0x7
 397 01cf 94000000 		.4byte	.LVL20
 398 01d3 09020000 		.4byte	0x209
 399 01d7 00       		.byte	0
 400 01d8 0A       		.uleb128 0xa
 401 01d9 5D000000 		.4byte	0x5d
 402 01dd E8010000 		.4byte	0x1e8
 403 01e1 0B       		.uleb128 0xb
 404 01e2 72000000 		.4byte	0x72
 405 01e6 01       		.byte	0x1
 406 01e7 00       		.byte	0
 407 01e8 0C       		.uleb128 0xc
 408 01e9 A6010000 		.4byte	.LASF15
 409 01ed A6010000 		.4byte	.LASF15
 410 01f1 02       		.byte	0x2
 411 01f2 72       		.byte	0x72
 412 01f3 0C       		.uleb128 0xc
 413 01f4 35000000 		.4byte	.LASF16
 414 01f8 35000000 		.4byte	.LASF16
 415 01fc 03       		.byte	0x3
 416 01fd 3A       		.byte	0x3a
ARM GAS  C:\Users\PC\AppData\Local\Temp\ccl8Q4gC.s 			page 9


 417 01fe 0C       		.uleb128 0xc
 418 01ff 69000000 		.4byte	.LASF17
 419 0203 69000000 		.4byte	.LASF17
 420 0207 03       		.byte	0x3
 421 0208 47       		.byte	0x47
 422 0209 0C       		.uleb128 0xc
 423 020a 49010000 		.4byte	.LASF18
 424 020e 49010000 		.4byte	.LASF18
 425 0212 03       		.byte	0x3
 426 0213 48       		.byte	0x48
 427 0214 0C       		.uleb128 0xc
 428 0215 7B000000 		.4byte	.LASF19
 429 0219 7B000000 		.4byte	.LASF19
 430 021d 04       		.byte	0x4
 431 021e 33       		.byte	0x33
 432 021f 0C       		.uleb128 0xc
 433 0220 9B010000 		.4byte	.LASF20
 434 0224 9B010000 		.4byte	.LASF20
 435 0228 05       		.byte	0x5
 436 0229 33       		.byte	0x33
 437 022a 0C       		.uleb128 0xc
 438 022b 80010000 		.4byte	.LASF21
 439 022f 80010000 		.4byte	.LASF21
 440 0233 06       		.byte	0x6
 441 0234 33       		.byte	0x33
 442 0235 0C       		.uleb128 0xc
 443 0236 2D010000 		.4byte	.LASF22
 444 023a 2D010000 		.4byte	.LASF22
 445 023e 03       		.byte	0x3
 446 023f 4A       		.byte	0x4a
 447 0240 00       		.byte	0
 448              		.section	.debug_abbrev,"",%progbits
 449              	.Ldebug_abbrev0:
 450 0000 01       		.uleb128 0x1
 451 0001 11       		.uleb128 0x11
 452 0002 01       		.byte	0x1
 453 0003 25       		.uleb128 0x25
 454 0004 0E       		.uleb128 0xe
 455 0005 13       		.uleb128 0x13
 456 0006 0B       		.uleb128 0xb
 457 0007 03       		.uleb128 0x3
 458 0008 0E       		.uleb128 0xe
 459 0009 1B       		.uleb128 0x1b
 460 000a 0E       		.uleb128 0xe
 461 000b 55       		.uleb128 0x55
 462 000c 17       		.uleb128 0x17
 463 000d 11       		.uleb128 0x11
 464 000e 01       		.uleb128 0x1
 465 000f 10       		.uleb128 0x10
 466 0010 17       		.uleb128 0x17
 467 0011 00       		.byte	0
 468 0012 00       		.byte	0
 469 0013 02       		.uleb128 0x2
 470 0014 24       		.uleb128 0x24
 471 0015 00       		.byte	0
 472 0016 0B       		.uleb128 0xb
 473 0017 0B       		.uleb128 0xb
ARM GAS  C:\Users\PC\AppData\Local\Temp\ccl8Q4gC.s 			page 10


 474 0018 3E       		.uleb128 0x3e
 475 0019 0B       		.uleb128 0xb
 476 001a 03       		.uleb128 0x3
 477 001b 0E       		.uleb128 0xe
 478 001c 00       		.byte	0
 479 001d 00       		.byte	0
 480 001e 03       		.uleb128 0x3
 481 001f 24       		.uleb128 0x24
 482 0020 00       		.byte	0
 483 0021 0B       		.uleb128 0xb
 484 0022 0B       		.uleb128 0xb
 485 0023 3E       		.uleb128 0x3e
 486 0024 0B       		.uleb128 0xb
 487 0025 03       		.uleb128 0x3
 488 0026 08       		.uleb128 0x8
 489 0027 00       		.byte	0
 490 0028 00       		.byte	0
 491 0029 04       		.uleb128 0x4
 492 002a 2E       		.uleb128 0x2e
 493 002b 01       		.byte	0x1
 494 002c 3F       		.uleb128 0x3f
 495 002d 19       		.uleb128 0x19
 496 002e 03       		.uleb128 0x3
 497 002f 0E       		.uleb128 0xe
 498 0030 3A       		.uleb128 0x3a
 499 0031 0B       		.uleb128 0xb
 500 0032 3B       		.uleb128 0x3b
 501 0033 0B       		.uleb128 0xb
 502 0034 27       		.uleb128 0x27
 503 0035 19       		.uleb128 0x19
 504 0036 49       		.uleb128 0x49
 505 0037 13       		.uleb128 0x13
 506 0038 8701     		.uleb128 0x87
 507 003a 19       		.uleb128 0x19
 508 003b 11       		.uleb128 0x11
 509 003c 01       		.uleb128 0x1
 510 003d 12       		.uleb128 0x12
 511 003e 06       		.uleb128 0x6
 512 003f 40       		.uleb128 0x40
 513 0040 18       		.uleb128 0x18
 514 0041 9742     		.uleb128 0x2117
 515 0043 19       		.uleb128 0x19
 516 0044 01       		.uleb128 0x1
 517 0045 13       		.uleb128 0x13
 518 0046 00       		.byte	0
 519 0047 00       		.byte	0
 520 0048 05       		.uleb128 0x5
 521 0049 34       		.uleb128 0x34
 522 004a 00       		.byte	0
 523 004b 03       		.uleb128 0x3
 524 004c 08       		.uleb128 0x8
 525 004d 3A       		.uleb128 0x3a
 526 004e 0B       		.uleb128 0xb
 527 004f 3B       		.uleb128 0x3b
 528 0050 0B       		.uleb128 0xb
 529 0051 49       		.uleb128 0x49
 530 0052 13       		.uleb128 0x13
ARM GAS  C:\Users\PC\AppData\Local\Temp\ccl8Q4gC.s 			page 11


 531 0053 02       		.uleb128 0x2
 532 0054 17       		.uleb128 0x17
 533 0055 00       		.byte	0
 534 0056 00       		.byte	0
 535 0057 06       		.uleb128 0x6
 536 0058 34       		.uleb128 0x34
 537 0059 00       		.byte	0
 538 005a 03       		.uleb128 0x3
 539 005b 0E       		.uleb128 0xe
 540 005c 3A       		.uleb128 0x3a
 541 005d 0B       		.uleb128 0xb
 542 005e 3B       		.uleb128 0x3b
 543 005f 0B       		.uleb128 0xb
 544 0060 49       		.uleb128 0x49
 545 0061 13       		.uleb128 0x13
 546 0062 02       		.uleb128 0x2
 547 0063 18       		.uleb128 0x18
 548 0064 00       		.byte	0
 549 0065 00       		.byte	0
 550 0066 07       		.uleb128 0x7
 551 0067 898201   		.uleb128 0x4109
 552 006a 00       		.byte	0
 553 006b 11       		.uleb128 0x11
 554 006c 01       		.uleb128 0x1
 555 006d 31       		.uleb128 0x31
 556 006e 13       		.uleb128 0x13
 557 006f 00       		.byte	0
 558 0070 00       		.byte	0
 559 0071 08       		.uleb128 0x8
 560 0072 898201   		.uleb128 0x4109
 561 0075 01       		.byte	0x1
 562 0076 11       		.uleb128 0x11
 563 0077 01       		.uleb128 0x1
 564 0078 31       		.uleb128 0x31
 565 0079 13       		.uleb128 0x13
 566 007a 01       		.uleb128 0x1
 567 007b 13       		.uleb128 0x13
 568 007c 00       		.byte	0
 569 007d 00       		.byte	0
 570 007e 09       		.uleb128 0x9
 571 007f 8A8201   		.uleb128 0x410a
 572 0082 00       		.byte	0
 573 0083 02       		.uleb128 0x2
 574 0084 18       		.uleb128 0x18
 575 0085 9142     		.uleb128 0x2111
 576 0087 18       		.uleb128 0x18
 577 0088 00       		.byte	0
 578 0089 00       		.byte	0
 579 008a 0A       		.uleb128 0xa
 580 008b 01       		.uleb128 0x1
 581 008c 01       		.byte	0x1
 582 008d 49       		.uleb128 0x49
 583 008e 13       		.uleb128 0x13
 584 008f 01       		.uleb128 0x1
 585 0090 13       		.uleb128 0x13
 586 0091 00       		.byte	0
 587 0092 00       		.byte	0
ARM GAS  C:\Users\PC\AppData\Local\Temp\ccl8Q4gC.s 			page 12


 588 0093 0B       		.uleb128 0xb
 589 0094 21       		.uleb128 0x21
 590 0095 00       		.byte	0
 591 0096 49       		.uleb128 0x49
 592 0097 13       		.uleb128 0x13
 593 0098 2F       		.uleb128 0x2f
 594 0099 0B       		.uleb128 0xb
 595 009a 00       		.byte	0
 596 009b 00       		.byte	0
 597 009c 0C       		.uleb128 0xc
 598 009d 2E       		.uleb128 0x2e
 599 009e 00       		.byte	0
 600 009f 3F       		.uleb128 0x3f
 601 00a0 19       		.uleb128 0x19
 602 00a1 3C       		.uleb128 0x3c
 603 00a2 19       		.uleb128 0x19
 604 00a3 6E       		.uleb128 0x6e
 605 00a4 0E       		.uleb128 0xe
 606 00a5 03       		.uleb128 0x3
 607 00a6 0E       		.uleb128 0xe
 608 00a7 3A       		.uleb128 0x3a
 609 00a8 0B       		.uleb128 0xb
 610 00a9 3B       		.uleb128 0x3b
 611 00aa 0B       		.uleb128 0xb
 612 00ab 00       		.byte	0
 613 00ac 00       		.byte	0
 614 00ad 00       		.byte	0
 615              		.section	.debug_loc,"",%progbits
 616              	.Ldebug_loc0:
 617              	.LLST0:
 618 0000 04000000 		.4byte	.LVL0
 619 0004 34000000 		.4byte	.LVL9
 620 0008 0200     		.2byte	0x2
 621 000a 30       		.byte	0x30
 622 000b 9F       		.byte	0x9f
 623 000c 34000000 		.4byte	.LVL9
 624 0010 88000000 		.4byte	.LVL17
 625 0014 0100     		.2byte	0x1
 626 0016 54       		.byte	0x54
 627 0017 8A000000 		.4byte	.LVL18
 628 001b A0000000 		.4byte	.LFE34
 629 001f 0100     		.2byte	0x1
 630 0021 54       		.byte	0x54
 631 0022 00000000 		.4byte	0
 632 0026 00000000 		.4byte	0
 633              		.section	.debug_aranges,"",%progbits
 634 0000 1C000000 		.4byte	0x1c
 635 0004 0200     		.2byte	0x2
 636 0006 00000000 		.4byte	.Ldebug_info0
 637 000a 04       		.byte	0x4
 638 000b 00       		.byte	0
 639 000c 0000     		.2byte	0
 640 000e 0000     		.2byte	0
 641 0010 00000000 		.4byte	.LFB34
 642 0014 A0000000 		.4byte	.LFE34-.LFB34
 643 0018 00000000 		.4byte	0
 644 001c 00000000 		.4byte	0
ARM GAS  C:\Users\PC\AppData\Local\Temp\ccl8Q4gC.s 			page 13


 645              		.section	.debug_ranges,"",%progbits
 646              	.Ldebug_ranges0:
 647 0000 00000000 		.4byte	.LFB34
 648 0004 A0000000 		.4byte	.LFE34
 649 0008 00000000 		.4byte	0
 650 000c 00000000 		.4byte	0
 651              		.section	.debug_line,"",%progbits
 652              	.Ldebug_line0:
 653 0000 B8000000 		.section	.debug_str,"MS",%progbits,1
 653      02006B00 
 653      00000201 
 653      FB0E0D00 
 653      01010101 
 654              	.LASF6:
 655 0000 6C6F6E67 		.ascii	"long long int\000"
 655      206C6F6E 
 655      6720696E 
 655      7400
 656              	.LASF8:
 657 000e 756E7369 		.ascii	"unsigned int\000"
 657      676E6564 
 657      20696E74 
 657      00
 658              	.LASF1:
 659 001b 756E7369 		.ascii	"unsigned char\000"
 659      676E6564 
 659      20636861 
 659      7200
 660              	.LASF24:
 661 0029 6D61696E 		.ascii	"main.c\000"
 661      2E6300
 662              	.LASF26:
 663 0030 6D61696E 		.ascii	"main\000"
 663      00
 664              	.LASF16:
 665 0035 6D414443 		.ascii	"mADC_Start\000"
 665      5F537461 
 665      727400
 666              	.LASF5:
 667 0040 6C6F6E67 		.ascii	"long unsigned int\000"
 667      20756E73 
 667      69676E65 
 667      6420696E 
 667      7400
 668              	.LASF7:
 669 0052 6C6F6E67 		.ascii	"long long unsigned int\000"
 669      206C6F6E 
 669      6720756E 
 669      7369676E 
 669      65642069 
 670              	.LASF17:
 671 0069 6D414443 		.ascii	"mADC_StartConvert\000"
 671      5F537461 
 671      7274436F 
 671      6E766572 
 671      7400
 672              	.LASF19:
ARM GAS  C:\Users\PC\AppData\Local\Temp\ccl8Q4gC.s 			page 14


 673 007b 4C454452 		.ascii	"LEDR_Write\000"
 673      5F577269 
 673      746500
 674              	.LASF23:
 675 0086 474E5520 		.ascii	"GNU C11 5.4.1 20160609 (release) [ARM/embedded-5-br"
 675      43313120 
 675      352E342E 
 675      31203230 
 675      31363036 
 676 00b9 616E6368 		.ascii	"anch revision 237715] -mcpu=cortex-m0plus -mthumb -"
 676      20726576 
 676      6973696F 
 676      6E203233 
 676      37373135 
 677 00ec 67202D4F 		.ascii	"g -Og -ffunction-sections -ffat-lto-objects\000"
 677      67202D66 
 677      66756E63 
 677      74696F6E 
 677      2D736563 
 678              	.LASF11:
 679 0118 63686172 		.ascii	"char\000"
 679      00
 680              	.LASF4:
 681 011d 6C6F6E67 		.ascii	"long int\000"
 681      20696E74 
 681      00
 682              	.LASF13:
 683 0126 646F7562 		.ascii	"double\000"
 683      6C6500
 684              	.LASF22:
 685 012d 6D414443 		.ascii	"mADC_GetResult_mVolts\000"
 685      5F476574 
 685      52657375 
 685      6C745F6D 
 685      566F6C74 
 686              	.LASF14:
 687 0143 706F7378 		.ascii	"posxy\000"
 687      7900
 688              	.LASF18:
 689 0149 6D414443 		.ascii	"mADC_IsBusy\000"
 689      5F497342 
 689      75737900 
 690              	.LASF0:
 691 0155 7369676E 		.ascii	"signed char\000"
 691      65642063 
 691      68617200 
 692              	.LASF3:
 693 0161 73686F72 		.ascii	"short unsigned int\000"
 693      7420756E 
 693      7369676E 
 693      65642069 
 693      6E7400
 694              	.LASF9:
 695 0174 6C6F6E67 		.ascii	"long double\000"
 695      20646F75 
 695      626C6500 
 696              	.LASF21:
ARM GAS  C:\Users\PC\AppData\Local\Temp\ccl8Q4gC.s 			page 15


 697 0180 4C454442 		.ascii	"LEDB_Write\000"
 697      5F577269 
 697      746500
 698              	.LASF12:
 699 018b 666C6F61 		.ascii	"float\000"
 699      7400
 700              	.LASF2:
 701 0191 73686F72 		.ascii	"short int\000"
 701      7420696E 
 701      7400
 702              	.LASF20:
 703 019b 4C454447 		.ascii	"LEDG_Write\000"
 703      5F577269 
 703      746500
 704              	.LASF15:
 705 01a6 6D554152 		.ascii	"mUART_Start\000"
 705      545F5374 
 705      61727400 
 706              	.LASF10:
 707 01b2 73697A65 		.ascii	"sizetype\000"
 707      74797065 
 707      00
 708              	.LASF25:
 709 01bb 433A5C55 		.ascii	"C:\\Users\\PC\\Documents\\PSoC Creator\\yellowChip\\"
 709      73657273 
 709      5C50435C 
 709      446F6375 
 709      6D656E74 
 710 01e9 5247425F 		.ascii	"RGB_Led.cydsn\000"
 710      4C65642E 
 710      63796473 
 710      6E00
 711              		.ident	"GCC: (GNU Tools for ARM Embedded Processors) 5.4.1 20160609 (release) [ARM/embedded-5-bran
