ARM GAS  C:\Users\PC\AppData\Local\Temp\ccOQd8i6.s 			page 1


   1              		.syntax unified
   2              		.cpu cortex-m0plus
   3              		.fpu softvfp
   4              		.eabi_attribute 20, 1
   5              		.eabi_attribute 21, 1
   6              		.eabi_attribute 23, 3
   7              		.eabi_attribute 24, 1
   8              		.eabi_attribute 25, 1
   9              		.eabi_attribute 26, 1
  10              		.eabi_attribute 30, 4
  11              		.eabi_attribute 34, 0
  12              		.eabi_attribute 18, 4
  13              		.thumb
  14              		.syntax unified
  15              		.file	"cyfitter_cfg.c"
  16              		.text
  17              	.Ltext0:
  18              		.cfi_sections	.debug_frame
  19              		.section	.psocinit,"ax",%progbits
  20              		.align	1
  21              		.global	cyfitter_cfg
  22              		.code	16
  23              		.thumb_func
  24              		.type	cyfitter_cfg, %function
  25              	cyfitter_cfg:
  26              	.LFB6:
  27              		.file 1 "Generated_Source\\PSoC4\\cyfitter_cfg.c"
   1:Generated_Source\PSoC4/cyfitter_cfg.c **** 
   2:Generated_Source\PSoC4/cyfitter_cfg.c **** /*******************************************************************************
   3:Generated_Source\PSoC4/cyfitter_cfg.c **** * File Name: cyfitter_cfg.c
   4:Generated_Source\PSoC4/cyfitter_cfg.c **** * 
   5:Generated_Source\PSoC4/cyfitter_cfg.c **** * PSoC Creator  4.4
   6:Generated_Source\PSoC4/cyfitter_cfg.c **** *
   7:Generated_Source\PSoC4/cyfitter_cfg.c **** * Description:
   8:Generated_Source\PSoC4/cyfitter_cfg.c **** * This file contains device initialization code.
   9:Generated_Source\PSoC4/cyfitter_cfg.c **** * Except for the user defined sections in CyClockStartupError(), this file should not be modified.
  10:Generated_Source\PSoC4/cyfitter_cfg.c **** * This file is automatically generated by PSoC Creator.
  11:Generated_Source\PSoC4/cyfitter_cfg.c **** *
  12:Generated_Source\PSoC4/cyfitter_cfg.c **** ********************************************************************************
  13:Generated_Source\PSoC4/cyfitter_cfg.c **** * Copyright (c) 2007-2020 Cypress Semiconductor.  All rights reserved.
  14:Generated_Source\PSoC4/cyfitter_cfg.c **** * You may use this file only in accordance with the license, terms, conditions, 
  15:Generated_Source\PSoC4/cyfitter_cfg.c **** * disclaimers, and limitations in the end user license agreement accompanying 
  16:Generated_Source\PSoC4/cyfitter_cfg.c **** * the software package with which this file was provided.
  17:Generated_Source\PSoC4/cyfitter_cfg.c **** ********************************************************************************/
  18:Generated_Source\PSoC4/cyfitter_cfg.c **** 
  19:Generated_Source\PSoC4/cyfitter_cfg.c **** #include <string.h>
  20:Generated_Source\PSoC4/cyfitter_cfg.c **** #include "cytypes.h"
  21:Generated_Source\PSoC4/cyfitter_cfg.c **** #include "cydevice_trm.h"
  22:Generated_Source\PSoC4/cyfitter_cfg.c **** #include "cyfitter.h"
  23:Generated_Source\PSoC4/cyfitter_cfg.c **** #include "CyLib.h"
  24:Generated_Source\PSoC4/cyfitter_cfg.c **** #include "cyfitter_cfg.h"
  25:Generated_Source\PSoC4/cyfitter_cfg.c **** #include "cyapicallbacks.h"
  26:Generated_Source\PSoC4/cyfitter_cfg.c **** 
  27:Generated_Source\PSoC4/cyfitter_cfg.c **** 
  28:Generated_Source\PSoC4/cyfitter_cfg.c **** #if defined(__GNUC__) || defined(__ARMCC_VERSION)
  29:Generated_Source\PSoC4/cyfitter_cfg.c ****     #define CYPACKED 
  30:Generated_Source\PSoC4/cyfitter_cfg.c ****     #define CYPACKED_ATTR __attribute__ ((packed))
ARM GAS  C:\Users\PC\AppData\Local\Temp\ccOQd8i6.s 			page 2


  31:Generated_Source\PSoC4/cyfitter_cfg.c ****     #define CYALIGNED __attribute__ ((aligned))
  32:Generated_Source\PSoC4/cyfitter_cfg.c ****     #define CY_CFG_UNUSED __attribute__ ((unused))
  33:Generated_Source\PSoC4/cyfitter_cfg.c ****     #ifndef CY_CFG_SECTION
  34:Generated_Source\PSoC4/cyfitter_cfg.c ****         #define CY_CFG_SECTION __attribute__ ((section(".psocinit")))
  35:Generated_Source\PSoC4/cyfitter_cfg.c ****     #endif
  36:Generated_Source\PSoC4/cyfitter_cfg.c ****     
  37:Generated_Source\PSoC4/cyfitter_cfg.c ****     #if defined(__ARMCC_VERSION)
  38:Generated_Source\PSoC4/cyfitter_cfg.c ****         #define CY_CFG_MEMORY_BARRIER() __memory_changed()
  39:Generated_Source\PSoC4/cyfitter_cfg.c ****     #else
  40:Generated_Source\PSoC4/cyfitter_cfg.c ****         #define CY_CFG_MEMORY_BARRIER() __sync_synchronize()
  41:Generated_Source\PSoC4/cyfitter_cfg.c ****     #endif
  42:Generated_Source\PSoC4/cyfitter_cfg.c ****     
  43:Generated_Source\PSoC4/cyfitter_cfg.c **** #elif defined(__ICCARM__)
  44:Generated_Source\PSoC4/cyfitter_cfg.c ****     #include <intrinsics.h>
  45:Generated_Source\PSoC4/cyfitter_cfg.c **** 
  46:Generated_Source\PSoC4/cyfitter_cfg.c ****     #define CYPACKED __packed
  47:Generated_Source\PSoC4/cyfitter_cfg.c ****     #define CYPACKED_ATTR 
  48:Generated_Source\PSoC4/cyfitter_cfg.c ****     #define CYALIGNED _Pragma("data_alignment=4")
  49:Generated_Source\PSoC4/cyfitter_cfg.c ****     #define CY_CFG_UNUSED _Pragma("diag_suppress=Pe177")
  50:Generated_Source\PSoC4/cyfitter_cfg.c ****     #define CY_CFG_SECTION _Pragma("location=\".psocinit\"")
  51:Generated_Source\PSoC4/cyfitter_cfg.c ****     
  52:Generated_Source\PSoC4/cyfitter_cfg.c ****     #define CY_CFG_MEMORY_BARRIER() __DMB()
  53:Generated_Source\PSoC4/cyfitter_cfg.c ****     
  54:Generated_Source\PSoC4/cyfitter_cfg.c **** #else
  55:Generated_Source\PSoC4/cyfitter_cfg.c ****     #error Unsupported toolchain
  56:Generated_Source\PSoC4/cyfitter_cfg.c **** #endif
  57:Generated_Source\PSoC4/cyfitter_cfg.c **** 
  58:Generated_Source\PSoC4/cyfitter_cfg.c **** #ifndef CYCODE
  59:Generated_Source\PSoC4/cyfitter_cfg.c ****     #define CYCODE
  60:Generated_Source\PSoC4/cyfitter_cfg.c **** #endif
  61:Generated_Source\PSoC4/cyfitter_cfg.c **** #ifndef CYDATA
  62:Generated_Source\PSoC4/cyfitter_cfg.c ****     #define CYDATA
  63:Generated_Source\PSoC4/cyfitter_cfg.c **** #endif
  64:Generated_Source\PSoC4/cyfitter_cfg.c **** #ifndef CYFAR
  65:Generated_Source\PSoC4/cyfitter_cfg.c ****     #define CYFAR
  66:Generated_Source\PSoC4/cyfitter_cfg.c **** #endif
  67:Generated_Source\PSoC4/cyfitter_cfg.c **** #ifndef CYXDATA
  68:Generated_Source\PSoC4/cyfitter_cfg.c ****     #define CYXDATA
  69:Generated_Source\PSoC4/cyfitter_cfg.c **** #endif
  70:Generated_Source\PSoC4/cyfitter_cfg.c **** 
  71:Generated_Source\PSoC4/cyfitter_cfg.c **** 
  72:Generated_Source\PSoC4/cyfitter_cfg.c **** CY_CFG_UNUSED
  73:Generated_Source\PSoC4/cyfitter_cfg.c **** static void CYMEMZERO(void *s, size_t n);
  74:Generated_Source\PSoC4/cyfitter_cfg.c **** CY_CFG_UNUSED
  75:Generated_Source\PSoC4/cyfitter_cfg.c **** static void CYMEMZERO(void *s, size_t n)
  76:Generated_Source\PSoC4/cyfitter_cfg.c **** {
  77:Generated_Source\PSoC4/cyfitter_cfg.c **** 	(void)memset(s, 0, n);
  78:Generated_Source\PSoC4/cyfitter_cfg.c **** }
  79:Generated_Source\PSoC4/cyfitter_cfg.c **** CY_CFG_UNUSED
  80:Generated_Source\PSoC4/cyfitter_cfg.c **** static void CYCONFIGCPY(void *dest, const void *src, size_t n);
  81:Generated_Source\PSoC4/cyfitter_cfg.c **** CY_CFG_UNUSED
  82:Generated_Source\PSoC4/cyfitter_cfg.c **** static void CYCONFIGCPY(void *dest, const void *src, size_t n)
  83:Generated_Source\PSoC4/cyfitter_cfg.c **** {
  84:Generated_Source\PSoC4/cyfitter_cfg.c **** 	(void)memcpy(dest, src, n);
  85:Generated_Source\PSoC4/cyfitter_cfg.c **** }
  86:Generated_Source\PSoC4/cyfitter_cfg.c **** CY_CFG_UNUSED
  87:Generated_Source\PSoC4/cyfitter_cfg.c **** static void CYCONFIGCPYCODE(void *dest, const void *src, size_t n);
ARM GAS  C:\Users\PC\AppData\Local\Temp\ccOQd8i6.s 			page 3


  88:Generated_Source\PSoC4/cyfitter_cfg.c **** CY_CFG_UNUSED
  89:Generated_Source\PSoC4/cyfitter_cfg.c **** static void CYCONFIGCPYCODE(void *dest, const void *src, size_t n)
  90:Generated_Source\PSoC4/cyfitter_cfg.c **** {
  91:Generated_Source\PSoC4/cyfitter_cfg.c **** 	(void)memcpy(dest, src, n);
  92:Generated_Source\PSoC4/cyfitter_cfg.c **** }
  93:Generated_Source\PSoC4/cyfitter_cfg.c **** 
  94:Generated_Source\PSoC4/cyfitter_cfg.c **** 
  95:Generated_Source\PSoC4/cyfitter_cfg.c **** 
  96:Generated_Source\PSoC4/cyfitter_cfg.c **** 
  97:Generated_Source\PSoC4/cyfitter_cfg.c **** /* Clock startup error codes                                                   */
  98:Generated_Source\PSoC4/cyfitter_cfg.c **** #define CYCLOCKSTART_NO_ERROR    0u
  99:Generated_Source\PSoC4/cyfitter_cfg.c **** #define CYCLOCKSTART_XTAL_ERROR  1u
 100:Generated_Source\PSoC4/cyfitter_cfg.c **** #define CYCLOCKSTART_32KHZ_ERROR 2u
 101:Generated_Source\PSoC4/cyfitter_cfg.c **** #define CYCLOCKSTART_PLL_ERROR   3u
 102:Generated_Source\PSoC4/cyfitter_cfg.c **** #define CYCLOCKSTART_FLL_ERROR   4u
 103:Generated_Source\PSoC4/cyfitter_cfg.c **** #define CYCLOCKSTART_WCO_ERROR   5u
 104:Generated_Source\PSoC4/cyfitter_cfg.c **** 
 105:Generated_Source\PSoC4/cyfitter_cfg.c **** 
 106:Generated_Source\PSoC4/cyfitter_cfg.c **** #ifdef CY_NEED_CYCLOCKSTARTUPERROR
 107:Generated_Source\PSoC4/cyfitter_cfg.c **** /*******************************************************************************
 108:Generated_Source\PSoC4/cyfitter_cfg.c **** * Function Name: CyClockStartupError
 109:Generated_Source\PSoC4/cyfitter_cfg.c **** ********************************************************************************
 110:Generated_Source\PSoC4/cyfitter_cfg.c **** * Summary:
 111:Generated_Source\PSoC4/cyfitter_cfg.c **** *  If an error is encountered during clock configuration (crystal startup error,
 112:Generated_Source\PSoC4/cyfitter_cfg.c **** *  PLL lock error, etc.), the system will end up here.  Unless reimplemented by
 113:Generated_Source\PSoC4/cyfitter_cfg.c **** *  the customer, this function will stop in an infinite loop.
 114:Generated_Source\PSoC4/cyfitter_cfg.c **** *
 115:Generated_Source\PSoC4/cyfitter_cfg.c **** * Parameters:
 116:Generated_Source\PSoC4/cyfitter_cfg.c **** *   void
 117:Generated_Source\PSoC4/cyfitter_cfg.c **** *
 118:Generated_Source\PSoC4/cyfitter_cfg.c **** * Return:
 119:Generated_Source\PSoC4/cyfitter_cfg.c **** *   void
 120:Generated_Source\PSoC4/cyfitter_cfg.c **** *
 121:Generated_Source\PSoC4/cyfitter_cfg.c **** *******************************************************************************/
 122:Generated_Source\PSoC4/cyfitter_cfg.c **** CY_CFG_UNUSED
 123:Generated_Source\PSoC4/cyfitter_cfg.c **** static void CyClockStartupError(uint8 errorCode);
 124:Generated_Source\PSoC4/cyfitter_cfg.c **** CY_CFG_UNUSED
 125:Generated_Source\PSoC4/cyfitter_cfg.c **** static void CyClockStartupError(uint8 errorCode)
 126:Generated_Source\PSoC4/cyfitter_cfg.c **** {
 127:Generated_Source\PSoC4/cyfitter_cfg.c ****     /* To remove the compiler warning if errorCode not used.                */
 128:Generated_Source\PSoC4/cyfitter_cfg.c ****     errorCode = errorCode;
 129:Generated_Source\PSoC4/cyfitter_cfg.c **** 
 130:Generated_Source\PSoC4/cyfitter_cfg.c ****     /* If we have a clock startup error (bad MHz crystal, PLL lock, etc.),  */
 131:Generated_Source\PSoC4/cyfitter_cfg.c ****     /* we will end up here to allow the customer to implement something to  */
 132:Generated_Source\PSoC4/cyfitter_cfg.c ****     /* deal with the clock condition.                                       */
 133:Generated_Source\PSoC4/cyfitter_cfg.c **** 
 134:Generated_Source\PSoC4/cyfitter_cfg.c **** #ifdef CY_CFG_CLOCK_STARTUP_ERROR_CALLBACK
 135:Generated_Source\PSoC4/cyfitter_cfg.c ****     CY_CFG_Clock_Startup_ErrorCallback();
 136:Generated_Source\PSoC4/cyfitter_cfg.c **** #else
 137:Generated_Source\PSoC4/cyfitter_cfg.c ****     /*  If not using CY_CFG_CLOCK_STARTUP_ERROR_CALLBACK, place your clock startup code here. */
 138:Generated_Source\PSoC4/cyfitter_cfg.c ****     /* `#START CyClockStartupError` */
 139:Generated_Source\PSoC4/cyfitter_cfg.c **** 
 140:Generated_Source\PSoC4/cyfitter_cfg.c **** 
 141:Generated_Source\PSoC4/cyfitter_cfg.c **** 
 142:Generated_Source\PSoC4/cyfitter_cfg.c ****     /* `#END` */
 143:Generated_Source\PSoC4/cyfitter_cfg.c **** 
 144:Generated_Source\PSoC4/cyfitter_cfg.c ****     while(1) {}
ARM GAS  C:\Users\PC\AppData\Local\Temp\ccOQd8i6.s 			page 4


 145:Generated_Source\PSoC4/cyfitter_cfg.c **** #endif /* CY_CFG_CLOCK_STARTUP_ERROR_CALLBACK */
 146:Generated_Source\PSoC4/cyfitter_cfg.c **** }
 147:Generated_Source\PSoC4/cyfitter_cfg.c **** #endif
 148:Generated_Source\PSoC4/cyfitter_cfg.c **** 
 149:Generated_Source\PSoC4/cyfitter_cfg.c **** 
 150:Generated_Source\PSoC4/cyfitter_cfg.c **** 
 151:Generated_Source\PSoC4/cyfitter_cfg.c **** /*******************************************************************************
 152:Generated_Source\PSoC4/cyfitter_cfg.c **** * Function Name: ClockSetup
 153:Generated_Source\PSoC4/cyfitter_cfg.c **** ********************************************************************************
 154:Generated_Source\PSoC4/cyfitter_cfg.c **** *
 155:Generated_Source\PSoC4/cyfitter_cfg.c **** * Summary:
 156:Generated_Source\PSoC4/cyfitter_cfg.c **** *   Performs the initialization of all of the clocks in the device based on the
 157:Generated_Source\PSoC4/cyfitter_cfg.c **** *   settings in the Clock tab of the DWR.  This includes enabling the requested
 158:Generated_Source\PSoC4/cyfitter_cfg.c **** *   clocks and setting the necessary dividers to produce the desired frequency. 
 159:Generated_Source\PSoC4/cyfitter_cfg.c **** *
 160:Generated_Source\PSoC4/cyfitter_cfg.c **** * Parameters:
 161:Generated_Source\PSoC4/cyfitter_cfg.c **** *   void
 162:Generated_Source\PSoC4/cyfitter_cfg.c **** *
 163:Generated_Source\PSoC4/cyfitter_cfg.c **** * Return:
 164:Generated_Source\PSoC4/cyfitter_cfg.c **** *   void
 165:Generated_Source\PSoC4/cyfitter_cfg.c **** *
 166:Generated_Source\PSoC4/cyfitter_cfg.c **** *******************************************************************************/
 167:Generated_Source\PSoC4/cyfitter_cfg.c **** static void ClockSetup(void);
 168:Generated_Source\PSoC4/cyfitter_cfg.c **** CY_CFG_SECTION
 169:Generated_Source\PSoC4/cyfitter_cfg.c **** static void ClockSetup(void)
 170:Generated_Source\PSoC4/cyfitter_cfg.c **** {
 171:Generated_Source\PSoC4/cyfitter_cfg.c **** 
 172:Generated_Source\PSoC4/cyfitter_cfg.c **** 	/* Set Flash Cycles based on max possible frequency in case a glitch occurs during ClockSetup(). *
 173:Generated_Source\PSoC4/cyfitter_cfg.c **** 	CY_SET_REG32((void CYXDATA *)(CYREG_CPUSS_FLASH_CTL), (0x0012u));
 174:Generated_Source\PSoC4/cyfitter_cfg.c **** 	/* Update IMO to new clock speed. */
 175:Generated_Source\PSoC4/cyfitter_cfg.c **** 	CySysClkWriteImoFreq(24u);
 176:Generated_Source\PSoC4/cyfitter_cfg.c **** 
 177:Generated_Source\PSoC4/cyfitter_cfg.c **** 	/* Setup phase aligned clocks */
 178:Generated_Source\PSoC4/cyfitter_cfg.c **** 	CY_SET_REG32((void *)CYREG_PERI_DIV_16_CTL0, 0x00000100u);
 179:Generated_Source\PSoC4/cyfitter_cfg.c **** 	CY_SET_REG32((void *)CYREG_PERI_DIV_CMD, 0x8000FF40u);
 180:Generated_Source\PSoC4/cyfitter_cfg.c **** 	CY_SET_REG32((void *)CYREG_PERI_DIV_16_CTL1, 0x00001000u);
 181:Generated_Source\PSoC4/cyfitter_cfg.c **** 	CY_SET_REG32((void *)CYREG_PERI_DIV_CMD, 0x8000FF41u);
 182:Generated_Source\PSoC4/cyfitter_cfg.c **** 
 183:Generated_Source\PSoC4/cyfitter_cfg.c **** 	/* CYDEV_CLK_SELECT Starting address: CYDEV_CLK_SELECT */
 184:Generated_Source\PSoC4/cyfitter_cfg.c **** 	CY_SET_REG32((void *)(CYREG_CLK_SELECT), 0x00000000u);
 185:Generated_Source\PSoC4/cyfitter_cfg.c **** 
 186:Generated_Source\PSoC4/cyfitter_cfg.c **** 	/* CYDEV_PERI_PCLK_CTL7 Starting address: CYDEV_PERI_PCLK_CTL7 */
 187:Generated_Source\PSoC4/cyfitter_cfg.c **** 	CY_SET_REG32((void *)(CYREG_PERI_PCLK_CTL7), 0x00000040u);
 188:Generated_Source\PSoC4/cyfitter_cfg.c **** 
 189:Generated_Source\PSoC4/cyfitter_cfg.c **** 	/* CYDEV_PERI_PCLK_CTL6 Starting address: CYDEV_PERI_PCLK_CTL6 */
 190:Generated_Source\PSoC4/cyfitter_cfg.c **** 	CY_SET_REG32((void *)(CYREG_PERI_PCLK_CTL6), 0x00000040u);
 191:Generated_Source\PSoC4/cyfitter_cfg.c **** 
 192:Generated_Source\PSoC4/cyfitter_cfg.c **** 	/* CYDEV_PERI_PCLK_CTL4 Starting address: CYDEV_PERI_PCLK_CTL4 */
 193:Generated_Source\PSoC4/cyfitter_cfg.c **** 	CY_SET_REG32((void *)(CYREG_PERI_PCLK_CTL4), 0x00000040u);
 194:Generated_Source\PSoC4/cyfitter_cfg.c **** 
 195:Generated_Source\PSoC4/cyfitter_cfg.c **** 	/* CYDEV_PERI_PCLK_CTL0 Starting address: CYDEV_PERI_PCLK_CTL0 */
 196:Generated_Source\PSoC4/cyfitter_cfg.c **** 	CY_SET_REG32((void *)(CYREG_PERI_PCLK_CTL0), 0x00000041u);
 197:Generated_Source\PSoC4/cyfitter_cfg.c **** 
 198:Generated_Source\PSoC4/cyfitter_cfg.c **** 	/* Set Flash Cycles based on newly configured 24.00MHz HFCLK. */
 199:Generated_Source\PSoC4/cyfitter_cfg.c **** 	CY_SET_REG32((void CYXDATA *)(CYREG_CPUSS_FLASH_CTL), (0x0011u));
 200:Generated_Source\PSoC4/cyfitter_cfg.c **** }
 201:Generated_Source\PSoC4/cyfitter_cfg.c **** 
ARM GAS  C:\Users\PC\AppData\Local\Temp\ccOQd8i6.s 			page 5


 202:Generated_Source\PSoC4/cyfitter_cfg.c **** 
 203:Generated_Source\PSoC4/cyfitter_cfg.c **** /* Analog API Functions */
 204:Generated_Source\PSoC4/cyfitter_cfg.c **** 
 205:Generated_Source\PSoC4/cyfitter_cfg.c **** 
 206:Generated_Source\PSoC4/cyfitter_cfg.c **** /*******************************************************************************
 207:Generated_Source\PSoC4/cyfitter_cfg.c **** * Function Name: AnalogSetDefault
 208:Generated_Source\PSoC4/cyfitter_cfg.c **** ********************************************************************************
 209:Generated_Source\PSoC4/cyfitter_cfg.c **** *
 210:Generated_Source\PSoC4/cyfitter_cfg.c **** * Summary:
 211:Generated_Source\PSoC4/cyfitter_cfg.c **** *  Sets up the analog portions of the chip to default values based on chip
 212:Generated_Source\PSoC4/cyfitter_cfg.c **** *  configuration options from the project.
 213:Generated_Source\PSoC4/cyfitter_cfg.c **** *
 214:Generated_Source\PSoC4/cyfitter_cfg.c **** * Parameters:
 215:Generated_Source\PSoC4/cyfitter_cfg.c **** *  void
 216:Generated_Source\PSoC4/cyfitter_cfg.c **** *
 217:Generated_Source\PSoC4/cyfitter_cfg.c **** * Return:
 218:Generated_Source\PSoC4/cyfitter_cfg.c **** *  void
 219:Generated_Source\PSoC4/cyfitter_cfg.c **** *
 220:Generated_Source\PSoC4/cyfitter_cfg.c **** *******************************************************************************/
 221:Generated_Source\PSoC4/cyfitter_cfg.c **** static void AnalogSetDefault(void);
 222:Generated_Source\PSoC4/cyfitter_cfg.c **** static void AnalogSetDefault(void)
 223:Generated_Source\PSoC4/cyfitter_cfg.c **** {
 224:Generated_Source\PSoC4/cyfitter_cfg.c **** }
 225:Generated_Source\PSoC4/cyfitter_cfg.c **** 
 226:Generated_Source\PSoC4/cyfitter_cfg.c **** 
 227:Generated_Source\PSoC4/cyfitter_cfg.c **** 
 228:Generated_Source\PSoC4/cyfitter_cfg.c **** 
 229:Generated_Source\PSoC4/cyfitter_cfg.c **** /*******************************************************************************
 230:Generated_Source\PSoC4/cyfitter_cfg.c **** * Function Name: cyfitter_cfg
 231:Generated_Source\PSoC4/cyfitter_cfg.c **** ********************************************************************************
 232:Generated_Source\PSoC4/cyfitter_cfg.c **** * Summary:
 233:Generated_Source\PSoC4/cyfitter_cfg.c **** *  This function is called by the start-up code for the selected device. It
 234:Generated_Source\PSoC4/cyfitter_cfg.c **** *  performs all of the necessary device configuration based on the design
 235:Generated_Source\PSoC4/cyfitter_cfg.c **** *  settings.  This includes settings from the Design Wide Resources (DWR) such
 236:Generated_Source\PSoC4/cyfitter_cfg.c **** *  as Clocks and Pins as well as any component configuration that is necessary.
 237:Generated_Source\PSoC4/cyfitter_cfg.c **** *
 238:Generated_Source\PSoC4/cyfitter_cfg.c **** * Parameters:
 239:Generated_Source\PSoC4/cyfitter_cfg.c **** *   void
 240:Generated_Source\PSoC4/cyfitter_cfg.c **** *
 241:Generated_Source\PSoC4/cyfitter_cfg.c **** * Return:
 242:Generated_Source\PSoC4/cyfitter_cfg.c **** *   void
 243:Generated_Source\PSoC4/cyfitter_cfg.c **** *
 244:Generated_Source\PSoC4/cyfitter_cfg.c **** *******************************************************************************/
 245:Generated_Source\PSoC4/cyfitter_cfg.c **** CY_CFG_SECTION
 246:Generated_Source\PSoC4/cyfitter_cfg.c **** void cyfitter_cfg(void)
 247:Generated_Source\PSoC4/cyfitter_cfg.c **** {
  28              		.loc 1 247 0
  29              		.cfi_startproc
  30              		@ args = 0, pretend = 0, frame = 0
  31              		@ frame_needed = 0, uses_anonymous_args = 0
  32 0000 70B5     		push	{r4, r5, r6, lr}
  33              		.cfi_def_cfa_offset 16
  34              		.cfi_offset 4, -16
  35              		.cfi_offset 5, -12
  36              		.cfi_offset 6, -8
  37              		.cfi_offset 14, -4
 248:Generated_Source\PSoC4/cyfitter_cfg.c **** 	/* Disable interrupts by default. Let user enable if/when they want. */
ARM GAS  C:\Users\PC\AppData\Local\Temp\ccOQd8i6.s 			page 6


 249:Generated_Source\PSoC4/cyfitter_cfg.c **** 	CyGlobalIntDisable;
  38              		.loc 1 249 0
  39              		.syntax divided
  40              	@ 249 "Generated_Source\PSoC4\cyfitter_cfg.c" 1
  41 0002 72B6     		CPSID   i
  42              	@ 0 "" 2
 250:Generated_Source\PSoC4/cyfitter_cfg.c **** 
 251:Generated_Source\PSoC4/cyfitter_cfg.c **** 	{
 252:Generated_Source\PSoC4/cyfitter_cfg.c **** 		/* HSIOM Starting address: CYDEV_HSIOM_BASE */
 253:Generated_Source\PSoC4/cyfitter_cfg.c **** 		CY_SET_REG32((void *)(CYREG_HSIOM_PORT_SEL1), 0x00000800u);
  43              		.loc 1 253 0
  44              		.thumb
  45              		.syntax unified
  46 0004 8022     		movs	r2, #128
  47 0006 244B     		ldr	r3, .L2
  48 0008 1201     		lsls	r2, r2, #4
  49 000a 1A60     		str	r2, [r3]
 254:Generated_Source\PSoC4/cyfitter_cfg.c **** 		CY_SET_REG32((void *)(CYREG_HSIOM_PORT_SEL2), 0x08000008u);
  50              		.loc 1 254 0
  51 000c 234A     		ldr	r2, .L2+4
  52 000e 244B     		ldr	r3, .L2+8
 255:Generated_Source\PSoC4/cyfitter_cfg.c **** 		CY_SET_REG32((void *)(CYREG_HSIOM_PORT_SEL3), 0x0000EE00u);
 256:Generated_Source\PSoC4/cyfitter_cfg.c **** 		CY_SET_REG32((void *)(CYREG_HSIOM_PORT_SEL4), 0x00000099u);
 257:Generated_Source\PSoC4/cyfitter_cfg.c **** 
 258:Generated_Source\PSoC4/cyfitter_cfg.c **** 	}
 259:Generated_Source\PSoC4/cyfitter_cfg.c **** 
 260:Generated_Source\PSoC4/cyfitter_cfg.c **** 	/* Perform second pass device configuration. These items must be configured in specific order afte
 261:Generated_Source\PSoC4/cyfitter_cfg.c **** 	/* IOPINS0_1 Starting address: CYDEV_GPIO_PRT1_BASE */
 262:Generated_Source\PSoC4/cyfitter_cfg.c **** 	CY_SET_REG32((void *)(CYDEV_GPIO_PRT1_BASE), 0x00000004u);
 263:Generated_Source\PSoC4/cyfitter_cfg.c **** 	CY_SET_REG32((void *)(CYREG_GPIO_PRT1_PC), 0x00000180u);
 264:Generated_Source\PSoC4/cyfitter_cfg.c **** 
 265:Generated_Source\PSoC4/cyfitter_cfg.c **** 	/* IOPINS0_2 Starting address: CYDEV_GPIO_PRT2_BASE */
 266:Generated_Source\PSoC4/cyfitter_cfg.c **** 	CY_SET_REG32((void *)(CYDEV_GPIO_PRT2_BASE), 0x00000041u);
  53              		.loc 1 266 0
  54 0010 4125     		movs	r5, #65
 254:Generated_Source\PSoC4/cyfitter_cfg.c **** 		CY_SET_REG32((void *)(CYREG_HSIOM_PORT_SEL2), 0x08000008u);
  55              		.loc 1 254 0
  56 0012 1A60     		str	r2, [r3]
 255:Generated_Source\PSoC4/cyfitter_cfg.c **** 		CY_SET_REG32((void *)(CYREG_HSIOM_PORT_SEL3), 0x0000EE00u);
  57              		.loc 1 255 0
  58 0014 EE22     		movs	r2, #238
  59 0016 234B     		ldr	r3, .L2+12
  60 0018 1202     		lsls	r2, r2, #8
  61 001a 1A60     		str	r2, [r3]
 256:Generated_Source\PSoC4/cyfitter_cfg.c **** 
  62              		.loc 1 256 0
  63 001c 9922     		movs	r2, #153
  64 001e 224B     		ldr	r3, .L2+16
 267:Generated_Source\PSoC4/cyfitter_cfg.c **** 	CY_SET_REG32((void *)(CYREG_GPIO_PRT2_PC), 0x00180006u);
 268:Generated_Source\PSoC4/cyfitter_cfg.c **** 
 269:Generated_Source\PSoC4/cyfitter_cfg.c **** 	/* IOPINS0_3 Starting address: CYDEV_GPIO_PRT3_BASE */
 270:Generated_Source\PSoC4/cyfitter_cfg.c **** 	CY_SET_REG32((void *)(CYREG_GPIO_PRT3_PC), 0x00000D80u);
 271:Generated_Source\PSoC4/cyfitter_cfg.c **** 
 272:Generated_Source\PSoC4/cyfitter_cfg.c **** 	/* IOPINS0_4 Starting address: CYDEV_GPIO_PRT4_BASE */
 273:Generated_Source\PSoC4/cyfitter_cfg.c **** 	CY_SET_REG32((void *)(CYDEV_GPIO_PRT4_BASE), 0x00000002u);
 274:Generated_Source\PSoC4/cyfitter_cfg.c **** 	CY_SET_REG32((void *)(CYREG_GPIO_PRT4_PC), 0x00000031u);
  65              		.loc 1 274 0
ARM GAS  C:\Users\PC\AppData\Local\Temp\ccOQd8i6.s 			page 7


  66 0020 3121     		movs	r1, #49
 256:Generated_Source\PSoC4/cyfitter_cfg.c **** 
  67              		.loc 1 256 0
  68 0022 1A60     		str	r2, [r3]
 262:Generated_Source\PSoC4/cyfitter_cfg.c **** 	CY_SET_REG32((void *)(CYREG_GPIO_PRT1_PC), 0x00000180u);
  69              		.loc 1 262 0
  70 0024 214B     		ldr	r3, .L2+20
  71 0026 953A     		subs	r2, r2, #149
  72 0028 1A60     		str	r2, [r3]
 263:Generated_Source\PSoC4/cyfitter_cfg.c **** 
  73              		.loc 1 263 0
  74 002a 214B     		ldr	r3, .L2+24
  75 002c 7D32     		adds	r2, r2, #125
  76 002e FF32     		adds	r2, r2, #255
  77 0030 1A60     		str	r2, [r3]
 266:Generated_Source\PSoC4/cyfitter_cfg.c **** 	CY_SET_REG32((void *)(CYREG_GPIO_PRT2_PC), 0x00180006u);
  78              		.loc 1 266 0
  79 0032 204B     		ldr	r3, .L2+28
 267:Generated_Source\PSoC4/cyfitter_cfg.c **** 
  80              		.loc 1 267 0
  81 0034 204A     		ldr	r2, .L2+32
 266:Generated_Source\PSoC4/cyfitter_cfg.c **** 	CY_SET_REG32((void *)(CYREG_GPIO_PRT2_PC), 0x00180006u);
  82              		.loc 1 266 0
  83 0036 1D60     		str	r5, [r3]
 267:Generated_Source\PSoC4/cyfitter_cfg.c **** 
  84              		.loc 1 267 0
  85 0038 204B     		ldr	r3, .L2+36
  86              	.LBB6:
  87              	.LBB7:
 173:Generated_Source\PSoC4/cyfitter_cfg.c **** 	/* Update IMO to new clock speed. */
  88              		.loc 1 173 0
  89 003a 214C     		ldr	r4, .L2+40
  90              	.LBE7:
  91              	.LBE6:
 267:Generated_Source\PSoC4/cyfitter_cfg.c **** 
  92              		.loc 1 267 0
  93 003c 1A60     		str	r2, [r3]
 270:Generated_Source\PSoC4/cyfitter_cfg.c **** 
  94              		.loc 1 270 0
  95 003e D822     		movs	r2, #216
  96 0040 204B     		ldr	r3, .L2+44
  97 0042 1201     		lsls	r2, r2, #4
  98 0044 1A60     		str	r2, [r3]
 273:Generated_Source\PSoC4/cyfitter_cfg.c **** 	CY_SET_REG32((void *)(CYREG_GPIO_PRT4_PC), 0x00000031u);
  99              		.loc 1 273 0
 100 0046 0223     		movs	r3, #2
 101 0048 1F4A     		ldr	r2, .L2+48
 102              	.LBB10:
 103              	.LBB8:
 175:Generated_Source\PSoC4/cyfitter_cfg.c **** 
 104              		.loc 1 175 0
 105 004a 1820     		movs	r0, #24
 106              	.LBE8:
 107              	.LBE10:
 273:Generated_Source\PSoC4/cyfitter_cfg.c **** 	CY_SET_REG32((void *)(CYREG_GPIO_PRT4_PC), 0x00000031u);
 108              		.loc 1 273 0
 109 004c 1360     		str	r3, [r2]
ARM GAS  C:\Users\PC\AppData\Local\Temp\ccOQd8i6.s 			page 8


 110              		.loc 1 274 0
 111 004e 1F4A     		ldr	r2, .L2+52
 275:Generated_Source\PSoC4/cyfitter_cfg.c **** 	CY_SET_REG32((void *)(CYREG_GPIO_PRT4_PC2), 0x00000002u);
 276:Generated_Source\PSoC4/cyfitter_cfg.c **** 
 277:Generated_Source\PSoC4/cyfitter_cfg.c **** 
 278:Generated_Source\PSoC4/cyfitter_cfg.c **** 	/* Setup clocks based on selections from Clock DWR */
 279:Generated_Source\PSoC4/cyfitter_cfg.c **** 	ClockSetup();
 280:Generated_Source\PSoC4/cyfitter_cfg.c **** 
 281:Generated_Source\PSoC4/cyfitter_cfg.c **** 	/* Perform basic analog initialization to defaults */
 282:Generated_Source\PSoC4/cyfitter_cfg.c **** 	AnalogSetDefault();
 283:Generated_Source\PSoC4/cyfitter_cfg.c **** 
 284:Generated_Source\PSoC4/cyfitter_cfg.c **** }
 112              		.loc 1 284 0
 113              		@ sp needed
 274:Generated_Source\PSoC4/cyfitter_cfg.c **** 	CY_SET_REG32((void *)(CYREG_GPIO_PRT4_PC2), 0x00000002u);
 114              		.loc 1 274 0
 115 0050 1160     		str	r1, [r2]
 275:Generated_Source\PSoC4/cyfitter_cfg.c **** 	CY_SET_REG32((void *)(CYREG_GPIO_PRT4_PC2), 0x00000002u);
 116              		.loc 1 275 0
 117 0052 1F4A     		ldr	r2, .L2+56
 118 0054 1360     		str	r3, [r2]
 119              	.LBB11:
 120              	.LBB9:
 173:Generated_Source\PSoC4/cyfitter_cfg.c **** 	/* Update IMO to new clock speed. */
 121              		.loc 1 173 0
 122 0056 1033     		adds	r3, r3, #16
 123 0058 2360     		str	r3, [r4]
 175:Generated_Source\PSoC4/cyfitter_cfg.c **** 
 124              		.loc 1 175 0
 125 005a FFF7FEFF 		bl	CySysClkWriteImoFreq
 126              	.LVL0:
 178:Generated_Source\PSoC4/cyfitter_cfg.c **** 	CY_SET_REG32((void *)CYREG_PERI_DIV_CMD, 0x8000FF40u);
 127              		.loc 1 178 0
 128 005e 8022     		movs	r2, #128
 180:Generated_Source\PSoC4/cyfitter_cfg.c **** 	CY_SET_REG32((void *)CYREG_PERI_DIV_CMD, 0x8000FF41u);
 129              		.loc 1 180 0
 130 0060 8021     		movs	r1, #128
 178:Generated_Source\PSoC4/cyfitter_cfg.c **** 	CY_SET_REG32((void *)CYREG_PERI_DIV_CMD, 0x8000FF40u);
 131              		.loc 1 178 0
 132 0062 1C4B     		ldr	r3, .L2+60
 133 0064 5200     		lsls	r2, r2, #1
 134 0066 1A60     		str	r2, [r3]
 179:Generated_Source\PSoC4/cyfitter_cfg.c **** 	CY_SET_REG32((void *)CYREG_PERI_DIV_16_CTL1, 0x00001000u);
 135              		.loc 1 179 0
 136 0068 1B4B     		ldr	r3, .L2+64
 137 006a 1C4A     		ldr	r2, .L2+68
 180:Generated_Source\PSoC4/cyfitter_cfg.c **** 	CY_SET_REG32((void *)CYREG_PERI_DIV_CMD, 0x8000FF41u);
 138              		.loc 1 180 0
 139 006c 4901     		lsls	r1, r1, #5
 179:Generated_Source\PSoC4/cyfitter_cfg.c **** 	CY_SET_REG32((void *)CYREG_PERI_DIV_16_CTL1, 0x00001000u);
 140              		.loc 1 179 0
 141 006e 1A60     		str	r2, [r3]
 180:Generated_Source\PSoC4/cyfitter_cfg.c **** 	CY_SET_REG32((void *)CYREG_PERI_DIV_CMD, 0x8000FF41u);
 142              		.loc 1 180 0
 143 0070 1B4A     		ldr	r2, .L2+72
 144 0072 1160     		str	r1, [r2]
 181:Generated_Source\PSoC4/cyfitter_cfg.c **** 
ARM GAS  C:\Users\PC\AppData\Local\Temp\ccOQd8i6.s 			page 9


 145              		.loc 1 181 0
 146 0074 1B4A     		ldr	r2, .L2+76
 147 0076 1A60     		str	r2, [r3]
 184:Generated_Source\PSoC4/cyfitter_cfg.c **** 
 148              		.loc 1 184 0
 149 0078 0022     		movs	r2, #0
 150 007a 1B4B     		ldr	r3, .L2+80
 151 007c 1A60     		str	r2, [r3]
 187:Generated_Source\PSoC4/cyfitter_cfg.c **** 
 152              		.loc 1 187 0
 153 007e 4023     		movs	r3, #64
 154 0080 1A4A     		ldr	r2, .L2+84
 155 0082 1360     		str	r3, [r2]
 190:Generated_Source\PSoC4/cyfitter_cfg.c **** 
 156              		.loc 1 190 0
 157 0084 1A4A     		ldr	r2, .L2+88
 158 0086 1360     		str	r3, [r2]
 193:Generated_Source\PSoC4/cyfitter_cfg.c **** 
 159              		.loc 1 193 0
 160 0088 1A4A     		ldr	r2, .L2+92
 161 008a 1360     		str	r3, [r2]
 196:Generated_Source\PSoC4/cyfitter_cfg.c **** 
 162              		.loc 1 196 0
 163 008c 1A4B     		ldr	r3, .L2+96
 164 008e 1D60     		str	r5, [r3]
 199:Generated_Source\PSoC4/cyfitter_cfg.c **** }
 165              		.loc 1 199 0
 166 0090 1123     		movs	r3, #17
 167 0092 2360     		str	r3, [r4]
 168              	.LBE9:
 169              	.LBE11:
 170              		.loc 1 284 0
 171 0094 70BD     		pop	{r4, r5, r6, pc}
 172              	.L3:
 173 0096 C046     		.align	2
 174              	.L2:
 175 0098 00010240 		.word	1073873152
 176 009c 08000008 		.word	134217736
 177 00a0 00020240 		.word	1073873408
 178 00a4 00030240 		.word	1073873664
 179 00a8 00040240 		.word	1073873920
 180 00ac 00010440 		.word	1074004224
 181 00b0 08010440 		.word	1074004232
 182 00b4 00020440 		.word	1074004480
 183 00b8 06001800 		.word	1572870
 184 00bc 08020440 		.word	1074004488
 185 00c0 30001040 		.word	1074790448
 186 00c4 08030440 		.word	1074004744
 187 00c8 00040440 		.word	1074004992
 188 00cc 08040440 		.word	1074005000
 189 00d0 18040440 		.word	1074005016
 190 00d4 00030140 		.word	1073808128
 191 00d8 00000140 		.word	1073807360
 192 00dc 40FF0080 		.word	-2147418304
 193 00e0 04030140 		.word	1073808132
 194 00e4 41FF0080 		.word	-2147418303
 195 00e8 28000340 		.word	1073938472
ARM GAS  C:\Users\PC\AppData\Local\Temp\ccOQd8i6.s 			page 10


 196 00ec 1C010140 		.word	1073807644
 197 00f0 18010140 		.word	1073807640
 198 00f4 10010140 		.word	1073807632
 199 00f8 00010140 		.word	1073807616
 200              		.cfi_endproc
 201              	.LFE6:
 202              		.size	cyfitter_cfg, .-cyfitter_cfg
 203              		.text
 204              	.Letext0:
 205              		.file 2 "Generated_Source\\PSoC4\\cytypes.h"
 206              		.file 3 "Generated_Source\\PSoC4\\CyLib.h"
 207              		.section	.debug_info,"",%progbits
 208              	.Ldebug_info0:
 209 0000 F9000000 		.4byte	0xf9
 210 0004 0400     		.2byte	0x4
 211 0006 00000000 		.4byte	.Ldebug_abbrev0
 212 000a 04       		.byte	0x4
 213 000b 01       		.uleb128 0x1
 214 000c 4B010000 		.4byte	.LASF18
 215 0010 0C       		.byte	0xc
 216 0011 15000000 		.4byte	.LASF19
 217 0015 48000000 		.4byte	.LASF20
 218 0019 20000000 		.4byte	.Ldebug_ranges0+0x20
 219 001d 00000000 		.4byte	0
 220 0021 00000000 		.4byte	.Ldebug_line0
 221 0025 02       		.uleb128 0x2
 222 0026 04       		.byte	0x4
 223 0027 05       		.byte	0x5
 224 0028 696E7400 		.ascii	"int\000"
 225 002c 03       		.uleb128 0x3
 226 002d 04       		.byte	0x4
 227 002e 07       		.byte	0x7
 228 002f 3B000000 		.4byte	.LASF0
 229 0033 03       		.uleb128 0x3
 230 0034 08       		.byte	0x8
 231 0035 05       		.byte	0x5
 232 0036 00000000 		.4byte	.LASF1
 233 003a 03       		.uleb128 0x3
 234 003b 08       		.byte	0x8
 235 003c 04       		.byte	0x4
 236 003d 35010000 		.4byte	.LASF2
 237 0041 03       		.uleb128 0x3
 238 0042 01       		.byte	0x1
 239 0043 06       		.byte	0x6
 240 0044 29010000 		.4byte	.LASF3
 241 0048 03       		.uleb128 0x3
 242 0049 01       		.byte	0x1
 243 004a 08       		.byte	0x8
 244 004b D1000000 		.4byte	.LASF4
 245 004f 03       		.uleb128 0x3
 246 0050 02       		.byte	0x2
 247 0051 05       		.byte	0x5
 248 0052 41010000 		.4byte	.LASF5
 249 0056 03       		.uleb128 0x3
 250 0057 02       		.byte	0x2
 251 0058 07       		.byte	0x7
 252 0059 16010000 		.4byte	.LASF6
ARM GAS  C:\Users\PC\AppData\Local\Temp\ccOQd8i6.s 			page 11


 253 005d 03       		.uleb128 0x3
 254 005e 04       		.byte	0x4
 255 005f 05       		.byte	0x5
 256 0060 E4000000 		.4byte	.LASF7
 257 0064 03       		.uleb128 0x3
 258 0065 04       		.byte	0x4
 259 0066 07       		.byte	0x7
 260 0067 95000000 		.4byte	.LASF8
 261 006b 03       		.uleb128 0x3
 262 006c 08       		.byte	0x8
 263 006d 07       		.byte	0x7
 264 006e B4000000 		.4byte	.LASF9
 265 0072 03       		.uleb128 0x3
 266 0073 04       		.byte	0x4
 267 0074 07       		.byte	0x7
 268 0075 DD010000 		.4byte	.LASF10
 269 0079 03       		.uleb128 0x3
 270 007a 01       		.byte	0x1
 271 007b 08       		.byte	0x8
 272 007c DF000000 		.4byte	.LASF11
 273 0080 04       		.uleb128 0x4
 274 0081 0E000000 		.4byte	.LASF14
 275 0085 02       		.byte	0x2
 276 0086 FD01     		.2byte	0x1fd
 277 0088 64000000 		.4byte	0x64
 278 008c 03       		.uleb128 0x3
 279 008d 04       		.byte	0x4
 280 008e 04       		.byte	0x4
 281 008f CB000000 		.4byte	.LASF12
 282 0093 03       		.uleb128 0x3
 283 0094 08       		.byte	0x8
 284 0095 04       		.byte	0x4
 285 0096 09010000 		.4byte	.LASF13
 286 009a 04       		.uleb128 0x4
 287 009b 10010000 		.4byte	.LASF15
 288 009f 02       		.byte	0x2
 289 00a0 A702     		.2byte	0x2a7
 290 00a2 A6000000 		.4byte	0xa6
 291 00a6 05       		.uleb128 0x5
 292 00a7 80000000 		.4byte	0x80
 293 00ab 06       		.uleb128 0x6
 294 00ac ED000000 		.4byte	.LASF16
 295 00b0 01       		.byte	0x1
 296 00b1 DE       		.byte	0xde
 297 00b2 01       		.byte	0x1
 298 00b3 06       		.uleb128 0x6
 299 00b4 FE000000 		.4byte	.LASF17
 300 00b8 01       		.byte	0x1
 301 00b9 A9       		.byte	0xa9
 302 00ba 01       		.byte	0x1
 303 00bb 07       		.uleb128 0x7
 304 00bc A7000000 		.4byte	.LASF21
 305 00c0 01       		.byte	0x1
 306 00c1 F6       		.byte	0xf6
 307 00c2 00000000 		.4byte	.LFB6
 308 00c6 FC000000 		.4byte	.LFE6-.LFB6
 309 00ca 01       		.uleb128 0x1
ARM GAS  C:\Users\PC\AppData\Local\Temp\ccOQd8i6.s 			page 12


 310 00cb 9C       		.byte	0x9c
 311 00cc F1000000 		.4byte	0xf1
 312 00d0 08       		.uleb128 0x8
 313 00d1 B3000000 		.4byte	0xb3
 314 00d5 3A000000 		.4byte	.LBB6
 315 00d9 00000000 		.4byte	.Ldebug_ranges0+0
 316 00dd 01       		.byte	0x1
 317 00de 1701     		.2byte	0x117
 318 00e0 09       		.uleb128 0x9
 319 00e1 5E000000 		.4byte	.LVL0
 320 00e5 F1000000 		.4byte	0xf1
 321 00e9 0A       		.uleb128 0xa
 322 00ea 01       		.uleb128 0x1
 323 00eb 50       		.byte	0x50
 324 00ec 01       		.uleb128 0x1
 325 00ed 48       		.byte	0x48
 326 00ee 00       		.byte	0
 327 00ef 00       		.byte	0
 328 00f0 00       		.byte	0
 329 00f1 0B       		.uleb128 0xb
 330 00f2 80000000 		.4byte	.LASF22
 331 00f6 80000000 		.4byte	.LASF22
 332 00fa 03       		.byte	0x3
 333 00fb 6C       		.byte	0x6c
 334 00fc 00       		.byte	0
 335              		.section	.debug_abbrev,"",%progbits
 336              	.Ldebug_abbrev0:
 337 0000 01       		.uleb128 0x1
 338 0001 11       		.uleb128 0x11
 339 0002 01       		.byte	0x1
 340 0003 25       		.uleb128 0x25
 341 0004 0E       		.uleb128 0xe
 342 0005 13       		.uleb128 0x13
 343 0006 0B       		.uleb128 0xb
 344 0007 03       		.uleb128 0x3
 345 0008 0E       		.uleb128 0xe
 346 0009 1B       		.uleb128 0x1b
 347 000a 0E       		.uleb128 0xe
 348 000b 55       		.uleb128 0x55
 349 000c 17       		.uleb128 0x17
 350 000d 11       		.uleb128 0x11
 351 000e 01       		.uleb128 0x1
 352 000f 10       		.uleb128 0x10
 353 0010 17       		.uleb128 0x17
 354 0011 00       		.byte	0
 355 0012 00       		.byte	0
 356 0013 02       		.uleb128 0x2
 357 0014 24       		.uleb128 0x24
 358 0015 00       		.byte	0
 359 0016 0B       		.uleb128 0xb
 360 0017 0B       		.uleb128 0xb
 361 0018 3E       		.uleb128 0x3e
 362 0019 0B       		.uleb128 0xb
 363 001a 03       		.uleb128 0x3
 364 001b 08       		.uleb128 0x8
 365 001c 00       		.byte	0
 366 001d 00       		.byte	0
ARM GAS  C:\Users\PC\AppData\Local\Temp\ccOQd8i6.s 			page 13


 367 001e 03       		.uleb128 0x3
 368 001f 24       		.uleb128 0x24
 369 0020 00       		.byte	0
 370 0021 0B       		.uleb128 0xb
 371 0022 0B       		.uleb128 0xb
 372 0023 3E       		.uleb128 0x3e
 373 0024 0B       		.uleb128 0xb
 374 0025 03       		.uleb128 0x3
 375 0026 0E       		.uleb128 0xe
 376 0027 00       		.byte	0
 377 0028 00       		.byte	0
 378 0029 04       		.uleb128 0x4
 379 002a 16       		.uleb128 0x16
 380 002b 00       		.byte	0
 381 002c 03       		.uleb128 0x3
 382 002d 0E       		.uleb128 0xe
 383 002e 3A       		.uleb128 0x3a
 384 002f 0B       		.uleb128 0xb
 385 0030 3B       		.uleb128 0x3b
 386 0031 05       		.uleb128 0x5
 387 0032 49       		.uleb128 0x49
 388 0033 13       		.uleb128 0x13
 389 0034 00       		.byte	0
 390 0035 00       		.byte	0
 391 0036 05       		.uleb128 0x5
 392 0037 35       		.uleb128 0x35
 393 0038 00       		.byte	0
 394 0039 49       		.uleb128 0x49
 395 003a 13       		.uleb128 0x13
 396 003b 00       		.byte	0
 397 003c 00       		.byte	0
 398 003d 06       		.uleb128 0x6
 399 003e 2E       		.uleb128 0x2e
 400 003f 00       		.byte	0
 401 0040 03       		.uleb128 0x3
 402 0041 0E       		.uleb128 0xe
 403 0042 3A       		.uleb128 0x3a
 404 0043 0B       		.uleb128 0xb
 405 0044 3B       		.uleb128 0x3b
 406 0045 0B       		.uleb128 0xb
 407 0046 27       		.uleb128 0x27
 408 0047 19       		.uleb128 0x19
 409 0048 20       		.uleb128 0x20
 410 0049 0B       		.uleb128 0xb
 411 004a 00       		.byte	0
 412 004b 00       		.byte	0
 413 004c 07       		.uleb128 0x7
 414 004d 2E       		.uleb128 0x2e
 415 004e 01       		.byte	0x1
 416 004f 3F       		.uleb128 0x3f
 417 0050 19       		.uleb128 0x19
 418 0051 03       		.uleb128 0x3
 419 0052 0E       		.uleb128 0xe
 420 0053 3A       		.uleb128 0x3a
 421 0054 0B       		.uleb128 0xb
 422 0055 3B       		.uleb128 0x3b
 423 0056 0B       		.uleb128 0xb
ARM GAS  C:\Users\PC\AppData\Local\Temp\ccOQd8i6.s 			page 14


 424 0057 27       		.uleb128 0x27
 425 0058 19       		.uleb128 0x19
 426 0059 11       		.uleb128 0x11
 427 005a 01       		.uleb128 0x1
 428 005b 12       		.uleb128 0x12
 429 005c 06       		.uleb128 0x6
 430 005d 40       		.uleb128 0x40
 431 005e 18       		.uleb128 0x18
 432 005f 9742     		.uleb128 0x2117
 433 0061 19       		.uleb128 0x19
 434 0062 01       		.uleb128 0x1
 435 0063 13       		.uleb128 0x13
 436 0064 00       		.byte	0
 437 0065 00       		.byte	0
 438 0066 08       		.uleb128 0x8
 439 0067 1D       		.uleb128 0x1d
 440 0068 01       		.byte	0x1
 441 0069 31       		.uleb128 0x31
 442 006a 13       		.uleb128 0x13
 443 006b 52       		.uleb128 0x52
 444 006c 01       		.uleb128 0x1
 445 006d 55       		.uleb128 0x55
 446 006e 17       		.uleb128 0x17
 447 006f 58       		.uleb128 0x58
 448 0070 0B       		.uleb128 0xb
 449 0071 59       		.uleb128 0x59
 450 0072 05       		.uleb128 0x5
 451 0073 00       		.byte	0
 452 0074 00       		.byte	0
 453 0075 09       		.uleb128 0x9
 454 0076 898201   		.uleb128 0x4109
 455 0079 01       		.byte	0x1
 456 007a 11       		.uleb128 0x11
 457 007b 01       		.uleb128 0x1
 458 007c 31       		.uleb128 0x31
 459 007d 13       		.uleb128 0x13
 460 007e 00       		.byte	0
 461 007f 00       		.byte	0
 462 0080 0A       		.uleb128 0xa
 463 0081 8A8201   		.uleb128 0x410a
 464 0084 00       		.byte	0
 465 0085 02       		.uleb128 0x2
 466 0086 18       		.uleb128 0x18
 467 0087 9142     		.uleb128 0x2111
 468 0089 18       		.uleb128 0x18
 469 008a 00       		.byte	0
 470 008b 00       		.byte	0
 471 008c 0B       		.uleb128 0xb
 472 008d 2E       		.uleb128 0x2e
 473 008e 00       		.byte	0
 474 008f 3F       		.uleb128 0x3f
 475 0090 19       		.uleb128 0x19
 476 0091 3C       		.uleb128 0x3c
 477 0092 19       		.uleb128 0x19
 478 0093 6E       		.uleb128 0x6e
 479 0094 0E       		.uleb128 0xe
 480 0095 03       		.uleb128 0x3
ARM GAS  C:\Users\PC\AppData\Local\Temp\ccOQd8i6.s 			page 15


 481 0096 0E       		.uleb128 0xe
 482 0097 3A       		.uleb128 0x3a
 483 0098 0B       		.uleb128 0xb
 484 0099 3B       		.uleb128 0x3b
 485 009a 0B       		.uleb128 0xb
 486 009b 00       		.byte	0
 487 009c 00       		.byte	0
 488 009d 00       		.byte	0
 489              		.section	.debug_aranges,"",%progbits
 490 0000 1C000000 		.4byte	0x1c
 491 0004 0200     		.2byte	0x2
 492 0006 00000000 		.4byte	.Ldebug_info0
 493 000a 04       		.byte	0x4
 494 000b 00       		.byte	0
 495 000c 0000     		.2byte	0
 496 000e 0000     		.2byte	0
 497 0010 00000000 		.4byte	.LFB6
 498 0014 FC000000 		.4byte	.LFE6-.LFB6
 499 0018 00000000 		.4byte	0
 500 001c 00000000 		.4byte	0
 501              		.section	.debug_ranges,"",%progbits
 502              	.Ldebug_ranges0:
 503 0000 3A000000 		.4byte	.LBB6
 504 0004 3C000000 		.4byte	.LBE6
 505 0008 4A000000 		.4byte	.LBB10
 506 000c 4C000000 		.4byte	.LBE10
 507 0010 56000000 		.4byte	.LBB11
 508 0014 94000000 		.4byte	.LBE11
 509 0018 00000000 		.4byte	0
 510 001c 00000000 		.4byte	0
 511 0020 00000000 		.4byte	.LFB6
 512 0024 FC000000 		.4byte	.LFE6
 513 0028 00000000 		.4byte	0
 514 002c 00000000 		.4byte	0
 515              		.section	.debug_line,"",%progbits
 516              	.Ldebug_line0:
 517 0000 B2000000 		.section	.debug_str,"MS",%progbits,1
 517      02005400 
 517      00000201 
 517      FB0E0D00 
 517      01010101 
 518              	.LASF1:
 519 0000 6C6F6E67 		.ascii	"long long int\000"
 519      206C6F6E 
 519      6720696E 
 519      7400
 520              	.LASF14:
 521 000e 75696E74 		.ascii	"uint32\000"
 521      333200
 522              	.LASF19:
 523 0015 47656E65 		.ascii	"Generated_Source\\PSoC4\\cyfitter_cfg.c\000"
 523      72617465 
 523      645F536F 
 523      75726365 
 523      5C50536F 
 524              	.LASF0:
 525 003b 756E7369 		.ascii	"unsigned int\000"
ARM GAS  C:\Users\PC\AppData\Local\Temp\ccOQd8i6.s 			page 16


 525      676E6564 
 525      20696E74 
 525      00
 526              	.LASF20:
 527 0048 433A5C55 		.ascii	"C:\\Users\\PC\\Documents\\PSoC Creator\\yellowChip\\"
 527      73657273 
 527      5C50435C 
 527      446F6375 
 527      6D656E74 
 528 0076 50574D2E 		.ascii	"PWM.cydsn\000"
 528      63796473 
 528      6E00
 529              	.LASF22:
 530 0080 43795379 		.ascii	"CySysClkWriteImoFreq\000"
 530      73436C6B 
 530      57726974 
 530      65496D6F 
 530      46726571 
 531              	.LASF8:
 532 0095 6C6F6E67 		.ascii	"long unsigned int\000"
 532      20756E73 
 532      69676E65 
 532      6420696E 
 532      7400
 533              	.LASF21:
 534 00a7 63796669 		.ascii	"cyfitter_cfg\000"
 534      74746572 
 534      5F636667 
 534      00
 535              	.LASF9:
 536 00b4 6C6F6E67 		.ascii	"long long unsigned int\000"
 536      206C6F6E 
 536      6720756E 
 536      7369676E 
 536      65642069 
 537              	.LASF12:
 538 00cb 666C6F61 		.ascii	"float\000"
 538      7400
 539              	.LASF4:
 540 00d1 756E7369 		.ascii	"unsigned char\000"
 540      676E6564 
 540      20636861 
 540      7200
 541              	.LASF11:
 542 00df 63686172 		.ascii	"char\000"
 542      00
 543              	.LASF7:
 544 00e4 6C6F6E67 		.ascii	"long int\000"
 544      20696E74 
 544      00
 545              	.LASF16:
 546 00ed 416E616C 		.ascii	"AnalogSetDefault\000"
 546      6F675365 
 546      74446566 
 546      61756C74 
 546      00
 547              	.LASF17:
ARM GAS  C:\Users\PC\AppData\Local\Temp\ccOQd8i6.s 			page 17


 548 00fe 436C6F63 		.ascii	"ClockSetup\000"
 548      6B536574 
 548      757000
 549              	.LASF13:
 550 0109 646F7562 		.ascii	"double\000"
 550      6C6500
 551              	.LASF15:
 552 0110 72656733 		.ascii	"reg32\000"
 552      3200
 553              	.LASF6:
 554 0116 73686F72 		.ascii	"short unsigned int\000"
 554      7420756E 
 554      7369676E 
 554      65642069 
 554      6E7400
 555              	.LASF3:
 556 0129 7369676E 		.ascii	"signed char\000"
 556      65642063 
 556      68617200 
 557              	.LASF2:
 558 0135 6C6F6E67 		.ascii	"long double\000"
 558      20646F75 
 558      626C6500 
 559              	.LASF5:
 560 0141 73686F72 		.ascii	"short int\000"
 560      7420696E 
 560      7400
 561              	.LASF18:
 562 014b 474E5520 		.ascii	"GNU C11 5.4.1 20160609 (release) [ARM/embedded-5-br"
 562      43313120 
 562      352E342E 
 562      31203230 
 562      31363036 
 563 017e 616E6368 		.ascii	"anch revision 237715] -mcpu=cortex-m0plus -mthumb -"
 563      20726576 
 563      6973696F 
 563      6E203233 
 563      37373135 
 564 01b1 67202D4F 		.ascii	"g -Os -ffunction-sections -ffat-lto-objects\000"
 564      73202D66 
 564      66756E63 
 564      74696F6E 
 564      2D736563 
 565              	.LASF10:
 566 01dd 73697A65 		.ascii	"sizetype\000"
 566      74797065 
 566      00
 567              		.ident	"GCC: (GNU Tools for ARM Embedded Processors) 5.4.1 20160609 (release) [ARM/embedded-5-bran
