ARM GAS  C:\Users\PC\AppData\Local\Temp\ccmTwtq9.s 			page 1


   1              		.syntax unified
   2              		.cpu cortex-m0plus
   3              		.fpu softvfp
   4              		.eabi_attribute 20, 1
   5              		.eabi_attribute 21, 1
   6              		.eabi_attribute 23, 3
   7              		.eabi_attribute 24, 1
   8              		.eabi_attribute 25, 1
   9              		.eabi_attribute 26, 1
  10              		.eabi_attribute 30, 1
  11              		.eabi_attribute 34, 0
  12              		.eabi_attribute 18, 4
  13              		.thumb
  14              		.syntax unified
  15              		.file	"timer.c"
  16              		.text
  17              	.Ltext0:
  18              		.cfi_sections	.debug_frame
  19              		.section	.text.SysTickISRCallback,"ax",%progbits
  20              		.align	2
  21              		.global	SysTickISRCallback
  22              		.code	16
  23              		.thumb_func
  24              		.type	SysTickISRCallback, %function
  25              	SysTickISRCallback:
  26              	.LFB33:
  27              		.file 1 "timer.c"
   1:timer.c       **** /* ========================================
   2:timer.c       ****  *
   3:timer.c       ****  * Copyright YOUR COMPANY, THE YEAR
   4:timer.c       ****  * All Rights Reserved
   5:timer.c       ****  * UNPUBLISHED, LICENSED SOFTWARE.
   6:timer.c       ****  *
   7:timer.c       ****  * CONFIDENTIAL AND PROPRIETARY INFORMATION
   8:timer.c       ****  * WHICH IS THE PROPERTY OF your company.
   9:timer.c       ****  *
  10:timer.c       ****  * ========================================
  11:timer.c       **** */
  12:timer.c       **** 
  13:timer.c       **** #include "timer.h"
  14:timer.c       **** 
  15:timer.c       **** #define TIME_MIN_IN_HR      (60u)
  16:timer.c       **** #define TIME_SEC_IN_MIN     (60u)
  17:timer.c       **** #define TIME_MS_IN_SEC      (1000u)
  18:timer.c       **** 
  19:timer.c       **** void SysTickISRCallback(void) {
  28              		.loc 1 19 0
  29              		.cfi_startproc
  30              		@ args = 0, pretend = 0, frame = 0
  31              		@ frame_needed = 0, uses_anonymous_args = 0
  32 0000 10B5     		push	{r4, lr}
  33              		.cfi_def_cfa_offset 8
  34              		.cfi_offset 4, -8
  35              		.cfi_offset 14, -4
  20:timer.c       ****     static uint32 msCount;
  21:timer.c       **** 
  22:timer.c       ****     /* Counts the number of milliseconds in one second */
ARM GAS  C:\Users\PC\AppData\Local\Temp\ccmTwtq9.s 			page 2


  23:timer.c       ****     if(msCount != 0u) {
  36              		.loc 1 23 0
  37 0002 0B4B     		ldr	r3, .L5
  38 0004 1B68     		ldr	r3, [r3]
  39 0006 002B     		cmp	r3, #0
  40 0008 0ED0     		beq	.L2
  24:timer.c       ****         --msCount;
  41              		.loc 1 24 0
  42 000a 013B     		subs	r3, r3, #1
  43 000c 084A     		ldr	r2, .L5
  44 000e 1360     		str	r3, [r2]
  25:timer.c       ****         //pLed_Write(msCount < 500 ? 1 : 0);
  26:timer.c       ****         if(msCount < 500) pLed_Write(1);
  45              		.loc 1 26 0
  46 0010 F422     		movs	r2, #244
  47 0012 FF32     		adds	r2, r2, #255
  48 0014 9342     		cmp	r3, r2
  49 0016 03D8     		bhi	.L3
  50              		.loc 1 26 0 is_stmt 0 discriminator 1
  51 0018 0120     		movs	r0, #1
  52 001a FFF7FEFF 		bl	pLed_Write
  53              	.LVL0:
  54 001e 06E0     		b	.L1
  55              	.L3:
  27:timer.c       ****         else pLed_Write(0);
  56              		.loc 1 27 0 is_stmt 1
  57 0020 0020     		movs	r0, #0
  58 0022 FFF7FEFF 		bl	pLed_Write
  59              	.LVL1:
  60 0026 02E0     		b	.L1
  61              	.L2:
  28:timer.c       ****     }
  29:timer.c       ****     else {
  30:timer.c       ****         /* Counts from 999 down to 0 */
  31:timer.c       ****         msCount = TIME_MS_IN_SEC - 1u;
  62              		.loc 1 31 0
  63 0028 024A     		ldr	r2, .L5+4
  64 002a 014B     		ldr	r3, .L5
  65 002c 1A60     		str	r2, [r3]
  66              	.L1:
  32:timer.c       ****     }
  33:timer.c       **** }
  67              		.loc 1 33 0
  68              		@ sp needed
  69 002e 10BD     		pop	{r4, pc}
  70              	.L6:
  71              		.align	2
  72              	.L5:
  73 0030 00000000 		.word	.LANCHOR0
  74 0034 E7030000 		.word	999
  75              		.cfi_endproc
  76              	.LFE33:
  77              		.size	SysTickISRCallback, .-SysTickISRCallback
  78              		.section	.text.initTimer,"ax",%progbits
  79              		.align	2
  80              		.global	initTimer
  81              		.code	16
ARM GAS  C:\Users\PC\AppData\Local\Temp\ccmTwtq9.s 			page 3


  82              		.thumb_func
  83              		.type	initTimer, %function
  84              	initTimer:
  85              	.LFB34:
  34:timer.c       **** 
  35:timer.c       **** void initTimer() {
  86              		.loc 1 35 0
  87              		.cfi_startproc
  88              		@ args = 0, pretend = 0, frame = 0
  89              		@ frame_needed = 0, uses_anonymous_args = 0
  90 0000 70B5     		push	{r4, r5, r6, lr}
  91              		.cfi_def_cfa_offset 16
  92              		.cfi_offset 4, -16
  93              		.cfi_offset 5, -12
  94              		.cfi_offset 6, -8
  95              		.cfi_offset 14, -4
  36:timer.c       ****     
  37:timer.c       ****     CySysTickStart();
  96              		.loc 1 37 0
  97 0002 FFF7FEFF 		bl	CySysTickStart
  98              	.LVL2:
  99              	.LBB2:
  38:timer.c       **** 
  39:timer.c       ****     /* Find unused callback slot and assign the callback. */
  40:timer.c       ****     for (int i = 0u; i < CY_SYS_SYST_NUM_OF_CALLBACKS; ++i)
 100              		.loc 1 40 0
 101 0006 0024     		movs	r4, #0
 102 0008 0AE0     		b	.L8
 103              	.LVL3:
 104              	.L11:
  41:timer.c       ****     {
  42:timer.c       ****         if (CySysTickGetCallback(i) == NULL)
 105              		.loc 1 42 0
 106 000a 2000     		movs	r0, r4
 107 000c FFF7FEFF 		bl	CySysTickGetCallback
 108              	.LVL4:
 109 0010 0028     		cmp	r0, #0
 110 0012 04D1     		bne	.L9
  43:timer.c       ****         {
  44:timer.c       ****             /* Set callback */
  45:timer.c       ****             CySysTickSetCallback(i, SysTickISRCallback);
 111              		.loc 1 45 0
 112 0014 0449     		ldr	r1, .L12
 113 0016 2800     		movs	r0, r5
 114 0018 FFF7FEFF 		bl	CySysTickSetCallback
 115              	.LVL5:
  46:timer.c       ****             break;
 116              		.loc 1 46 0
 117 001c 03E0     		b	.L7
 118              	.L9:
  40:timer.c       ****     {
 119              		.loc 1 40 0 discriminator 2
 120 001e 0134     		adds	r4, r4, #1
 121              	.LVL6:
 122              	.L8:
  40:timer.c       ****     {
 123              		.loc 1 40 0 is_stmt 0 discriminator 1
ARM GAS  C:\Users\PC\AppData\Local\Temp\ccmTwtq9.s 			page 4


 124 0020 2500     		movs	r5, r4
 125 0022 042C     		cmp	r4, #4
 126 0024 F1D9     		bls	.L11
 127              	.L7:
 128              	.LBE2:
  47:timer.c       ****         }
  48:timer.c       ****     }
  49:timer.c       **** }
 129              		.loc 1 49 0 is_stmt 1
 130              		@ sp needed
 131              	.LVL7:
 132              	.LVL8:
 133 0026 70BD     		pop	{r4, r5, r6, pc}
 134              	.L13:
 135              		.align	2
 136              	.L12:
 137 0028 00000000 		.word	SysTickISRCallback
 138              		.cfi_endproc
 139              	.LFE34:
 140              		.size	initTimer, .-initTimer
 141              		.bss
 142              		.align	2
 143              		.set	.LANCHOR0,. + 0
 144              		.type	msCount.5506, %object
 145              		.size	msCount.5506, 4
 146              	msCount.5506:
 147 0000 00000000 		.space	4
 148              		.text
 149              	.Letext0:
 150              		.file 2 "Generated_Source\\PSoC4/pLed.h"
 151              		.file 3 "Generated_Source\\PSoC4/CyLib.h"
 152              		.file 4 "Generated_Source\\PSoC4/cytypes.h"
 153              		.section	.debug_info,"",%progbits
 154              	.Ldebug_info0:
 155 0000 76010000 		.4byte	0x176
 156 0004 0400     		.2byte	0x4
 157 0006 00000000 		.4byte	.Ldebug_abbrev0
 158 000a 04       		.byte	0x4
 159 000b 01       		.uleb128 0x1
 160 000c 4B010000 		.4byte	.LASF19
 161 0010 0C       		.byte	0xc
 162 0011 E6010000 		.4byte	.LASF20
 163 0015 22000000 		.4byte	.LASF21
 164 0019 00000000 		.4byte	.Ldebug_ranges0+0
 165 001d 00000000 		.4byte	0
 166 0021 00000000 		.4byte	.Ldebug_line0
 167 0025 02       		.uleb128 0x2
 168 0026 01       		.byte	0x1
 169 0027 06       		.byte	0x6
 170 0028 02010000 		.4byte	.LASF0
 171 002c 02       		.uleb128 0x2
 172 002d 01       		.byte	0x1
 173 002e 08       		.byte	0x8
 174 002f B9000000 		.4byte	.LASF1
 175 0033 02       		.uleb128 0x2
 176 0034 02       		.byte	0x2
 177 0035 05       		.byte	0x5
ARM GAS  C:\Users\PC\AppData\Local\Temp\ccmTwtq9.s 			page 5


 178 0036 41010000 		.4byte	.LASF2
 179 003a 02       		.uleb128 0x2
 180 003b 02       		.byte	0x2
 181 003c 07       		.byte	0x7
 182 003d EF000000 		.4byte	.LASF3
 183 0041 02       		.uleb128 0x2
 184 0042 04       		.byte	0x4
 185 0043 05       		.byte	0x5
 186 0044 CC000000 		.4byte	.LASF4
 187 0048 02       		.uleb128 0x2
 188 0049 04       		.byte	0x4
 189 004a 07       		.byte	0x7
 190 004b 70000000 		.4byte	.LASF5
 191 004f 02       		.uleb128 0x2
 192 0050 08       		.byte	0x8
 193 0051 05       		.byte	0x5
 194 0052 00000000 		.4byte	.LASF6
 195 0056 02       		.uleb128 0x2
 196 0057 08       		.byte	0x8
 197 0058 07       		.byte	0x7
 198 0059 8D000000 		.4byte	.LASF7
 199 005d 03       		.uleb128 0x3
 200 005e 04       		.byte	0x4
 201 005f 05       		.byte	0x5
 202 0060 696E7400 		.ascii	"int\000"
 203 0064 02       		.uleb128 0x2
 204 0065 04       		.byte	0x4
 205 0066 07       		.byte	0x7
 206 0067 15000000 		.4byte	.LASF8
 207 006b 04       		.uleb128 0x4
 208 006c 0E000000 		.4byte	.LASF22
 209 0070 04       		.byte	0x4
 210 0071 FD01     		.2byte	0x1fd
 211 0073 48000000 		.4byte	0x48
 212 0077 02       		.uleb128 0x2
 213 0078 04       		.byte	0x4
 214 0079 04       		.byte	0x4
 215 007a B3000000 		.4byte	.LASF9
 216 007e 02       		.uleb128 0x2
 217 007f 08       		.byte	0x8
 218 0080 04       		.byte	0x4
 219 0081 D5000000 		.4byte	.LASF10
 220 0085 02       		.uleb128 0x2
 221 0086 01       		.byte	0x1
 222 0087 08       		.byte	0x8
 223 0088 C7000000 		.4byte	.LASF11
 224 008c 02       		.uleb128 0x2
 225 008d 08       		.byte	0x8
 226 008e 04       		.byte	0x4
 227 008f 35010000 		.4byte	.LASF12
 228 0093 02       		.uleb128 0x2
 229 0094 04       		.byte	0x4
 230 0095 07       		.byte	0x7
 231 0096 DD010000 		.4byte	.LASF13
 232 009a 05       		.uleb128 0x5
 233 009b DC000000 		.4byte	.LASF23
 234 009f 01       		.byte	0x1
ARM GAS  C:\Users\PC\AppData\Local\Temp\ccmTwtq9.s 			page 6


 235 00a0 13       		.byte	0x13
 236 00a1 00000000 		.4byte	.LFB33
 237 00a5 38000000 		.4byte	.LFE33-.LFB33
 238 00a9 01       		.uleb128 0x1
 239 00aa 9C       		.byte	0x9c
 240 00ab E3000000 		.4byte	0xe3
 241 00af 06       		.uleb128 0x6
 242 00b0 18010000 		.4byte	.LASF14
 243 00b4 01       		.byte	0x1
 244 00b5 14       		.byte	0x14
 245 00b6 6B000000 		.4byte	0x6b
 246 00ba 05       		.uleb128 0x5
 247 00bb 03       		.byte	0x3
 248 00bc 00000000 		.4byte	msCount.5506
 249 00c0 07       		.uleb128 0x7
 250 00c1 1E000000 		.4byte	.LVL0
 251 00c5 4A010000 		.4byte	0x14a
 252 00c9 D3000000 		.4byte	0xd3
 253 00cd 08       		.uleb128 0x8
 254 00ce 01       		.uleb128 0x1
 255 00cf 50       		.byte	0x50
 256 00d0 01       		.uleb128 0x1
 257 00d1 31       		.byte	0x31
 258 00d2 00       		.byte	0
 259 00d3 09       		.uleb128 0x9
 260 00d4 26000000 		.4byte	.LVL1
 261 00d8 4A010000 		.4byte	0x14a
 262 00dc 08       		.uleb128 0x8
 263 00dd 01       		.uleb128 0x1
 264 00de 50       		.byte	0x50
 265 00df 01       		.uleb128 0x1
 266 00e0 30       		.byte	0x30
 267 00e1 00       		.byte	0
 268 00e2 00       		.byte	0
 269 00e3 0A       		.uleb128 0xa
 270 00e4 0E010000 		.4byte	.LASF24
 271 00e8 01       		.byte	0x1
 272 00e9 23       		.byte	0x23
 273 00ea 00000000 		.4byte	.LFB34
 274 00ee 2C000000 		.4byte	.LFE34-.LFB34
 275 00f2 01       		.uleb128 0x1
 276 00f3 9C       		.byte	0x9c
 277 00f4 4A010000 		.4byte	0x14a
 278 00f8 0B       		.uleb128 0xb
 279 00f9 06000000 		.4byte	.LBB2
 280 00fd 20000000 		.4byte	.LBE2-.LBB2
 281 0101 40010000 		.4byte	0x140
 282 0105 0C       		.uleb128 0xc
 283 0106 6900     		.ascii	"i\000"
 284 0108 01       		.byte	0x1
 285 0109 28       		.byte	0x28
 286 010a 5D000000 		.4byte	0x5d
 287 010e 00000000 		.4byte	.LLST0
 288 0112 07       		.uleb128 0x7
 289 0113 10000000 		.4byte	.LVL4
 290 0117 55010000 		.4byte	0x155
 291 011b 26010000 		.4byte	0x126
ARM GAS  C:\Users\PC\AppData\Local\Temp\ccmTwtq9.s 			page 7


 292 011f 08       		.uleb128 0x8
 293 0120 01       		.uleb128 0x1
 294 0121 50       		.byte	0x50
 295 0122 02       		.uleb128 0x2
 296 0123 74       		.byte	0x74
 297 0124 00       		.sleb128 0
 298 0125 00       		.byte	0
 299 0126 09       		.uleb128 0x9
 300 0127 1C000000 		.4byte	.LVL5
 301 012b 61010000 		.4byte	0x161
 302 012f 08       		.uleb128 0x8
 303 0130 01       		.uleb128 0x1
 304 0131 50       		.byte	0x50
 305 0132 02       		.uleb128 0x2
 306 0133 74       		.byte	0x74
 307 0134 00       		.sleb128 0
 308 0135 08       		.uleb128 0x8
 309 0136 01       		.uleb128 0x1
 310 0137 51       		.byte	0x51
 311 0138 05       		.uleb128 0x5
 312 0139 03       		.byte	0x3
 313 013a 00000000 		.4byte	SysTickISRCallback
 314 013e 00       		.byte	0
 315 013f 00       		.byte	0
 316 0140 0D       		.uleb128 0xd
 317 0141 06000000 		.4byte	.LVL2
 318 0145 6D010000 		.4byte	0x16d
 319 0149 00       		.byte	0
 320 014a 0E       		.uleb128 0xe
 321 014b 82000000 		.4byte	.LASF15
 322 014f 82000000 		.4byte	.LASF15
 323 0153 02       		.byte	0x2
 324 0154 33       		.byte	0x33
 325 0155 0F       		.uleb128 0xf
 326 0156 20010000 		.4byte	.LASF16
 327 015a 20010000 		.4byte	.LASF16
 328 015e 03       		.byte	0x3
 329 015f 1401     		.2byte	0x114
 330 0161 0F       		.uleb128 0xf
 331 0162 5B000000 		.4byte	.LASF17
 332 0166 5B000000 		.4byte	.LASF17
 333 016a 03       		.byte	0x3
 334 016b 1301     		.2byte	0x113
 335 016d 0F       		.uleb128 0xf
 336 016e A4000000 		.4byte	.LASF18
 337 0172 A4000000 		.4byte	.LASF18
 338 0176 03       		.byte	0x3
 339 0177 0A01     		.2byte	0x10a
 340 0179 00       		.byte	0
 341              		.section	.debug_abbrev,"",%progbits
 342              	.Ldebug_abbrev0:
 343 0000 01       		.uleb128 0x1
 344 0001 11       		.uleb128 0x11
 345 0002 01       		.byte	0x1
 346 0003 25       		.uleb128 0x25
 347 0004 0E       		.uleb128 0xe
 348 0005 13       		.uleb128 0x13
ARM GAS  C:\Users\PC\AppData\Local\Temp\ccmTwtq9.s 			page 8


 349 0006 0B       		.uleb128 0xb
 350 0007 03       		.uleb128 0x3
 351 0008 0E       		.uleb128 0xe
 352 0009 1B       		.uleb128 0x1b
 353 000a 0E       		.uleb128 0xe
 354 000b 55       		.uleb128 0x55
 355 000c 17       		.uleb128 0x17
 356 000d 11       		.uleb128 0x11
 357 000e 01       		.uleb128 0x1
 358 000f 10       		.uleb128 0x10
 359 0010 17       		.uleb128 0x17
 360 0011 00       		.byte	0
 361 0012 00       		.byte	0
 362 0013 02       		.uleb128 0x2
 363 0014 24       		.uleb128 0x24
 364 0015 00       		.byte	0
 365 0016 0B       		.uleb128 0xb
 366 0017 0B       		.uleb128 0xb
 367 0018 3E       		.uleb128 0x3e
 368 0019 0B       		.uleb128 0xb
 369 001a 03       		.uleb128 0x3
 370 001b 0E       		.uleb128 0xe
 371 001c 00       		.byte	0
 372 001d 00       		.byte	0
 373 001e 03       		.uleb128 0x3
 374 001f 24       		.uleb128 0x24
 375 0020 00       		.byte	0
 376 0021 0B       		.uleb128 0xb
 377 0022 0B       		.uleb128 0xb
 378 0023 3E       		.uleb128 0x3e
 379 0024 0B       		.uleb128 0xb
 380 0025 03       		.uleb128 0x3
 381 0026 08       		.uleb128 0x8
 382 0027 00       		.byte	0
 383 0028 00       		.byte	0
 384 0029 04       		.uleb128 0x4
 385 002a 16       		.uleb128 0x16
 386 002b 00       		.byte	0
 387 002c 03       		.uleb128 0x3
 388 002d 0E       		.uleb128 0xe
 389 002e 3A       		.uleb128 0x3a
 390 002f 0B       		.uleb128 0xb
 391 0030 3B       		.uleb128 0x3b
 392 0031 05       		.uleb128 0x5
 393 0032 49       		.uleb128 0x49
 394 0033 13       		.uleb128 0x13
 395 0034 00       		.byte	0
 396 0035 00       		.byte	0
 397 0036 05       		.uleb128 0x5
 398 0037 2E       		.uleb128 0x2e
 399 0038 01       		.byte	0x1
 400 0039 3F       		.uleb128 0x3f
 401 003a 19       		.uleb128 0x19
 402 003b 03       		.uleb128 0x3
 403 003c 0E       		.uleb128 0xe
 404 003d 3A       		.uleb128 0x3a
 405 003e 0B       		.uleb128 0xb
ARM GAS  C:\Users\PC\AppData\Local\Temp\ccmTwtq9.s 			page 9


 406 003f 3B       		.uleb128 0x3b
 407 0040 0B       		.uleb128 0xb
 408 0041 27       		.uleb128 0x27
 409 0042 19       		.uleb128 0x19
 410 0043 11       		.uleb128 0x11
 411 0044 01       		.uleb128 0x1
 412 0045 12       		.uleb128 0x12
 413 0046 06       		.uleb128 0x6
 414 0047 40       		.uleb128 0x40
 415 0048 18       		.uleb128 0x18
 416 0049 9742     		.uleb128 0x2117
 417 004b 19       		.uleb128 0x19
 418 004c 01       		.uleb128 0x1
 419 004d 13       		.uleb128 0x13
 420 004e 00       		.byte	0
 421 004f 00       		.byte	0
 422 0050 06       		.uleb128 0x6
 423 0051 34       		.uleb128 0x34
 424 0052 00       		.byte	0
 425 0053 03       		.uleb128 0x3
 426 0054 0E       		.uleb128 0xe
 427 0055 3A       		.uleb128 0x3a
 428 0056 0B       		.uleb128 0xb
 429 0057 3B       		.uleb128 0x3b
 430 0058 0B       		.uleb128 0xb
 431 0059 49       		.uleb128 0x49
 432 005a 13       		.uleb128 0x13
 433 005b 02       		.uleb128 0x2
 434 005c 18       		.uleb128 0x18
 435 005d 00       		.byte	0
 436 005e 00       		.byte	0
 437 005f 07       		.uleb128 0x7
 438 0060 898201   		.uleb128 0x4109
 439 0063 01       		.byte	0x1
 440 0064 11       		.uleb128 0x11
 441 0065 01       		.uleb128 0x1
 442 0066 31       		.uleb128 0x31
 443 0067 13       		.uleb128 0x13
 444 0068 01       		.uleb128 0x1
 445 0069 13       		.uleb128 0x13
 446 006a 00       		.byte	0
 447 006b 00       		.byte	0
 448 006c 08       		.uleb128 0x8
 449 006d 8A8201   		.uleb128 0x410a
 450 0070 00       		.byte	0
 451 0071 02       		.uleb128 0x2
 452 0072 18       		.uleb128 0x18
 453 0073 9142     		.uleb128 0x2111
 454 0075 18       		.uleb128 0x18
 455 0076 00       		.byte	0
 456 0077 00       		.byte	0
 457 0078 09       		.uleb128 0x9
 458 0079 898201   		.uleb128 0x4109
 459 007c 01       		.byte	0x1
 460 007d 11       		.uleb128 0x11
 461 007e 01       		.uleb128 0x1
 462 007f 31       		.uleb128 0x31
ARM GAS  C:\Users\PC\AppData\Local\Temp\ccmTwtq9.s 			page 10


 463 0080 13       		.uleb128 0x13
 464 0081 00       		.byte	0
 465 0082 00       		.byte	0
 466 0083 0A       		.uleb128 0xa
 467 0084 2E       		.uleb128 0x2e
 468 0085 01       		.byte	0x1
 469 0086 3F       		.uleb128 0x3f
 470 0087 19       		.uleb128 0x19
 471 0088 03       		.uleb128 0x3
 472 0089 0E       		.uleb128 0xe
 473 008a 3A       		.uleb128 0x3a
 474 008b 0B       		.uleb128 0xb
 475 008c 3B       		.uleb128 0x3b
 476 008d 0B       		.uleb128 0xb
 477 008e 11       		.uleb128 0x11
 478 008f 01       		.uleb128 0x1
 479 0090 12       		.uleb128 0x12
 480 0091 06       		.uleb128 0x6
 481 0092 40       		.uleb128 0x40
 482 0093 18       		.uleb128 0x18
 483 0094 9742     		.uleb128 0x2117
 484 0096 19       		.uleb128 0x19
 485 0097 01       		.uleb128 0x1
 486 0098 13       		.uleb128 0x13
 487 0099 00       		.byte	0
 488 009a 00       		.byte	0
 489 009b 0B       		.uleb128 0xb
 490 009c 0B       		.uleb128 0xb
 491 009d 01       		.byte	0x1
 492 009e 11       		.uleb128 0x11
 493 009f 01       		.uleb128 0x1
 494 00a0 12       		.uleb128 0x12
 495 00a1 06       		.uleb128 0x6
 496 00a2 01       		.uleb128 0x1
 497 00a3 13       		.uleb128 0x13
 498 00a4 00       		.byte	0
 499 00a5 00       		.byte	0
 500 00a6 0C       		.uleb128 0xc
 501 00a7 34       		.uleb128 0x34
 502 00a8 00       		.byte	0
 503 00a9 03       		.uleb128 0x3
 504 00aa 08       		.uleb128 0x8
 505 00ab 3A       		.uleb128 0x3a
 506 00ac 0B       		.uleb128 0xb
 507 00ad 3B       		.uleb128 0x3b
 508 00ae 0B       		.uleb128 0xb
 509 00af 49       		.uleb128 0x49
 510 00b0 13       		.uleb128 0x13
 511 00b1 02       		.uleb128 0x2
 512 00b2 17       		.uleb128 0x17
 513 00b3 00       		.byte	0
 514 00b4 00       		.byte	0
 515 00b5 0D       		.uleb128 0xd
 516 00b6 898201   		.uleb128 0x4109
 517 00b9 00       		.byte	0
 518 00ba 11       		.uleb128 0x11
 519 00bb 01       		.uleb128 0x1
ARM GAS  C:\Users\PC\AppData\Local\Temp\ccmTwtq9.s 			page 11


 520 00bc 31       		.uleb128 0x31
 521 00bd 13       		.uleb128 0x13
 522 00be 00       		.byte	0
 523 00bf 00       		.byte	0
 524 00c0 0E       		.uleb128 0xe
 525 00c1 2E       		.uleb128 0x2e
 526 00c2 00       		.byte	0
 527 00c3 3F       		.uleb128 0x3f
 528 00c4 19       		.uleb128 0x19
 529 00c5 3C       		.uleb128 0x3c
 530 00c6 19       		.uleb128 0x19
 531 00c7 6E       		.uleb128 0x6e
 532 00c8 0E       		.uleb128 0xe
 533 00c9 03       		.uleb128 0x3
 534 00ca 0E       		.uleb128 0xe
 535 00cb 3A       		.uleb128 0x3a
 536 00cc 0B       		.uleb128 0xb
 537 00cd 3B       		.uleb128 0x3b
 538 00ce 0B       		.uleb128 0xb
 539 00cf 00       		.byte	0
 540 00d0 00       		.byte	0
 541 00d1 0F       		.uleb128 0xf
 542 00d2 2E       		.uleb128 0x2e
 543 00d3 00       		.byte	0
 544 00d4 3F       		.uleb128 0x3f
 545 00d5 19       		.uleb128 0x19
 546 00d6 3C       		.uleb128 0x3c
 547 00d7 19       		.uleb128 0x19
 548 00d8 6E       		.uleb128 0x6e
 549 00d9 0E       		.uleb128 0xe
 550 00da 03       		.uleb128 0x3
 551 00db 0E       		.uleb128 0xe
 552 00dc 3A       		.uleb128 0x3a
 553 00dd 0B       		.uleb128 0xb
 554 00de 3B       		.uleb128 0x3b
 555 00df 05       		.uleb128 0x5
 556 00e0 00       		.byte	0
 557 00e1 00       		.byte	0
 558 00e2 00       		.byte	0
 559              		.section	.debug_loc,"",%progbits
 560              	.Ldebug_loc0:
 561              	.LLST0:
 562 0000 06000000 		.4byte	.LVL2
 563 0004 0A000000 		.4byte	.LVL3
 564 0008 0200     		.2byte	0x2
 565 000a 30       		.byte	0x30
 566 000b 9F       		.byte	0x9f
 567 000c 0A000000 		.4byte	.LVL3
 568 0010 26000000 		.4byte	.LVL7
 569 0014 0100     		.2byte	0x1
 570 0016 54       		.byte	0x54
 571 0017 26000000 		.4byte	.LVL7
 572 001b 26000000 		.4byte	.LVL8
 573 001f 0100     		.2byte	0x1
 574 0021 55       		.byte	0x55
 575 0022 00000000 		.4byte	0
 576 0026 00000000 		.4byte	0
ARM GAS  C:\Users\PC\AppData\Local\Temp\ccmTwtq9.s 			page 12


 577              		.section	.debug_aranges,"",%progbits
 578 0000 24000000 		.4byte	0x24
 579 0004 0200     		.2byte	0x2
 580 0006 00000000 		.4byte	.Ldebug_info0
 581 000a 04       		.byte	0x4
 582 000b 00       		.byte	0
 583 000c 0000     		.2byte	0
 584 000e 0000     		.2byte	0
 585 0010 00000000 		.4byte	.LFB33
 586 0014 38000000 		.4byte	.LFE33-.LFB33
 587 0018 00000000 		.4byte	.LFB34
 588 001c 2C000000 		.4byte	.LFE34-.LFB34
 589 0020 00000000 		.4byte	0
 590 0024 00000000 		.4byte	0
 591              		.section	.debug_ranges,"",%progbits
 592              	.Ldebug_ranges0:
 593 0000 00000000 		.4byte	.LFB33
 594 0004 38000000 		.4byte	.LFE33
 595 0008 00000000 		.4byte	.LFB34
 596 000c 2C000000 		.4byte	.LFE34
 597 0010 00000000 		.4byte	0
 598 0014 00000000 		.4byte	0
 599              		.section	.debug_line,"",%progbits
 600              	.Ldebug_line0:
 601 0000 9E000000 		.section	.debug_str,"MS",%progbits,1
 601      02005700 
 601      00000201 
 601      FB0E0D00 
 601      01010101 
 602              	.LASF6:
 603 0000 6C6F6E67 		.ascii	"long long int\000"
 603      206C6F6E 
 603      6720696E 
 603      7400
 604              	.LASF22:
 605 000e 75696E74 		.ascii	"uint32\000"
 605      333200
 606              	.LASF8:
 607 0015 756E7369 		.ascii	"unsigned int\000"
 607      676E6564 
 607      20696E74 
 607      00
 608              	.LASF21:
 609 0022 433A5C55 		.ascii	"C:\\Users\\PC\\Documents\\PSoC Creator\\yellowChip\\"
 609      73657273 
 609      5C50435C 
 609      446F6375 
 609      6D656E74 
 610 0050 4F6C6564 		.ascii	"Oled.cydsn\000"
 610      2E637964 
 610      736E00
 611              	.LASF17:
 612 005b 43795379 		.ascii	"CySysTickSetCallback\000"
 612      73546963 
 612      6B536574 
 612      43616C6C 
 612      6261636B 
ARM GAS  C:\Users\PC\AppData\Local\Temp\ccmTwtq9.s 			page 13


 613              	.LASF5:
 614 0070 6C6F6E67 		.ascii	"long unsigned int\000"
 614      20756E73 
 614      69676E65 
 614      6420696E 
 614      7400
 615              	.LASF15:
 616 0082 704C6564 		.ascii	"pLed_Write\000"
 616      5F577269 
 616      746500
 617              	.LASF7:
 618 008d 6C6F6E67 		.ascii	"long long unsigned int\000"
 618      206C6F6E 
 618      6720756E 
 618      7369676E 
 618      65642069 
 619              	.LASF18:
 620 00a4 43795379 		.ascii	"CySysTickStart\000"
 620      73546963 
 620      6B537461 
 620      727400
 621              	.LASF9:
 622 00b3 666C6F61 		.ascii	"float\000"
 622      7400
 623              	.LASF1:
 624 00b9 756E7369 		.ascii	"unsigned char\000"
 624      676E6564 
 624      20636861 
 624      7200
 625              	.LASF11:
 626 00c7 63686172 		.ascii	"char\000"
 626      00
 627              	.LASF4:
 628 00cc 6C6F6E67 		.ascii	"long int\000"
 628      20696E74 
 628      00
 629              	.LASF10:
 630 00d5 646F7562 		.ascii	"double\000"
 630      6C6500
 631              	.LASF23:
 632 00dc 53797354 		.ascii	"SysTickISRCallback\000"
 632      69636B49 
 632      53524361 
 632      6C6C6261 
 632      636B00
 633              	.LASF3:
 634 00ef 73686F72 		.ascii	"short unsigned int\000"
 634      7420756E 
 634      7369676E 
 634      65642069 
 634      6E7400
 635              	.LASF0:
 636 0102 7369676E 		.ascii	"signed char\000"
 636      65642063 
 636      68617200 
 637              	.LASF24:
 638 010e 696E6974 		.ascii	"initTimer\000"
ARM GAS  C:\Users\PC\AppData\Local\Temp\ccmTwtq9.s 			page 14


 638      54696D65 
 638      7200
 639              	.LASF14:
 640 0118 6D73436F 		.ascii	"msCount\000"
 640      756E7400 
 641              	.LASF16:
 642 0120 43795379 		.ascii	"CySysTickGetCallback\000"
 642      73546963 
 642      6B476574 
 642      43616C6C 
 642      6261636B 
 643              	.LASF12:
 644 0135 6C6F6E67 		.ascii	"long double\000"
 644      20646F75 
 644      626C6500 
 645              	.LASF2:
 646 0141 73686F72 		.ascii	"short int\000"
 646      7420696E 
 646      7400
 647              	.LASF19:
 648 014b 474E5520 		.ascii	"GNU C11 5.4.1 20160609 (release) [ARM/embedded-5-br"
 648      43313120 
 648      352E342E 
 648      31203230 
 648      31363036 
 649 017e 616E6368 		.ascii	"anch revision 237715] -mcpu=cortex-m0plus -mthumb -"
 649      20726576 
 649      6973696F 
 649      6E203233 
 649      37373135 
 650 01b1 67202D4F 		.ascii	"g -Og -ffunction-sections -ffat-lto-objects\000"
 650      67202D66 
 650      66756E63 
 650      74696F6E 
 650      2D736563 
 651              	.LASF13:
 652 01dd 73697A65 		.ascii	"sizetype\000"
 652      74797065 
 652      00
 653              	.LASF20:
 654 01e6 74696D65 		.ascii	"timer.c\000"
 654      722E6300 
 655              		.ident	"GCC: (GNU Tools for ARM Embedded Processors) 5.4.1 20160609 (release) [ARM/embedded-5-bran
