ARM GAS  C:\Users\PC\AppData\Local\Temp\ccktR3hl.s 			page 1


   1              		.syntax unified
   2              		.cpu cortex-m0plus
   3              		.fpu softvfp
   4              		.eabi_attribute 20, 1
   5              		.eabi_attribute 21, 1
   6              		.eabi_attribute 23, 3
   7              		.eabi_attribute 24, 1
   8              		.eabi_attribute 25, 1
   9              		.eabi_attribute 26, 1
  10              		.eabi_attribute 30, 4
  11              		.eabi_attribute 34, 0
  12              		.eabi_attribute 18, 4
  13              		.thumb
  14              		.syntax unified
  15              		.file	"main.c"
  16              		.text
  17              	.Ltext0:
  18              		.cfi_sections	.debug_frame
  19              		.section	.text.CySysTickCallback,"ax",%progbits
  20              		.align	1
  21              		.global	CySysTickCallback
  22              		.code	16
  23              		.thumb_func
  24              		.type	CySysTickCallback, %function
  25              	CySysTickCallback:
  26              	.LFB37:
  27              		.file 1 "main.c"
   1:main.c        **** /* ========================================
   2:main.c        ****  *
   3:main.c        ****  * Copyright YOUR COMPANY, THE YEAR
   4:main.c        ****  * All Rights Reserved
   5:main.c        ****  * UNPUBLISHED, LICENSED SOFTWARE.
   6:main.c        ****  *
   7:main.c        ****  * CONFIDENTIAL AND PROPRIETARY INFORMATION
   8:main.c        ****  * WHICH IS THE PROPERTY OF your company.
   9:main.c        ****  *
  10:main.c        ****  * ========================================
  11:main.c        **** */
  12:main.c        **** #include <stdio.h>
  13:main.c        **** #include "project.h"
  14:main.c        **** typedef char *String;
  15:main.c        **** 
  16:main.c        **** void println(String str){
  17:main.c        ****     mUART_UartPutString(str);
  18:main.c        ****     mUART_UartPutString("\n");
  19:main.c        **** }
  20:main.c        **** 
  21:main.c        **** typedef struct _System{
  22:main.c        ****     struct _IN{   
  23:main.c        ****     
  24:main.c        ****     }in;
  25:main.c        ****     struct _OUT{
  26:main.c        ****         void (*println)(String);
  27:main.c        ****     }out;
  28:main.c        **** }system;
  29:main.c        **** 
  30:main.c        **** void publicSetUp(system *System){
ARM GAS  C:\Users\PC\AppData\Local\Temp\ccktR3hl.s 			page 2


  31:main.c        ****     System->out.println = println;
  32:main.c        **** }
  33:main.c        **** 
  34:main.c        **** void privateSetUp(system *System){
  35:main.c        ****     publicSetUp(System);
  36:main.c        **** }
  37:main.c        **** int count300ms;
  38:main.c        **** int count400ms;
  39:main.c        **** 
  40:main.c        **** //1ms
  41:main.c        **** void CySysTickCallback(){
  28              		.loc 1 41 0
  29              		.cfi_startproc
  30              		@ args = 0, pretend = 0, frame = 0
  31              		@ frame_needed = 0, uses_anonymous_args = 0
  32              		@ link register save eliminated.
  42:main.c        ****     if(count300ms > 0) count300ms--;
  33              		.loc 1 42 0
  34 0000 064A     		ldr	r2, .L5
  35 0002 1368     		ldr	r3, [r2]
  36 0004 002B     		cmp	r3, #0
  37 0006 01DD     		ble	.L2
  38              		.loc 1 42 0 is_stmt 0 discriminator 1
  39 0008 013B     		subs	r3, r3, #1
  40 000a 1360     		str	r3, [r2]
  41              	.L2:
  43:main.c        ****     if(count400ms > 0) count400ms--;
  42              		.loc 1 43 0 is_stmt 1
  43 000c 044A     		ldr	r2, .L5+4
  44 000e 1368     		ldr	r3, [r2]
  45 0010 002B     		cmp	r3, #0
  46 0012 01DD     		ble	.L1
  47              		.loc 1 43 0 is_stmt 0 discriminator 1
  48 0014 013B     		subs	r3, r3, #1
  49 0016 1360     		str	r3, [r2]
  50              	.L1:
  44:main.c        **** }
  51              		.loc 1 44 0 is_stmt 1
  52              		@ sp needed
  53 0018 7047     		bx	lr
  54              	.L6:
  55 001a C046     		.align	2
  56              	.L5:
  57 001c 00000000 		.word	count300ms
  58 0020 00000000 		.word	count400ms
  59              		.cfi_endproc
  60              	.LFE37:
  61              		.size	CySysTickCallback, .-CySysTickCallback
  62              		.section	.text.println,"ax",%progbits
  63              		.align	1
  64              		.global	println
  65              		.code	16
  66              		.thumb_func
  67              		.type	println, %function
  68              	println:
  69              	.LFB34:
  16:main.c        ****     mUART_UartPutString(str);
ARM GAS  C:\Users\PC\AppData\Local\Temp\ccktR3hl.s 			page 3


  70              		.loc 1 16 0
  71              		.cfi_startproc
  72              		@ args = 0, pretend = 0, frame = 0
  73              		@ frame_needed = 0, uses_anonymous_args = 0
  74              	.LVL0:
  75 0000 10B5     		push	{r4, lr}
  76              		.cfi_def_cfa_offset 8
  77              		.cfi_offset 4, -8
  78              		.cfi_offset 14, -4
  17:main.c        ****     mUART_UartPutString("\n");
  79              		.loc 1 17 0
  80 0002 FFF7FEFF 		bl	mUART_UartPutString
  81              	.LVL1:
  18:main.c        **** }
  82              		.loc 1 18 0
  83 0006 0248     		ldr	r0, .L8
  84 0008 FFF7FEFF 		bl	mUART_UartPutString
  85              	.LVL2:
  19:main.c        **** 
  86              		.loc 1 19 0
  87              		@ sp needed
  88 000c 10BD     		pop	{r4, pc}
  89              	.L9:
  90 000e C046     		.align	2
  91              	.L8:
  92 0010 00000000 		.word	.LC2
  93              		.cfi_endproc
  94              	.LFE34:
  95              		.size	println, .-println
  96              		.section	.text.publicSetUp,"ax",%progbits
  97              		.align	1
  98              		.global	publicSetUp
  99              		.code	16
 100              		.thumb_func
 101              		.type	publicSetUp, %function
 102              	publicSetUp:
 103              	.LFB40:
 104              		.cfi_startproc
 105              		@ args = 0, pretend = 0, frame = 0
 106              		@ frame_needed = 0, uses_anonymous_args = 0
 107              		@ link register save eliminated.
 108 0000 014B     		ldr	r3, .L11
 109              		@ sp needed
 110 0002 0360     		str	r3, [r0]
 111 0004 7047     		bx	lr
 112              	.L12:
 113 0006 C046     		.align	2
 114              	.L11:
 115 0008 00000000 		.word	println
 116              		.cfi_endproc
 117              	.LFE40:
 118              		.size	publicSetUp, .-publicSetUp
 119              		.section	.text.privateSetUp,"ax",%progbits
 120              		.align	1
 121              		.global	privateSetUp
 122              		.code	16
 123              		.thumb_func
ARM GAS  C:\Users\PC\AppData\Local\Temp\ccktR3hl.s 			page 4


 124              		.type	privateSetUp, %function
 125              	privateSetUp:
 126              	.LFB36:
  34:main.c        ****     publicSetUp(System);
 127              		.loc 1 34 0
 128              		.cfi_startproc
 129              		@ args = 0, pretend = 0, frame = 0
 130              		@ frame_needed = 0, uses_anonymous_args = 0
 131              		@ link register save eliminated.
 132              	.LVL3:
 133              	.LBB4:
 134              	.LBB5:
  31:main.c        **** }
 135              		.loc 1 31 0
 136 0000 014B     		ldr	r3, .L14
 137              	.LBE5:
 138              	.LBE4:
  36:main.c        **** int count300ms;
 139              		.loc 1 36 0
 140              		@ sp needed
 141              	.LBB7:
 142              	.LBB6:
  31:main.c        **** }
 143              		.loc 1 31 0
 144 0002 0360     		str	r3, [r0]
 145              	.LVL4:
 146              	.LBE6:
 147              	.LBE7:
  36:main.c        **** int count300ms;
 148              		.loc 1 36 0
 149 0004 7047     		bx	lr
 150              	.L15:
 151 0006 C046     		.align	2
 152              	.L14:
 153 0008 00000000 		.word	println
 154              		.cfi_endproc
 155              	.LFE36:
 156              		.size	privateSetUp, .-privateSetUp
 157              		.global	__aeabi_idivmod
 158              		.section	.text.startup.main,"ax",%progbits
 159              		.align	1
 160              		.global	main
 161              		.code	16
 162              		.thumb_func
 163              		.type	main, %function
 164              	main:
 165              	.LFB38:
  45:main.c        **** 
  46:main.c        **** int main(void)
  47:main.c        **** {
 166              		.loc 1 47 0
 167              		.cfi_startproc
 168              		@ args = 0, pretend = 0, frame = 0
 169              		@ frame_needed = 0, uses_anonymous_args = 0
 170              	.LVL5:
 171 0000 F8B5     		push	{r3, r4, r5, r6, r7, lr}
 172              		.cfi_def_cfa_offset 24
ARM GAS  C:\Users\PC\AppData\Local\Temp\ccktR3hl.s 			page 5


 173              		.cfi_offset 3, -24
 174              		.cfi_offset 4, -20
 175              		.cfi_offset 5, -16
 176              		.cfi_offset 6, -12
 177              		.cfi_offset 7, -8
 178              		.cfi_offset 14, -4
  48:main.c        ****     int pos = 0, sw_Flag = 0;
  49:main.c        ****     system System;
  50:main.c        ****     CyGlobalIntEnable; /* Enable global interrupts. */
 179              		.loc 1 50 0
 180              		.syntax divided
 181              	@ 50 "main.c" 1
 182 0002 62B6     		CPSIE   i
 183              	@ 0 "" 2
  51:main.c        **** 
  52:main.c        ****     /* Place your initialization/startup code here (e.g. MyInst_Start()) */
  53:main.c        ****     mUART_Start();
 184              		.loc 1 53 0
 185              		.thumb
 186              		.syntax unified
 187 0004 FFF7FEFF 		bl	mUART_Start
 188              	.LVL6:
 189              	.LBB8:
  54:main.c        ****     CySysTickStart();
  55:main.c        ****     for (int i = 0; i < CY_SYS_SYST_NUM_OF_CALLBACKS; i++){
 190              		.loc 1 55 0
 191 0008 0024     		movs	r4, #0
 192              	.LBE8:
  54:main.c        ****     CySysTickStart();
 193              		.loc 1 54 0
 194 000a FFF7FEFF 		bl	CySysTickStart
 195              	.LVL7:
 196              	.L17:
 197              	.LBB9:
 198              		.loc 1 55 0 discriminator 1
 199 000e 052C     		cmp	r4, #5
 200 0010 08D0     		beq	.L21
  56:main.c        ****         if(CySysTickGetCallback(i) == NULL){
 201              		.loc 1 56 0
 202 0012 2000     		movs	r0, r4
 203 0014 FFF7FEFF 		bl	CySysTickGetCallback
 204              	.LVL8:
 205 0018 0028     		cmp	r0, #0
 206 001a 06D1     		bne	.L18
  57:main.c        ****             CySysTickSetCallback(i, CySysTickCallback);
 207              		.loc 1 57 0
 208 001c 2649     		ldr	r1, .L31
 209 001e 2000     		movs	r0, r4
 210 0020 FFF7FEFF 		bl	CySysTickSetCallback
 211              	.LVL9:
 212              	.L21:
  55:main.c        ****         if(CySysTickGetCallback(i) == NULL){
 213              		.loc 1 55 0
 214 0024 0024     		movs	r4, #0
 215              	.LVL10:
 216 0026 2500     		movs	r5, r4
 217 0028 24E0     		b	.L19
ARM GAS  C:\Users\PC\AppData\Local\Temp\ccktR3hl.s 			page 6


 218              	.LVL11:
 219              	.L18:
  55:main.c        ****         if(CySysTickGetCallback(i) == NULL){
 220              		.loc 1 55 0 is_stmt 0 discriminator 2
 221 002a 0134     		adds	r4, r4, #1
 222              	.LVL12:
 223 002c EFE7     		b	.L17
 224              	.LVL13:
 225              	.L22:
 226              	.LBE9:
  58:main.c        ****             break;
  59:main.c        ****         }
  60:main.c        ****     }
  61:main.c        ****     for(;;)
  62:main.c        ****     {    
  63:main.c        ****         if(count300ms == 0){
  64:main.c        ****             count400ms = 300;
  65:main.c        ****             System.out.println("this is 300 ms");
  66:main.c        ****         }
  67:main.c        ****         if(count400ms == 0){
 227              		.loc 1 67 0 is_stmt 1
 228 002e 3B68     		ldr	r3, [r7]
 229 0030 002B     		cmp	r3, #0
 230 0032 05D1     		bne	.L23
  68:main.c        ****             count400ms = 400;
 231              		.loc 1 68 0
 232 0034 9133     		adds	r3, r3, #145
 233 0036 FF33     		adds	r3, r3, #255
 234 0038 3B60     		str	r3, [r7]
  69:main.c        ****             System.out.println("this is 400 ms");
 235              		.loc 1 69 0
 236 003a 2048     		ldr	r0, .L31+4
 237 003c 0023     		movs	r3, #0
 238 003e 9847     		blx	r3
 239              	.LVL14:
 240              	.L23:
  70:main.c        ****         }
  71:main.c        ****         if(!BUTTON_Read()){
 241              		.loc 1 71 0
 242 0040 FFF7FEFF 		bl	BUTTON_Read
 243              	.LVL15:
 244 0044 0028     		cmp	r0, #0
 245 0046 21D1     		bne	.L24
  72:main.c        ****             if(!sw_Flag){
 246              		.loc 1 72 0
 247 0048 002C     		cmp	r4, #0
 248 004a 22D1     		bne	.L29
  73:main.c        ****                 pos++;
  74:main.c        ****                 count300ms = -1;
 249              		.loc 1 74 0
 250 004c 0123     		movs	r3, #1
 251 004e 5B42     		rsbs	r3, r3, #0
  73:main.c        ****                 pos++;
 252              		.loc 1 73 0
 253 0050 0135     		adds	r5, r5, #1
 254              	.LVL16:
 255              		.loc 1 74 0
ARM GAS  C:\Users\PC\AppData\Local\Temp\ccktR3hl.s 			page 7


 256 0052 3360     		str	r3, [r6]
  75:main.c        ****             }
  76:main.c        ****             sw_Flag = 1;
 257              		.loc 1 76 0
 258 0054 0134     		adds	r4, r4, #1
 259              	.LVL17:
 260              	.L25:
  77:main.c        ****         }else {
  78:main.c        ****             sw_Flag = 0;   
  79:main.c        ****             count300ms = 0;
  80:main.c        ****         }
  81:main.c        ****         
  82:main.c        ****         if(pos % 3 == 0){
 261              		.loc 1 82 0
 262 0056 0321     		movs	r1, #3
 263 0058 2800     		movs	r0, r5
 264 005a FFF7FEFF 		bl	__aeabi_idivmod
 265              	.LVL18:
 266 005e 0E1E     		subs	r6, r1, #0
 267 0060 19D1     		bne	.L26
  83:main.c        ****             LEDR_Write(1);
 268              		.loc 1 83 0
 269 0062 0120     		movs	r0, #1
 270 0064 FFF7FEFF 		bl	LEDR_Write
 271              	.LVL19:
  84:main.c        ****             LEDG_Write(0);
 272              		.loc 1 84 0
 273 0068 3000     		movs	r0, r6
 274 006a FFF7FEFF 		bl	LEDG_Write
 275              	.LVL20:
  85:main.c        ****             LEDB_Write(0);
 276              		.loc 1 85 0
 277 006e 3000     		movs	r0, r6
 278              	.L30:
  86:main.c        ****         }else if(pos % 3 == 1){
  87:main.c        ****             LEDR_Write(0);
  88:main.c        ****             LEDG_Write(1);
  89:main.c        ****             LEDB_Write(0);
 279              		.loc 1 89 0
 280 0070 FFF7FEFF 		bl	LEDB_Write
 281              	.LVL21:
 282              	.L19:
  63:main.c        ****             count400ms = 300;
 283              		.loc 1 63 0
 284 0074 124E     		ldr	r6, .L31+8
 285 0076 134F     		ldr	r7, .L31+12
 286 0078 3368     		ldr	r3, [r6]
 287 007a 002B     		cmp	r3, #0
 288 007c D7D1     		bne	.L22
  64:main.c        ****             System.out.println("this is 300 ms");
 289              		.loc 1 64 0
 290 007e 2D33     		adds	r3, r3, #45
 291 0080 FF33     		adds	r3, r3, #255
 292 0082 3B60     		str	r3, [r7]
  65:main.c        ****         }
 293              		.loc 1 65 0
 294 0084 1048     		ldr	r0, .L31+16
ARM GAS  C:\Users\PC\AppData\Local\Temp\ccktR3hl.s 			page 8


 295 0086 0023     		movs	r3, #0
 296 0088 9847     		blx	r3
 297              	.LVL22:
 298 008a D0E7     		b	.L22
 299              	.L24:
 300              	.LVL23:
  79:main.c        ****         }
 301              		.loc 1 79 0
 302 008c 0024     		movs	r4, #0
 303 008e 3460     		str	r4, [r6]
 304 0090 E1E7     		b	.L25
 305              	.LVL24:
 306              	.L29:
  76:main.c        ****         }else {
 307              		.loc 1 76 0
 308 0092 0124     		movs	r4, #1
 309              	.LVL25:
 310 0094 DFE7     		b	.L25
 311              	.LVL26:
 312              	.L26:
  87:main.c        ****             LEDG_Write(1);
 313              		.loc 1 87 0
 314 0096 0020     		movs	r0, #0
  86:main.c        ****             LEDR_Write(0);
 315              		.loc 1 86 0
 316 0098 0129     		cmp	r1, #1
 317 009a 06D1     		bne	.L28
  87:main.c        ****             LEDG_Write(1);
 318              		.loc 1 87 0
 319 009c FFF7FEFF 		bl	LEDR_Write
 320              	.LVL27:
  88:main.c        ****             LEDB_Write(0);
 321              		.loc 1 88 0
 322 00a0 3000     		movs	r0, r6
 323 00a2 FFF7FEFF 		bl	LEDG_Write
 324              	.LVL28:
 325              		.loc 1 89 0
 326 00a6 0020     		movs	r0, #0
 327 00a8 E2E7     		b	.L30
 328              	.L28:
  90:main.c        ****         }else {
  91:main.c        ****             LEDR_Write(0);
 329              		.loc 1 91 0
 330 00aa FFF7FEFF 		bl	LEDR_Write
 331              	.LVL29:
  92:main.c        ****             LEDG_Write(0);
 332              		.loc 1 92 0
 333 00ae 0020     		movs	r0, #0
 334 00b0 FFF7FEFF 		bl	LEDG_Write
 335              	.LVL30:
  93:main.c        ****             LEDB_Write(1);
 336              		.loc 1 93 0
 337 00b4 0120     		movs	r0, #1
 338 00b6 DBE7     		b	.L30
 339              	.L32:
 340              		.align	2
 341              	.L31:
ARM GAS  C:\Users\PC\AppData\Local\Temp\ccktR3hl.s 			page 9


 342 00b8 00000000 		.word	CySysTickCallback
 343 00bc 11000000 		.word	.LC11
 344 00c0 00000000 		.word	count300ms
 345 00c4 00000000 		.word	count400ms
 346 00c8 02000000 		.word	.LC9
 347              		.cfi_endproc
 348              	.LFE38:
 349              		.size	main, .-main
 350              		.comm	count400ms,4,4
 351              		.comm	count300ms,4,4
 352              		.section	.rodata.str1.1,"aMS",%progbits,1
 353              	.LC2:
 354 0000 0A00     		.ascii	"\012\000"
 355              	.LC9:
 356 0002 74686973 		.ascii	"this is 300 ms\000"
 356      20697320 
 356      33303020 
 356      6D7300
 357              	.LC11:
 358 0011 74686973 		.ascii	"this is 400 ms\000"
 358      20697320 
 358      34303020 
 358      6D7300
 359              		.text
 360              	.Letext0:
 361              		.file 2 "Generated_Source\\PSoC4/mUART_SPI_UART.h"
 362              		.file 3 "Generated_Source\\PSoC4/CyLib.h"
 363              		.file 4 "Generated_Source\\PSoC4/mUART.h"
 364              		.file 5 "Generated_Source\\PSoC4/BUTTON.h"
 365              		.file 6 "Generated_Source\\PSoC4/LEDR.h"
 366              		.file 7 "Generated_Source\\PSoC4/LEDG.h"
 367              		.file 8 "Generated_Source\\PSoC4/LEDB.h"
 368              		.section	.debug_info,"",%progbits
 369              	.Ldebug_info0:
 370 0000 89030000 		.4byte	0x389
 371 0004 0400     		.2byte	0x4
 372 0006 00000000 		.4byte	.Ldebug_abbrev0
 373 000a 04       		.byte	0x4
 374 000b 01       		.uleb128 0x1
 375 000c 2C000000 		.4byte	.LASF34
 376 0010 0C       		.byte	0xc
 377 0011 09020000 		.4byte	.LASF35
 378 0015 3C010000 		.4byte	.LASF36
 379 0019 30000000 		.4byte	.Ldebug_ranges0+0x30
 380 001d 00000000 		.4byte	0
 381 0021 00000000 		.4byte	.Ldebug_line0
 382 0025 02       		.uleb128 0x2
 383 0026 01       		.byte	0x1
 384 0027 06       		.byte	0x6
 385 0028 5B020000 		.4byte	.LASF0
 386 002c 02       		.uleb128 0x2
 387 002d 01       		.byte	0x1
 388 002e 08       		.byte	0x8
 389 002f F2000000 		.4byte	.LASF1
 390 0033 02       		.uleb128 0x2
 391 0034 02       		.byte	0x2
 392 0035 05       		.byte	0x5
ARM GAS  C:\Users\PC\AppData\Local\Temp\ccktR3hl.s 			page 10


 393 0036 7F010000 		.4byte	.LASF2
 394 003a 02       		.uleb128 0x2
 395 003b 02       		.byte	0x2
 396 003c 07       		.byte	0x7
 397 003d 21010000 		.4byte	.LASF3
 398 0041 02       		.uleb128 0x2
 399 0042 04       		.byte	0x4
 400 0043 05       		.byte	0x5
 401 0044 3B020000 		.4byte	.LASF4
 402 0048 02       		.uleb128 0x2
 403 0049 04       		.byte	0x4
 404 004a 07       		.byte	0x7
 405 004b 0F010000 		.4byte	.LASF5
 406 004f 02       		.uleb128 0x2
 407 0050 08       		.byte	0x8
 408 0051 05       		.byte	0x5
 409 0052 FB010000 		.4byte	.LASF6
 410 0056 02       		.uleb128 0x2
 411 0057 08       		.byte	0x8
 412 0058 07       		.byte	0x7
 413 0059 C3010000 		.4byte	.LASF7
 414 005d 03       		.uleb128 0x3
 415 005e 04       		.byte	0x4
 416 005f 05       		.byte	0x5
 417 0060 696E7400 		.ascii	"int\000"
 418 0064 02       		.uleb128 0x2
 419 0065 04       		.byte	0x4
 420 0066 07       		.byte	0x7
 421 0067 99010000 		.4byte	.LASF8
 422 006b 02       		.uleb128 0x2
 423 006c 08       		.byte	0x8
 424 006d 04       		.byte	0x4
 425 006e 4F020000 		.4byte	.LASF9
 426 0072 02       		.uleb128 0x2
 427 0073 04       		.byte	0x4
 428 0074 07       		.byte	0x7
 429 0075 E6010000 		.4byte	.LASF10
 430 0079 04       		.uleb128 0x4
 431 007a 04       		.byte	0x4
 432 007b 7F000000 		.4byte	0x7f
 433 007f 02       		.uleb128 0x2
 434 0080 01       		.byte	0x1
 435 0081 08       		.byte	0x8
 436 0082 10020000 		.4byte	.LASF11
 437 0086 02       		.uleb128 0x2
 438 0087 04       		.byte	0x4
 439 0088 04       		.byte	0x4
 440 0089 E0000000 		.4byte	.LASF12
 441 008d 02       		.uleb128 0x2
 442 008e 08       		.byte	0x8
 443 008f 04       		.byte	0x4
 444 0090 78010000 		.4byte	.LASF13
 445 0094 05       		.uleb128 0x5
 446 0095 25000000 		.4byte	.LASF17
 447 0099 01       		.byte	0x1
 448 009a 0E       		.byte	0xe
 449 009b 79000000 		.4byte	0x79
ARM GAS  C:\Users\PC\AppData\Local\Temp\ccktR3hl.s 			page 11


 450 009f 06       		.uleb128 0x6
 451 00a0 5F494E00 		.ascii	"_IN\000"
 452 00a4 00       		.byte	0
 453 00a5 01       		.byte	0x1
 454 00a6 16       		.byte	0x16
 455 00a7 07       		.uleb128 0x7
 456 00a8 94010000 		.4byte	.LASF14
 457 00ac 04       		.byte	0x4
 458 00ad 01       		.byte	0x1
 459 00ae 19       		.byte	0x19
 460 00af C0000000 		.4byte	0xc0
 461 00b3 08       		.uleb128 0x8
 462 00b4 00000000 		.4byte	.LASF16
 463 00b8 01       		.byte	0x1
 464 00b9 1A       		.byte	0x1a
 465 00ba CB000000 		.4byte	0xcb
 466 00be 00       		.byte	0
 467 00bf 00       		.byte	0
 468 00c0 09       		.uleb128 0x9
 469 00c1 CB000000 		.4byte	0xcb
 470 00c5 0A       		.uleb128 0xa
 471 00c6 94000000 		.4byte	0x94
 472 00ca 00       		.byte	0
 473 00cb 04       		.uleb128 0x4
 474 00cc 04       		.byte	0x4
 475 00cd C0000000 		.4byte	0xc0
 476 00d1 07       		.uleb128 0x7
 477 00d2 1D000000 		.4byte	.LASF15
 478 00d6 04       		.byte	0x4
 479 00d7 01       		.byte	0x1
 480 00d8 15       		.byte	0x15
 481 00d9 F5000000 		.4byte	0xf5
 482 00dd 0B       		.uleb128 0xb
 483 00de 696E00   		.ascii	"in\000"
 484 00e1 01       		.byte	0x1
 485 00e2 18       		.byte	0x18
 486 00e3 9F000000 		.4byte	0x9f
 487 00e7 00       		.byte	0
 488 00e8 0B       		.uleb128 0xb
 489 00e9 6F757400 		.ascii	"out\000"
 490 00ed 01       		.byte	0x1
 491 00ee 1B       		.byte	0x1b
 492 00ef A7000000 		.4byte	0xa7
 493 00f3 00       		.byte	0
 494 00f4 00       		.byte	0
 495 00f5 05       		.uleb128 0x5
 496 00f6 15020000 		.4byte	.LASF18
 497 00fa 01       		.byte	0x1
 498 00fb 1C       		.byte	0x1c
 499 00fc D1000000 		.4byte	0xd1
 500 0100 0C       		.uleb128 0xc
 501 0101 E6000000 		.4byte	.LASF19
 502 0105 01       		.byte	0x1
 503 0106 1E       		.byte	0x1e
 504 0107 01       		.byte	0x1
 505 0108 18010000 		.4byte	0x118
 506 010c 0D       		.uleb128 0xd
ARM GAS  C:\Users\PC\AppData\Local\Temp\ccktR3hl.s 			page 12


 507 010d DF010000 		.4byte	.LASF21
 508 0111 01       		.byte	0x1
 509 0112 1E       		.byte	0x1e
 510 0113 18010000 		.4byte	0x118
 511 0117 00       		.byte	0
 512 0118 04       		.uleb128 0x4
 513 0119 04       		.byte	0x4
 514 011a F5000000 		.4byte	0xf5
 515 011e 0E       		.uleb128 0xe
 516 011f A6010000 		.4byte	.LASF37
 517 0123 01       		.byte	0x1
 518 0124 29       		.byte	0x29
 519 0125 00000000 		.4byte	.LFB37
 520 0129 24000000 		.4byte	.LFE37-.LFB37
 521 012d 01       		.uleb128 0x1
 522 012e 9C       		.byte	0x9c
 523 012f 0F       		.uleb128 0xf
 524 0130 00000000 		.4byte	.LASF16
 525 0134 01       		.byte	0x1
 526 0135 10       		.byte	0x10
 527 0136 00000000 		.4byte	.LFB34
 528 013a 14000000 		.4byte	.LFE34-.LFB34
 529 013e 01       		.uleb128 0x1
 530 013f 9C       		.byte	0x9c
 531 0140 7C010000 		.4byte	0x17c
 532 0144 10       		.uleb128 0x10
 533 0145 73747200 		.ascii	"str\000"
 534 0149 01       		.byte	0x1
 535 014a 10       		.byte	0x10
 536 014b 94000000 		.4byte	0x94
 537 014f 00000000 		.4byte	.LLST0
 538 0153 11       		.uleb128 0x11
 539 0154 06000000 		.4byte	.LVL1
 540 0158 25030000 		.4byte	0x325
 541 015c 68010000 		.4byte	0x168
 542 0160 12       		.uleb128 0x12
 543 0161 01       		.uleb128 0x1
 544 0162 50       		.byte	0x50
 545 0163 03       		.uleb128 0x3
 546 0164 F3       		.byte	0xf3
 547 0165 01       		.uleb128 0x1
 548 0166 50       		.byte	0x50
 549 0167 00       		.byte	0
 550 0168 13       		.uleb128 0x13
 551 0169 0C000000 		.4byte	.LVL2
 552 016d 25030000 		.4byte	0x325
 553 0171 12       		.uleb128 0x12
 554 0172 01       		.uleb128 0x1
 555 0173 50       		.byte	0x50
 556 0174 05       		.uleb128 0x5
 557 0175 03       		.byte	0x3
 558 0176 00000000 		.4byte	.LC2
 559 017a 00       		.byte	0
 560 017b 00       		.byte	0
 561 017c 0C       		.uleb128 0xc
 562 017d D3000000 		.4byte	.LASF20
 563 0181 01       		.byte	0x1
ARM GAS  C:\Users\PC\AppData\Local\Temp\ccktR3hl.s 			page 13


 564 0182 22       		.byte	0x22
 565 0183 01       		.byte	0x1
 566 0184 94010000 		.4byte	0x194
 567 0188 0D       		.uleb128 0xd
 568 0189 DF010000 		.4byte	.LASF21
 569 018d 01       		.byte	0x1
 570 018e 22       		.byte	0x22
 571 018f 18010000 		.4byte	0x118
 572 0193 00       		.byte	0
 573 0194 14       		.uleb128 0x14
 574 0195 7C010000 		.4byte	0x17c
 575 0199 00000000 		.4byte	.LFB36
 576 019d 0C000000 		.4byte	.LFE36-.LFB36
 577 01a1 01       		.uleb128 0x1
 578 01a2 9C       		.byte	0x9c
 579 01a3 C8010000 		.4byte	0x1c8
 580 01a7 15       		.uleb128 0x15
 581 01a8 88010000 		.4byte	0x188
 582 01ac 01       		.uleb128 0x1
 583 01ad 50       		.byte	0x50
 584 01ae 16       		.uleb128 0x16
 585 01af 00010000 		.4byte	0x100
 586 01b3 00000000 		.4byte	.LBB4
 587 01b7 00000000 		.4byte	.Ldebug_ranges0+0
 588 01bb 01       		.byte	0x1
 589 01bc 23       		.byte	0x23
 590 01bd 17       		.uleb128 0x17
 591 01be 0C010000 		.4byte	0x10c
 592 01c2 21000000 		.4byte	.LLST1
 593 01c6 00       		.byte	0
 594 01c7 00       		.byte	0
 595 01c8 18       		.uleb128 0x18
 596 01c9 DA010000 		.4byte	.LASF38
 597 01cd 01       		.byte	0x1
 598 01ce 2E       		.byte	0x2e
 599 01cf 5D000000 		.4byte	0x5d
 600 01d3 00000000 		.4byte	.LFB38
 601 01d7 CC000000 		.4byte	.LFE38-.LFB38
 602 01db 01       		.uleb128 0x1
 603 01dc 9C       		.byte	0x9c
 604 01dd 03030000 		.4byte	0x303
 605 01e1 19       		.uleb128 0x19
 606 01e2 706F7300 		.ascii	"pos\000"
 607 01e6 01       		.byte	0x1
 608 01e7 30       		.byte	0x30
 609 01e8 5D000000 		.4byte	0x5d
 610 01ec 34000000 		.4byte	.LLST2
 611 01f0 1A       		.uleb128 0x1a
 612 01f1 34010000 		.4byte	.LASF22
 613 01f5 01       		.byte	0x1
 614 01f6 30       		.byte	0x30
 615 01f7 5D000000 		.4byte	0x5d
 616 01fb 53000000 		.4byte	.LLST3
 617 01ff 1B       		.uleb128 0x1b
 618 0200 DF010000 		.4byte	.LASF21
 619 0204 01       		.byte	0x1
 620 0205 31       		.byte	0x31
ARM GAS  C:\Users\PC\AppData\Local\Temp\ccktR3hl.s 			page 14


 621 0206 F5000000 		.4byte	0xf5
 622 020a 1C       		.uleb128 0x1c
 623 020b 18000000 		.4byte	.Ldebug_ranges0+0x18
 624 020f 4E020000 		.4byte	0x24e
 625 0213 19       		.uleb128 0x19
 626 0214 6900     		.ascii	"i\000"
 627 0216 01       		.byte	0x1
 628 0217 37       		.byte	0x37
 629 0218 5D000000 		.4byte	0x5d
 630 021c 94000000 		.4byte	.LLST4
 631 0220 11       		.uleb128 0x11
 632 0221 18000000 		.4byte	.LVL8
 633 0225 31030000 		.4byte	0x331
 634 0229 34020000 		.4byte	0x234
 635 022d 12       		.uleb128 0x12
 636 022e 01       		.uleb128 0x1
 637 022f 50       		.byte	0x50
 638 0230 02       		.uleb128 0x2
 639 0231 74       		.byte	0x74
 640 0232 00       		.sleb128 0
 641 0233 00       		.byte	0
 642 0234 13       		.uleb128 0x13
 643 0235 24000000 		.4byte	.LVL9
 644 0239 3D030000 		.4byte	0x33d
 645 023d 12       		.uleb128 0x12
 646 023e 01       		.uleb128 0x1
 647 023f 50       		.byte	0x50
 648 0240 02       		.uleb128 0x2
 649 0241 74       		.byte	0x74
 650 0242 00       		.sleb128 0
 651 0243 12       		.uleb128 0x12
 652 0244 01       		.uleb128 0x1
 653 0245 51       		.byte	0x51
 654 0246 05       		.uleb128 0x5
 655 0247 03       		.byte	0x3
 656 0248 00000000 		.4byte	CySysTickCallback
 657 024c 00       		.byte	0
 658 024d 00       		.byte	0
 659 024e 1D       		.uleb128 0x1d
 660 024f 08000000 		.4byte	.LVL6
 661 0253 49030000 		.4byte	0x349
 662 0257 1D       		.uleb128 0x1d
 663 0258 0E000000 		.4byte	.LVL7
 664 025c 54030000 		.4byte	0x354
 665 0260 1E       		.uleb128 0x1e
 666 0261 40000000 		.4byte	.LVL14
 667 0265 01       		.uleb128 0x1
 668 0266 30       		.byte	0x30
 669 0267 75020000 		.4byte	0x275
 670 026b 12       		.uleb128 0x12
 671 026c 01       		.uleb128 0x1
 672 026d 50       		.byte	0x50
 673 026e 05       		.uleb128 0x5
 674 026f 03       		.byte	0x3
 675 0270 11000000 		.4byte	.LC11
 676 0274 00       		.byte	0
 677 0275 1D       		.uleb128 0x1d
ARM GAS  C:\Users\PC\AppData\Local\Temp\ccktR3hl.s 			page 15


 678 0276 44000000 		.4byte	.LVL15
 679 027a 60030000 		.4byte	0x360
 680 027e 11       		.uleb128 0x11
 681 027f 68000000 		.4byte	.LVL19
 682 0283 6B030000 		.4byte	0x36b
 683 0287 91020000 		.4byte	0x291
 684 028b 12       		.uleb128 0x12
 685 028c 01       		.uleb128 0x1
 686 028d 50       		.byte	0x50
 687 028e 01       		.uleb128 0x1
 688 028f 31       		.byte	0x31
 689 0290 00       		.byte	0
 690 0291 11       		.uleb128 0x11
 691 0292 6E000000 		.4byte	.LVL20
 692 0296 76030000 		.4byte	0x376
 693 029a A5020000 		.4byte	0x2a5
 694 029e 12       		.uleb128 0x12
 695 029f 01       		.uleb128 0x1
 696 02a0 50       		.byte	0x50
 697 02a1 02       		.uleb128 0x2
 698 02a2 76       		.byte	0x76
 699 02a3 00       		.sleb128 0
 700 02a4 00       		.byte	0
 701 02a5 1D       		.uleb128 0x1d
 702 02a6 74000000 		.4byte	.LVL21
 703 02aa 81030000 		.4byte	0x381
 704 02ae 1E       		.uleb128 0x1e
 705 02af 8A000000 		.4byte	.LVL22
 706 02b3 01       		.uleb128 0x1
 707 02b4 30       		.byte	0x30
 708 02b5 C3020000 		.4byte	0x2c3
 709 02b9 12       		.uleb128 0x12
 710 02ba 01       		.uleb128 0x1
 711 02bb 50       		.byte	0x50
 712 02bc 05       		.uleb128 0x5
 713 02bd 03       		.byte	0x3
 714 02be 02000000 		.4byte	.LC9
 715 02c2 00       		.byte	0
 716 02c3 11       		.uleb128 0x11
 717 02c4 A0000000 		.4byte	.LVL27
 718 02c8 6B030000 		.4byte	0x36b
 719 02cc D6020000 		.4byte	0x2d6
 720 02d0 12       		.uleb128 0x12
 721 02d1 01       		.uleb128 0x1
 722 02d2 50       		.byte	0x50
 723 02d3 01       		.uleb128 0x1
 724 02d4 30       		.byte	0x30
 725 02d5 00       		.byte	0
 726 02d6 11       		.uleb128 0x11
 727 02d7 A6000000 		.4byte	.LVL28
 728 02db 76030000 		.4byte	0x376
 729 02df EA020000 		.4byte	0x2ea
 730 02e3 12       		.uleb128 0x12
 731 02e4 01       		.uleb128 0x1
 732 02e5 50       		.byte	0x50
 733 02e6 02       		.uleb128 0x2
 734 02e7 76       		.byte	0x76
ARM GAS  C:\Users\PC\AppData\Local\Temp\ccktR3hl.s 			page 16


 735 02e8 00       		.sleb128 0
 736 02e9 00       		.byte	0
 737 02ea 1D       		.uleb128 0x1d
 738 02eb AE000000 		.4byte	.LVL29
 739 02ef 6B030000 		.4byte	0x36b
 740 02f3 13       		.uleb128 0x13
 741 02f4 B4000000 		.4byte	.LVL30
 742 02f8 76030000 		.4byte	0x376
 743 02fc 12       		.uleb128 0x12
 744 02fd 01       		.uleb128 0x1
 745 02fe 50       		.byte	0x50
 746 02ff 01       		.uleb128 0x1
 747 0300 30       		.byte	0x30
 748 0301 00       		.byte	0
 749 0302 00       		.byte	0
 750 0303 1F       		.uleb128 0x1f
 751 0304 B8010000 		.4byte	.LASF23
 752 0308 01       		.byte	0x1
 753 0309 25       		.byte	0x25
 754 030a 5D000000 		.4byte	0x5d
 755 030e 05       		.uleb128 0x5
 756 030f 03       		.byte	0x3
 757 0310 00000000 		.4byte	count300ms
 758 0314 1F       		.uleb128 0x1f
 759 0315 30020000 		.4byte	.LASF24
 760 0319 01       		.byte	0x1
 761 031a 26       		.byte	0x26
 762 031b 5D000000 		.4byte	0x5d
 763 031f 05       		.uleb128 0x5
 764 0320 03       		.byte	0x3
 765 0321 00000000 		.4byte	count400ms
 766 0325 20       		.uleb128 0x20
 767 0326 1C020000 		.4byte	.LASF25
 768 032a 1C020000 		.4byte	.LASF25
 769 032e 02       		.byte	0x2
 770 032f 2A03     		.2byte	0x32a
 771 0331 20       		.uleb128 0x20
 772 0332 BE000000 		.4byte	.LASF26
 773 0336 BE000000 		.4byte	.LASF26
 774 033a 03       		.byte	0x3
 775 033b 1401     		.2byte	0x114
 776 033d 20       		.uleb128 0x20
 777 033e 08000000 		.4byte	.LASF27
 778 0342 08000000 		.4byte	.LASF27
 779 0346 03       		.byte	0x3
 780 0347 1301     		.2byte	0x113
 781 0349 21       		.uleb128 0x21
 782 034a EF010000 		.4byte	.LASF28
 783 034e EF010000 		.4byte	.LASF28
 784 0352 04       		.byte	0x4
 785 0353 72       		.byte	0x72
 786 0354 20       		.uleb128 0x20
 787 0355 00010000 		.4byte	.LASF29
 788 0359 00010000 		.4byte	.LASF29
 789 035d 03       		.byte	0x3
 790 035e 0A01     		.2byte	0x10a
 791 0360 21       		.uleb128 0x21
ARM GAS  C:\Users\PC\AppData\Local\Temp\ccktR3hl.s 			page 17


 792 0361 67020000 		.4byte	.LASF30
 793 0365 67020000 		.4byte	.LASF30
 794 0369 05       		.byte	0x5
 795 036a 32       		.byte	0x32
 796 036b 21       		.uleb128 0x21
 797 036c 44020000 		.4byte	.LASF31
 798 0370 44020000 		.4byte	.LASF31
 799 0374 06       		.byte	0x6
 800 0375 33       		.byte	0x33
 801 0376 21       		.uleb128 0x21
 802 0377 73020000 		.4byte	.LASF32
 803 037b 73020000 		.4byte	.LASF32
 804 037f 07       		.byte	0x7
 805 0380 33       		.byte	0x33
 806 0381 21       		.uleb128 0x21
 807 0382 89010000 		.4byte	.LASF33
 808 0386 89010000 		.4byte	.LASF33
 809 038a 08       		.byte	0x8
 810 038b 33       		.byte	0x33
 811 038c 00       		.byte	0
 812              		.section	.debug_abbrev,"",%progbits
 813              	.Ldebug_abbrev0:
 814 0000 01       		.uleb128 0x1
 815 0001 11       		.uleb128 0x11
 816 0002 01       		.byte	0x1
 817 0003 25       		.uleb128 0x25
 818 0004 0E       		.uleb128 0xe
 819 0005 13       		.uleb128 0x13
 820 0006 0B       		.uleb128 0xb
 821 0007 03       		.uleb128 0x3
 822 0008 0E       		.uleb128 0xe
 823 0009 1B       		.uleb128 0x1b
 824 000a 0E       		.uleb128 0xe
 825 000b 55       		.uleb128 0x55
 826 000c 17       		.uleb128 0x17
 827 000d 11       		.uleb128 0x11
 828 000e 01       		.uleb128 0x1
 829 000f 10       		.uleb128 0x10
 830 0010 17       		.uleb128 0x17
 831 0011 00       		.byte	0
 832 0012 00       		.byte	0
 833 0013 02       		.uleb128 0x2
 834 0014 24       		.uleb128 0x24
 835 0015 00       		.byte	0
 836 0016 0B       		.uleb128 0xb
 837 0017 0B       		.uleb128 0xb
 838 0018 3E       		.uleb128 0x3e
 839 0019 0B       		.uleb128 0xb
 840 001a 03       		.uleb128 0x3
 841 001b 0E       		.uleb128 0xe
 842 001c 00       		.byte	0
 843 001d 00       		.byte	0
 844 001e 03       		.uleb128 0x3
 845 001f 24       		.uleb128 0x24
 846 0020 00       		.byte	0
 847 0021 0B       		.uleb128 0xb
 848 0022 0B       		.uleb128 0xb
ARM GAS  C:\Users\PC\AppData\Local\Temp\ccktR3hl.s 			page 18


 849 0023 3E       		.uleb128 0x3e
 850 0024 0B       		.uleb128 0xb
 851 0025 03       		.uleb128 0x3
 852 0026 08       		.uleb128 0x8
 853 0027 00       		.byte	0
 854 0028 00       		.byte	0
 855 0029 04       		.uleb128 0x4
 856 002a 0F       		.uleb128 0xf
 857 002b 00       		.byte	0
 858 002c 0B       		.uleb128 0xb
 859 002d 0B       		.uleb128 0xb
 860 002e 49       		.uleb128 0x49
 861 002f 13       		.uleb128 0x13
 862 0030 00       		.byte	0
 863 0031 00       		.byte	0
 864 0032 05       		.uleb128 0x5
 865 0033 16       		.uleb128 0x16
 866 0034 00       		.byte	0
 867 0035 03       		.uleb128 0x3
 868 0036 0E       		.uleb128 0xe
 869 0037 3A       		.uleb128 0x3a
 870 0038 0B       		.uleb128 0xb
 871 0039 3B       		.uleb128 0x3b
 872 003a 0B       		.uleb128 0xb
 873 003b 49       		.uleb128 0x49
 874 003c 13       		.uleb128 0x13
 875 003d 00       		.byte	0
 876 003e 00       		.byte	0
 877 003f 06       		.uleb128 0x6
 878 0040 13       		.uleb128 0x13
 879 0041 00       		.byte	0
 880 0042 03       		.uleb128 0x3
 881 0043 08       		.uleb128 0x8
 882 0044 0B       		.uleb128 0xb
 883 0045 0B       		.uleb128 0xb
 884 0046 3A       		.uleb128 0x3a
 885 0047 0B       		.uleb128 0xb
 886 0048 3B       		.uleb128 0x3b
 887 0049 0B       		.uleb128 0xb
 888 004a 00       		.byte	0
 889 004b 00       		.byte	0
 890 004c 07       		.uleb128 0x7
 891 004d 13       		.uleb128 0x13
 892 004e 01       		.byte	0x1
 893 004f 03       		.uleb128 0x3
 894 0050 0E       		.uleb128 0xe
 895 0051 0B       		.uleb128 0xb
 896 0052 0B       		.uleb128 0xb
 897 0053 3A       		.uleb128 0x3a
 898 0054 0B       		.uleb128 0xb
 899 0055 3B       		.uleb128 0x3b
 900 0056 0B       		.uleb128 0xb
 901 0057 01       		.uleb128 0x1
 902 0058 13       		.uleb128 0x13
 903 0059 00       		.byte	0
 904 005a 00       		.byte	0
 905 005b 08       		.uleb128 0x8
ARM GAS  C:\Users\PC\AppData\Local\Temp\ccktR3hl.s 			page 19


 906 005c 0D       		.uleb128 0xd
 907 005d 00       		.byte	0
 908 005e 03       		.uleb128 0x3
 909 005f 0E       		.uleb128 0xe
 910 0060 3A       		.uleb128 0x3a
 911 0061 0B       		.uleb128 0xb
 912 0062 3B       		.uleb128 0x3b
 913 0063 0B       		.uleb128 0xb
 914 0064 49       		.uleb128 0x49
 915 0065 13       		.uleb128 0x13
 916 0066 38       		.uleb128 0x38
 917 0067 0B       		.uleb128 0xb
 918 0068 00       		.byte	0
 919 0069 00       		.byte	0
 920 006a 09       		.uleb128 0x9
 921 006b 15       		.uleb128 0x15
 922 006c 01       		.byte	0x1
 923 006d 27       		.uleb128 0x27
 924 006e 19       		.uleb128 0x19
 925 006f 01       		.uleb128 0x1
 926 0070 13       		.uleb128 0x13
 927 0071 00       		.byte	0
 928 0072 00       		.byte	0
 929 0073 0A       		.uleb128 0xa
 930 0074 05       		.uleb128 0x5
 931 0075 00       		.byte	0
 932 0076 49       		.uleb128 0x49
 933 0077 13       		.uleb128 0x13
 934 0078 00       		.byte	0
 935 0079 00       		.byte	0
 936 007a 0B       		.uleb128 0xb
 937 007b 0D       		.uleb128 0xd
 938 007c 00       		.byte	0
 939 007d 03       		.uleb128 0x3
 940 007e 08       		.uleb128 0x8
 941 007f 3A       		.uleb128 0x3a
 942 0080 0B       		.uleb128 0xb
 943 0081 3B       		.uleb128 0x3b
 944 0082 0B       		.uleb128 0xb
 945 0083 49       		.uleb128 0x49
 946 0084 13       		.uleb128 0x13
 947 0085 38       		.uleb128 0x38
 948 0086 0B       		.uleb128 0xb
 949 0087 00       		.byte	0
 950 0088 00       		.byte	0
 951 0089 0C       		.uleb128 0xc
 952 008a 2E       		.uleb128 0x2e
 953 008b 01       		.byte	0x1
 954 008c 3F       		.uleb128 0x3f
 955 008d 19       		.uleb128 0x19
 956 008e 03       		.uleb128 0x3
 957 008f 0E       		.uleb128 0xe
 958 0090 3A       		.uleb128 0x3a
 959 0091 0B       		.uleb128 0xb
 960 0092 3B       		.uleb128 0x3b
 961 0093 0B       		.uleb128 0xb
 962 0094 27       		.uleb128 0x27
ARM GAS  C:\Users\PC\AppData\Local\Temp\ccktR3hl.s 			page 20


 963 0095 19       		.uleb128 0x19
 964 0096 20       		.uleb128 0x20
 965 0097 0B       		.uleb128 0xb
 966 0098 01       		.uleb128 0x1
 967 0099 13       		.uleb128 0x13
 968 009a 00       		.byte	0
 969 009b 00       		.byte	0
 970 009c 0D       		.uleb128 0xd
 971 009d 05       		.uleb128 0x5
 972 009e 00       		.byte	0
 973 009f 03       		.uleb128 0x3
 974 00a0 0E       		.uleb128 0xe
 975 00a1 3A       		.uleb128 0x3a
 976 00a2 0B       		.uleb128 0xb
 977 00a3 3B       		.uleb128 0x3b
 978 00a4 0B       		.uleb128 0xb
 979 00a5 49       		.uleb128 0x49
 980 00a6 13       		.uleb128 0x13
 981 00a7 00       		.byte	0
 982 00a8 00       		.byte	0
 983 00a9 0E       		.uleb128 0xe
 984 00aa 2E       		.uleb128 0x2e
 985 00ab 00       		.byte	0
 986 00ac 3F       		.uleb128 0x3f
 987 00ad 19       		.uleb128 0x19
 988 00ae 03       		.uleb128 0x3
 989 00af 0E       		.uleb128 0xe
 990 00b0 3A       		.uleb128 0x3a
 991 00b1 0B       		.uleb128 0xb
 992 00b2 3B       		.uleb128 0x3b
 993 00b3 0B       		.uleb128 0xb
 994 00b4 11       		.uleb128 0x11
 995 00b5 01       		.uleb128 0x1
 996 00b6 12       		.uleb128 0x12
 997 00b7 06       		.uleb128 0x6
 998 00b8 40       		.uleb128 0x40
 999 00b9 18       		.uleb128 0x18
 1000 00ba 9742     		.uleb128 0x2117
 1001 00bc 19       		.uleb128 0x19
 1002 00bd 00       		.byte	0
 1003 00be 00       		.byte	0
 1004 00bf 0F       		.uleb128 0xf
 1005 00c0 2E       		.uleb128 0x2e
 1006 00c1 01       		.byte	0x1
 1007 00c2 3F       		.uleb128 0x3f
 1008 00c3 19       		.uleb128 0x19
 1009 00c4 03       		.uleb128 0x3
 1010 00c5 0E       		.uleb128 0xe
 1011 00c6 3A       		.uleb128 0x3a
 1012 00c7 0B       		.uleb128 0xb
 1013 00c8 3B       		.uleb128 0x3b
 1014 00c9 0B       		.uleb128 0xb
 1015 00ca 27       		.uleb128 0x27
 1016 00cb 19       		.uleb128 0x19
 1017 00cc 11       		.uleb128 0x11
 1018 00cd 01       		.uleb128 0x1
 1019 00ce 12       		.uleb128 0x12
ARM GAS  C:\Users\PC\AppData\Local\Temp\ccktR3hl.s 			page 21


 1020 00cf 06       		.uleb128 0x6
 1021 00d0 40       		.uleb128 0x40
 1022 00d1 18       		.uleb128 0x18
 1023 00d2 9742     		.uleb128 0x2117
 1024 00d4 19       		.uleb128 0x19
 1025 00d5 01       		.uleb128 0x1
 1026 00d6 13       		.uleb128 0x13
 1027 00d7 00       		.byte	0
 1028 00d8 00       		.byte	0
 1029 00d9 10       		.uleb128 0x10
 1030 00da 05       		.uleb128 0x5
 1031 00db 00       		.byte	0
 1032 00dc 03       		.uleb128 0x3
 1033 00dd 08       		.uleb128 0x8
 1034 00de 3A       		.uleb128 0x3a
 1035 00df 0B       		.uleb128 0xb
 1036 00e0 3B       		.uleb128 0x3b
 1037 00e1 0B       		.uleb128 0xb
 1038 00e2 49       		.uleb128 0x49
 1039 00e3 13       		.uleb128 0x13
 1040 00e4 02       		.uleb128 0x2
 1041 00e5 17       		.uleb128 0x17
 1042 00e6 00       		.byte	0
 1043 00e7 00       		.byte	0
 1044 00e8 11       		.uleb128 0x11
 1045 00e9 898201   		.uleb128 0x4109
 1046 00ec 01       		.byte	0x1
 1047 00ed 11       		.uleb128 0x11
 1048 00ee 01       		.uleb128 0x1
 1049 00ef 31       		.uleb128 0x31
 1050 00f0 13       		.uleb128 0x13
 1051 00f1 01       		.uleb128 0x1
 1052 00f2 13       		.uleb128 0x13
 1053 00f3 00       		.byte	0
 1054 00f4 00       		.byte	0
 1055 00f5 12       		.uleb128 0x12
 1056 00f6 8A8201   		.uleb128 0x410a
 1057 00f9 00       		.byte	0
 1058 00fa 02       		.uleb128 0x2
 1059 00fb 18       		.uleb128 0x18
 1060 00fc 9142     		.uleb128 0x2111
 1061 00fe 18       		.uleb128 0x18
 1062 00ff 00       		.byte	0
 1063 0100 00       		.byte	0
 1064 0101 13       		.uleb128 0x13
 1065 0102 898201   		.uleb128 0x4109
 1066 0105 01       		.byte	0x1
 1067 0106 11       		.uleb128 0x11
 1068 0107 01       		.uleb128 0x1
 1069 0108 31       		.uleb128 0x31
 1070 0109 13       		.uleb128 0x13
 1071 010a 00       		.byte	0
 1072 010b 00       		.byte	0
 1073 010c 14       		.uleb128 0x14
 1074 010d 2E       		.uleb128 0x2e
 1075 010e 01       		.byte	0x1
 1076 010f 31       		.uleb128 0x31
ARM GAS  C:\Users\PC\AppData\Local\Temp\ccktR3hl.s 			page 22


 1077 0110 13       		.uleb128 0x13
 1078 0111 11       		.uleb128 0x11
 1079 0112 01       		.uleb128 0x1
 1080 0113 12       		.uleb128 0x12
 1081 0114 06       		.uleb128 0x6
 1082 0115 40       		.uleb128 0x40
 1083 0116 18       		.uleb128 0x18
 1084 0117 9742     		.uleb128 0x2117
 1085 0119 19       		.uleb128 0x19
 1086 011a 01       		.uleb128 0x1
 1087 011b 13       		.uleb128 0x13
 1088 011c 00       		.byte	0
 1089 011d 00       		.byte	0
 1090 011e 15       		.uleb128 0x15
 1091 011f 05       		.uleb128 0x5
 1092 0120 00       		.byte	0
 1093 0121 31       		.uleb128 0x31
 1094 0122 13       		.uleb128 0x13
 1095 0123 02       		.uleb128 0x2
 1096 0124 18       		.uleb128 0x18
 1097 0125 00       		.byte	0
 1098 0126 00       		.byte	0
 1099 0127 16       		.uleb128 0x16
 1100 0128 1D       		.uleb128 0x1d
 1101 0129 01       		.byte	0x1
 1102 012a 31       		.uleb128 0x31
 1103 012b 13       		.uleb128 0x13
 1104 012c 52       		.uleb128 0x52
 1105 012d 01       		.uleb128 0x1
 1106 012e 55       		.uleb128 0x55
 1107 012f 17       		.uleb128 0x17
 1108 0130 58       		.uleb128 0x58
 1109 0131 0B       		.uleb128 0xb
 1110 0132 59       		.uleb128 0x59
 1111 0133 0B       		.uleb128 0xb
 1112 0134 00       		.byte	0
 1113 0135 00       		.byte	0
 1114 0136 17       		.uleb128 0x17
 1115 0137 05       		.uleb128 0x5
 1116 0138 00       		.byte	0
 1117 0139 31       		.uleb128 0x31
 1118 013a 13       		.uleb128 0x13
 1119 013b 02       		.uleb128 0x2
 1120 013c 17       		.uleb128 0x17
 1121 013d 00       		.byte	0
 1122 013e 00       		.byte	0
 1123 013f 18       		.uleb128 0x18
 1124 0140 2E       		.uleb128 0x2e
 1125 0141 01       		.byte	0x1
 1126 0142 3F       		.uleb128 0x3f
 1127 0143 19       		.uleb128 0x19
 1128 0144 03       		.uleb128 0x3
 1129 0145 0E       		.uleb128 0xe
 1130 0146 3A       		.uleb128 0x3a
 1131 0147 0B       		.uleb128 0xb
 1132 0148 3B       		.uleb128 0x3b
 1133 0149 0B       		.uleb128 0xb
ARM GAS  C:\Users\PC\AppData\Local\Temp\ccktR3hl.s 			page 23


 1134 014a 27       		.uleb128 0x27
 1135 014b 19       		.uleb128 0x19
 1136 014c 49       		.uleb128 0x49
 1137 014d 13       		.uleb128 0x13
 1138 014e 8701     		.uleb128 0x87
 1139 0150 19       		.uleb128 0x19
 1140 0151 11       		.uleb128 0x11
 1141 0152 01       		.uleb128 0x1
 1142 0153 12       		.uleb128 0x12
 1143 0154 06       		.uleb128 0x6
 1144 0155 40       		.uleb128 0x40
 1145 0156 18       		.uleb128 0x18
 1146 0157 9642     		.uleb128 0x2116
 1147 0159 19       		.uleb128 0x19
 1148 015a 01       		.uleb128 0x1
 1149 015b 13       		.uleb128 0x13
 1150 015c 00       		.byte	0
 1151 015d 00       		.byte	0
 1152 015e 19       		.uleb128 0x19
 1153 015f 34       		.uleb128 0x34
 1154 0160 00       		.byte	0
 1155 0161 03       		.uleb128 0x3
 1156 0162 08       		.uleb128 0x8
 1157 0163 3A       		.uleb128 0x3a
 1158 0164 0B       		.uleb128 0xb
 1159 0165 3B       		.uleb128 0x3b
 1160 0166 0B       		.uleb128 0xb
 1161 0167 49       		.uleb128 0x49
 1162 0168 13       		.uleb128 0x13
 1163 0169 02       		.uleb128 0x2
 1164 016a 17       		.uleb128 0x17
 1165 016b 00       		.byte	0
 1166 016c 00       		.byte	0
 1167 016d 1A       		.uleb128 0x1a
 1168 016e 34       		.uleb128 0x34
 1169 016f 00       		.byte	0
 1170 0170 03       		.uleb128 0x3
 1171 0171 0E       		.uleb128 0xe
 1172 0172 3A       		.uleb128 0x3a
 1173 0173 0B       		.uleb128 0xb
 1174 0174 3B       		.uleb128 0x3b
 1175 0175 0B       		.uleb128 0xb
 1176 0176 49       		.uleb128 0x49
 1177 0177 13       		.uleb128 0x13
 1178 0178 02       		.uleb128 0x2
 1179 0179 17       		.uleb128 0x17
 1180 017a 00       		.byte	0
 1181 017b 00       		.byte	0
 1182 017c 1B       		.uleb128 0x1b
 1183 017d 34       		.uleb128 0x34
 1184 017e 00       		.byte	0
 1185 017f 03       		.uleb128 0x3
 1186 0180 0E       		.uleb128 0xe
 1187 0181 3A       		.uleb128 0x3a
 1188 0182 0B       		.uleb128 0xb
 1189 0183 3B       		.uleb128 0x3b
 1190 0184 0B       		.uleb128 0xb
ARM GAS  C:\Users\PC\AppData\Local\Temp\ccktR3hl.s 			page 24


 1191 0185 49       		.uleb128 0x49
 1192 0186 13       		.uleb128 0x13
 1193 0187 00       		.byte	0
 1194 0188 00       		.byte	0
 1195 0189 1C       		.uleb128 0x1c
 1196 018a 0B       		.uleb128 0xb
 1197 018b 01       		.byte	0x1
 1198 018c 55       		.uleb128 0x55
 1199 018d 17       		.uleb128 0x17
 1200 018e 01       		.uleb128 0x1
 1201 018f 13       		.uleb128 0x13
 1202 0190 00       		.byte	0
 1203 0191 00       		.byte	0
 1204 0192 1D       		.uleb128 0x1d
 1205 0193 898201   		.uleb128 0x4109
 1206 0196 00       		.byte	0
 1207 0197 11       		.uleb128 0x11
 1208 0198 01       		.uleb128 0x1
 1209 0199 31       		.uleb128 0x31
 1210 019a 13       		.uleb128 0x13
 1211 019b 00       		.byte	0
 1212 019c 00       		.byte	0
 1213 019d 1E       		.uleb128 0x1e
 1214 019e 898201   		.uleb128 0x4109
 1215 01a1 01       		.byte	0x1
 1216 01a2 11       		.uleb128 0x11
 1217 01a3 01       		.uleb128 0x1
 1218 01a4 9342     		.uleb128 0x2113
 1219 01a6 18       		.uleb128 0x18
 1220 01a7 01       		.uleb128 0x1
 1221 01a8 13       		.uleb128 0x13
 1222 01a9 00       		.byte	0
 1223 01aa 00       		.byte	0
 1224 01ab 1F       		.uleb128 0x1f
 1225 01ac 34       		.uleb128 0x34
 1226 01ad 00       		.byte	0
 1227 01ae 03       		.uleb128 0x3
 1228 01af 0E       		.uleb128 0xe
 1229 01b0 3A       		.uleb128 0x3a
 1230 01b1 0B       		.uleb128 0xb
 1231 01b2 3B       		.uleb128 0x3b
 1232 01b3 0B       		.uleb128 0xb
 1233 01b4 49       		.uleb128 0x49
 1234 01b5 13       		.uleb128 0x13
 1235 01b6 3F       		.uleb128 0x3f
 1236 01b7 19       		.uleb128 0x19
 1237 01b8 02       		.uleb128 0x2
 1238 01b9 18       		.uleb128 0x18
 1239 01ba 00       		.byte	0
 1240 01bb 00       		.byte	0
 1241 01bc 20       		.uleb128 0x20
 1242 01bd 2E       		.uleb128 0x2e
 1243 01be 00       		.byte	0
 1244 01bf 3F       		.uleb128 0x3f
 1245 01c0 19       		.uleb128 0x19
 1246 01c1 3C       		.uleb128 0x3c
 1247 01c2 19       		.uleb128 0x19
ARM GAS  C:\Users\PC\AppData\Local\Temp\ccktR3hl.s 			page 25


 1248 01c3 6E       		.uleb128 0x6e
 1249 01c4 0E       		.uleb128 0xe
 1250 01c5 03       		.uleb128 0x3
 1251 01c6 0E       		.uleb128 0xe
 1252 01c7 3A       		.uleb128 0x3a
 1253 01c8 0B       		.uleb128 0xb
 1254 01c9 3B       		.uleb128 0x3b
 1255 01ca 05       		.uleb128 0x5
 1256 01cb 00       		.byte	0
 1257 01cc 00       		.byte	0
 1258 01cd 21       		.uleb128 0x21
 1259 01ce 2E       		.uleb128 0x2e
 1260 01cf 00       		.byte	0
 1261 01d0 3F       		.uleb128 0x3f
 1262 01d1 19       		.uleb128 0x19
 1263 01d2 3C       		.uleb128 0x3c
 1264 01d3 19       		.uleb128 0x19
 1265 01d4 6E       		.uleb128 0x6e
 1266 01d5 0E       		.uleb128 0xe
 1267 01d6 03       		.uleb128 0x3
 1268 01d7 0E       		.uleb128 0xe
 1269 01d8 3A       		.uleb128 0x3a
 1270 01d9 0B       		.uleb128 0xb
 1271 01da 3B       		.uleb128 0x3b
 1272 01db 0B       		.uleb128 0xb
 1273 01dc 00       		.byte	0
 1274 01dd 00       		.byte	0
 1275 01de 00       		.byte	0
 1276              		.section	.debug_loc,"",%progbits
 1277              	.Ldebug_loc0:
 1278              	.LLST0:
 1279 0000 00000000 		.4byte	.LVL0
 1280 0004 05000000 		.4byte	.LVL1-1
 1281 0008 0100     		.2byte	0x1
 1282 000a 50       		.byte	0x50
 1283 000b 05000000 		.4byte	.LVL1-1
 1284 000f 14000000 		.4byte	.LFE34
 1285 0013 0400     		.2byte	0x4
 1286 0015 F3       		.byte	0xf3
 1287 0016 01       		.uleb128 0x1
 1288 0017 50       		.byte	0x50
 1289 0018 9F       		.byte	0x9f
 1290 0019 00000000 		.4byte	0
 1291 001d 00000000 		.4byte	0
 1292              	.LLST1:
 1293 0021 00000000 		.4byte	.LVL3
 1294 0025 04000000 		.4byte	.LVL4
 1295 0029 0100     		.2byte	0x1
 1296 002b 50       		.byte	0x50
 1297 002c 00000000 		.4byte	0
 1298 0030 00000000 		.4byte	0
 1299              	.LLST2:
 1300 0034 00000000 		.4byte	.LVL5
 1301 0038 2E000000 		.4byte	.LVL13
 1302 003c 0200     		.2byte	0x2
 1303 003e 30       		.byte	0x30
 1304 003f 9F       		.byte	0x9f
ARM GAS  C:\Users\PC\AppData\Local\Temp\ccktR3hl.s 			page 26


 1305 0040 2E000000 		.4byte	.LVL13
 1306 0044 CC000000 		.4byte	.LFE38
 1307 0048 0100     		.2byte	0x1
 1308 004a 55       		.byte	0x55
 1309 004b 00000000 		.4byte	0
 1310 004f 00000000 		.4byte	0
 1311              	.LLST3:
 1312 0053 00000000 		.4byte	.LVL5
 1313 0057 2E000000 		.4byte	.LVL13
 1314 005b 0200     		.2byte	0x2
 1315 005d 30       		.byte	0x30
 1316 005e 9F       		.byte	0x9f
 1317 005f 2E000000 		.4byte	.LVL13
 1318 0063 8C000000 		.4byte	.LVL23
 1319 0067 0100     		.2byte	0x1
 1320 0069 54       		.byte	0x54
 1321 006a 8C000000 		.4byte	.LVL23
 1322 006e 92000000 		.4byte	.LVL24
 1323 0072 0200     		.2byte	0x2
 1324 0074 30       		.byte	0x30
 1325 0075 9F       		.byte	0x9f
 1326 0076 92000000 		.4byte	.LVL24
 1327 007a 94000000 		.4byte	.LVL25
 1328 007e 0100     		.2byte	0x1
 1329 0080 54       		.byte	0x54
 1330 0081 96000000 		.4byte	.LVL26
 1331 0085 CC000000 		.4byte	.LFE38
 1332 0089 0100     		.2byte	0x1
 1333 008b 54       		.byte	0x54
 1334 008c 00000000 		.4byte	0
 1335 0090 00000000 		.4byte	0
 1336              	.LLST4:
 1337 0094 0E000000 		.4byte	.LVL7
 1338 0098 26000000 		.4byte	.LVL10
 1339 009c 0100     		.2byte	0x1
 1340 009e 54       		.byte	0x54
 1341 009f 2A000000 		.4byte	.LVL11
 1342 00a3 2E000000 		.4byte	.LVL13
 1343 00a7 0100     		.2byte	0x1
 1344 00a9 54       		.byte	0x54
 1345 00aa 00000000 		.4byte	0
 1346 00ae 00000000 		.4byte	0
 1347              		.section	.debug_aranges,"",%progbits
 1348 0000 34000000 		.4byte	0x34
 1349 0004 0200     		.2byte	0x2
 1350 0006 00000000 		.4byte	.Ldebug_info0
 1351 000a 04       		.byte	0x4
 1352 000b 00       		.byte	0
 1353 000c 0000     		.2byte	0
 1354 000e 0000     		.2byte	0
 1355 0010 00000000 		.4byte	.LFB37
 1356 0014 24000000 		.4byte	.LFE37-.LFB37
 1357 0018 00000000 		.4byte	.LFB34
 1358 001c 14000000 		.4byte	.LFE34-.LFB34
 1359 0020 00000000 		.4byte	.LFB36
 1360 0024 0C000000 		.4byte	.LFE36-.LFB36
 1361 0028 00000000 		.4byte	.LFB38
ARM GAS  C:\Users\PC\AppData\Local\Temp\ccktR3hl.s 			page 27


 1362 002c CC000000 		.4byte	.LFE38-.LFB38
 1363 0030 00000000 		.4byte	0
 1364 0034 00000000 		.4byte	0
 1365              		.section	.debug_ranges,"",%progbits
 1366              	.Ldebug_ranges0:
 1367 0000 00000000 		.4byte	.LBB4
 1368 0004 02000000 		.4byte	.LBE4
 1369 0008 02000000 		.4byte	.LBB7
 1370 000c 04000000 		.4byte	.LBE7
 1371 0010 00000000 		.4byte	0
 1372 0014 00000000 		.4byte	0
 1373 0018 08000000 		.4byte	.LBB8
 1374 001c 0A000000 		.4byte	.LBE8
 1375 0020 0E000000 		.4byte	.LBB9
 1376 0024 2E000000 		.4byte	.LBE9
 1377 0028 00000000 		.4byte	0
 1378 002c 00000000 		.4byte	0
 1379 0030 00000000 		.4byte	.LFB37
 1380 0034 24000000 		.4byte	.LFE37
 1381 0038 00000000 		.4byte	.LFB34
 1382 003c 14000000 		.4byte	.LFE34
 1383 0040 00000000 		.4byte	.LFB36
 1384 0044 0C000000 		.4byte	.LFE36
 1385 0048 00000000 		.4byte	.LFB38
 1386 004c CC000000 		.4byte	.LFE38
 1387 0050 00000000 		.4byte	0
 1388 0054 00000000 		.4byte	0
 1389              		.section	.debug_line,"",%progbits
 1390              	.Ldebug_line0:
 1391 0000 18010000 		.section	.debug_str,"MS",%progbits,1
 1391      02008800 
 1391      00000201 
 1391      FB0E0D00 
 1391      01010101 
 1392              	.LASF16:
 1393 0000 7072696E 		.ascii	"println\000"
 1393      746C6E00 
 1394              	.LASF27:
 1395 0008 43795379 		.ascii	"CySysTickSetCallback\000"
 1395      73546963 
 1395      6B536574 
 1395      43616C6C 
 1395      6261636B 
 1396              	.LASF15:
 1397 001d 5F537973 		.ascii	"_System\000"
 1397      74656D00 
 1398              	.LASF17:
 1399 0025 53747269 		.ascii	"String\000"
 1399      6E6700
 1400              	.LASF34:
 1401 002c 474E5520 		.ascii	"GNU C11 5.4.1 20160609 (release) [ARM/embedded-5-br"
 1401      43313120 
 1401      352E342E 
 1401      31203230 
 1401      31363036 
 1402 005f 616E6368 		.ascii	"anch revision 237715] -mcpu=cortex-m0plus -mthumb -"
 1402      20726576 
ARM GAS  C:\Users\PC\AppData\Local\Temp\ccktR3hl.s 			page 28


 1402      6973696F 
 1402      6E203233 
 1402      37373135 
 1403 0092 67202D4F 		.ascii	"g -Os -ffunction-sections -ffat-lto-objects\000"
 1403      73202D66 
 1403      66756E63 
 1403      74696F6E 
 1403      2D736563 
 1404              	.LASF26:
 1405 00be 43795379 		.ascii	"CySysTickGetCallback\000"
 1405      73546963 
 1405      6B476574 
 1405      43616C6C 
 1405      6261636B 
 1406              	.LASF20:
 1407 00d3 70726976 		.ascii	"privateSetUp\000"
 1407      61746553 
 1407      65745570 
 1407      00
 1408              	.LASF12:
 1409 00e0 666C6F61 		.ascii	"float\000"
 1409      7400
 1410              	.LASF19:
 1411 00e6 7075626C 		.ascii	"publicSetUp\000"
 1411      69635365 
 1411      74557000 
 1412              	.LASF1:
 1413 00f2 756E7369 		.ascii	"unsigned char\000"
 1413      676E6564 
 1413      20636861 
 1413      7200
 1414              	.LASF29:
 1415 0100 43795379 		.ascii	"CySysTickStart\000"
 1415      73546963 
 1415      6B537461 
 1415      727400
 1416              	.LASF5:
 1417 010f 6C6F6E67 		.ascii	"long unsigned int\000"
 1417      20756E73 
 1417      69676E65 
 1417      6420696E 
 1417      7400
 1418              	.LASF3:
 1419 0121 73686F72 		.ascii	"short unsigned int\000"
 1419      7420756E 
 1419      7369676E 
 1419      65642069 
 1419      6E7400
 1420              	.LASF22:
 1421 0134 73775F46 		.ascii	"sw_Flag\000"
 1421      6C616700 
 1422              	.LASF36:
 1423 013c 433A5C55 		.ascii	"C:\\Users\\PC\\Documents\\PSoC Creator\\yellowChip\\"
 1423      73657273 
 1423      5C50435C 
 1423      446F6375 
 1423      6D656E74 
ARM GAS  C:\Users\PC\AppData\Local\Temp\ccktR3hl.s 			page 29


 1424 016a 5247425F 		.ascii	"RGB_Led.cydsn\000"
 1424      4C65642E 
 1424      63796473 
 1424      6E00
 1425              	.LASF13:
 1426 0178 646F7562 		.ascii	"double\000"
 1426      6C6500
 1427              	.LASF2:
 1428 017f 73686F72 		.ascii	"short int\000"
 1428      7420696E 
 1428      7400
 1429              	.LASF33:
 1430 0189 4C454442 		.ascii	"LEDB_Write\000"
 1430      5F577269 
 1430      746500
 1431              	.LASF14:
 1432 0194 5F4F5554 		.ascii	"_OUT\000"
 1432      00
 1433              	.LASF8:
 1434 0199 756E7369 		.ascii	"unsigned int\000"
 1434      676E6564 
 1434      20696E74 
 1434      00
 1435              	.LASF37:
 1436 01a6 43795379 		.ascii	"CySysTickCallback\000"
 1436      73546963 
 1436      6B43616C 
 1436      6C626163 
 1436      6B00
 1437              	.LASF23:
 1438 01b8 636F756E 		.ascii	"count300ms\000"
 1438      74333030 
 1438      6D7300
 1439              	.LASF7:
 1440 01c3 6C6F6E67 		.ascii	"long long unsigned int\000"
 1440      206C6F6E 
 1440      6720756E 
 1440      7369676E 
 1440      65642069 
 1441              	.LASF38:
 1442 01da 6D61696E 		.ascii	"main\000"
 1442      00
 1443              	.LASF21:
 1444 01df 53797374 		.ascii	"System\000"
 1444      656D00
 1445              	.LASF10:
 1446 01e6 73697A65 		.ascii	"sizetype\000"
 1446      74797065 
 1446      00
 1447              	.LASF28:
 1448 01ef 6D554152 		.ascii	"mUART_Start\000"
 1448      545F5374 
 1448      61727400 
 1449              	.LASF6:
 1450 01fb 6C6F6E67 		.ascii	"long long int\000"
 1450      206C6F6E 
 1450      6720696E 
ARM GAS  C:\Users\PC\AppData\Local\Temp\ccktR3hl.s 			page 30


 1450      7400
 1451              	.LASF35:
 1452 0209 6D61696E 		.ascii	"main.c\000"
 1452      2E6300
 1453              	.LASF11:
 1454 0210 63686172 		.ascii	"char\000"
 1454      00
 1455              	.LASF18:
 1456 0215 73797374 		.ascii	"system\000"
 1456      656D00
 1457              	.LASF25:
 1458 021c 6D554152 		.ascii	"mUART_UartPutString\000"
 1458      545F5561 
 1458      72745075 
 1458      74537472 
 1458      696E6700 
 1459              	.LASF24:
 1460 0230 636F756E 		.ascii	"count400ms\000"
 1460      74343030 
 1460      6D7300
 1461              	.LASF4:
 1462 023b 6C6F6E67 		.ascii	"long int\000"
 1462      20696E74 
 1462      00
 1463              	.LASF31:
 1464 0244 4C454452 		.ascii	"LEDR_Write\000"
 1464      5F577269 
 1464      746500
 1465              	.LASF9:
 1466 024f 6C6F6E67 		.ascii	"long double\000"
 1466      20646F75 
 1466      626C6500 
 1467              	.LASF0:
 1468 025b 7369676E 		.ascii	"signed char\000"
 1468      65642063 
 1468      68617200 
 1469              	.LASF30:
 1470 0267 42555454 		.ascii	"BUTTON_Read\000"
 1470      4F4E5F52 
 1470      65616400 
 1471              	.LASF32:
 1472 0273 4C454447 		.ascii	"LEDG_Write\000"
 1472      5F577269 
 1472      746500
 1473              		.ident	"GCC: (GNU Tools for ARM Embedded Processors) 5.4.1 20160609 (release) [ARM/embedded-5-bran
