ARM GAS  C:\Users\PC\AppData\Local\Temp\ccGFApJd.s 			page 1


   1              		.syntax unified
   2              		.cpu cortex-m0plus
   3              		.fpu softvfp
   4              		.eabi_attribute 20, 1
   5              		.eabi_attribute 21, 1
   6              		.eabi_attribute 23, 3
   7              		.eabi_attribute 24, 1
   8              		.eabi_attribute 25, 1
   9              		.eabi_attribute 26, 1
  10              		.eabi_attribute 30, 4
  11              		.eabi_attribute 34, 0
  12              		.eabi_attribute 18, 4
  13              		.thumb
  14              		.syntax unified
  15              		.file	"cymetadata.c"
  16              		.text
  17              	.Ltext0:
  18              		.cfi_sections	.debug_frame
  19              		.global	cy_meta_chipprotect
  20              		.global	cy_metadata
  21              		.global	cy_meta_flashprotect
  22              		.global	cy_meta_loader
  23              		.section	.cychipprotect,"a",%progbits
  24              		.type	cy_meta_chipprotect, %object
  25              		.size	cy_meta_chipprotect, 1
  26              	cy_meta_chipprotect:
  27 0000 01       		.byte	1
  28              		.section	.cyloadermeta,"a",%progbits
  29              		.type	cy_meta_loader, %object
  30              		.size	cy_meta_loader, 64
  31              	cy_meta_loader:
  32 0000 00       		.byte	0
  33 0001 00       		.byte	0
  34 0002 00       		.byte	0
  35 0003 00       		.byte	0
  36 0004 00       		.byte	0
  37 0005 00       		.byte	0
  38 0006 00       		.byte	0
  39 0007 00       		.byte	0
  40 0008 00       		.byte	0
  41 0009 00       		.byte	0
  42 000a 00       		.byte	0
  43 000b 00       		.byte	0
  44 000c 00       		.byte	0
  45 000d 00       		.byte	0
  46 000e 00       		.byte	0
  47 000f 00       		.byte	0
  48 0010 00       		.byte	0
  49 0011 00       		.byte	0
  50 0012 00       		.byte	0
  51 0013 00       		.byte	0
  52 0014 01       		.byte	1
  53 0015 00       		.byte	0
  54 0016 00       		.byte	0
  55 0017 00       		.byte	0
  56 0018 00       		.byte	0
  57 0019 00       		.byte	0
ARM GAS  C:\Users\PC\AppData\Local\Temp\ccGFApJd.s 			page 2


  58 001a 00       		.byte	0
  59 001b 00       		.byte	0
  60 001c 00       		.byte	0
  61 001d 00       		.byte	0
  62 001e 00       		.byte	0
  63 001f 00       		.byte	0
  64 0020 00       		.byte	0
  65 0021 00       		.byte	0
  66 0022 00       		.byte	0
  67 0023 00       		.byte	0
  68 0024 00       		.byte	0
  69 0025 00       		.byte	0
  70 0026 00       		.byte	0
  71 0027 00       		.byte	0
  72 0028 00       		.byte	0
  73 0029 00       		.byte	0
  74 002a 00       		.byte	0
  75 002b 00       		.byte	0
  76 002c 00       		.byte	0
  77 002d 00       		.byte	0
  78 002e 00       		.byte	0
  79 002f 00       		.byte	0
  80 0030 00       		.byte	0
  81 0031 00       		.byte	0
  82 0032 00       		.byte	0
  83 0033 00       		.byte	0
  84 0034 00       		.byte	0
  85 0035 00       		.byte	0
  86 0036 00       		.byte	0
  87 0037 00       		.byte	0
  88 0038 00       		.byte	0
  89 0039 00       		.byte	0
  90 003a 00       		.byte	0
  91 003b 00       		.byte	0
  92 003c 00       		.byte	0
  93 003d 00       		.byte	0
  94 003e 00       		.byte	0
  95 003f 00       		.byte	0
  96              		.section	.cymeta,"a",%progbits
  97              		.type	cy_metadata, %object
  98              		.size	cy_metadata, 12
  99              	cy_metadata:
 100 0000 00       		.byte	0
 101 0001 02       		.byte	2
 102 0002 19       		.byte	25
 103 0003 0A       		.byte	10
 104 0004 11       		.byte	17
 105 0005 A9       		.byte	-87
 106 0006 00       		.byte	0
 107 0007 01       		.byte	1
 108 0008 00       		.byte	0
 109 0009 00       		.byte	0
 110 000a 00       		.byte	0
 111 000b 00       		.byte	0
 112              		.section	.cyflashprotect,"a",%progbits
 113              		.type	cy_meta_flashprotect, %object
 114              		.size	cy_meta_flashprotect, 32
ARM GAS  C:\Users\PC\AppData\Local\Temp\ccGFApJd.s 			page 3


 115              	cy_meta_flashprotect:
 116 0000 00000000 		.space	32
 116      00000000 
 116      00000000 
 116      00000000 
 116      00000000 
 117              		.text
 118              	.Letext0:
 119              		.file 1 "c:\\program files (x86)\\cypress\\psoc creator\\4.4\\psoc creator\\import\\gnu\\arm\\5.4.
 120              		.file 2 "c:\\program files (x86)\\cypress\\psoc creator\\4.4\\psoc creator\\import\\gnu\\arm\\5.4.
 121              		.file 3 "Generated_Source\\PSoC4\\cymetadata.c"
 122              		.section	.debug_info,"",%progbits
 123              	.Ldebug_info0:
 124 0000 1A010000 		.4byte	0x11a
 125 0004 0400     		.2byte	0x4
 126 0006 00000000 		.4byte	.Ldebug_abbrev0
 127 000a 04       		.byte	0x4
 128 000b 01       		.uleb128 0x1
 129 000c 1E000000 		.4byte	.LASF16
 130 0010 0C       		.byte	0xc
 131 0011 D9000000 		.4byte	.LASF17
 132 0015 7A010000 		.4byte	.LASF18
 133 0019 00000000 		.4byte	.Ldebug_line0
 134 001d 02       		.uleb128 0x2
 135 001e 01       		.byte	0x1
 136 001f 06       		.byte	0x6
 137 0020 CC010000 		.4byte	.LASF0
 138 0024 03       		.uleb128 0x3
 139 0025 00000000 		.4byte	.LASF9
 140 0029 01       		.byte	0x1
 141 002a 1D       		.byte	0x1d
 142 002b 2F000000 		.4byte	0x2f
 143 002f 02       		.uleb128 0x2
 144 0030 01       		.byte	0x1
 145 0031 08       		.byte	0x8
 146 0032 CB000000 		.4byte	.LASF1
 147 0036 02       		.uleb128 0x2
 148 0037 02       		.byte	0x2
 149 0038 05       		.byte	0x5
 150 0039 B9010000 		.4byte	.LASF2
 151 003d 02       		.uleb128 0x2
 152 003e 02       		.byte	0x2
 153 003f 07       		.byte	0x7
 154 0040 0F010000 		.4byte	.LASF3
 155 0044 02       		.uleb128 0x2
 156 0045 04       		.byte	0x4
 157 0046 05       		.byte	0x5
 158 0047 C3010000 		.4byte	.LASF4
 159 004b 02       		.uleb128 0x2
 160 004c 04       		.byte	0x4
 161 004d 07       		.byte	0x7
 162 004e FD000000 		.4byte	.LASF5
 163 0052 02       		.uleb128 0x2
 164 0053 08       		.byte	0x8
 165 0054 05       		.byte	0x5
 166 0055 6C010000 		.4byte	.LASF6
 167 0059 02       		.uleb128 0x2
ARM GAS  C:\Users\PC\AppData\Local\Temp\ccGFApJd.s 			page 4


 168 005a 08       		.byte	0x8
 169 005b 07       		.byte	0x7
 170 005c 2F010000 		.4byte	.LASF7
 171 0060 04       		.uleb128 0x4
 172 0061 04       		.byte	0x4
 173 0062 05       		.byte	0x5
 174 0063 696E7400 		.ascii	"int\000"
 175 0067 02       		.uleb128 0x2
 176 0068 04       		.byte	0x4
 177 0069 07       		.byte	0x7
 178 006a 22010000 		.4byte	.LASF8
 179 006e 03       		.uleb128 0x3
 180 006f 46010000 		.4byte	.LASF10
 181 0073 02       		.byte	0x2
 182 0074 18       		.byte	0x18
 183 0075 24000000 		.4byte	0x24
 184 0079 05       		.uleb128 0x5
 185 007a 90000000 		.4byte	0x90
 186 007e 89000000 		.4byte	0x89
 187 0082 06       		.uleb128 0x6
 188 0083 89000000 		.4byte	0x89
 189 0087 3F       		.byte	0x3f
 190 0088 00       		.byte	0
 191 0089 02       		.uleb128 0x2
 192 008a 04       		.byte	0x4
 193 008b 07       		.byte	0x7
 194 008c 63010000 		.4byte	.LASF11
 195 0090 07       		.uleb128 0x7
 196 0091 6E000000 		.4byte	0x6e
 197 0095 08       		.uleb128 0x8
 198 0096 B0000000 		.4byte	.LASF12
 199 009a 03       		.byte	0x3
 200 009b 1F       		.byte	0x1f
 201 009c A6000000 		.4byte	0xa6
 202 00a0 05       		.uleb128 0x5
 203 00a1 03       		.byte	0x3
 204 00a2 00000000 		.4byte	cy_meta_loader
 205 00a6 07       		.uleb128 0x7
 206 00a7 79000000 		.4byte	0x79
 207 00ab 05       		.uleb128 0x5
 208 00ac 90000000 		.4byte	0x90
 209 00b0 BB000000 		.4byte	0xbb
 210 00b4 06       		.uleb128 0x6
 211 00b5 89000000 		.4byte	0x89
 212 00b9 1F       		.byte	0x1f
 213 00ba 00       		.byte	0
 214 00bb 08       		.uleb128 0x8
 215 00bc 4E010000 		.4byte	.LASF13
 216 00c0 03       		.byte	0x3
 217 00c1 34       		.byte	0x34
 218 00c2 CC000000 		.4byte	0xcc
 219 00c6 05       		.uleb128 0x5
 220 00c7 03       		.byte	0x3
 221 00c8 00000000 		.4byte	cy_meta_flashprotect
 222 00cc 07       		.uleb128 0x7
 223 00cd AB000000 		.4byte	0xab
 224 00d1 05       		.uleb128 0x5
ARM GAS  C:\Users\PC\AppData\Local\Temp\ccGFApJd.s 			page 5


 225 00d2 90000000 		.4byte	0x90
 226 00d6 E1000000 		.4byte	0xe1
 227 00da 06       		.uleb128 0x6
 228 00db 89000000 		.4byte	0x89
 229 00df 0B       		.byte	0xb
 230 00e0 00       		.byte	0
 231 00e1 08       		.uleb128 0x8
 232 00e2 BF000000 		.4byte	.LASF14
 233 00e6 03       		.byte	0x3
 234 00e7 45       		.byte	0x45
 235 00e8 F2000000 		.4byte	0xf2
 236 00ec 05       		.uleb128 0x5
 237 00ed 03       		.byte	0x3
 238 00ee 00000000 		.4byte	cy_metadata
 239 00f2 07       		.uleb128 0x7
 240 00f3 D1000000 		.4byte	0xd1
 241 00f7 05       		.uleb128 0x5
 242 00f8 90000000 		.4byte	0x90
 243 00fc 07010000 		.4byte	0x107
 244 0100 06       		.uleb128 0x6
 245 0101 89000000 		.4byte	0x89
 246 0105 00       		.byte	0
 247 0106 00       		.byte	0
 248 0107 08       		.uleb128 0x8
 249 0108 0A000000 		.4byte	.LASF15
 250 010c 03       		.byte	0x3
 251 010d 54       		.byte	0x54
 252 010e 18010000 		.4byte	0x118
 253 0112 05       		.uleb128 0x5
 254 0113 03       		.byte	0x3
 255 0114 00000000 		.4byte	cy_meta_chipprotect
 256 0118 07       		.uleb128 0x7
 257 0119 F7000000 		.4byte	0xf7
 258 011d 00       		.byte	0
 259              		.section	.debug_abbrev,"",%progbits
 260              	.Ldebug_abbrev0:
 261 0000 01       		.uleb128 0x1
 262 0001 11       		.uleb128 0x11
 263 0002 01       		.byte	0x1
 264 0003 25       		.uleb128 0x25
 265 0004 0E       		.uleb128 0xe
 266 0005 13       		.uleb128 0x13
 267 0006 0B       		.uleb128 0xb
 268 0007 03       		.uleb128 0x3
 269 0008 0E       		.uleb128 0xe
 270 0009 1B       		.uleb128 0x1b
 271 000a 0E       		.uleb128 0xe
 272 000b 10       		.uleb128 0x10
 273 000c 17       		.uleb128 0x17
 274 000d 00       		.byte	0
 275 000e 00       		.byte	0
 276 000f 02       		.uleb128 0x2
 277 0010 24       		.uleb128 0x24
 278 0011 00       		.byte	0
 279 0012 0B       		.uleb128 0xb
 280 0013 0B       		.uleb128 0xb
 281 0014 3E       		.uleb128 0x3e
ARM GAS  C:\Users\PC\AppData\Local\Temp\ccGFApJd.s 			page 6


 282 0015 0B       		.uleb128 0xb
 283 0016 03       		.uleb128 0x3
 284 0017 0E       		.uleb128 0xe
 285 0018 00       		.byte	0
 286 0019 00       		.byte	0
 287 001a 03       		.uleb128 0x3
 288 001b 16       		.uleb128 0x16
 289 001c 00       		.byte	0
 290 001d 03       		.uleb128 0x3
 291 001e 0E       		.uleb128 0xe
 292 001f 3A       		.uleb128 0x3a
 293 0020 0B       		.uleb128 0xb
 294 0021 3B       		.uleb128 0x3b
 295 0022 0B       		.uleb128 0xb
 296 0023 49       		.uleb128 0x49
 297 0024 13       		.uleb128 0x13
 298 0025 00       		.byte	0
 299 0026 00       		.byte	0
 300 0027 04       		.uleb128 0x4
 301 0028 24       		.uleb128 0x24
 302 0029 00       		.byte	0
 303 002a 0B       		.uleb128 0xb
 304 002b 0B       		.uleb128 0xb
 305 002c 3E       		.uleb128 0x3e
 306 002d 0B       		.uleb128 0xb
 307 002e 03       		.uleb128 0x3
 308 002f 08       		.uleb128 0x8
 309 0030 00       		.byte	0
 310 0031 00       		.byte	0
 311 0032 05       		.uleb128 0x5
 312 0033 01       		.uleb128 0x1
 313 0034 01       		.byte	0x1
 314 0035 49       		.uleb128 0x49
 315 0036 13       		.uleb128 0x13
 316 0037 01       		.uleb128 0x1
 317 0038 13       		.uleb128 0x13
 318 0039 00       		.byte	0
 319 003a 00       		.byte	0
 320 003b 06       		.uleb128 0x6
 321 003c 21       		.uleb128 0x21
 322 003d 00       		.byte	0
 323 003e 49       		.uleb128 0x49
 324 003f 13       		.uleb128 0x13
 325 0040 2F       		.uleb128 0x2f
 326 0041 0B       		.uleb128 0xb
 327 0042 00       		.byte	0
 328 0043 00       		.byte	0
 329 0044 07       		.uleb128 0x7
 330 0045 26       		.uleb128 0x26
 331 0046 00       		.byte	0
 332 0047 49       		.uleb128 0x49
 333 0048 13       		.uleb128 0x13
 334 0049 00       		.byte	0
 335 004a 00       		.byte	0
 336 004b 08       		.uleb128 0x8
 337 004c 34       		.uleb128 0x34
 338 004d 00       		.byte	0
ARM GAS  C:\Users\PC\AppData\Local\Temp\ccGFApJd.s 			page 7


 339 004e 03       		.uleb128 0x3
 340 004f 0E       		.uleb128 0xe
 341 0050 3A       		.uleb128 0x3a
 342 0051 0B       		.uleb128 0xb
 343 0052 3B       		.uleb128 0x3b
 344 0053 0B       		.uleb128 0xb
 345 0054 49       		.uleb128 0x49
 346 0055 13       		.uleb128 0x13
 347 0056 3F       		.uleb128 0x3f
 348 0057 19       		.uleb128 0x19
 349 0058 02       		.uleb128 0x2
 350 0059 18       		.uleb128 0x18
 351 005a 00       		.byte	0
 352 005b 00       		.byte	0
 353 005c 00       		.byte	0
 354              		.section	.debug_aranges,"",%progbits
 355 0000 14000000 		.4byte	0x14
 356 0004 0200     		.2byte	0x2
 357 0006 00000000 		.4byte	.Ldebug_info0
 358 000a 04       		.byte	0x4
 359 000b 00       		.byte	0
 360 000c 0000     		.2byte	0
 361 000e 0000     		.2byte	0
 362 0010 00000000 		.4byte	0
 363 0014 00000000 		.4byte	0
 364              		.section	.debug_line,"",%progbits
 365              	.Ldebug_line0:
 366 0000 3D010000 		.section	.debug_str,"MS",%progbits,1
 366      02003701 
 366      00000201 
 366      FB0E0D00 
 366      01010101 
 367              	.LASF9:
 368 0000 5F5F7569 		.ascii	"__uint8_t\000"
 368      6E74385F 
 368      7400
 369              	.LASF15:
 370 000a 63795F6D 		.ascii	"cy_meta_chipprotect\000"
 370      6574615F 
 370      63686970 
 370      70726F74 
 370      65637400 
 371              	.LASF16:
 372 001e 474E5520 		.ascii	"GNU C11 5.4.1 20160609 (release) [ARM/embedded-5-br"
 372      43313120 
 372      352E342E 
 372      31203230 
 372      31363036 
 373 0051 616E6368 		.ascii	"anch revision 237715] -mcpu=cortex-m0plus -mthumb -"
 373      20726576 
 373      6973696F 
 373      6E203233 
 373      37373135 
 374 0084 67202D4F 		.ascii	"g -Os -ffunction-sections -ffat-lto-objects\000"
 374      73202D66 
 374      66756E63 
 374      74696F6E 
ARM GAS  C:\Users\PC\AppData\Local\Temp\ccGFApJd.s 			page 8


 374      2D736563 
 375              	.LASF12:
 376 00b0 63795F6D 		.ascii	"cy_meta_loader\000"
 376      6574615F 
 376      6C6F6164 
 376      657200
 377              	.LASF14:
 378 00bf 63795F6D 		.ascii	"cy_metadata\000"
 378      65746164 
 378      61746100 
 379              	.LASF1:
 380 00cb 756E7369 		.ascii	"unsigned char\000"
 380      676E6564 
 380      20636861 
 380      7200
 381              	.LASF17:
 382 00d9 47656E65 		.ascii	"Generated_Source\\PSoC4\\cymetadata.c\000"
 382      72617465 
 382      645F536F 
 382      75726365 
 382      5C50536F 
 383              	.LASF5:
 384 00fd 6C6F6E67 		.ascii	"long unsigned int\000"
 384      20756E73 
 384      69676E65 
 384      6420696E 
 384      7400
 385              	.LASF3:
 386 010f 73686F72 		.ascii	"short unsigned int\000"
 386      7420756E 
 386      7369676E 
 386      65642069 
 386      6E7400
 387              	.LASF8:
 388 0122 756E7369 		.ascii	"unsigned int\000"
 388      676E6564 
 388      20696E74 
 388      00
 389              	.LASF7:
 390 012f 6C6F6E67 		.ascii	"long long unsigned int\000"
 390      206C6F6E 
 390      6720756E 
 390      7369676E 
 390      65642069 
 391              	.LASF10:
 392 0146 75696E74 		.ascii	"uint8_t\000"
 392      385F7400 
 393              	.LASF13:
 394 014e 63795F6D 		.ascii	"cy_meta_flashprotect\000"
 394      6574615F 
 394      666C6173 
 394      6870726F 
 394      74656374 
 395              	.LASF11:
 396 0163 73697A65 		.ascii	"sizetype\000"
 396      74797065 
 396      00
ARM GAS  C:\Users\PC\AppData\Local\Temp\ccGFApJd.s 			page 9


 397              	.LASF6:
 398 016c 6C6F6E67 		.ascii	"long long int\000"
 398      206C6F6E 
 398      6720696E 
 398      7400
 399              	.LASF18:
 400 017a 433A5C55 		.ascii	"C:\\Users\\PC\\Documents\\PSoC Creator\\yellowChip\\"
 400      73657273 
 400      5C50435C 
 400      446F6375 
 400      6D656E74 
 401 01a8 626F6F74 		.ascii	"bootloader.cydsn\000"
 401      6C6F6164 
 401      65722E63 
 401      7964736E 
 401      00
 402              	.LASF2:
 403 01b9 73686F72 		.ascii	"short int\000"
 403      7420696E 
 403      7400
 404              	.LASF4:
 405 01c3 6C6F6E67 		.ascii	"long int\000"
 405      20696E74 
 405      00
 406              	.LASF0:
 407 01cc 7369676E 		.ascii	"signed char\000"
 407      65642063 
 407      68617200 
 408              		.ident	"GCC: (GNU Tools for ARM Embedded Processors) 5.4.1 20160609 (release) [ARM/embedded-5-bran
