ARM GAS  C:\Users\PC\AppData\Local\Temp\ccfY03oy.s 			page 1


   1              		.syntax unified
   2              		.cpu cortex-m0plus
   3              		.fpu softvfp
   4              		.eabi_attribute 20, 1
   5              		.eabi_attribute 21, 1
   6              		.eabi_attribute 23, 3
   7              		.eabi_attribute 24, 1
   8              		.eabi_attribute 25, 1
   9              		.eabi_attribute 26, 1
  10              		.eabi_attribute 30, 4
  11              		.eabi_attribute 34, 0
  12              		.eabi_attribute 18, 4
  13              		.thumb
  14              		.syntax unified
  15              		.file	"timer.c"
  16              		.text
  17              	.Ltext0:
  18              		.cfi_sections	.debug_frame
  19              		.section	.text.SysTickISRCallback,"ax",%progbits
  20              		.align	1
  21              		.global	SysTickISRCallback
  22              		.code	16
  23              		.thumb_func
  24              		.type	SysTickISRCallback, %function
  25              	SysTickISRCallback:
  26              	.LFB33:
  27              		.file 1 "timer.c"
   1:timer.c       **** /* ========================================
   2:timer.c       ****  *
   3:timer.c       ****  * Copyright YOUR COMPANY, THE YEAR
   4:timer.c       ****  * All Rights Reserved
   5:timer.c       ****  * UNPUBLISHED, LICENSED SOFTWARE.
   6:timer.c       ****  *
   7:timer.c       ****  * CONFIDENTIAL AND PROPRIETARY INFORMATION
   8:timer.c       ****  * WHICH IS THE PROPERTY OF your company.
   9:timer.c       ****  *
  10:timer.c       ****  * ========================================
  11:timer.c       **** */
  12:timer.c       **** 
  13:timer.c       **** #include "timer.h"
  14:timer.c       **** 
  15:timer.c       **** #define TIME_MIN_IN_HR      (60u)
  16:timer.c       **** #define TIME_SEC_IN_MIN     (60u)
  17:timer.c       **** #define TIME_MS_IN_SEC      (1000u)
  18:timer.c       **** 
  19:timer.c       **** void SysTickISRCallback(void) {
  28              		.loc 1 19 0
  29              		.cfi_startproc
  30              		@ args = 0, pretend = 0, frame = 0
  31              		@ frame_needed = 0, uses_anonymous_args = 0
  20:timer.c       ****     static uint32 msCount;
  21:timer.c       **** 
  22:timer.c       ****     /* Counts the number of milliseconds in one second */
  23:timer.c       ****     if(msCount != 0u) {
  32              		.loc 1 23 0
  33 0000 094A     		ldr	r2, .L7
  19:timer.c       ****     static uint32 msCount;
ARM GAS  C:\Users\PC\AppData\Local\Temp\ccfY03oy.s 			page 2


  34              		.loc 1 19 0
  35 0002 10B5     		push	{r4, lr}
  36              		.cfi_def_cfa_offset 8
  37              		.cfi_offset 4, -8
  38              		.cfi_offset 14, -4
  39              		.loc 1 23 0
  40 0004 1368     		ldr	r3, [r2]
  41 0006 002B     		cmp	r3, #0
  42 0008 0AD0     		beq	.L2
  24:timer.c       ****         --msCount;
  43              		.loc 1 24 0
  44 000a 013B     		subs	r3, r3, #1
  45 000c 1360     		str	r3, [r2]
  25:timer.c       ****         //pLed_Write(msCount < 500 ? 1 : 0);
  26:timer.c       ****         if(msCount < 500) pLed_Write(1);
  46              		.loc 1 26 0
  47 000e F422     		movs	r2, #244
  48 0010 FF32     		adds	r2, r2, #255
  49 0012 0120     		movs	r0, #1
  50 0014 9342     		cmp	r3, r2
  51 0016 00D9     		bls	.L5
  27:timer.c       ****         else pLed_Write(0);
  52              		.loc 1 27 0
  53 0018 0020     		movs	r0, #0
  54              	.L5:
  55 001a FFF7FEFF 		bl	pLed_Write
  56              	.LVL0:
  57 001e 01E0     		b	.L1
  58              	.L2:
  28:timer.c       ****     }
  29:timer.c       ****     else {
  30:timer.c       ****         /* Counts from 999 down to 0 */
  31:timer.c       ****         msCount = TIME_MS_IN_SEC - 1u;
  59              		.loc 1 31 0
  60 0020 024B     		ldr	r3, .L7+4
  61 0022 1360     		str	r3, [r2]
  62              	.L1:
  32:timer.c       ****     }
  33:timer.c       **** }
  63              		.loc 1 33 0
  64              		@ sp needed
  65 0024 10BD     		pop	{r4, pc}
  66              	.L8:
  67 0026 C046     		.align	2
  68              	.L7:
  69 0028 00000000 		.word	.LANCHOR0
  70 002c E7030000 		.word	999
  71              		.cfi_endproc
  72              	.LFE33:
  73              		.size	SysTickISRCallback, .-SysTickISRCallback
  74              		.section	.text.initTimer,"ax",%progbits
  75              		.align	1
  76              		.global	initTimer
  77              		.code	16
  78              		.thumb_func
  79              		.type	initTimer, %function
  80              	initTimer:
ARM GAS  C:\Users\PC\AppData\Local\Temp\ccfY03oy.s 			page 3


  81              	.LFB34:
  34:timer.c       **** 
  35:timer.c       **** void initTimer() {
  82              		.loc 1 35 0
  83              		.cfi_startproc
  84              		@ args = 0, pretend = 0, frame = 0
  85              		@ frame_needed = 0, uses_anonymous_args = 0
  86 0000 10B5     		push	{r4, lr}
  87              		.cfi_def_cfa_offset 8
  88              		.cfi_offset 4, -8
  89              		.cfi_offset 14, -4
  36:timer.c       ****     
  37:timer.c       ****     CySysTickStart();
  90              		.loc 1 37 0
  91 0002 FFF7FEFF 		bl	CySysTickStart
  92              	.LVL1:
  93              	.LBB2:
  38:timer.c       **** 
  39:timer.c       ****     /* Find unused callback slot and assign the callback. */
  40:timer.c       ****     for (int i = 0u; i < CY_SYS_SYST_NUM_OF_CALLBACKS; ++i)
  94              		.loc 1 40 0
  95 0006 0024     		movs	r4, #0
  96              	.LVL2:
  97              	.L10:
  98              		.loc 1 40 0 is_stmt 0 discriminator 1
  99 0008 052C     		cmp	r4, #5
 100 000a 0BD0     		beq	.L9
  41:timer.c       ****     {
  42:timer.c       ****         if (CySysTickGetCallback(i) == NULL)
 101              		.loc 1 42 0 is_stmt 1
 102 000c 2000     		movs	r0, r4
 103 000e FFF7FEFF 		bl	CySysTickGetCallback
 104              	.LVL3:
 105 0012 0028     		cmp	r0, #0
 106 0014 04D1     		bne	.L11
  43:timer.c       ****         {
  44:timer.c       ****             /* Set callback */
  45:timer.c       ****             CySysTickSetCallback(i, SysTickISRCallback);
 107              		.loc 1 45 0
 108 0016 0449     		ldr	r1, .L14
 109 0018 2000     		movs	r0, r4
 110 001a FFF7FEFF 		bl	CySysTickSetCallback
 111              	.LVL4:
  46:timer.c       ****             break;
 112              		.loc 1 46 0
 113 001e 01E0     		b	.L9
 114              	.L11:
  40:timer.c       ****     {
 115              		.loc 1 40 0 discriminator 2
 116 0020 0134     		adds	r4, r4, #1
 117              	.LVL5:
 118 0022 F1E7     		b	.L10
 119              	.L9:
 120              	.LBE2:
  47:timer.c       ****         }
  48:timer.c       ****     }
  49:timer.c       **** }
ARM GAS  C:\Users\PC\AppData\Local\Temp\ccfY03oy.s 			page 4


 121              		.loc 1 49 0
 122              		@ sp needed
 123              	.LVL6:
 124 0024 10BD     		pop	{r4, pc}
 125              	.L15:
 126 0026 C046     		.align	2
 127              	.L14:
 128 0028 00000000 		.word	SysTickISRCallback
 129              		.cfi_endproc
 130              	.LFE34:
 131              		.size	initTimer, .-initTimer
 132              		.bss
 133              		.align	2
 134              		.set	.LANCHOR0,. + 0
 135              		.type	msCount.5506, %object
 136              		.size	msCount.5506, 4
 137              	msCount.5506:
 138 0000 00000000 		.space	4
 139              		.text
 140              	.Letext0:
 141              		.file 2 "Generated_Source\\PSoC4/pLed.h"
 142              		.file 3 "Generated_Source\\PSoC4/CyLib.h"
 143              		.file 4 "Generated_Source\\PSoC4/cytypes.h"
 144              		.section	.debug_info,"",%progbits
 145              	.Ldebug_info0:
 146 0000 5D010000 		.4byte	0x15d
 147 0004 0400     		.2byte	0x4
 148 0006 00000000 		.4byte	.Ldebug_abbrev0
 149 000a 04       		.byte	0x4
 150 000b 01       		.uleb128 0x1
 151 000c 4B010000 		.4byte	.LASF19
 152 0010 0C       		.byte	0xc
 153 0011 E6010000 		.4byte	.LASF20
 154 0015 22000000 		.4byte	.LASF21
 155 0019 00000000 		.4byte	.Ldebug_ranges0+0
 156 001d 00000000 		.4byte	0
 157 0021 00000000 		.4byte	.Ldebug_line0
 158 0025 02       		.uleb128 0x2
 159 0026 01       		.byte	0x1
 160 0027 06       		.byte	0x6
 161 0028 02010000 		.4byte	.LASF0
 162 002c 02       		.uleb128 0x2
 163 002d 01       		.byte	0x1
 164 002e 08       		.byte	0x8
 165 002f B9000000 		.4byte	.LASF1
 166 0033 02       		.uleb128 0x2
 167 0034 02       		.byte	0x2
 168 0035 05       		.byte	0x5
 169 0036 41010000 		.4byte	.LASF2
 170 003a 02       		.uleb128 0x2
 171 003b 02       		.byte	0x2
 172 003c 07       		.byte	0x7
 173 003d EF000000 		.4byte	.LASF3
 174 0041 02       		.uleb128 0x2
 175 0042 04       		.byte	0x4
 176 0043 05       		.byte	0x5
 177 0044 CC000000 		.4byte	.LASF4
ARM GAS  C:\Users\PC\AppData\Local\Temp\ccfY03oy.s 			page 5


 178 0048 02       		.uleb128 0x2
 179 0049 04       		.byte	0x4
 180 004a 07       		.byte	0x7
 181 004b 70000000 		.4byte	.LASF5
 182 004f 02       		.uleb128 0x2
 183 0050 08       		.byte	0x8
 184 0051 05       		.byte	0x5
 185 0052 00000000 		.4byte	.LASF6
 186 0056 02       		.uleb128 0x2
 187 0057 08       		.byte	0x8
 188 0058 07       		.byte	0x7
 189 0059 8D000000 		.4byte	.LASF7
 190 005d 03       		.uleb128 0x3
 191 005e 04       		.byte	0x4
 192 005f 05       		.byte	0x5
 193 0060 696E7400 		.ascii	"int\000"
 194 0064 02       		.uleb128 0x2
 195 0065 04       		.byte	0x4
 196 0066 07       		.byte	0x7
 197 0067 15000000 		.4byte	.LASF8
 198 006b 04       		.uleb128 0x4
 199 006c 0E000000 		.4byte	.LASF22
 200 0070 04       		.byte	0x4
 201 0071 FD01     		.2byte	0x1fd
 202 0073 48000000 		.4byte	0x48
 203 0077 02       		.uleb128 0x2
 204 0078 04       		.byte	0x4
 205 0079 04       		.byte	0x4
 206 007a B3000000 		.4byte	.LASF9
 207 007e 02       		.uleb128 0x2
 208 007f 08       		.byte	0x8
 209 0080 04       		.byte	0x4
 210 0081 D5000000 		.4byte	.LASF10
 211 0085 02       		.uleb128 0x2
 212 0086 01       		.byte	0x1
 213 0087 08       		.byte	0x8
 214 0088 C7000000 		.4byte	.LASF11
 215 008c 02       		.uleb128 0x2
 216 008d 08       		.byte	0x8
 217 008e 04       		.byte	0x4
 218 008f 35010000 		.4byte	.LASF12
 219 0093 02       		.uleb128 0x2
 220 0094 04       		.byte	0x4
 221 0095 07       		.byte	0x7
 222 0096 DD010000 		.4byte	.LASF13
 223 009a 05       		.uleb128 0x5
 224 009b DC000000 		.4byte	.LASF23
 225 009f 01       		.byte	0x1
 226 00a0 13       		.byte	0x13
 227 00a1 00000000 		.4byte	.LFB33
 228 00a5 30000000 		.4byte	.LFE33-.LFB33
 229 00a9 01       		.uleb128 0x1
 230 00aa 9C       		.byte	0x9c
 231 00ab CA000000 		.4byte	0xca
 232 00af 06       		.uleb128 0x6
 233 00b0 18010000 		.4byte	.LASF14
 234 00b4 01       		.byte	0x1
ARM GAS  C:\Users\PC\AppData\Local\Temp\ccfY03oy.s 			page 6


 235 00b5 14       		.byte	0x14
 236 00b6 6B000000 		.4byte	0x6b
 237 00ba 05       		.uleb128 0x5
 238 00bb 03       		.byte	0x3
 239 00bc 00000000 		.4byte	msCount.5506
 240 00c0 07       		.uleb128 0x7
 241 00c1 1E000000 		.4byte	.LVL0
 242 00c5 31010000 		.4byte	0x131
 243 00c9 00       		.byte	0
 244 00ca 08       		.uleb128 0x8
 245 00cb 0E010000 		.4byte	.LASF24
 246 00cf 01       		.byte	0x1
 247 00d0 23       		.byte	0x23
 248 00d1 00000000 		.4byte	.LFB34
 249 00d5 2C000000 		.4byte	.LFE34-.LFB34
 250 00d9 01       		.uleb128 0x1
 251 00da 9C       		.byte	0x9c
 252 00db 31010000 		.4byte	0x131
 253 00df 09       		.uleb128 0x9
 254 00e0 06000000 		.4byte	.LBB2
 255 00e4 1E000000 		.4byte	.LBE2-.LBB2
 256 00e8 27010000 		.4byte	0x127
 257 00ec 0A       		.uleb128 0xa
 258 00ed 6900     		.ascii	"i\000"
 259 00ef 01       		.byte	0x1
 260 00f0 28       		.byte	0x28
 261 00f1 5D000000 		.4byte	0x5d
 262 00f5 00000000 		.4byte	.LLST0
 263 00f9 0B       		.uleb128 0xb
 264 00fa 12000000 		.4byte	.LVL3
 265 00fe 3C010000 		.4byte	0x13c
 266 0102 0D010000 		.4byte	0x10d
 267 0106 0C       		.uleb128 0xc
 268 0107 01       		.uleb128 0x1
 269 0108 50       		.byte	0x50
 270 0109 02       		.uleb128 0x2
 271 010a 74       		.byte	0x74
 272 010b 00       		.sleb128 0
 273 010c 00       		.byte	0
 274 010d 0D       		.uleb128 0xd
 275 010e 1E000000 		.4byte	.LVL4
 276 0112 48010000 		.4byte	0x148
 277 0116 0C       		.uleb128 0xc
 278 0117 01       		.uleb128 0x1
 279 0118 50       		.byte	0x50
 280 0119 02       		.uleb128 0x2
 281 011a 74       		.byte	0x74
 282 011b 00       		.sleb128 0
 283 011c 0C       		.uleb128 0xc
 284 011d 01       		.uleb128 0x1
 285 011e 51       		.byte	0x51
 286 011f 05       		.uleb128 0x5
 287 0120 03       		.byte	0x3
 288 0121 00000000 		.4byte	SysTickISRCallback
 289 0125 00       		.byte	0
 290 0126 00       		.byte	0
 291 0127 07       		.uleb128 0x7
ARM GAS  C:\Users\PC\AppData\Local\Temp\ccfY03oy.s 			page 7


 292 0128 06000000 		.4byte	.LVL1
 293 012c 54010000 		.4byte	0x154
 294 0130 00       		.byte	0
 295 0131 0E       		.uleb128 0xe
 296 0132 82000000 		.4byte	.LASF15
 297 0136 82000000 		.4byte	.LASF15
 298 013a 02       		.byte	0x2
 299 013b 33       		.byte	0x33
 300 013c 0F       		.uleb128 0xf
 301 013d 20010000 		.4byte	.LASF16
 302 0141 20010000 		.4byte	.LASF16
 303 0145 03       		.byte	0x3
 304 0146 1401     		.2byte	0x114
 305 0148 0F       		.uleb128 0xf
 306 0149 5B000000 		.4byte	.LASF17
 307 014d 5B000000 		.4byte	.LASF17
 308 0151 03       		.byte	0x3
 309 0152 1301     		.2byte	0x113
 310 0154 0F       		.uleb128 0xf
 311 0155 A4000000 		.4byte	.LASF18
 312 0159 A4000000 		.4byte	.LASF18
 313 015d 03       		.byte	0x3
 314 015e 0A01     		.2byte	0x10a
 315 0160 00       		.byte	0
 316              		.section	.debug_abbrev,"",%progbits
 317              	.Ldebug_abbrev0:
 318 0000 01       		.uleb128 0x1
 319 0001 11       		.uleb128 0x11
 320 0002 01       		.byte	0x1
 321 0003 25       		.uleb128 0x25
 322 0004 0E       		.uleb128 0xe
 323 0005 13       		.uleb128 0x13
 324 0006 0B       		.uleb128 0xb
 325 0007 03       		.uleb128 0x3
 326 0008 0E       		.uleb128 0xe
 327 0009 1B       		.uleb128 0x1b
 328 000a 0E       		.uleb128 0xe
 329 000b 55       		.uleb128 0x55
 330 000c 17       		.uleb128 0x17
 331 000d 11       		.uleb128 0x11
 332 000e 01       		.uleb128 0x1
 333 000f 10       		.uleb128 0x10
 334 0010 17       		.uleb128 0x17
 335 0011 00       		.byte	0
 336 0012 00       		.byte	0
 337 0013 02       		.uleb128 0x2
 338 0014 24       		.uleb128 0x24
 339 0015 00       		.byte	0
 340 0016 0B       		.uleb128 0xb
 341 0017 0B       		.uleb128 0xb
 342 0018 3E       		.uleb128 0x3e
 343 0019 0B       		.uleb128 0xb
 344 001a 03       		.uleb128 0x3
 345 001b 0E       		.uleb128 0xe
 346 001c 00       		.byte	0
 347 001d 00       		.byte	0
 348 001e 03       		.uleb128 0x3
ARM GAS  C:\Users\PC\AppData\Local\Temp\ccfY03oy.s 			page 8


 349 001f 24       		.uleb128 0x24
 350 0020 00       		.byte	0
 351 0021 0B       		.uleb128 0xb
 352 0022 0B       		.uleb128 0xb
 353 0023 3E       		.uleb128 0x3e
 354 0024 0B       		.uleb128 0xb
 355 0025 03       		.uleb128 0x3
 356 0026 08       		.uleb128 0x8
 357 0027 00       		.byte	0
 358 0028 00       		.byte	0
 359 0029 04       		.uleb128 0x4
 360 002a 16       		.uleb128 0x16
 361 002b 00       		.byte	0
 362 002c 03       		.uleb128 0x3
 363 002d 0E       		.uleb128 0xe
 364 002e 3A       		.uleb128 0x3a
 365 002f 0B       		.uleb128 0xb
 366 0030 3B       		.uleb128 0x3b
 367 0031 05       		.uleb128 0x5
 368 0032 49       		.uleb128 0x49
 369 0033 13       		.uleb128 0x13
 370 0034 00       		.byte	0
 371 0035 00       		.byte	0
 372 0036 05       		.uleb128 0x5
 373 0037 2E       		.uleb128 0x2e
 374 0038 01       		.byte	0x1
 375 0039 3F       		.uleb128 0x3f
 376 003a 19       		.uleb128 0x19
 377 003b 03       		.uleb128 0x3
 378 003c 0E       		.uleb128 0xe
 379 003d 3A       		.uleb128 0x3a
 380 003e 0B       		.uleb128 0xb
 381 003f 3B       		.uleb128 0x3b
 382 0040 0B       		.uleb128 0xb
 383 0041 27       		.uleb128 0x27
 384 0042 19       		.uleb128 0x19
 385 0043 11       		.uleb128 0x11
 386 0044 01       		.uleb128 0x1
 387 0045 12       		.uleb128 0x12
 388 0046 06       		.uleb128 0x6
 389 0047 40       		.uleb128 0x40
 390 0048 18       		.uleb128 0x18
 391 0049 9742     		.uleb128 0x2117
 392 004b 19       		.uleb128 0x19
 393 004c 01       		.uleb128 0x1
 394 004d 13       		.uleb128 0x13
 395 004e 00       		.byte	0
 396 004f 00       		.byte	0
 397 0050 06       		.uleb128 0x6
 398 0051 34       		.uleb128 0x34
 399 0052 00       		.byte	0
 400 0053 03       		.uleb128 0x3
 401 0054 0E       		.uleb128 0xe
 402 0055 3A       		.uleb128 0x3a
 403 0056 0B       		.uleb128 0xb
 404 0057 3B       		.uleb128 0x3b
 405 0058 0B       		.uleb128 0xb
ARM GAS  C:\Users\PC\AppData\Local\Temp\ccfY03oy.s 			page 9


 406 0059 49       		.uleb128 0x49
 407 005a 13       		.uleb128 0x13
 408 005b 02       		.uleb128 0x2
 409 005c 18       		.uleb128 0x18
 410 005d 00       		.byte	0
 411 005e 00       		.byte	0
 412 005f 07       		.uleb128 0x7
 413 0060 898201   		.uleb128 0x4109
 414 0063 00       		.byte	0
 415 0064 11       		.uleb128 0x11
 416 0065 01       		.uleb128 0x1
 417 0066 31       		.uleb128 0x31
 418 0067 13       		.uleb128 0x13
 419 0068 00       		.byte	0
 420 0069 00       		.byte	0
 421 006a 08       		.uleb128 0x8
 422 006b 2E       		.uleb128 0x2e
 423 006c 01       		.byte	0x1
 424 006d 3F       		.uleb128 0x3f
 425 006e 19       		.uleb128 0x19
 426 006f 03       		.uleb128 0x3
 427 0070 0E       		.uleb128 0xe
 428 0071 3A       		.uleb128 0x3a
 429 0072 0B       		.uleb128 0xb
 430 0073 3B       		.uleb128 0x3b
 431 0074 0B       		.uleb128 0xb
 432 0075 11       		.uleb128 0x11
 433 0076 01       		.uleb128 0x1
 434 0077 12       		.uleb128 0x12
 435 0078 06       		.uleb128 0x6
 436 0079 40       		.uleb128 0x40
 437 007a 18       		.uleb128 0x18
 438 007b 9742     		.uleb128 0x2117
 439 007d 19       		.uleb128 0x19
 440 007e 01       		.uleb128 0x1
 441 007f 13       		.uleb128 0x13
 442 0080 00       		.byte	0
 443 0081 00       		.byte	0
 444 0082 09       		.uleb128 0x9
 445 0083 0B       		.uleb128 0xb
 446 0084 01       		.byte	0x1
 447 0085 11       		.uleb128 0x11
 448 0086 01       		.uleb128 0x1
 449 0087 12       		.uleb128 0x12
 450 0088 06       		.uleb128 0x6
 451 0089 01       		.uleb128 0x1
 452 008a 13       		.uleb128 0x13
 453 008b 00       		.byte	0
 454 008c 00       		.byte	0
 455 008d 0A       		.uleb128 0xa
 456 008e 34       		.uleb128 0x34
 457 008f 00       		.byte	0
 458 0090 03       		.uleb128 0x3
 459 0091 08       		.uleb128 0x8
 460 0092 3A       		.uleb128 0x3a
 461 0093 0B       		.uleb128 0xb
 462 0094 3B       		.uleb128 0x3b
ARM GAS  C:\Users\PC\AppData\Local\Temp\ccfY03oy.s 			page 10


 463 0095 0B       		.uleb128 0xb
 464 0096 49       		.uleb128 0x49
 465 0097 13       		.uleb128 0x13
 466 0098 02       		.uleb128 0x2
 467 0099 17       		.uleb128 0x17
 468 009a 00       		.byte	0
 469 009b 00       		.byte	0
 470 009c 0B       		.uleb128 0xb
 471 009d 898201   		.uleb128 0x4109
 472 00a0 01       		.byte	0x1
 473 00a1 11       		.uleb128 0x11
 474 00a2 01       		.uleb128 0x1
 475 00a3 31       		.uleb128 0x31
 476 00a4 13       		.uleb128 0x13
 477 00a5 01       		.uleb128 0x1
 478 00a6 13       		.uleb128 0x13
 479 00a7 00       		.byte	0
 480 00a8 00       		.byte	0
 481 00a9 0C       		.uleb128 0xc
 482 00aa 8A8201   		.uleb128 0x410a
 483 00ad 00       		.byte	0
 484 00ae 02       		.uleb128 0x2
 485 00af 18       		.uleb128 0x18
 486 00b0 9142     		.uleb128 0x2111
 487 00b2 18       		.uleb128 0x18
 488 00b3 00       		.byte	0
 489 00b4 00       		.byte	0
 490 00b5 0D       		.uleb128 0xd
 491 00b6 898201   		.uleb128 0x4109
 492 00b9 01       		.byte	0x1
 493 00ba 11       		.uleb128 0x11
 494 00bb 01       		.uleb128 0x1
 495 00bc 31       		.uleb128 0x31
 496 00bd 13       		.uleb128 0x13
 497 00be 00       		.byte	0
 498 00bf 00       		.byte	0
 499 00c0 0E       		.uleb128 0xe
 500 00c1 2E       		.uleb128 0x2e
 501 00c2 00       		.byte	0
 502 00c3 3F       		.uleb128 0x3f
 503 00c4 19       		.uleb128 0x19
 504 00c5 3C       		.uleb128 0x3c
 505 00c6 19       		.uleb128 0x19
 506 00c7 6E       		.uleb128 0x6e
 507 00c8 0E       		.uleb128 0xe
 508 00c9 03       		.uleb128 0x3
 509 00ca 0E       		.uleb128 0xe
 510 00cb 3A       		.uleb128 0x3a
 511 00cc 0B       		.uleb128 0xb
 512 00cd 3B       		.uleb128 0x3b
 513 00ce 0B       		.uleb128 0xb
 514 00cf 00       		.byte	0
 515 00d0 00       		.byte	0
 516 00d1 0F       		.uleb128 0xf
 517 00d2 2E       		.uleb128 0x2e
 518 00d3 00       		.byte	0
 519 00d4 3F       		.uleb128 0x3f
ARM GAS  C:\Users\PC\AppData\Local\Temp\ccfY03oy.s 			page 11


 520 00d5 19       		.uleb128 0x19
 521 00d6 3C       		.uleb128 0x3c
 522 00d7 19       		.uleb128 0x19
 523 00d8 6E       		.uleb128 0x6e
 524 00d9 0E       		.uleb128 0xe
 525 00da 03       		.uleb128 0x3
 526 00db 0E       		.uleb128 0xe
 527 00dc 3A       		.uleb128 0x3a
 528 00dd 0B       		.uleb128 0xb
 529 00de 3B       		.uleb128 0x3b
 530 00df 05       		.uleb128 0x5
 531 00e0 00       		.byte	0
 532 00e1 00       		.byte	0
 533 00e2 00       		.byte	0
 534              		.section	.debug_loc,"",%progbits
 535              	.Ldebug_loc0:
 536              	.LLST0:
 537 0000 06000000 		.4byte	.LVL1
 538 0004 08000000 		.4byte	.LVL2
 539 0008 0200     		.2byte	0x2
 540 000a 30       		.byte	0x30
 541 000b 9F       		.byte	0x9f
 542 000c 08000000 		.4byte	.LVL2
 543 0010 24000000 		.4byte	.LVL6
 544 0014 0100     		.2byte	0x1
 545 0016 54       		.byte	0x54
 546 0017 00000000 		.4byte	0
 547 001b 00000000 		.4byte	0
 548              		.section	.debug_aranges,"",%progbits
 549 0000 24000000 		.4byte	0x24
 550 0004 0200     		.2byte	0x2
 551 0006 00000000 		.4byte	.Ldebug_info0
 552 000a 04       		.byte	0x4
 553 000b 00       		.byte	0
 554 000c 0000     		.2byte	0
 555 000e 0000     		.2byte	0
 556 0010 00000000 		.4byte	.LFB33
 557 0014 30000000 		.4byte	.LFE33-.LFB33
 558 0018 00000000 		.4byte	.LFB34
 559 001c 2C000000 		.4byte	.LFE34-.LFB34
 560 0020 00000000 		.4byte	0
 561 0024 00000000 		.4byte	0
 562              		.section	.debug_ranges,"",%progbits
 563              	.Ldebug_ranges0:
 564 0000 00000000 		.4byte	.LFB33
 565 0004 30000000 		.4byte	.LFE33
 566 0008 00000000 		.4byte	.LFB34
 567 000c 2C000000 		.4byte	.LFE34
 568 0010 00000000 		.4byte	0
 569 0014 00000000 		.4byte	0
 570              		.section	.debug_line,"",%progbits
 571              	.Ldebug_line0:
 572 0000 99000000 		.section	.debug_str,"MS",%progbits,1
 572      02005700 
 572      00000201 
 572      FB0E0D00 
 572      01010101 
ARM GAS  C:\Users\PC\AppData\Local\Temp\ccfY03oy.s 			page 12


 573              	.LASF6:
 574 0000 6C6F6E67 		.ascii	"long long int\000"
 574      206C6F6E 
 574      6720696E 
 574      7400
 575              	.LASF22:
 576 000e 75696E74 		.ascii	"uint32\000"
 576      333200
 577              	.LASF8:
 578 0015 756E7369 		.ascii	"unsigned int\000"
 578      676E6564 
 578      20696E74 
 578      00
 579              	.LASF21:
 580 0022 433A5C55 		.ascii	"C:\\Users\\PC\\Documents\\PSoC Creator\\yellowChip\\"
 580      73657273 
 580      5C50435C 
 580      446F6375 
 580      6D656E74 
 581 0050 4F6C6564 		.ascii	"Oled.cydsn\000"
 581      2E637964 
 581      736E00
 582              	.LASF17:
 583 005b 43795379 		.ascii	"CySysTickSetCallback\000"
 583      73546963 
 583      6B536574 
 583      43616C6C 
 583      6261636B 
 584              	.LASF5:
 585 0070 6C6F6E67 		.ascii	"long unsigned int\000"
 585      20756E73 
 585      69676E65 
 585      6420696E 
 585      7400
 586              	.LASF15:
 587 0082 704C6564 		.ascii	"pLed_Write\000"
 587      5F577269 
 587      746500
 588              	.LASF7:
 589 008d 6C6F6E67 		.ascii	"long long unsigned int\000"
 589      206C6F6E 
 589      6720756E 
 589      7369676E 
 589      65642069 
 590              	.LASF18:
 591 00a4 43795379 		.ascii	"CySysTickStart\000"
 591      73546963 
 591      6B537461 
 591      727400
 592              	.LASF9:
 593 00b3 666C6F61 		.ascii	"float\000"
 593      7400
 594              	.LASF1:
 595 00b9 756E7369 		.ascii	"unsigned char\000"
 595      676E6564 
 595      20636861 
 595      7200
ARM GAS  C:\Users\PC\AppData\Local\Temp\ccfY03oy.s 			page 13


 596              	.LASF11:
 597 00c7 63686172 		.ascii	"char\000"
 597      00
 598              	.LASF4:
 599 00cc 6C6F6E67 		.ascii	"long int\000"
 599      20696E74 
 599      00
 600              	.LASF10:
 601 00d5 646F7562 		.ascii	"double\000"
 601      6C6500
 602              	.LASF23:
 603 00dc 53797354 		.ascii	"SysTickISRCallback\000"
 603      69636B49 
 603      53524361 
 603      6C6C6261 
 603      636B00
 604              	.LASF3:
 605 00ef 73686F72 		.ascii	"short unsigned int\000"
 605      7420756E 
 605      7369676E 
 605      65642069 
 605      6E7400
 606              	.LASF0:
 607 0102 7369676E 		.ascii	"signed char\000"
 607      65642063 
 607      68617200 
 608              	.LASF24:
 609 010e 696E6974 		.ascii	"initTimer\000"
 609      54696D65 
 609      7200
 610              	.LASF14:
 611 0118 6D73436F 		.ascii	"msCount\000"
 611      756E7400 
 612              	.LASF16:
 613 0120 43795379 		.ascii	"CySysTickGetCallback\000"
 613      73546963 
 613      6B476574 
 613      43616C6C 
 613      6261636B 
 614              	.LASF12:
 615 0135 6C6F6E67 		.ascii	"long double\000"
 615      20646F75 
 615      626C6500 
 616              	.LASF2:
 617 0141 73686F72 		.ascii	"short int\000"
 617      7420696E 
 617      7400
 618              	.LASF19:
 619 014b 474E5520 		.ascii	"GNU C11 5.4.1 20160609 (release) [ARM/embedded-5-br"
 619      43313120 
 619      352E342E 
 619      31203230 
 619      31363036 
 620 017e 616E6368 		.ascii	"anch revision 237715] -mcpu=cortex-m0plus -mthumb -"
 620      20726576 
 620      6973696F 
 620      6E203233 
ARM GAS  C:\Users\PC\AppData\Local\Temp\ccfY03oy.s 			page 14


 620      37373135 
 621 01b1 67202D4F 		.ascii	"g -Os -ffunction-sections -ffat-lto-objects\000"
 621      73202D66 
 621      66756E63 
 621      74696F6E 
 621      2D736563 
 622              	.LASF13:
 623 01dd 73697A65 		.ascii	"sizetype\000"
 623      74797065 
 623      00
 624              	.LASF20:
 625 01e6 74696D65 		.ascii	"timer.c\000"
 625      722E6300 
 626              		.ident	"GCC: (GNU Tools for ARM Embedded Processors) 5.4.1 20160609 (release) [ARM/embedded-5-bran
