ARM GAS  C:\Users\PC\AppData\Local\Temp\ccGkdlUB.s 			page 1


   1              		.syntax unified
   2              		.cpu cortex-m0plus
   3              		.fpu softvfp
   4              		.eabi_attribute 20, 1
   5              		.eabi_attribute 21, 1
   6              		.eabi_attribute 23, 3
   7              		.eabi_attribute 24, 1
   8              		.eabi_attribute 25, 1
   9              		.eabi_attribute 26, 1
  10              		.eabi_attribute 30, 1
  11              		.eabi_attribute 34, 0
  12              		.eabi_attribute 18, 4
  13              		.thumb
  14              		.syntax unified
  15              		.file	"cyfitter_cfg.c"
  16              		.text
  17              	.Ltext0:
  18              		.cfi_sections	.debug_frame
  19              		.section	.psocinit,"ax",%progbits
  20              		.align	2
  21              		.code	16
  22              		.thumb_func
  23              		.type	ClockSetup, %function
  24              	ClockSetup:
  25              	.LFB4:
  26              		.file 1 "Generated_Source\\PSoC4\\cyfitter_cfg.c"
   1:Generated_Source\PSoC4/cyfitter_cfg.c **** 
   2:Generated_Source\PSoC4/cyfitter_cfg.c **** /*******************************************************************************
   3:Generated_Source\PSoC4/cyfitter_cfg.c **** * File Name: cyfitter_cfg.c
   4:Generated_Source\PSoC4/cyfitter_cfg.c **** * 
   5:Generated_Source\PSoC4/cyfitter_cfg.c **** * PSoC Creator  4.4
   6:Generated_Source\PSoC4/cyfitter_cfg.c **** *
   7:Generated_Source\PSoC4/cyfitter_cfg.c **** * Description:
   8:Generated_Source\PSoC4/cyfitter_cfg.c **** * This file contains device initialization code.
   9:Generated_Source\PSoC4/cyfitter_cfg.c **** * Except for the user defined sections in CyClockStartupError(), this file should not be modified.
  10:Generated_Source\PSoC4/cyfitter_cfg.c **** * This file is automatically generated by PSoC Creator.
  11:Generated_Source\PSoC4/cyfitter_cfg.c **** *
  12:Generated_Source\PSoC4/cyfitter_cfg.c **** ********************************************************************************
  13:Generated_Source\PSoC4/cyfitter_cfg.c **** * Copyright (c) 2007-2020 Cypress Semiconductor.  All rights reserved.
  14:Generated_Source\PSoC4/cyfitter_cfg.c **** * You may use this file only in accordance with the license, terms, conditions, 
  15:Generated_Source\PSoC4/cyfitter_cfg.c **** * disclaimers, and limitations in the end user license agreement accompanying 
  16:Generated_Source\PSoC4/cyfitter_cfg.c **** * the software package with which this file was provided.
  17:Generated_Source\PSoC4/cyfitter_cfg.c **** ********************************************************************************/
  18:Generated_Source\PSoC4/cyfitter_cfg.c **** 
  19:Generated_Source\PSoC4/cyfitter_cfg.c **** #include <string.h>
  20:Generated_Source\PSoC4/cyfitter_cfg.c **** #include "cytypes.h"
  21:Generated_Source\PSoC4/cyfitter_cfg.c **** #include "cydevice_trm.h"
  22:Generated_Source\PSoC4/cyfitter_cfg.c **** #include "cyfitter.h"
  23:Generated_Source\PSoC4/cyfitter_cfg.c **** #include "CyLib.h"
  24:Generated_Source\PSoC4/cyfitter_cfg.c **** #include "cyfitter_cfg.h"
  25:Generated_Source\PSoC4/cyfitter_cfg.c **** #include "cyapicallbacks.h"
  26:Generated_Source\PSoC4/cyfitter_cfg.c **** 
  27:Generated_Source\PSoC4/cyfitter_cfg.c **** 
  28:Generated_Source\PSoC4/cyfitter_cfg.c **** #if defined(__GNUC__) || defined(__ARMCC_VERSION)
  29:Generated_Source\PSoC4/cyfitter_cfg.c ****     #define CYPACKED 
  30:Generated_Source\PSoC4/cyfitter_cfg.c ****     #define CYPACKED_ATTR __attribute__ ((packed))
  31:Generated_Source\PSoC4/cyfitter_cfg.c ****     #define CYALIGNED __attribute__ ((aligned))
ARM GAS  C:\Users\PC\AppData\Local\Temp\ccGkdlUB.s 			page 2


  32:Generated_Source\PSoC4/cyfitter_cfg.c ****     #define CY_CFG_UNUSED __attribute__ ((unused))
  33:Generated_Source\PSoC4/cyfitter_cfg.c ****     #ifndef CY_CFG_SECTION
  34:Generated_Source\PSoC4/cyfitter_cfg.c ****         #define CY_CFG_SECTION __attribute__ ((section(".psocinit")))
  35:Generated_Source\PSoC4/cyfitter_cfg.c ****     #endif
  36:Generated_Source\PSoC4/cyfitter_cfg.c ****     
  37:Generated_Source\PSoC4/cyfitter_cfg.c ****     #if defined(__ARMCC_VERSION)
  38:Generated_Source\PSoC4/cyfitter_cfg.c ****         #define CY_CFG_MEMORY_BARRIER() __memory_changed()
  39:Generated_Source\PSoC4/cyfitter_cfg.c ****     #else
  40:Generated_Source\PSoC4/cyfitter_cfg.c ****         #define CY_CFG_MEMORY_BARRIER() __sync_synchronize()
  41:Generated_Source\PSoC4/cyfitter_cfg.c ****     #endif
  42:Generated_Source\PSoC4/cyfitter_cfg.c ****     
  43:Generated_Source\PSoC4/cyfitter_cfg.c **** #elif defined(__ICCARM__)
  44:Generated_Source\PSoC4/cyfitter_cfg.c ****     #include <intrinsics.h>
  45:Generated_Source\PSoC4/cyfitter_cfg.c **** 
  46:Generated_Source\PSoC4/cyfitter_cfg.c ****     #define CYPACKED __packed
  47:Generated_Source\PSoC4/cyfitter_cfg.c ****     #define CYPACKED_ATTR 
  48:Generated_Source\PSoC4/cyfitter_cfg.c ****     #define CYALIGNED _Pragma("data_alignment=4")
  49:Generated_Source\PSoC4/cyfitter_cfg.c ****     #define CY_CFG_UNUSED _Pragma("diag_suppress=Pe177")
  50:Generated_Source\PSoC4/cyfitter_cfg.c ****     #define CY_CFG_SECTION _Pragma("location=\".psocinit\"")
  51:Generated_Source\PSoC4/cyfitter_cfg.c ****     
  52:Generated_Source\PSoC4/cyfitter_cfg.c ****     #define CY_CFG_MEMORY_BARRIER() __DMB()
  53:Generated_Source\PSoC4/cyfitter_cfg.c ****     
  54:Generated_Source\PSoC4/cyfitter_cfg.c **** #else
  55:Generated_Source\PSoC4/cyfitter_cfg.c ****     #error Unsupported toolchain
  56:Generated_Source\PSoC4/cyfitter_cfg.c **** #endif
  57:Generated_Source\PSoC4/cyfitter_cfg.c **** 
  58:Generated_Source\PSoC4/cyfitter_cfg.c **** #ifndef CYCODE
  59:Generated_Source\PSoC4/cyfitter_cfg.c ****     #define CYCODE
  60:Generated_Source\PSoC4/cyfitter_cfg.c **** #endif
  61:Generated_Source\PSoC4/cyfitter_cfg.c **** #ifndef CYDATA
  62:Generated_Source\PSoC4/cyfitter_cfg.c ****     #define CYDATA
  63:Generated_Source\PSoC4/cyfitter_cfg.c **** #endif
  64:Generated_Source\PSoC4/cyfitter_cfg.c **** #ifndef CYFAR
  65:Generated_Source\PSoC4/cyfitter_cfg.c ****     #define CYFAR
  66:Generated_Source\PSoC4/cyfitter_cfg.c **** #endif
  67:Generated_Source\PSoC4/cyfitter_cfg.c **** #ifndef CYXDATA
  68:Generated_Source\PSoC4/cyfitter_cfg.c ****     #define CYXDATA
  69:Generated_Source\PSoC4/cyfitter_cfg.c **** #endif
  70:Generated_Source\PSoC4/cyfitter_cfg.c **** 
  71:Generated_Source\PSoC4/cyfitter_cfg.c **** 
  72:Generated_Source\PSoC4/cyfitter_cfg.c **** CY_CFG_UNUSED
  73:Generated_Source\PSoC4/cyfitter_cfg.c **** static void CYMEMZERO(void *s, size_t n);
  74:Generated_Source\PSoC4/cyfitter_cfg.c **** CY_CFG_UNUSED
  75:Generated_Source\PSoC4/cyfitter_cfg.c **** static void CYMEMZERO(void *s, size_t n)
  76:Generated_Source\PSoC4/cyfitter_cfg.c **** {
  77:Generated_Source\PSoC4/cyfitter_cfg.c **** 	(void)memset(s, 0, n);
  78:Generated_Source\PSoC4/cyfitter_cfg.c **** }
  79:Generated_Source\PSoC4/cyfitter_cfg.c **** CY_CFG_UNUSED
  80:Generated_Source\PSoC4/cyfitter_cfg.c **** static void CYCONFIGCPY(void *dest, const void *src, size_t n);
  81:Generated_Source\PSoC4/cyfitter_cfg.c **** CY_CFG_UNUSED
  82:Generated_Source\PSoC4/cyfitter_cfg.c **** static void CYCONFIGCPY(void *dest, const void *src, size_t n)
  83:Generated_Source\PSoC4/cyfitter_cfg.c **** {
  84:Generated_Source\PSoC4/cyfitter_cfg.c **** 	(void)memcpy(dest, src, n);
  85:Generated_Source\PSoC4/cyfitter_cfg.c **** }
  86:Generated_Source\PSoC4/cyfitter_cfg.c **** CY_CFG_UNUSED
  87:Generated_Source\PSoC4/cyfitter_cfg.c **** static void CYCONFIGCPYCODE(void *dest, const void *src, size_t n);
  88:Generated_Source\PSoC4/cyfitter_cfg.c **** CY_CFG_UNUSED
ARM GAS  C:\Users\PC\AppData\Local\Temp\ccGkdlUB.s 			page 3


  89:Generated_Source\PSoC4/cyfitter_cfg.c **** static void CYCONFIGCPYCODE(void *dest, const void *src, size_t n)
  90:Generated_Source\PSoC4/cyfitter_cfg.c **** {
  91:Generated_Source\PSoC4/cyfitter_cfg.c **** 	(void)memcpy(dest, src, n);
  92:Generated_Source\PSoC4/cyfitter_cfg.c **** }
  93:Generated_Source\PSoC4/cyfitter_cfg.c **** 
  94:Generated_Source\PSoC4/cyfitter_cfg.c **** 
  95:Generated_Source\PSoC4/cyfitter_cfg.c **** 
  96:Generated_Source\PSoC4/cyfitter_cfg.c **** 
  97:Generated_Source\PSoC4/cyfitter_cfg.c **** /* Clock startup error codes                                                   */
  98:Generated_Source\PSoC4/cyfitter_cfg.c **** #define CYCLOCKSTART_NO_ERROR    0u
  99:Generated_Source\PSoC4/cyfitter_cfg.c **** #define CYCLOCKSTART_XTAL_ERROR  1u
 100:Generated_Source\PSoC4/cyfitter_cfg.c **** #define CYCLOCKSTART_32KHZ_ERROR 2u
 101:Generated_Source\PSoC4/cyfitter_cfg.c **** #define CYCLOCKSTART_PLL_ERROR   3u
 102:Generated_Source\PSoC4/cyfitter_cfg.c **** #define CYCLOCKSTART_FLL_ERROR   4u
 103:Generated_Source\PSoC4/cyfitter_cfg.c **** #define CYCLOCKSTART_WCO_ERROR   5u
 104:Generated_Source\PSoC4/cyfitter_cfg.c **** 
 105:Generated_Source\PSoC4/cyfitter_cfg.c **** 
 106:Generated_Source\PSoC4/cyfitter_cfg.c **** #ifdef CY_NEED_CYCLOCKSTARTUPERROR
 107:Generated_Source\PSoC4/cyfitter_cfg.c **** /*******************************************************************************
 108:Generated_Source\PSoC4/cyfitter_cfg.c **** * Function Name: CyClockStartupError
 109:Generated_Source\PSoC4/cyfitter_cfg.c **** ********************************************************************************
 110:Generated_Source\PSoC4/cyfitter_cfg.c **** * Summary:
 111:Generated_Source\PSoC4/cyfitter_cfg.c **** *  If an error is encountered during clock configuration (crystal startup error,
 112:Generated_Source\PSoC4/cyfitter_cfg.c **** *  PLL lock error, etc.), the system will end up here.  Unless reimplemented by
 113:Generated_Source\PSoC4/cyfitter_cfg.c **** *  the customer, this function will stop in an infinite loop.
 114:Generated_Source\PSoC4/cyfitter_cfg.c **** *
 115:Generated_Source\PSoC4/cyfitter_cfg.c **** * Parameters:
 116:Generated_Source\PSoC4/cyfitter_cfg.c **** *   void
 117:Generated_Source\PSoC4/cyfitter_cfg.c **** *
 118:Generated_Source\PSoC4/cyfitter_cfg.c **** * Return:
 119:Generated_Source\PSoC4/cyfitter_cfg.c **** *   void
 120:Generated_Source\PSoC4/cyfitter_cfg.c **** *
 121:Generated_Source\PSoC4/cyfitter_cfg.c **** *******************************************************************************/
 122:Generated_Source\PSoC4/cyfitter_cfg.c **** CY_CFG_UNUSED
 123:Generated_Source\PSoC4/cyfitter_cfg.c **** static void CyClockStartupError(uint8 errorCode);
 124:Generated_Source\PSoC4/cyfitter_cfg.c **** CY_CFG_UNUSED
 125:Generated_Source\PSoC4/cyfitter_cfg.c **** static void CyClockStartupError(uint8 errorCode)
 126:Generated_Source\PSoC4/cyfitter_cfg.c **** {
 127:Generated_Source\PSoC4/cyfitter_cfg.c ****     /* To remove the compiler warning if errorCode not used.                */
 128:Generated_Source\PSoC4/cyfitter_cfg.c ****     errorCode = errorCode;
 129:Generated_Source\PSoC4/cyfitter_cfg.c **** 
 130:Generated_Source\PSoC4/cyfitter_cfg.c ****     /* If we have a clock startup error (bad MHz crystal, PLL lock, etc.),  */
 131:Generated_Source\PSoC4/cyfitter_cfg.c ****     /* we will end up here to allow the customer to implement something to  */
 132:Generated_Source\PSoC4/cyfitter_cfg.c ****     /* deal with the clock condition.                                       */
 133:Generated_Source\PSoC4/cyfitter_cfg.c **** 
 134:Generated_Source\PSoC4/cyfitter_cfg.c **** #ifdef CY_CFG_CLOCK_STARTUP_ERROR_CALLBACK
 135:Generated_Source\PSoC4/cyfitter_cfg.c ****     CY_CFG_Clock_Startup_ErrorCallback();
 136:Generated_Source\PSoC4/cyfitter_cfg.c **** #else
 137:Generated_Source\PSoC4/cyfitter_cfg.c ****     /*  If not using CY_CFG_CLOCK_STARTUP_ERROR_CALLBACK, place your clock startup code here. */
 138:Generated_Source\PSoC4/cyfitter_cfg.c ****     /* `#START CyClockStartupError` */
 139:Generated_Source\PSoC4/cyfitter_cfg.c **** 
 140:Generated_Source\PSoC4/cyfitter_cfg.c **** 
 141:Generated_Source\PSoC4/cyfitter_cfg.c **** 
 142:Generated_Source\PSoC4/cyfitter_cfg.c ****     /* `#END` */
 143:Generated_Source\PSoC4/cyfitter_cfg.c **** 
 144:Generated_Source\PSoC4/cyfitter_cfg.c ****     while(1) {}
 145:Generated_Source\PSoC4/cyfitter_cfg.c **** #endif /* CY_CFG_CLOCK_STARTUP_ERROR_CALLBACK */
ARM GAS  C:\Users\PC\AppData\Local\Temp\ccGkdlUB.s 			page 4


 146:Generated_Source\PSoC4/cyfitter_cfg.c **** }
 147:Generated_Source\PSoC4/cyfitter_cfg.c **** #endif
 148:Generated_Source\PSoC4/cyfitter_cfg.c **** 
 149:Generated_Source\PSoC4/cyfitter_cfg.c **** 
 150:Generated_Source\PSoC4/cyfitter_cfg.c **** 
 151:Generated_Source\PSoC4/cyfitter_cfg.c **** /*******************************************************************************
 152:Generated_Source\PSoC4/cyfitter_cfg.c **** * Function Name: ClockSetup
 153:Generated_Source\PSoC4/cyfitter_cfg.c **** ********************************************************************************
 154:Generated_Source\PSoC4/cyfitter_cfg.c **** *
 155:Generated_Source\PSoC4/cyfitter_cfg.c **** * Summary:
 156:Generated_Source\PSoC4/cyfitter_cfg.c **** *   Performs the initialization of all of the clocks in the device based on the
 157:Generated_Source\PSoC4/cyfitter_cfg.c **** *   settings in the Clock tab of the DWR.  This includes enabling the requested
 158:Generated_Source\PSoC4/cyfitter_cfg.c **** *   clocks and setting the necessary dividers to produce the desired frequency. 
 159:Generated_Source\PSoC4/cyfitter_cfg.c **** *
 160:Generated_Source\PSoC4/cyfitter_cfg.c **** * Parameters:
 161:Generated_Source\PSoC4/cyfitter_cfg.c **** *   void
 162:Generated_Source\PSoC4/cyfitter_cfg.c **** *
 163:Generated_Source\PSoC4/cyfitter_cfg.c **** * Return:
 164:Generated_Source\PSoC4/cyfitter_cfg.c **** *   void
 165:Generated_Source\PSoC4/cyfitter_cfg.c **** *
 166:Generated_Source\PSoC4/cyfitter_cfg.c **** *******************************************************************************/
 167:Generated_Source\PSoC4/cyfitter_cfg.c **** static void ClockSetup(void);
 168:Generated_Source\PSoC4/cyfitter_cfg.c **** CY_CFG_SECTION
 169:Generated_Source\PSoC4/cyfitter_cfg.c **** static void ClockSetup(void)
 170:Generated_Source\PSoC4/cyfitter_cfg.c **** {
  27              		.loc 1 170 0
  28              		.cfi_startproc
  29              		@ args = 0, pretend = 0, frame = 0
  30              		@ frame_needed = 0, uses_anonymous_args = 0
  31 0000 10B5     		push	{r4, lr}
  32              		.cfi_def_cfa_offset 8
  33              		.cfi_offset 4, -8
  34              		.cfi_offset 14, -4
 171:Generated_Source\PSoC4/cyfitter_cfg.c **** 
 172:Generated_Source\PSoC4/cyfitter_cfg.c **** 	/* Set Flash Cycles based on max possible frequency in case a glitch occurs during ClockSetup(). *
 173:Generated_Source\PSoC4/cyfitter_cfg.c **** 	CY_SET_REG32((void CYXDATA *)(CYREG_CPUSS_FLASH_CTL), (0x0012u));
  35              		.loc 1 173 0
  36 0002 0F4C     		ldr	r4, .L2
  37 0004 1223     		movs	r3, #18
  38 0006 2360     		str	r3, [r4]
 174:Generated_Source\PSoC4/cyfitter_cfg.c **** 	/* Update IMO to new clock speed. */
 175:Generated_Source\PSoC4/cyfitter_cfg.c **** 	CySysClkWriteImoFreq(24u);
  39              		.loc 1 175 0
  40 0008 1820     		movs	r0, #24
  41 000a FFF7FEFF 		bl	CySysClkWriteImoFreq
  42              	.LVL0:
 176:Generated_Source\PSoC4/cyfitter_cfg.c **** 
 177:Generated_Source\PSoC4/cyfitter_cfg.c **** 	/* Setup phase aligned clocks */
 178:Generated_Source\PSoC4/cyfitter_cfg.c **** 	CY_SET_REG32((void *)CYREG_PERI_DIV_16_CTL1, 0x00001700u);
  43              		.loc 1 178 0
  44 000e B822     		movs	r2, #184
  45 0010 5201     		lsls	r2, r2, #5
  46 0012 0C4B     		ldr	r3, .L2+4
  47 0014 1A60     		str	r2, [r3]
 179:Generated_Source\PSoC4/cyfitter_cfg.c **** 	CY_SET_REG32((void *)CYREG_PERI_DIV_CMD, 0x8000FF41u);
  48              		.loc 1 179 0
  49 0016 0C4B     		ldr	r3, .L2+8
ARM GAS  C:\Users\PC\AppData\Local\Temp\ccGkdlUB.s 			page 5


  50 0018 0C4A     		ldr	r2, .L2+12
  51 001a 1A60     		str	r2, [r3]
 180:Generated_Source\PSoC4/cyfitter_cfg.c **** 	CY_SET_REG32((void *)CYREG_PERI_DIV_16_CTL0, 0x00001000u);
  52              		.loc 1 180 0
  53 001c 8021     		movs	r1, #128
  54 001e 4901     		lsls	r1, r1, #5
  55 0020 0B4A     		ldr	r2, .L2+16
  56 0022 1160     		str	r1, [r2]
 181:Generated_Source\PSoC4/cyfitter_cfg.c **** 	CY_SET_REG32((void *)CYREG_PERI_DIV_CMD, 0x8000FF40u);
  57              		.loc 1 181 0
  58 0024 0B4A     		ldr	r2, .L2+20
  59 0026 1A60     		str	r2, [r3]
 182:Generated_Source\PSoC4/cyfitter_cfg.c **** 
 183:Generated_Source\PSoC4/cyfitter_cfg.c **** 	/* CYDEV_CLK_SELECT Starting address: CYDEV_CLK_SELECT */
 184:Generated_Source\PSoC4/cyfitter_cfg.c **** 	CY_SET_REG32((void *)(CYREG_CLK_SELECT), 0x00000000u);
  60              		.loc 1 184 0
  61 0028 0022     		movs	r2, #0
  62 002a 0B4B     		ldr	r3, .L2+24
  63 002c 1A60     		str	r2, [r3]
 185:Generated_Source\PSoC4/cyfitter_cfg.c **** 
 186:Generated_Source\PSoC4/cyfitter_cfg.c **** 	/* CYDEV_PERI_PCLK_CTL7 Starting address: CYDEV_PERI_PCLK_CTL7 */
 187:Generated_Source\PSoC4/cyfitter_cfg.c **** 	CY_SET_REG32((void *)(CYREG_PERI_PCLK_CTL7), 0x00000041u);
  64              		.loc 1 187 0
  65 002e 4132     		adds	r2, r2, #65
  66 0030 0A4B     		ldr	r3, .L2+28
  67 0032 1A60     		str	r2, [r3]
 188:Generated_Source\PSoC4/cyfitter_cfg.c **** 
 189:Generated_Source\PSoC4/cyfitter_cfg.c **** 	/* CYDEV_PERI_PCLK_CTL0 Starting address: CYDEV_PERI_PCLK_CTL0 */
 190:Generated_Source\PSoC4/cyfitter_cfg.c **** 	CY_SET_REG32((void *)(CYREG_PERI_PCLK_CTL0), 0x00000040u);
  68              		.loc 1 190 0
  69 0034 013A     		subs	r2, r2, #1
  70 0036 0A4B     		ldr	r3, .L2+32
  71 0038 1A60     		str	r2, [r3]
 191:Generated_Source\PSoC4/cyfitter_cfg.c **** 
 192:Generated_Source\PSoC4/cyfitter_cfg.c **** 	/* Set Flash Cycles based on newly configured 24.00MHz HFCLK. */
 193:Generated_Source\PSoC4/cyfitter_cfg.c **** 	CY_SET_REG32((void CYXDATA *)(CYREG_CPUSS_FLASH_CTL), (0x0011u));
  72              		.loc 1 193 0
  73 003a 1123     		movs	r3, #17
  74 003c 2360     		str	r3, [r4]
 194:Generated_Source\PSoC4/cyfitter_cfg.c **** }
  75              		.loc 1 194 0
  76              		@ sp needed
  77 003e 10BD     		pop	{r4, pc}
  78              	.L3:
  79              		.align	2
  80              	.L2:
  81 0040 30001040 		.word	1074790448
  82 0044 04030140 		.word	1073808132
  83 0048 00000140 		.word	1073807360
  84 004c 41FF0080 		.word	-2147418303
  85 0050 00030140 		.word	1073808128
  86 0054 40FF0080 		.word	-2147418304
  87 0058 28000340 		.word	1073938472
  88 005c 1C010140 		.word	1073807644
  89 0060 00010140 		.word	1073807616
  90              		.cfi_endproc
  91              	.LFE4:
ARM GAS  C:\Users\PC\AppData\Local\Temp\ccGkdlUB.s 			page 6


  92              		.size	ClockSetup, .-ClockSetup
  93              		.align	2
  94              		.global	cyfitter_cfg
  95              		.code	16
  96              		.thumb_func
  97              		.type	cyfitter_cfg, %function
  98              	cyfitter_cfg:
  99              	.LFB6:
 195:Generated_Source\PSoC4/cyfitter_cfg.c **** 
 196:Generated_Source\PSoC4/cyfitter_cfg.c **** 
 197:Generated_Source\PSoC4/cyfitter_cfg.c **** /* Analog API Functions */
 198:Generated_Source\PSoC4/cyfitter_cfg.c **** 
 199:Generated_Source\PSoC4/cyfitter_cfg.c **** 
 200:Generated_Source\PSoC4/cyfitter_cfg.c **** /*******************************************************************************
 201:Generated_Source\PSoC4/cyfitter_cfg.c **** * Function Name: AnalogSetDefault
 202:Generated_Source\PSoC4/cyfitter_cfg.c **** ********************************************************************************
 203:Generated_Source\PSoC4/cyfitter_cfg.c **** *
 204:Generated_Source\PSoC4/cyfitter_cfg.c **** * Summary:
 205:Generated_Source\PSoC4/cyfitter_cfg.c **** *  Sets up the analog portions of the chip to default values based on chip
 206:Generated_Source\PSoC4/cyfitter_cfg.c **** *  configuration options from the project.
 207:Generated_Source\PSoC4/cyfitter_cfg.c **** *
 208:Generated_Source\PSoC4/cyfitter_cfg.c **** * Parameters:
 209:Generated_Source\PSoC4/cyfitter_cfg.c **** *  void
 210:Generated_Source\PSoC4/cyfitter_cfg.c **** *
 211:Generated_Source\PSoC4/cyfitter_cfg.c **** * Return:
 212:Generated_Source\PSoC4/cyfitter_cfg.c **** *  void
 213:Generated_Source\PSoC4/cyfitter_cfg.c **** *
 214:Generated_Source\PSoC4/cyfitter_cfg.c **** *******************************************************************************/
 215:Generated_Source\PSoC4/cyfitter_cfg.c **** static void AnalogSetDefault(void);
 216:Generated_Source\PSoC4/cyfitter_cfg.c **** static void AnalogSetDefault(void)
 217:Generated_Source\PSoC4/cyfitter_cfg.c **** {
 218:Generated_Source\PSoC4/cyfitter_cfg.c **** }
 219:Generated_Source\PSoC4/cyfitter_cfg.c **** 
 220:Generated_Source\PSoC4/cyfitter_cfg.c **** 
 221:Generated_Source\PSoC4/cyfitter_cfg.c **** 
 222:Generated_Source\PSoC4/cyfitter_cfg.c **** 
 223:Generated_Source\PSoC4/cyfitter_cfg.c **** /*******************************************************************************
 224:Generated_Source\PSoC4/cyfitter_cfg.c **** * Function Name: cyfitter_cfg
 225:Generated_Source\PSoC4/cyfitter_cfg.c **** ********************************************************************************
 226:Generated_Source\PSoC4/cyfitter_cfg.c **** * Summary:
 227:Generated_Source\PSoC4/cyfitter_cfg.c **** *  This function is called by the start-up code for the selected device. It
 228:Generated_Source\PSoC4/cyfitter_cfg.c **** *  performs all of the necessary device configuration based on the design
 229:Generated_Source\PSoC4/cyfitter_cfg.c **** *  settings.  This includes settings from the Design Wide Resources (DWR) such
 230:Generated_Source\PSoC4/cyfitter_cfg.c **** *  as Clocks and Pins as well as any component configuration that is necessary.
 231:Generated_Source\PSoC4/cyfitter_cfg.c **** *
 232:Generated_Source\PSoC4/cyfitter_cfg.c **** * Parameters:
 233:Generated_Source\PSoC4/cyfitter_cfg.c **** *   void
 234:Generated_Source\PSoC4/cyfitter_cfg.c **** *
 235:Generated_Source\PSoC4/cyfitter_cfg.c **** * Return:
 236:Generated_Source\PSoC4/cyfitter_cfg.c **** *   void
 237:Generated_Source\PSoC4/cyfitter_cfg.c **** *
 238:Generated_Source\PSoC4/cyfitter_cfg.c **** *******************************************************************************/
 239:Generated_Source\PSoC4/cyfitter_cfg.c **** CY_CFG_SECTION
 240:Generated_Source\PSoC4/cyfitter_cfg.c **** void cyfitter_cfg(void)
 241:Generated_Source\PSoC4/cyfitter_cfg.c **** {
 100              		.loc 1 241 0
 101              		.cfi_startproc
ARM GAS  C:\Users\PC\AppData\Local\Temp\ccGkdlUB.s 			page 7


 102              		@ args = 0, pretend = 0, frame = 0
 103              		@ frame_needed = 0, uses_anonymous_args = 0
 104 0064 10B5     		push	{r4, lr}
 105              		.cfi_def_cfa_offset 8
 106              		.cfi_offset 4, -8
 107              		.cfi_offset 14, -4
 242:Generated_Source\PSoC4/cyfitter_cfg.c **** 	/* Disable interrupts by default. Let user enable if/when they want. */
 243:Generated_Source\PSoC4/cyfitter_cfg.c **** 	CyGlobalIntDisable;
 108              		.loc 1 243 0
 109              		.syntax divided
 110              	@ 243 "Generated_Source\PSoC4\cyfitter_cfg.c" 1
 111 0066 72B6     		CPSID   i
 112              	@ 0 "" 2
 244:Generated_Source\PSoC4/cyfitter_cfg.c **** 
 245:Generated_Source\PSoC4/cyfitter_cfg.c **** 	{
 246:Generated_Source\PSoC4/cyfitter_cfg.c **** 		/* HSIOM Starting address: CYDEV_HSIOM_BASE */
 247:Generated_Source\PSoC4/cyfitter_cfg.c **** 		CY_SET_REG32((void *)(CYREG_HSIOM_PORT_SEL2), 0x00000008u);
 113              		.loc 1 247 0
 114              		.thumb
 115              		.syntax unified
 116 0068 0822     		movs	r2, #8
 117 006a 0F4B     		ldr	r3, .L5
 118 006c 1A60     		str	r2, [r3]
 248:Generated_Source\PSoC4/cyfitter_cfg.c **** 		CY_SET_REG32((void *)(CYREG_HSIOM_PORT_SEL3), 0x0000EE00u);
 119              		.loc 1 248 0
 120 006e EE22     		movs	r2, #238
 121 0070 1202     		lsls	r2, r2, #8
 122 0072 0E4B     		ldr	r3, .L5+4
 123 0074 1A60     		str	r2, [r3]
 249:Generated_Source\PSoC4/cyfitter_cfg.c **** 		CY_SET_REG32((void *)(CYREG_HSIOM_PORT_SEL4), 0x00000099u);
 124              		.loc 1 249 0
 125 0076 9922     		movs	r2, #153
 126 0078 0D4B     		ldr	r3, .L5+8
 127 007a 1A60     		str	r2, [r3]
 250:Generated_Source\PSoC4/cyfitter_cfg.c **** 
 251:Generated_Source\PSoC4/cyfitter_cfg.c **** 	}
 252:Generated_Source\PSoC4/cyfitter_cfg.c **** 
 253:Generated_Source\PSoC4/cyfitter_cfg.c **** 	/* Perform second pass device configuration. These items must be configured in specific order afte
 254:Generated_Source\PSoC4/cyfitter_cfg.c **** 	/* IOPINS0_2 Starting address: CYDEV_GPIO_PRT2_BASE */
 255:Generated_Source\PSoC4/cyfitter_cfg.c **** 	CY_SET_REG32((void *)(CYDEV_GPIO_PRT2_BASE), 0x00000001u);
 128              		.loc 1 255 0
 129 007c 983A     		subs	r2, r2, #152
 130 007e 0D4B     		ldr	r3, .L5+12
 131 0080 1A60     		str	r2, [r3]
 256:Generated_Source\PSoC4/cyfitter_cfg.c **** 	CY_SET_REG32((void *)(CYREG_GPIO_PRT2_PC), 0x00000006u);
 132              		.loc 1 256 0
 133 0082 0532     		adds	r2, r2, #5
 134 0084 0C4B     		ldr	r3, .L5+16
 135 0086 1A60     		str	r2, [r3]
 257:Generated_Source\PSoC4/cyfitter_cfg.c **** 
 258:Generated_Source\PSoC4/cyfitter_cfg.c **** 	/* IOPINS0_3 Starting address: CYDEV_GPIO_PRT3_BASE */
 259:Generated_Source\PSoC4/cyfitter_cfg.c **** 	CY_SET_REG32((void *)(CYREG_GPIO_PRT3_PC), 0x00000D80u);
 136              		.loc 1 259 0
 137 0088 D822     		movs	r2, #216
 138 008a 1201     		lsls	r2, r2, #4
 139 008c 0B4B     		ldr	r3, .L5+20
 140 008e 1A60     		str	r2, [r3]
ARM GAS  C:\Users\PC\AppData\Local\Temp\ccGkdlUB.s 			page 8


 260:Generated_Source\PSoC4/cyfitter_cfg.c **** 
 261:Generated_Source\PSoC4/cyfitter_cfg.c **** 	/* IOPINS0_4 Starting address: CYDEV_GPIO_PRT4_BASE */
 262:Generated_Source\PSoC4/cyfitter_cfg.c **** 	CY_SET_REG32((void *)(CYDEV_GPIO_PRT4_BASE), 0x00000002u);
 141              		.loc 1 262 0
 142 0090 0223     		movs	r3, #2
 143 0092 0B4A     		ldr	r2, .L5+24
 144 0094 1360     		str	r3, [r2]
 263:Generated_Source\PSoC4/cyfitter_cfg.c **** 	CY_SET_REG32((void *)(CYREG_GPIO_PRT4_PC), 0x00000031u);
 145              		.loc 1 263 0
 146 0096 3121     		movs	r1, #49
 147 0098 0A4A     		ldr	r2, .L5+28
 148 009a 1160     		str	r1, [r2]
 264:Generated_Source\PSoC4/cyfitter_cfg.c **** 	CY_SET_REG32((void *)(CYREG_GPIO_PRT4_PC2), 0x00000002u);
 149              		.loc 1 264 0
 150 009c 0A4A     		ldr	r2, .L5+32
 151 009e 1360     		str	r3, [r2]
 265:Generated_Source\PSoC4/cyfitter_cfg.c **** 
 266:Generated_Source\PSoC4/cyfitter_cfg.c **** 
 267:Generated_Source\PSoC4/cyfitter_cfg.c **** 	/* Setup clocks based on selections from Clock DWR */
 268:Generated_Source\PSoC4/cyfitter_cfg.c **** 	ClockSetup();
 152              		.loc 1 268 0
 153 00a0 FFF7AEFF 		bl	ClockSetup
 154              	.LVL1:
 269:Generated_Source\PSoC4/cyfitter_cfg.c **** 
 270:Generated_Source\PSoC4/cyfitter_cfg.c **** 	/* Perform basic analog initialization to defaults */
 271:Generated_Source\PSoC4/cyfitter_cfg.c **** 	AnalogSetDefault();
 272:Generated_Source\PSoC4/cyfitter_cfg.c **** 
 273:Generated_Source\PSoC4/cyfitter_cfg.c **** }
 155              		.loc 1 273 0
 156              		@ sp needed
 157 00a4 10BD     		pop	{r4, pc}
 158              	.L6:
 159 00a6 C046     		.align	2
 160              	.L5:
 161 00a8 00020240 		.word	1073873408
 162 00ac 00030240 		.word	1073873664
 163 00b0 00040240 		.word	1073873920
 164 00b4 00020440 		.word	1074004480
 165 00b8 08020440 		.word	1074004488
 166 00bc 08030440 		.word	1074004744
 167 00c0 00040440 		.word	1074004992
 168 00c4 08040440 		.word	1074005000
 169 00c8 18040440 		.word	1074005016
 170              		.cfi_endproc
 171              	.LFE6:
 172              		.size	cyfitter_cfg, .-cyfitter_cfg
 173              		.text
 174              	.Letext0:
 175              		.file 2 "Generated_Source\\PSoC4\\cytypes.h"
 176              		.file 3 "Generated_Source\\PSoC4\\CyLib.h"
 177              		.section	.debug_info,"",%progbits
 178              	.Ldebug_info0:
 179 0000 F7000000 		.4byte	0xf7
 180 0004 0400     		.2byte	0x4
 181 0006 00000000 		.4byte	.Ldebug_abbrev0
 182 000a 04       		.byte	0x4
 183 000b 01       		.uleb128 0x1
ARM GAS  C:\Users\PC\AppData\Local\Temp\ccGkdlUB.s 			page 9


 184 000c 3D010000 		.4byte	.LASF16
 185 0010 0C       		.byte	0xc
 186 0011 15000000 		.4byte	.LASF17
 187 0015 EC000000 		.4byte	.LASF18
 188 0019 00000000 		.4byte	.Ldebug_ranges0+0
 189 001d 00000000 		.4byte	0
 190 0021 00000000 		.4byte	.Ldebug_line0
 191 0025 02       		.uleb128 0x2
 192 0026 04       		.byte	0x4
 193 0027 05       		.byte	0x5
 194 0028 696E7400 		.ascii	"int\000"
 195 002c 03       		.uleb128 0x3
 196 002d 04       		.byte	0x4
 197 002e 07       		.byte	0x7
 198 002f 3B000000 		.4byte	.LASF0
 199 0033 03       		.uleb128 0x3
 200 0034 08       		.byte	0x8
 201 0035 05       		.byte	0x5
 202 0036 00000000 		.4byte	.LASF1
 203 003a 03       		.uleb128 0x3
 204 003b 08       		.byte	0x8
 205 003c 04       		.byte	0x4
 206 003d 27010000 		.4byte	.LASF2
 207 0041 03       		.uleb128 0x3
 208 0042 01       		.byte	0x1
 209 0043 06       		.byte	0x6
 210 0044 E0000000 		.4byte	.LASF3
 211 0048 03       		.uleb128 0x3
 212 0049 01       		.byte	0x1
 213 004a 08       		.byte	0x8
 214 004b 99000000 		.4byte	.LASF4
 215 004f 03       		.uleb128 0x3
 216 0050 02       		.byte	0x2
 217 0051 05       		.byte	0x5
 218 0052 33010000 		.4byte	.LASF5
 219 0056 03       		.uleb128 0x3
 220 0057 02       		.byte	0x2
 221 0058 07       		.byte	0x7
 222 0059 CD000000 		.4byte	.LASF6
 223 005d 03       		.uleb128 0x3
 224 005e 04       		.byte	0x4
 225 005f 05       		.byte	0x5
 226 0060 AC000000 		.4byte	.LASF7
 227 0064 03       		.uleb128 0x3
 228 0065 04       		.byte	0x4
 229 0066 07       		.byte	0x7
 230 0067 5D000000 		.4byte	.LASF8
 231 006b 03       		.uleb128 0x3
 232 006c 08       		.byte	0x8
 233 006d 07       		.byte	0x7
 234 006e 7C000000 		.4byte	.LASF9
 235 0072 03       		.uleb128 0x3
 236 0073 04       		.byte	0x4
 237 0074 07       		.byte	0x7
 238 0075 CF010000 		.4byte	.LASF10
 239 0079 03       		.uleb128 0x3
 240 007a 01       		.byte	0x1
ARM GAS  C:\Users\PC\AppData\Local\Temp\ccGkdlUB.s 			page 10


 241 007b 08       		.byte	0x8
 242 007c A7000000 		.4byte	.LASF11
 243 0080 04       		.uleb128 0x4
 244 0081 0E000000 		.4byte	.LASF14
 245 0085 02       		.byte	0x2
 246 0086 FD01     		.2byte	0x1fd
 247 0088 64000000 		.4byte	0x64
 248 008c 03       		.uleb128 0x3
 249 008d 04       		.byte	0x4
 250 008e 04       		.byte	0x4
 251 008f 93000000 		.4byte	.LASF12
 252 0093 03       		.uleb128 0x3
 253 0094 08       		.byte	0x8
 254 0095 04       		.byte	0x4
 255 0096 C0000000 		.4byte	.LASF13
 256 009a 04       		.uleb128 0x4
 257 009b C7000000 		.4byte	.LASF15
 258 009f 02       		.byte	0x2
 259 00a0 A702     		.2byte	0x2a7
 260 00a2 A6000000 		.4byte	0xa6
 261 00a6 05       		.uleb128 0x5
 262 00a7 80000000 		.4byte	0x80
 263 00ab 06       		.uleb128 0x6
 264 00ac B5000000 		.4byte	.LASF19
 265 00b0 01       		.byte	0x1
 266 00b1 A9       		.byte	0xa9
 267 00b2 00000000 		.4byte	.LFB4
 268 00b6 64000000 		.4byte	.LFE4-.LFB4
 269 00ba 01       		.uleb128 0x1
 270 00bb 9C       		.byte	0x9c
 271 00bc D0000000 		.4byte	0xd0
 272 00c0 07       		.uleb128 0x7
 273 00c1 0E000000 		.4byte	.LVL0
 274 00c5 EF000000 		.4byte	0xef
 275 00c9 08       		.uleb128 0x8
 276 00ca 01       		.uleb128 0x1
 277 00cb 50       		.byte	0x50
 278 00cc 01       		.uleb128 0x1
 279 00cd 48       		.byte	0x48
 280 00ce 00       		.byte	0
 281 00cf 00       		.byte	0
 282 00d0 09       		.uleb128 0x9
 283 00d1 6F000000 		.4byte	.LASF20
 284 00d5 01       		.byte	0x1
 285 00d6 F0       		.byte	0xf0
 286 00d7 64000000 		.4byte	.LFB6
 287 00db 68000000 		.4byte	.LFE6-.LFB6
 288 00df 01       		.uleb128 0x1
 289 00e0 9C       		.byte	0x9c
 290 00e1 EF000000 		.4byte	0xef
 291 00e5 0A       		.uleb128 0xa
 292 00e6 A4000000 		.4byte	.LVL1
 293 00ea AB000000 		.4byte	0xab
 294 00ee 00       		.byte	0
 295 00ef 0B       		.uleb128 0xb
 296 00f0 48000000 		.4byte	.LASF21
 297 00f4 48000000 		.4byte	.LASF21
ARM GAS  C:\Users\PC\AppData\Local\Temp\ccGkdlUB.s 			page 11


 298 00f8 03       		.byte	0x3
 299 00f9 6C       		.byte	0x6c
 300 00fa 00       		.byte	0
 301              		.section	.debug_abbrev,"",%progbits
 302              	.Ldebug_abbrev0:
 303 0000 01       		.uleb128 0x1
 304 0001 11       		.uleb128 0x11
 305 0002 01       		.byte	0x1
 306 0003 25       		.uleb128 0x25
 307 0004 0E       		.uleb128 0xe
 308 0005 13       		.uleb128 0x13
 309 0006 0B       		.uleb128 0xb
 310 0007 03       		.uleb128 0x3
 311 0008 0E       		.uleb128 0xe
 312 0009 1B       		.uleb128 0x1b
 313 000a 0E       		.uleb128 0xe
 314 000b 55       		.uleb128 0x55
 315 000c 17       		.uleb128 0x17
 316 000d 11       		.uleb128 0x11
 317 000e 01       		.uleb128 0x1
 318 000f 10       		.uleb128 0x10
 319 0010 17       		.uleb128 0x17
 320 0011 00       		.byte	0
 321 0012 00       		.byte	0
 322 0013 02       		.uleb128 0x2
 323 0014 24       		.uleb128 0x24
 324 0015 00       		.byte	0
 325 0016 0B       		.uleb128 0xb
 326 0017 0B       		.uleb128 0xb
 327 0018 3E       		.uleb128 0x3e
 328 0019 0B       		.uleb128 0xb
 329 001a 03       		.uleb128 0x3
 330 001b 08       		.uleb128 0x8
 331 001c 00       		.byte	0
 332 001d 00       		.byte	0
 333 001e 03       		.uleb128 0x3
 334 001f 24       		.uleb128 0x24
 335 0020 00       		.byte	0
 336 0021 0B       		.uleb128 0xb
 337 0022 0B       		.uleb128 0xb
 338 0023 3E       		.uleb128 0x3e
 339 0024 0B       		.uleb128 0xb
 340 0025 03       		.uleb128 0x3
 341 0026 0E       		.uleb128 0xe
 342 0027 00       		.byte	0
 343 0028 00       		.byte	0
 344 0029 04       		.uleb128 0x4
 345 002a 16       		.uleb128 0x16
 346 002b 00       		.byte	0
 347 002c 03       		.uleb128 0x3
 348 002d 0E       		.uleb128 0xe
 349 002e 3A       		.uleb128 0x3a
 350 002f 0B       		.uleb128 0xb
 351 0030 3B       		.uleb128 0x3b
 352 0031 05       		.uleb128 0x5
 353 0032 49       		.uleb128 0x49
 354 0033 13       		.uleb128 0x13
ARM GAS  C:\Users\PC\AppData\Local\Temp\ccGkdlUB.s 			page 12


 355 0034 00       		.byte	0
 356 0035 00       		.byte	0
 357 0036 05       		.uleb128 0x5
 358 0037 35       		.uleb128 0x35
 359 0038 00       		.byte	0
 360 0039 49       		.uleb128 0x49
 361 003a 13       		.uleb128 0x13
 362 003b 00       		.byte	0
 363 003c 00       		.byte	0
 364 003d 06       		.uleb128 0x6
 365 003e 2E       		.uleb128 0x2e
 366 003f 01       		.byte	0x1
 367 0040 03       		.uleb128 0x3
 368 0041 0E       		.uleb128 0xe
 369 0042 3A       		.uleb128 0x3a
 370 0043 0B       		.uleb128 0xb
 371 0044 3B       		.uleb128 0x3b
 372 0045 0B       		.uleb128 0xb
 373 0046 27       		.uleb128 0x27
 374 0047 19       		.uleb128 0x19
 375 0048 11       		.uleb128 0x11
 376 0049 01       		.uleb128 0x1
 377 004a 12       		.uleb128 0x12
 378 004b 06       		.uleb128 0x6
 379 004c 40       		.uleb128 0x40
 380 004d 18       		.uleb128 0x18
 381 004e 9742     		.uleb128 0x2117
 382 0050 19       		.uleb128 0x19
 383 0051 01       		.uleb128 0x1
 384 0052 13       		.uleb128 0x13
 385 0053 00       		.byte	0
 386 0054 00       		.byte	0
 387 0055 07       		.uleb128 0x7
 388 0056 898201   		.uleb128 0x4109
 389 0059 01       		.byte	0x1
 390 005a 11       		.uleb128 0x11
 391 005b 01       		.uleb128 0x1
 392 005c 31       		.uleb128 0x31
 393 005d 13       		.uleb128 0x13
 394 005e 00       		.byte	0
 395 005f 00       		.byte	0
 396 0060 08       		.uleb128 0x8
 397 0061 8A8201   		.uleb128 0x410a
 398 0064 00       		.byte	0
 399 0065 02       		.uleb128 0x2
 400 0066 18       		.uleb128 0x18
 401 0067 9142     		.uleb128 0x2111
 402 0069 18       		.uleb128 0x18
 403 006a 00       		.byte	0
 404 006b 00       		.byte	0
 405 006c 09       		.uleb128 0x9
 406 006d 2E       		.uleb128 0x2e
 407 006e 01       		.byte	0x1
 408 006f 3F       		.uleb128 0x3f
 409 0070 19       		.uleb128 0x19
 410 0071 03       		.uleb128 0x3
 411 0072 0E       		.uleb128 0xe
ARM GAS  C:\Users\PC\AppData\Local\Temp\ccGkdlUB.s 			page 13


 412 0073 3A       		.uleb128 0x3a
 413 0074 0B       		.uleb128 0xb
 414 0075 3B       		.uleb128 0x3b
 415 0076 0B       		.uleb128 0xb
 416 0077 27       		.uleb128 0x27
 417 0078 19       		.uleb128 0x19
 418 0079 11       		.uleb128 0x11
 419 007a 01       		.uleb128 0x1
 420 007b 12       		.uleb128 0x12
 421 007c 06       		.uleb128 0x6
 422 007d 40       		.uleb128 0x40
 423 007e 18       		.uleb128 0x18
 424 007f 9742     		.uleb128 0x2117
 425 0081 19       		.uleb128 0x19
 426 0082 01       		.uleb128 0x1
 427 0083 13       		.uleb128 0x13
 428 0084 00       		.byte	0
 429 0085 00       		.byte	0
 430 0086 0A       		.uleb128 0xa
 431 0087 898201   		.uleb128 0x4109
 432 008a 00       		.byte	0
 433 008b 11       		.uleb128 0x11
 434 008c 01       		.uleb128 0x1
 435 008d 31       		.uleb128 0x31
 436 008e 13       		.uleb128 0x13
 437 008f 00       		.byte	0
 438 0090 00       		.byte	0
 439 0091 0B       		.uleb128 0xb
 440 0092 2E       		.uleb128 0x2e
 441 0093 00       		.byte	0
 442 0094 3F       		.uleb128 0x3f
 443 0095 19       		.uleb128 0x19
 444 0096 3C       		.uleb128 0x3c
 445 0097 19       		.uleb128 0x19
 446 0098 6E       		.uleb128 0x6e
 447 0099 0E       		.uleb128 0xe
 448 009a 03       		.uleb128 0x3
 449 009b 0E       		.uleb128 0xe
 450 009c 3A       		.uleb128 0x3a
 451 009d 0B       		.uleb128 0xb
 452 009e 3B       		.uleb128 0x3b
 453 009f 0B       		.uleb128 0xb
 454 00a0 00       		.byte	0
 455 00a1 00       		.byte	0
 456 00a2 00       		.byte	0
 457              		.section	.debug_aranges,"",%progbits
 458 0000 24000000 		.4byte	0x24
 459 0004 0200     		.2byte	0x2
 460 0006 00000000 		.4byte	.Ldebug_info0
 461 000a 04       		.byte	0x4
 462 000b 00       		.byte	0
 463 000c 0000     		.2byte	0
 464 000e 0000     		.2byte	0
 465 0010 00000000 		.4byte	.LFB4
 466 0014 64000000 		.4byte	.LFE4-.LFB4
 467 0018 64000000 		.4byte	.LFB6
 468 001c 68000000 		.4byte	.LFE6-.LFB6
ARM GAS  C:\Users\PC\AppData\Local\Temp\ccGkdlUB.s 			page 14


 469 0020 00000000 		.4byte	0
 470 0024 00000000 		.4byte	0
 471              		.section	.debug_ranges,"",%progbits
 472              	.Ldebug_ranges0:
 473 0000 00000000 		.4byte	.LFB4
 474 0004 64000000 		.4byte	.LFE4
 475 0008 64000000 		.4byte	.LFB6
 476 000c CC000000 		.4byte	.LFE6
 477 0010 00000000 		.4byte	0
 478 0014 00000000 		.4byte	0
 479              		.section	.debug_line,"",%progbits
 480              	.Ldebug_line0:
 481 0000 85000000 		.section	.debug_str,"MS",%progbits,1
 481      02005400 
 481      00000201 
 481      FB0E0D00 
 481      01010101 
 482              	.LASF1:
 483 0000 6C6F6E67 		.ascii	"long long int\000"
 483      206C6F6E 
 483      6720696E 
 483      7400
 484              	.LASF14:
 485 000e 75696E74 		.ascii	"uint32\000"
 485      333200
 486              	.LASF17:
 487 0015 47656E65 		.ascii	"Generated_Source\\PSoC4\\cyfitter_cfg.c\000"
 487      72617465 
 487      645F536F 
 487      75726365 
 487      5C50536F 
 488              	.LASF0:
 489 003b 756E7369 		.ascii	"unsigned int\000"
 489      676E6564 
 489      20696E74 
 489      00
 490              	.LASF21:
 491 0048 43795379 		.ascii	"CySysClkWriteImoFreq\000"
 491      73436C6B 
 491      57726974 
 491      65496D6F 
 491      46726571 
 492              	.LASF8:
 493 005d 6C6F6E67 		.ascii	"long unsigned int\000"
 493      20756E73 
 493      69676E65 
 493      6420696E 
 493      7400
 494              	.LASF20:
 495 006f 63796669 		.ascii	"cyfitter_cfg\000"
 495      74746572 
 495      5F636667 
 495      00
 496              	.LASF9:
 497 007c 6C6F6E67 		.ascii	"long long unsigned int\000"
 497      206C6F6E 
 497      6720756E 
ARM GAS  C:\Users\PC\AppData\Local\Temp\ccGkdlUB.s 			page 15


 497      7369676E 
 497      65642069 
 498              	.LASF12:
 499 0093 666C6F61 		.ascii	"float\000"
 499      7400
 500              	.LASF4:
 501 0099 756E7369 		.ascii	"unsigned char\000"
 501      676E6564 
 501      20636861 
 501      7200
 502              	.LASF11:
 503 00a7 63686172 		.ascii	"char\000"
 503      00
 504              	.LASF7:
 505 00ac 6C6F6E67 		.ascii	"long int\000"
 505      20696E74 
 505      00
 506              	.LASF19:
 507 00b5 436C6F63 		.ascii	"ClockSetup\000"
 507      6B536574 
 507      757000
 508              	.LASF13:
 509 00c0 646F7562 		.ascii	"double\000"
 509      6C6500
 510              	.LASF15:
 511 00c7 72656733 		.ascii	"reg32\000"
 511      3200
 512              	.LASF6:
 513 00cd 73686F72 		.ascii	"short unsigned int\000"
 513      7420756E 
 513      7369676E 
 513      65642069 
 513      6E7400
 514              	.LASF3:
 515 00e0 7369676E 		.ascii	"signed char\000"
 515      65642063 
 515      68617200 
 516              	.LASF18:
 517 00ec 433A5C55 		.ascii	"C:\\Users\\PC\\Documents\\PSoC Creator\\yellowChip\\"
 517      73657273 
 517      5C50435C 
 517      446F6375 
 517      6D656E74 
 518 011a 42555A5A 		.ascii	"BUZZER.cydsn\000"
 518      45522E63 
 518      7964736E 
 518      00
 519              	.LASF2:
 520 0127 6C6F6E67 		.ascii	"long double\000"
 520      20646F75 
 520      626C6500 
 521              	.LASF5:
 522 0133 73686F72 		.ascii	"short int\000"
 522      7420696E 
 522      7400
 523              	.LASF16:
 524 013d 474E5520 		.ascii	"GNU C11 5.4.1 20160609 (release) [ARM/embedded-5-br"
ARM GAS  C:\Users\PC\AppData\Local\Temp\ccGkdlUB.s 			page 16


 524      43313120 
 524      352E342E 
 524      31203230 
 524      31363036 
 525 0170 616E6368 		.ascii	"anch revision 237715] -mcpu=cortex-m0plus -mthumb -"
 525      20726576 
 525      6973696F 
 525      6E203233 
 525      37373135 
 526 01a3 67202D4F 		.ascii	"g -Og -ffunction-sections -ffat-lto-objects\000"
 526      67202D66 
 526      66756E63 
 526      74696F6E 
 526      2D736563 
 527              	.LASF10:
 528 01cf 73697A65 		.ascii	"sizetype\000"
 528      74797065 
 528      00
 529              		.ident	"GCC: (GNU Tools for ARM Embedded Processors) 5.4.1 20160609 (release) [ARM/embedded-5-bran
