ARM GAS  C:\Users\PC\AppData\Local\Temp\cc6pHVeO.s 			page 1


   1              		.syntax unified
   2              		.cpu cortex-m0plus
   3              		.fpu softvfp
   4              		.eabi_attribute 20, 1
   5              		.eabi_attribute 21, 1
   6              		.eabi_attribute 23, 3
   7              		.eabi_attribute 24, 1
   8              		.eabi_attribute 25, 1
   9              		.eabi_attribute 26, 1
  10              		.eabi_attribute 30, 1
  11              		.eabi_attribute 34, 0
  12              		.eabi_attribute 18, 4
  13              		.thumb
  14              		.syntax unified
  15              		.file	"mUART.c"
  16              		.text
  17              	.Ltext0:
  18              		.cfi_sections	.debug_frame
  19              		.section	.text.mUART_ScbEnableIntr,"ax",%progbits
  20              		.align	2
  21              		.code	16
  22              		.thumb_func
  23              		.type	mUART_ScbEnableIntr, %function
  24              	mUART_ScbEnableIntr:
  25              	.LFB8:
  26              		.file 1 "Generated_Source\\PSoC4\\mUART.c"
   1:Generated_Source\PSoC4/mUART.c **** /***************************************************************************//**
   2:Generated_Source\PSoC4/mUART.c **** * \file mUART.c
   3:Generated_Source\PSoC4/mUART.c **** * \version 4.0
   4:Generated_Source\PSoC4/mUART.c **** *
   5:Generated_Source\PSoC4/mUART.c **** * \brief
   6:Generated_Source\PSoC4/mUART.c **** *  This file provides the source code to the API for the SCB Component.
   7:Generated_Source\PSoC4/mUART.c **** *
   8:Generated_Source\PSoC4/mUART.c **** * Note:
   9:Generated_Source\PSoC4/mUART.c **** *
  10:Generated_Source\PSoC4/mUART.c **** *******************************************************************************
  11:Generated_Source\PSoC4/mUART.c **** * \copyright
  12:Generated_Source\PSoC4/mUART.c **** * Copyright 2013-2017, Cypress Semiconductor Corporation.  All rights reserved.
  13:Generated_Source\PSoC4/mUART.c **** * You may use this file only in accordance with the license, terms, conditions,
  14:Generated_Source\PSoC4/mUART.c **** * disclaimers, and limitations in the end user license agreement accompanying
  15:Generated_Source\PSoC4/mUART.c **** * the software package with which this file was provided.
  16:Generated_Source\PSoC4/mUART.c **** *******************************************************************************/
  17:Generated_Source\PSoC4/mUART.c **** 
  18:Generated_Source\PSoC4/mUART.c **** #include "mUART_PVT.h"
  19:Generated_Source\PSoC4/mUART.c **** 
  20:Generated_Source\PSoC4/mUART.c **** #if (mUART_SCB_MODE_I2C_INC)
  21:Generated_Source\PSoC4/mUART.c ****     #include "mUART_I2C_PVT.h"
  22:Generated_Source\PSoC4/mUART.c **** #endif /* (mUART_SCB_MODE_I2C_INC) */
  23:Generated_Source\PSoC4/mUART.c **** 
  24:Generated_Source\PSoC4/mUART.c **** #if (mUART_SCB_MODE_EZI2C_INC)
  25:Generated_Source\PSoC4/mUART.c ****     #include "mUART_EZI2C_PVT.h"
  26:Generated_Source\PSoC4/mUART.c **** #endif /* (mUART_SCB_MODE_EZI2C_INC) */
  27:Generated_Source\PSoC4/mUART.c **** 
  28:Generated_Source\PSoC4/mUART.c **** #if (mUART_SCB_MODE_SPI_INC || mUART_SCB_MODE_UART_INC)
  29:Generated_Source\PSoC4/mUART.c ****     #include "mUART_SPI_UART_PVT.h"
  30:Generated_Source\PSoC4/mUART.c **** #endif /* (mUART_SCB_MODE_SPI_INC || mUART_SCB_MODE_UART_INC) */
  31:Generated_Source\PSoC4/mUART.c **** 
ARM GAS  C:\Users\PC\AppData\Local\Temp\cc6pHVeO.s 			page 2


  32:Generated_Source\PSoC4/mUART.c **** 
  33:Generated_Source\PSoC4/mUART.c **** /***************************************
  34:Generated_Source\PSoC4/mUART.c **** *    Run Time Configuration Vars
  35:Generated_Source\PSoC4/mUART.c **** ***************************************/
  36:Generated_Source\PSoC4/mUART.c **** 
  37:Generated_Source\PSoC4/mUART.c **** /* Stores internal component configuration for Unconfigured mode */
  38:Generated_Source\PSoC4/mUART.c **** #if (mUART_SCB_MODE_UNCONFIG_CONST_CFG)
  39:Generated_Source\PSoC4/mUART.c ****     /* Common configuration variables */
  40:Generated_Source\PSoC4/mUART.c ****     uint8 mUART_scbMode = mUART_SCB_MODE_UNCONFIG;
  41:Generated_Source\PSoC4/mUART.c ****     uint8 mUART_scbEnableWake;
  42:Generated_Source\PSoC4/mUART.c ****     uint8 mUART_scbEnableIntr;
  43:Generated_Source\PSoC4/mUART.c **** 
  44:Generated_Source\PSoC4/mUART.c ****     /* I2C configuration variables */
  45:Generated_Source\PSoC4/mUART.c ****     uint8 mUART_mode;
  46:Generated_Source\PSoC4/mUART.c ****     uint8 mUART_acceptAddr;
  47:Generated_Source\PSoC4/mUART.c **** 
  48:Generated_Source\PSoC4/mUART.c ****     /* SPI/UART configuration variables */
  49:Generated_Source\PSoC4/mUART.c ****     volatile uint8 * mUART_rxBuffer;
  50:Generated_Source\PSoC4/mUART.c ****     uint8  mUART_rxDataBits;
  51:Generated_Source\PSoC4/mUART.c ****     uint32 mUART_rxBufferSize;
  52:Generated_Source\PSoC4/mUART.c **** 
  53:Generated_Source\PSoC4/mUART.c ****     volatile uint8 * mUART_txBuffer;
  54:Generated_Source\PSoC4/mUART.c ****     uint8  mUART_txDataBits;
  55:Generated_Source\PSoC4/mUART.c ****     uint32 mUART_txBufferSize;
  56:Generated_Source\PSoC4/mUART.c **** 
  57:Generated_Source\PSoC4/mUART.c ****     /* EZI2C configuration variables */
  58:Generated_Source\PSoC4/mUART.c ****     uint8 mUART_numberOfAddr;
  59:Generated_Source\PSoC4/mUART.c ****     uint8 mUART_subAddrSize;
  60:Generated_Source\PSoC4/mUART.c **** #endif /* (mUART_SCB_MODE_UNCONFIG_CONST_CFG) */
  61:Generated_Source\PSoC4/mUART.c **** 
  62:Generated_Source\PSoC4/mUART.c **** 
  63:Generated_Source\PSoC4/mUART.c **** /***************************************
  64:Generated_Source\PSoC4/mUART.c **** *     Common SCB Vars
  65:Generated_Source\PSoC4/mUART.c **** ***************************************/
  66:Generated_Source\PSoC4/mUART.c **** /**
  67:Generated_Source\PSoC4/mUART.c **** * \addtogroup group_general
  68:Generated_Source\PSoC4/mUART.c **** * \{
  69:Generated_Source\PSoC4/mUART.c **** */
  70:Generated_Source\PSoC4/mUART.c **** 
  71:Generated_Source\PSoC4/mUART.c **** /** mUART_initVar indicates whether the mUART 
  72:Generated_Source\PSoC4/mUART.c **** *  component has been initialized. The variable is initialized to 0 
  73:Generated_Source\PSoC4/mUART.c **** *  and set to 1 the first time SCB_Start() is called. This allows 
  74:Generated_Source\PSoC4/mUART.c **** *  the component to restart without reinitialization after the first 
  75:Generated_Source\PSoC4/mUART.c **** *  call to the mUART_Start() routine.
  76:Generated_Source\PSoC4/mUART.c **** *
  77:Generated_Source\PSoC4/mUART.c **** *  If re-initialization of the component is required, then the 
  78:Generated_Source\PSoC4/mUART.c **** *  mUART_Init() function can be called before the 
  79:Generated_Source\PSoC4/mUART.c **** *  mUART_Start() or mUART_Enable() function.
  80:Generated_Source\PSoC4/mUART.c **** */
  81:Generated_Source\PSoC4/mUART.c **** uint8 mUART_initVar = 0u;
  82:Generated_Source\PSoC4/mUART.c **** 
  83:Generated_Source\PSoC4/mUART.c **** 
  84:Generated_Source\PSoC4/mUART.c **** #if (! (mUART_SCB_MODE_I2C_CONST_CFG || \
  85:Generated_Source\PSoC4/mUART.c ****         mUART_SCB_MODE_EZI2C_CONST_CFG))
  86:Generated_Source\PSoC4/mUART.c ****     /** This global variable stores TX interrupt sources after 
  87:Generated_Source\PSoC4/mUART.c ****     * mUART_Stop() is called. Only these TX interrupt sources 
  88:Generated_Source\PSoC4/mUART.c ****     * will be restored on a subsequent mUART_Enable() call.
ARM GAS  C:\Users\PC\AppData\Local\Temp\cc6pHVeO.s 			page 3


  89:Generated_Source\PSoC4/mUART.c ****     */
  90:Generated_Source\PSoC4/mUART.c ****     uint16 mUART_IntrTxMask = 0u;
  91:Generated_Source\PSoC4/mUART.c **** #endif /* (! (mUART_SCB_MODE_I2C_CONST_CFG || \
  92:Generated_Source\PSoC4/mUART.c ****               mUART_SCB_MODE_EZI2C_CONST_CFG)) */
  93:Generated_Source\PSoC4/mUART.c **** /** \} globals */
  94:Generated_Source\PSoC4/mUART.c **** 
  95:Generated_Source\PSoC4/mUART.c **** #if (mUART_SCB_IRQ_INTERNAL)
  96:Generated_Source\PSoC4/mUART.c **** #if !defined (CY_REMOVE_mUART_CUSTOM_INTR_HANDLER)
  97:Generated_Source\PSoC4/mUART.c ****     void (*mUART_customIntrHandler)(void) = NULL;
  98:Generated_Source\PSoC4/mUART.c **** #endif /* !defined (CY_REMOVE_mUART_CUSTOM_INTR_HANDLER) */
  99:Generated_Source\PSoC4/mUART.c **** #endif /* (mUART_SCB_IRQ_INTERNAL) */
 100:Generated_Source\PSoC4/mUART.c **** 
 101:Generated_Source\PSoC4/mUART.c **** 
 102:Generated_Source\PSoC4/mUART.c **** /***************************************
 103:Generated_Source\PSoC4/mUART.c **** *    Private Function Prototypes
 104:Generated_Source\PSoC4/mUART.c **** ***************************************/
 105:Generated_Source\PSoC4/mUART.c **** 
 106:Generated_Source\PSoC4/mUART.c **** static void mUART_ScbEnableIntr(void);
 107:Generated_Source\PSoC4/mUART.c **** static void mUART_ScbModeStop(void);
 108:Generated_Source\PSoC4/mUART.c **** static void mUART_ScbModePostEnable(void);
 109:Generated_Source\PSoC4/mUART.c **** 
 110:Generated_Source\PSoC4/mUART.c **** 
 111:Generated_Source\PSoC4/mUART.c **** /*******************************************************************************
 112:Generated_Source\PSoC4/mUART.c **** * Function Name: mUART_Init
 113:Generated_Source\PSoC4/mUART.c **** ****************************************************************************//**
 114:Generated_Source\PSoC4/mUART.c **** *
 115:Generated_Source\PSoC4/mUART.c **** *  Initializes the mUART component to operate in one of the selected
 116:Generated_Source\PSoC4/mUART.c **** *  configurations: I2C, SPI, UART or EZI2C.
 117:Generated_Source\PSoC4/mUART.c **** *  When the configuration is set to "Unconfigured SCB", this function does
 118:Generated_Source\PSoC4/mUART.c **** *  not do any initialization. Use mode-specific initialization APIs instead:
 119:Generated_Source\PSoC4/mUART.c **** *  mUART_I2CInit, mUART_SpiInit, 
 120:Generated_Source\PSoC4/mUART.c **** *  mUART_UartInit or mUART_EzI2CInit.
 121:Generated_Source\PSoC4/mUART.c **** *
 122:Generated_Source\PSoC4/mUART.c **** *******************************************************************************/
 123:Generated_Source\PSoC4/mUART.c **** void mUART_Init(void)
 124:Generated_Source\PSoC4/mUART.c **** {
 125:Generated_Source\PSoC4/mUART.c **** #if (mUART_SCB_MODE_UNCONFIG_CONST_CFG)
 126:Generated_Source\PSoC4/mUART.c ****     if (mUART_SCB_MODE_UNCONFIG_RUNTM_CFG)
 127:Generated_Source\PSoC4/mUART.c ****     {
 128:Generated_Source\PSoC4/mUART.c ****         mUART_initVar = 0u;
 129:Generated_Source\PSoC4/mUART.c ****     }
 130:Generated_Source\PSoC4/mUART.c ****     else
 131:Generated_Source\PSoC4/mUART.c ****     {
 132:Generated_Source\PSoC4/mUART.c ****         /* Initialization was done before this function call */
 133:Generated_Source\PSoC4/mUART.c ****     }
 134:Generated_Source\PSoC4/mUART.c **** 
 135:Generated_Source\PSoC4/mUART.c **** #elif (mUART_SCB_MODE_I2C_CONST_CFG)
 136:Generated_Source\PSoC4/mUART.c ****     mUART_I2CInit();
 137:Generated_Source\PSoC4/mUART.c **** 
 138:Generated_Source\PSoC4/mUART.c **** #elif (mUART_SCB_MODE_SPI_CONST_CFG)
 139:Generated_Source\PSoC4/mUART.c ****     mUART_SpiInit();
 140:Generated_Source\PSoC4/mUART.c **** 
 141:Generated_Source\PSoC4/mUART.c **** #elif (mUART_SCB_MODE_UART_CONST_CFG)
 142:Generated_Source\PSoC4/mUART.c ****     mUART_UartInit();
 143:Generated_Source\PSoC4/mUART.c **** 
 144:Generated_Source\PSoC4/mUART.c **** #elif (mUART_SCB_MODE_EZI2C_CONST_CFG)
 145:Generated_Source\PSoC4/mUART.c ****     mUART_EzI2CInit();
ARM GAS  C:\Users\PC\AppData\Local\Temp\cc6pHVeO.s 			page 4


 146:Generated_Source\PSoC4/mUART.c **** 
 147:Generated_Source\PSoC4/mUART.c **** #endif /* (mUART_SCB_MODE_UNCONFIG_CONST_CFG) */
 148:Generated_Source\PSoC4/mUART.c **** }
 149:Generated_Source\PSoC4/mUART.c **** 
 150:Generated_Source\PSoC4/mUART.c **** 
 151:Generated_Source\PSoC4/mUART.c **** /*******************************************************************************
 152:Generated_Source\PSoC4/mUART.c **** * Function Name: mUART_Enable
 153:Generated_Source\PSoC4/mUART.c **** ****************************************************************************//**
 154:Generated_Source\PSoC4/mUART.c **** *
 155:Generated_Source\PSoC4/mUART.c **** *  Enables mUART component operation: activates the hardware and 
 156:Generated_Source\PSoC4/mUART.c **** *  internal interrupt. It also restores TX interrupt sources disabled after the 
 157:Generated_Source\PSoC4/mUART.c **** *  mUART_Stop() function was called (note that level-triggered TX 
 158:Generated_Source\PSoC4/mUART.c **** *  interrupt sources remain disabled to not cause code lock-up).
 159:Generated_Source\PSoC4/mUART.c **** *  For I2C and EZI2C modes the interrupt is internal and mandatory for 
 160:Generated_Source\PSoC4/mUART.c **** *  operation. For SPI and UART modes the interrupt can be configured as none, 
 161:Generated_Source\PSoC4/mUART.c **** *  internal or external.
 162:Generated_Source\PSoC4/mUART.c **** *  The mUART configuration should be not changed when the component
 163:Generated_Source\PSoC4/mUART.c **** *  is enabled. Any configuration changes should be made after disabling the 
 164:Generated_Source\PSoC4/mUART.c **** *  component.
 165:Generated_Source\PSoC4/mUART.c **** *  When configuration is set to “Unconfigured mUART”, the component 
 166:Generated_Source\PSoC4/mUART.c **** *  must first be initialized to operate in one of the following configurations: 
 167:Generated_Source\PSoC4/mUART.c **** *  I2C, SPI, UART or EZ I2C, using the mode-specific initialization API. 
 168:Generated_Source\PSoC4/mUART.c **** *  Otherwise this function does not enable the component.
 169:Generated_Source\PSoC4/mUART.c **** *
 170:Generated_Source\PSoC4/mUART.c **** *******************************************************************************/
 171:Generated_Source\PSoC4/mUART.c **** void mUART_Enable(void)
 172:Generated_Source\PSoC4/mUART.c **** {
 173:Generated_Source\PSoC4/mUART.c **** #if (mUART_SCB_MODE_UNCONFIG_CONST_CFG)
 174:Generated_Source\PSoC4/mUART.c ****     /* Enable SCB block, only if it is already configured */
 175:Generated_Source\PSoC4/mUART.c ****     if (!mUART_SCB_MODE_UNCONFIG_RUNTM_CFG)
 176:Generated_Source\PSoC4/mUART.c ****     {
 177:Generated_Source\PSoC4/mUART.c ****         mUART_CTRL_REG |= mUART_CTRL_ENABLED;
 178:Generated_Source\PSoC4/mUART.c **** 
 179:Generated_Source\PSoC4/mUART.c ****         mUART_ScbEnableIntr();
 180:Generated_Source\PSoC4/mUART.c **** 
 181:Generated_Source\PSoC4/mUART.c ****         /* Call PostEnable function specific to current operation mode */
 182:Generated_Source\PSoC4/mUART.c ****         mUART_ScbModePostEnable();
 183:Generated_Source\PSoC4/mUART.c ****     }
 184:Generated_Source\PSoC4/mUART.c **** #else
 185:Generated_Source\PSoC4/mUART.c ****     mUART_CTRL_REG |= mUART_CTRL_ENABLED;
 186:Generated_Source\PSoC4/mUART.c **** 
 187:Generated_Source\PSoC4/mUART.c ****     mUART_ScbEnableIntr();
 188:Generated_Source\PSoC4/mUART.c **** 
 189:Generated_Source\PSoC4/mUART.c ****     /* Call PostEnable function specific to current operation mode */
 190:Generated_Source\PSoC4/mUART.c ****     mUART_ScbModePostEnable();
 191:Generated_Source\PSoC4/mUART.c **** #endif /* (mUART_SCB_MODE_UNCONFIG_CONST_CFG) */
 192:Generated_Source\PSoC4/mUART.c **** }
 193:Generated_Source\PSoC4/mUART.c **** 
 194:Generated_Source\PSoC4/mUART.c **** 
 195:Generated_Source\PSoC4/mUART.c **** /*******************************************************************************
 196:Generated_Source\PSoC4/mUART.c **** * Function Name: mUART_Start
 197:Generated_Source\PSoC4/mUART.c **** ****************************************************************************//**
 198:Generated_Source\PSoC4/mUART.c **** *
 199:Generated_Source\PSoC4/mUART.c **** *  Invokes mUART_Init() and mUART_Enable().
 200:Generated_Source\PSoC4/mUART.c **** *  After this function call, the component is enabled and ready for operation.
 201:Generated_Source\PSoC4/mUART.c **** *  When configuration is set to "Unconfigured SCB", the component must first be
 202:Generated_Source\PSoC4/mUART.c **** *  initialized to operate in one of the following configurations: I2C, SPI, UART
ARM GAS  C:\Users\PC\AppData\Local\Temp\cc6pHVeO.s 			page 5


 203:Generated_Source\PSoC4/mUART.c **** *  or EZI2C. Otherwise this function does not enable the component.
 204:Generated_Source\PSoC4/mUART.c **** *
 205:Generated_Source\PSoC4/mUART.c **** * \globalvars
 206:Generated_Source\PSoC4/mUART.c **** *  mUART_initVar - used to check initial configuration, modified
 207:Generated_Source\PSoC4/mUART.c **** *  on first function call.
 208:Generated_Source\PSoC4/mUART.c **** *
 209:Generated_Source\PSoC4/mUART.c **** *******************************************************************************/
 210:Generated_Source\PSoC4/mUART.c **** void mUART_Start(void)
 211:Generated_Source\PSoC4/mUART.c **** {
 212:Generated_Source\PSoC4/mUART.c ****     if (0u == mUART_initVar)
 213:Generated_Source\PSoC4/mUART.c ****     {
 214:Generated_Source\PSoC4/mUART.c ****         mUART_Init();
 215:Generated_Source\PSoC4/mUART.c ****         mUART_initVar = 1u; /* Component was initialized */
 216:Generated_Source\PSoC4/mUART.c ****     }
 217:Generated_Source\PSoC4/mUART.c **** 
 218:Generated_Source\PSoC4/mUART.c ****     mUART_Enable();
 219:Generated_Source\PSoC4/mUART.c **** }
 220:Generated_Source\PSoC4/mUART.c **** 
 221:Generated_Source\PSoC4/mUART.c **** 
 222:Generated_Source\PSoC4/mUART.c **** /*******************************************************************************
 223:Generated_Source\PSoC4/mUART.c **** * Function Name: mUART_Stop
 224:Generated_Source\PSoC4/mUART.c **** ****************************************************************************//**
 225:Generated_Source\PSoC4/mUART.c **** *
 226:Generated_Source\PSoC4/mUART.c **** *  Disables the mUART component: disable the hardware and internal 
 227:Generated_Source\PSoC4/mUART.c **** *  interrupt. It also disables all TX interrupt sources so as not to cause an 
 228:Generated_Source\PSoC4/mUART.c **** *  unexpected interrupt trigger because after the component is enabled, the 
 229:Generated_Source\PSoC4/mUART.c **** *  TX FIFO is empty.
 230:Generated_Source\PSoC4/mUART.c **** *  Refer to the function mUART_Enable() for the interrupt 
 231:Generated_Source\PSoC4/mUART.c **** *  configuration details.
 232:Generated_Source\PSoC4/mUART.c **** *  This function disables the SCB component without checking to see if 
 233:Generated_Source\PSoC4/mUART.c **** *  communication is in progress. Before calling this function it may be 
 234:Generated_Source\PSoC4/mUART.c **** *  necessary to check the status of communication to make sure communication 
 235:Generated_Source\PSoC4/mUART.c **** *  is complete. If this is not done then communication could be stopped mid 
 236:Generated_Source\PSoC4/mUART.c **** *  byte and corrupted data could result.
 237:Generated_Source\PSoC4/mUART.c **** *
 238:Generated_Source\PSoC4/mUART.c **** *******************************************************************************/
 239:Generated_Source\PSoC4/mUART.c **** void mUART_Stop(void)
 240:Generated_Source\PSoC4/mUART.c **** {
 241:Generated_Source\PSoC4/mUART.c **** #if (mUART_SCB_IRQ_INTERNAL)
 242:Generated_Source\PSoC4/mUART.c ****     mUART_DisableInt();
 243:Generated_Source\PSoC4/mUART.c **** #endif /* (mUART_SCB_IRQ_INTERNAL) */
 244:Generated_Source\PSoC4/mUART.c **** 
 245:Generated_Source\PSoC4/mUART.c ****     /* Call Stop function specific to current operation mode */
 246:Generated_Source\PSoC4/mUART.c ****     mUART_ScbModeStop();
 247:Generated_Source\PSoC4/mUART.c **** 
 248:Generated_Source\PSoC4/mUART.c ****     /* Disable SCB IP */
 249:Generated_Source\PSoC4/mUART.c ****     mUART_CTRL_REG &= (uint32) ~mUART_CTRL_ENABLED;
 250:Generated_Source\PSoC4/mUART.c **** 
 251:Generated_Source\PSoC4/mUART.c ****     /* Disable all TX interrupt sources so as not to cause an unexpected
 252:Generated_Source\PSoC4/mUART.c ****     * interrupt trigger after the component will be enabled because the 
 253:Generated_Source\PSoC4/mUART.c ****     * TX FIFO is empty.
 254:Generated_Source\PSoC4/mUART.c ****     * For SCB IP v0, it is critical as it does not mask-out interrupt
 255:Generated_Source\PSoC4/mUART.c ****     * sources when it is disabled. This can cause a code lock-up in the
 256:Generated_Source\PSoC4/mUART.c ****     * interrupt handler because TX FIFO cannot be loaded after the block
 257:Generated_Source\PSoC4/mUART.c ****     * is disabled.
 258:Generated_Source\PSoC4/mUART.c ****     */
 259:Generated_Source\PSoC4/mUART.c ****     mUART_SetTxInterruptMode(mUART_NO_INTR_SOURCES);
ARM GAS  C:\Users\PC\AppData\Local\Temp\cc6pHVeO.s 			page 6


 260:Generated_Source\PSoC4/mUART.c **** 
 261:Generated_Source\PSoC4/mUART.c **** #if (mUART_SCB_IRQ_INTERNAL)
 262:Generated_Source\PSoC4/mUART.c ****     mUART_ClearPendingInt();
 263:Generated_Source\PSoC4/mUART.c **** #endif /* (mUART_SCB_IRQ_INTERNAL) */
 264:Generated_Source\PSoC4/mUART.c **** }
 265:Generated_Source\PSoC4/mUART.c **** 
 266:Generated_Source\PSoC4/mUART.c **** 
 267:Generated_Source\PSoC4/mUART.c **** /*******************************************************************************
 268:Generated_Source\PSoC4/mUART.c **** * Function Name: mUART_SetRxFifoLevel
 269:Generated_Source\PSoC4/mUART.c **** ****************************************************************************//**
 270:Generated_Source\PSoC4/mUART.c **** *
 271:Generated_Source\PSoC4/mUART.c **** *  Sets level in the RX FIFO to generate a RX level interrupt.
 272:Generated_Source\PSoC4/mUART.c **** *  When the RX FIFO has more entries than the RX FIFO level an RX level
 273:Generated_Source\PSoC4/mUART.c **** *  interrupt request is generated.
 274:Generated_Source\PSoC4/mUART.c **** *
 275:Generated_Source\PSoC4/mUART.c **** *  \param level: Level in the RX FIFO to generate RX level interrupt.
 276:Generated_Source\PSoC4/mUART.c **** *   The range of valid level values is between 0 and RX FIFO depth - 1.
 277:Generated_Source\PSoC4/mUART.c **** *
 278:Generated_Source\PSoC4/mUART.c **** *******************************************************************************/
 279:Generated_Source\PSoC4/mUART.c **** void mUART_SetRxFifoLevel(uint32 level)
 280:Generated_Source\PSoC4/mUART.c **** {
 281:Generated_Source\PSoC4/mUART.c ****     uint32 rxFifoCtrl;
 282:Generated_Source\PSoC4/mUART.c **** 
 283:Generated_Source\PSoC4/mUART.c ****     rxFifoCtrl = mUART_RX_FIFO_CTRL_REG;
 284:Generated_Source\PSoC4/mUART.c **** 
 285:Generated_Source\PSoC4/mUART.c ****     rxFifoCtrl &= ((uint32) ~mUART_RX_FIFO_CTRL_TRIGGER_LEVEL_MASK); /* Clear level mask bits */
 286:Generated_Source\PSoC4/mUART.c ****     rxFifoCtrl |= ((uint32) (mUART_RX_FIFO_CTRL_TRIGGER_LEVEL_MASK & level));
 287:Generated_Source\PSoC4/mUART.c **** 
 288:Generated_Source\PSoC4/mUART.c ****     mUART_RX_FIFO_CTRL_REG = rxFifoCtrl;
 289:Generated_Source\PSoC4/mUART.c **** }
 290:Generated_Source\PSoC4/mUART.c **** 
 291:Generated_Source\PSoC4/mUART.c **** 
 292:Generated_Source\PSoC4/mUART.c **** /*******************************************************************************
 293:Generated_Source\PSoC4/mUART.c **** * Function Name: mUART_SetTxFifoLevel
 294:Generated_Source\PSoC4/mUART.c **** ****************************************************************************//**
 295:Generated_Source\PSoC4/mUART.c **** *
 296:Generated_Source\PSoC4/mUART.c **** *  Sets level in the TX FIFO to generate a TX level interrupt.
 297:Generated_Source\PSoC4/mUART.c **** *  When the TX FIFO has less entries than the TX FIFO level an TX level
 298:Generated_Source\PSoC4/mUART.c **** *  interrupt request is generated.
 299:Generated_Source\PSoC4/mUART.c **** *
 300:Generated_Source\PSoC4/mUART.c **** *  \param level: Level in the TX FIFO to generate TX level interrupt.
 301:Generated_Source\PSoC4/mUART.c **** *   The range of valid level values is between 0 and TX FIFO depth - 1.
 302:Generated_Source\PSoC4/mUART.c **** *
 303:Generated_Source\PSoC4/mUART.c **** *******************************************************************************/
 304:Generated_Source\PSoC4/mUART.c **** void mUART_SetTxFifoLevel(uint32 level)
 305:Generated_Source\PSoC4/mUART.c **** {
 306:Generated_Source\PSoC4/mUART.c ****     uint32 txFifoCtrl;
 307:Generated_Source\PSoC4/mUART.c **** 
 308:Generated_Source\PSoC4/mUART.c ****     txFifoCtrl = mUART_TX_FIFO_CTRL_REG;
 309:Generated_Source\PSoC4/mUART.c **** 
 310:Generated_Source\PSoC4/mUART.c ****     txFifoCtrl &= ((uint32) ~mUART_TX_FIFO_CTRL_TRIGGER_LEVEL_MASK); /* Clear level mask bits */
 311:Generated_Source\PSoC4/mUART.c ****     txFifoCtrl |= ((uint32) (mUART_TX_FIFO_CTRL_TRIGGER_LEVEL_MASK & level));
 312:Generated_Source\PSoC4/mUART.c **** 
 313:Generated_Source\PSoC4/mUART.c ****     mUART_TX_FIFO_CTRL_REG = txFifoCtrl;
 314:Generated_Source\PSoC4/mUART.c **** }
 315:Generated_Source\PSoC4/mUART.c **** 
 316:Generated_Source\PSoC4/mUART.c **** 
ARM GAS  C:\Users\PC\AppData\Local\Temp\cc6pHVeO.s 			page 7


 317:Generated_Source\PSoC4/mUART.c **** #if (mUART_SCB_IRQ_INTERNAL)
 318:Generated_Source\PSoC4/mUART.c ****     /*******************************************************************************
 319:Generated_Source\PSoC4/mUART.c ****     * Function Name: mUART_SetCustomInterruptHandler
 320:Generated_Source\PSoC4/mUART.c ****     ****************************************************************************//**
 321:Generated_Source\PSoC4/mUART.c ****     *
 322:Generated_Source\PSoC4/mUART.c ****     *  Registers a function to be called by the internal interrupt handler.
 323:Generated_Source\PSoC4/mUART.c ****     *  First the function that is registered is called, then the internal interrupt
 324:Generated_Source\PSoC4/mUART.c ****     *  handler performs any operation such as software buffer management functions
 325:Generated_Source\PSoC4/mUART.c ****     *  before the interrupt returns.  It is the user's responsibility not to break
 326:Generated_Source\PSoC4/mUART.c ****     *  the software buffer operations. Only one custom handler is supported, which
 327:Generated_Source\PSoC4/mUART.c ****     *  is the function provided by the most recent call.
 328:Generated_Source\PSoC4/mUART.c ****     *  At the initialization time no custom handler is registered.
 329:Generated_Source\PSoC4/mUART.c ****     *
 330:Generated_Source\PSoC4/mUART.c ****     *  \param func: Pointer to the function to register.
 331:Generated_Source\PSoC4/mUART.c ****     *        The value NULL indicates to remove the current custom interrupt
 332:Generated_Source\PSoC4/mUART.c ****     *        handler.
 333:Generated_Source\PSoC4/mUART.c ****     *
 334:Generated_Source\PSoC4/mUART.c ****     *******************************************************************************/
 335:Generated_Source\PSoC4/mUART.c ****     void mUART_SetCustomInterruptHandler(void (*func)(void))
 336:Generated_Source\PSoC4/mUART.c ****     {
 337:Generated_Source\PSoC4/mUART.c ****     #if !defined (CY_REMOVE_mUART_CUSTOM_INTR_HANDLER)
 338:Generated_Source\PSoC4/mUART.c ****         mUART_customIntrHandler = func; /* Register interrupt handler */
 339:Generated_Source\PSoC4/mUART.c ****     #else
 340:Generated_Source\PSoC4/mUART.c ****         if (NULL != func)
 341:Generated_Source\PSoC4/mUART.c ****         {
 342:Generated_Source\PSoC4/mUART.c ****             /* Suppress compiler warning */
 343:Generated_Source\PSoC4/mUART.c ****         }
 344:Generated_Source\PSoC4/mUART.c ****     #endif /* !defined (CY_REMOVE_mUART_CUSTOM_INTR_HANDLER) */
 345:Generated_Source\PSoC4/mUART.c ****     }
 346:Generated_Source\PSoC4/mUART.c **** #endif /* (mUART_SCB_IRQ_INTERNAL) */
 347:Generated_Source\PSoC4/mUART.c **** 
 348:Generated_Source\PSoC4/mUART.c **** 
 349:Generated_Source\PSoC4/mUART.c **** /*******************************************************************************
 350:Generated_Source\PSoC4/mUART.c **** * Function Name: mUART_ScbModeEnableIntr
 351:Generated_Source\PSoC4/mUART.c **** ****************************************************************************//**
 352:Generated_Source\PSoC4/mUART.c **** *
 353:Generated_Source\PSoC4/mUART.c **** *  Enables an interrupt for a specific mode.
 354:Generated_Source\PSoC4/mUART.c **** *
 355:Generated_Source\PSoC4/mUART.c **** *******************************************************************************/
 356:Generated_Source\PSoC4/mUART.c **** static void mUART_ScbEnableIntr(void)
 357:Generated_Source\PSoC4/mUART.c **** {
  27              		.loc 1 357 0
  28              		.cfi_startproc
  29              		@ args = 0, pretend = 0, frame = 0
  30              		@ frame_needed = 0, uses_anonymous_args = 0
  31 0000 10B5     		push	{r4, lr}
  32              		.cfi_def_cfa_offset 8
  33              		.cfi_offset 4, -8
  34              		.cfi_offset 14, -4
 358:Generated_Source\PSoC4/mUART.c **** #if (mUART_SCB_IRQ_INTERNAL)
 359:Generated_Source\PSoC4/mUART.c ****     /* Enable interrupt in NVIC */
 360:Generated_Source\PSoC4/mUART.c ****     #if (mUART_SCB_MODE_UNCONFIG_CONST_CFG)
 361:Generated_Source\PSoC4/mUART.c ****         if (0u != mUART_scbEnableIntr)
 362:Generated_Source\PSoC4/mUART.c ****         {
 363:Generated_Source\PSoC4/mUART.c ****             mUART_EnableInt();
 364:Generated_Source\PSoC4/mUART.c ****         }
 365:Generated_Source\PSoC4/mUART.c **** 
ARM GAS  C:\Users\PC\AppData\Local\Temp\cc6pHVeO.s 			page 8


 366:Generated_Source\PSoC4/mUART.c ****     #else
 367:Generated_Source\PSoC4/mUART.c ****         mUART_EnableInt();
  35              		.loc 1 367 0
  36 0002 0720     		movs	r0, #7
  37 0004 FFF7FEFF 		bl	CyIntEnable
  38              	.LVL0:
 368:Generated_Source\PSoC4/mUART.c **** 
 369:Generated_Source\PSoC4/mUART.c ****     #endif /* (mUART_SCB_MODE_UNCONFIG_CONST_CFG) */
 370:Generated_Source\PSoC4/mUART.c **** #endif /* (mUART_SCB_IRQ_INTERNAL) */
 371:Generated_Source\PSoC4/mUART.c **** }
  39              		.loc 1 371 0
  40              		@ sp needed
  41 0008 10BD     		pop	{r4, pc}
  42              		.cfi_endproc
  43              	.LFE8:
  44              		.size	mUART_ScbEnableIntr, .-mUART_ScbEnableIntr
  45 000a C046     		.section	.text.mUART_ScbModePostEnable,"ax",%progbits
  46              		.align	2
  47              		.code	16
  48              		.thumb_func
  49              		.type	mUART_ScbModePostEnable, %function
  50              	mUART_ScbModePostEnable:
  51              	.LFB9:
 372:Generated_Source\PSoC4/mUART.c **** 
 373:Generated_Source\PSoC4/mUART.c **** 
 374:Generated_Source\PSoC4/mUART.c **** /*******************************************************************************
 375:Generated_Source\PSoC4/mUART.c **** * Function Name: mUART_ScbModePostEnable
 376:Generated_Source\PSoC4/mUART.c **** ****************************************************************************//**
 377:Generated_Source\PSoC4/mUART.c **** *
 378:Generated_Source\PSoC4/mUART.c **** *  Calls the PostEnable function for a specific operation mode.
 379:Generated_Source\PSoC4/mUART.c **** *
 380:Generated_Source\PSoC4/mUART.c **** *******************************************************************************/
 381:Generated_Source\PSoC4/mUART.c **** static void mUART_ScbModePostEnable(void)
 382:Generated_Source\PSoC4/mUART.c **** {
  52              		.loc 1 382 0
  53              		.cfi_startproc
  54              		@ args = 0, pretend = 0, frame = 0
  55              		@ frame_needed = 0, uses_anonymous_args = 0
  56 0000 10B5     		push	{r4, lr}
  57              		.cfi_def_cfa_offset 8
  58              		.cfi_offset 4, -8
  59              		.cfi_offset 14, -4
 383:Generated_Source\PSoC4/mUART.c **** #if (mUART_SCB_MODE_UNCONFIG_CONST_CFG)
 384:Generated_Source\PSoC4/mUART.c **** #if (!mUART_CY_SCBIP_V1)
 385:Generated_Source\PSoC4/mUART.c ****     if (mUART_SCB_MODE_SPI_RUNTM_CFG)
 386:Generated_Source\PSoC4/mUART.c ****     {
 387:Generated_Source\PSoC4/mUART.c ****         mUART_SpiPostEnable();
 388:Generated_Source\PSoC4/mUART.c ****     }
 389:Generated_Source\PSoC4/mUART.c ****     else if (mUART_SCB_MODE_UART_RUNTM_CFG)
 390:Generated_Source\PSoC4/mUART.c ****     {
 391:Generated_Source\PSoC4/mUART.c ****         mUART_UartPostEnable();
 392:Generated_Source\PSoC4/mUART.c ****     }
 393:Generated_Source\PSoC4/mUART.c ****     else
 394:Generated_Source\PSoC4/mUART.c ****     {
 395:Generated_Source\PSoC4/mUART.c ****         /* Unknown mode: do nothing */
 396:Generated_Source\PSoC4/mUART.c ****     }
 397:Generated_Source\PSoC4/mUART.c **** #endif /* (!mUART_CY_SCBIP_V1) */
ARM GAS  C:\Users\PC\AppData\Local\Temp\cc6pHVeO.s 			page 9


 398:Generated_Source\PSoC4/mUART.c **** 
 399:Generated_Source\PSoC4/mUART.c **** #elif (mUART_SCB_MODE_SPI_CONST_CFG)
 400:Generated_Source\PSoC4/mUART.c ****     mUART_SpiPostEnable();
 401:Generated_Source\PSoC4/mUART.c **** 
 402:Generated_Source\PSoC4/mUART.c **** #elif (mUART_SCB_MODE_UART_CONST_CFG)
 403:Generated_Source\PSoC4/mUART.c ****     mUART_UartPostEnable();
  60              		.loc 1 403 0
  61 0002 FFF7FEFF 		bl	mUART_UartPostEnable
  62              	.LVL1:
 404:Generated_Source\PSoC4/mUART.c **** 
 405:Generated_Source\PSoC4/mUART.c **** #else
 406:Generated_Source\PSoC4/mUART.c ****     /* Unknown mode: do nothing */
 407:Generated_Source\PSoC4/mUART.c **** #endif /* (mUART_SCB_MODE_UNCONFIG_CONST_CFG) */
 408:Generated_Source\PSoC4/mUART.c **** }
  63              		.loc 1 408 0
  64              		@ sp needed
  65 0006 10BD     		pop	{r4, pc}
  66              		.cfi_endproc
  67              	.LFE9:
  68              		.size	mUART_ScbModePostEnable, .-mUART_ScbModePostEnable
  69              		.section	.text.mUART_ScbModeStop,"ax",%progbits
  70              		.align	2
  71              		.code	16
  72              		.thumb_func
  73              		.type	mUART_ScbModeStop, %function
  74              	mUART_ScbModeStop:
  75              	.LFB10:
 409:Generated_Source\PSoC4/mUART.c **** 
 410:Generated_Source\PSoC4/mUART.c **** 
 411:Generated_Source\PSoC4/mUART.c **** /*******************************************************************************
 412:Generated_Source\PSoC4/mUART.c **** * Function Name: mUART_ScbModeStop
 413:Generated_Source\PSoC4/mUART.c **** ****************************************************************************//**
 414:Generated_Source\PSoC4/mUART.c **** *
 415:Generated_Source\PSoC4/mUART.c **** *  Calls the Stop function for a specific operation mode.
 416:Generated_Source\PSoC4/mUART.c **** *
 417:Generated_Source\PSoC4/mUART.c **** *******************************************************************************/
 418:Generated_Source\PSoC4/mUART.c **** static void mUART_ScbModeStop(void)
 419:Generated_Source\PSoC4/mUART.c **** {
  76              		.loc 1 419 0
  77              		.cfi_startproc
  78              		@ args = 0, pretend = 0, frame = 0
  79              		@ frame_needed = 0, uses_anonymous_args = 0
  80 0000 10B5     		push	{r4, lr}
  81              		.cfi_def_cfa_offset 8
  82              		.cfi_offset 4, -8
  83              		.cfi_offset 14, -4
 420:Generated_Source\PSoC4/mUART.c **** #if (mUART_SCB_MODE_UNCONFIG_CONST_CFG)
 421:Generated_Source\PSoC4/mUART.c ****     if (mUART_SCB_MODE_I2C_RUNTM_CFG)
 422:Generated_Source\PSoC4/mUART.c ****     {
 423:Generated_Source\PSoC4/mUART.c ****         mUART_I2CStop();
 424:Generated_Source\PSoC4/mUART.c ****     }
 425:Generated_Source\PSoC4/mUART.c ****     else if (mUART_SCB_MODE_EZI2C_RUNTM_CFG)
 426:Generated_Source\PSoC4/mUART.c ****     {
 427:Generated_Source\PSoC4/mUART.c ****         mUART_EzI2CStop();
 428:Generated_Source\PSoC4/mUART.c ****     }
 429:Generated_Source\PSoC4/mUART.c **** #if (!mUART_CY_SCBIP_V1)
 430:Generated_Source\PSoC4/mUART.c ****     else if (mUART_SCB_MODE_SPI_RUNTM_CFG)
ARM GAS  C:\Users\PC\AppData\Local\Temp\cc6pHVeO.s 			page 10


 431:Generated_Source\PSoC4/mUART.c ****     {
 432:Generated_Source\PSoC4/mUART.c ****         mUART_SpiStop();
 433:Generated_Source\PSoC4/mUART.c ****     }
 434:Generated_Source\PSoC4/mUART.c ****     else if (mUART_SCB_MODE_UART_RUNTM_CFG)
 435:Generated_Source\PSoC4/mUART.c ****     {
 436:Generated_Source\PSoC4/mUART.c ****         mUART_UartStop();
 437:Generated_Source\PSoC4/mUART.c ****     }
 438:Generated_Source\PSoC4/mUART.c **** #endif /* (!mUART_CY_SCBIP_V1) */
 439:Generated_Source\PSoC4/mUART.c ****     else
 440:Generated_Source\PSoC4/mUART.c ****     {
 441:Generated_Source\PSoC4/mUART.c ****         /* Unknown mode: do nothing */
 442:Generated_Source\PSoC4/mUART.c ****     }
 443:Generated_Source\PSoC4/mUART.c **** #elif (mUART_SCB_MODE_I2C_CONST_CFG)
 444:Generated_Source\PSoC4/mUART.c ****     mUART_I2CStop();
 445:Generated_Source\PSoC4/mUART.c **** 
 446:Generated_Source\PSoC4/mUART.c **** #elif (mUART_SCB_MODE_EZI2C_CONST_CFG)
 447:Generated_Source\PSoC4/mUART.c ****     mUART_EzI2CStop();
 448:Generated_Source\PSoC4/mUART.c **** 
 449:Generated_Source\PSoC4/mUART.c **** #elif (mUART_SCB_MODE_SPI_CONST_CFG)
 450:Generated_Source\PSoC4/mUART.c ****     mUART_SpiStop();
 451:Generated_Source\PSoC4/mUART.c **** 
 452:Generated_Source\PSoC4/mUART.c **** #elif (mUART_SCB_MODE_UART_CONST_CFG)
 453:Generated_Source\PSoC4/mUART.c ****     mUART_UartStop();
  84              		.loc 1 453 0
  85 0002 FFF7FEFF 		bl	mUART_UartStop
  86              	.LVL2:
 454:Generated_Source\PSoC4/mUART.c **** 
 455:Generated_Source\PSoC4/mUART.c **** #else
 456:Generated_Source\PSoC4/mUART.c ****     /* Unknown mode: do nothing */
 457:Generated_Source\PSoC4/mUART.c **** #endif /* (mUART_SCB_MODE_UNCONFIG_CONST_CFG) */
 458:Generated_Source\PSoC4/mUART.c **** }
  87              		.loc 1 458 0
  88              		@ sp needed
  89 0006 10BD     		pop	{r4, pc}
  90              		.cfi_endproc
  91              	.LFE10:
  92              		.size	mUART_ScbModeStop, .-mUART_ScbModeStop
  93              		.section	.text.mUART_Init,"ax",%progbits
  94              		.align	2
  95              		.global	mUART_Init
  96              		.code	16
  97              		.thumb_func
  98              		.type	mUART_Init, %function
  99              	mUART_Init:
 100              	.LFB1:
 124:Generated_Source\PSoC4/mUART.c **** #if (mUART_SCB_MODE_UNCONFIG_CONST_CFG)
 101              		.loc 1 124 0
 102              		.cfi_startproc
 103              		@ args = 0, pretend = 0, frame = 0
 104              		@ frame_needed = 0, uses_anonymous_args = 0
 105 0000 10B5     		push	{r4, lr}
 106              		.cfi_def_cfa_offset 8
 107              		.cfi_offset 4, -8
 108              		.cfi_offset 14, -4
 142:Generated_Source\PSoC4/mUART.c **** 
 109              		.loc 1 142 0
 110 0002 FFF7FEFF 		bl	mUART_UartInit
ARM GAS  C:\Users\PC\AppData\Local\Temp\cc6pHVeO.s 			page 11


 111              	.LVL3:
 148:Generated_Source\PSoC4/mUART.c **** 
 112              		.loc 1 148 0
 113              		@ sp needed
 114 0006 10BD     		pop	{r4, pc}
 115              		.cfi_endproc
 116              	.LFE1:
 117              		.size	mUART_Init, .-mUART_Init
 118              		.section	.text.mUART_Enable,"ax",%progbits
 119              		.align	2
 120              		.global	mUART_Enable
 121              		.code	16
 122              		.thumb_func
 123              		.type	mUART_Enable, %function
 124              	mUART_Enable:
 125              	.LFB2:
 172:Generated_Source\PSoC4/mUART.c **** #if (mUART_SCB_MODE_UNCONFIG_CONST_CFG)
 126              		.loc 1 172 0
 127              		.cfi_startproc
 128              		@ args = 0, pretend = 0, frame = 0
 129              		@ frame_needed = 0, uses_anonymous_args = 0
 130 0000 10B5     		push	{r4, lr}
 131              		.cfi_def_cfa_offset 8
 132              		.cfi_offset 4, -8
 133              		.cfi_offset 14, -4
 185:Generated_Source\PSoC4/mUART.c **** 
 134              		.loc 1 185 0
 135 0002 054A     		ldr	r2, .L6
 136 0004 1368     		ldr	r3, [r2]
 137 0006 8021     		movs	r1, #128
 138 0008 0906     		lsls	r1, r1, #24
 139 000a 0B43     		orrs	r3, r1
 140 000c 1360     		str	r3, [r2]
 187:Generated_Source\PSoC4/mUART.c **** 
 141              		.loc 1 187 0
 142 000e FFF7FEFF 		bl	mUART_ScbEnableIntr
 143              	.LVL4:
 190:Generated_Source\PSoC4/mUART.c **** #endif /* (mUART_SCB_MODE_UNCONFIG_CONST_CFG) */
 144              		.loc 1 190 0
 145 0012 FFF7FEFF 		bl	mUART_ScbModePostEnable
 146              	.LVL5:
 192:Generated_Source\PSoC4/mUART.c **** 
 147              		.loc 1 192 0
 148              		@ sp needed
 149 0016 10BD     		pop	{r4, pc}
 150              	.L7:
 151              		.align	2
 152              	.L6:
 153 0018 00000840 		.word	1074266112
 154              		.cfi_endproc
 155              	.LFE2:
 156              		.size	mUART_Enable, .-mUART_Enable
 157              		.section	.text.mUART_Start,"ax",%progbits
 158              		.align	2
 159              		.global	mUART_Start
 160              		.code	16
 161              		.thumb_func
ARM GAS  C:\Users\PC\AppData\Local\Temp\cc6pHVeO.s 			page 12


 162              		.type	mUART_Start, %function
 163              	mUART_Start:
 164              	.LFB3:
 211:Generated_Source\PSoC4/mUART.c ****     if (0u == mUART_initVar)
 165              		.loc 1 211 0
 166              		.cfi_startproc
 167              		@ args = 0, pretend = 0, frame = 0
 168              		@ frame_needed = 0, uses_anonymous_args = 0
 169 0000 10B5     		push	{r4, lr}
 170              		.cfi_def_cfa_offset 8
 171              		.cfi_offset 4, -8
 172              		.cfi_offset 14, -4
 212:Generated_Source\PSoC4/mUART.c ****     {
 173              		.loc 1 212 0
 174 0002 064B     		ldr	r3, .L10
 175 0004 1B78     		ldrb	r3, [r3]
 176 0006 002B     		cmp	r3, #0
 177 0008 04D1     		bne	.L9
 214:Generated_Source\PSoC4/mUART.c ****         mUART_initVar = 1u; /* Component was initialized */
 178              		.loc 1 214 0
 179 000a FFF7FEFF 		bl	mUART_Init
 180              	.LVL6:
 215:Generated_Source\PSoC4/mUART.c ****     }
 181              		.loc 1 215 0
 182 000e 0122     		movs	r2, #1
 183 0010 024B     		ldr	r3, .L10
 184 0012 1A70     		strb	r2, [r3]
 185              	.L9:
 218:Generated_Source\PSoC4/mUART.c **** }
 186              		.loc 1 218 0
 187 0014 FFF7FEFF 		bl	mUART_Enable
 188              	.LVL7:
 219:Generated_Source\PSoC4/mUART.c **** 
 189              		.loc 1 219 0
 190              		@ sp needed
 191 0018 10BD     		pop	{r4, pc}
 192              	.L11:
 193 001a C046     		.align	2
 194              	.L10:
 195 001c 00000000 		.word	.LANCHOR0
 196              		.cfi_endproc
 197              	.LFE3:
 198              		.size	mUART_Start, .-mUART_Start
 199              		.section	.text.mUART_Stop,"ax",%progbits
 200              		.align	2
 201              		.global	mUART_Stop
 202              		.code	16
 203              		.thumb_func
 204              		.type	mUART_Stop, %function
 205              	mUART_Stop:
 206              	.LFB4:
 240:Generated_Source\PSoC4/mUART.c **** #if (mUART_SCB_IRQ_INTERNAL)
 207              		.loc 1 240 0
 208              		.cfi_startproc
 209              		@ args = 0, pretend = 0, frame = 0
 210              		@ frame_needed = 0, uses_anonymous_args = 0
 211 0000 10B5     		push	{r4, lr}
ARM GAS  C:\Users\PC\AppData\Local\Temp\cc6pHVeO.s 			page 13


 212              		.cfi_def_cfa_offset 8
 213              		.cfi_offset 4, -8
 214              		.cfi_offset 14, -4
 242:Generated_Source\PSoC4/mUART.c **** #endif /* (mUART_SCB_IRQ_INTERNAL) */
 215              		.loc 1 242 0
 216 0002 0720     		movs	r0, #7
 217 0004 FFF7FEFF 		bl	CyIntDisable
 218              	.LVL8:
 246:Generated_Source\PSoC4/mUART.c **** 
 219              		.loc 1 246 0
 220 0008 FFF7FEFF 		bl	mUART_ScbModeStop
 221              	.LVL9:
 249:Generated_Source\PSoC4/mUART.c **** 
 222              		.loc 1 249 0
 223 000c 054A     		ldr	r2, .L13
 224 000e 1368     		ldr	r3, [r2]
 225 0010 5B00     		lsls	r3, r3, #1
 226 0012 5B08     		lsrs	r3, r3, #1
 227 0014 1360     		str	r3, [r2]
 259:Generated_Source\PSoC4/mUART.c **** 
 228              		.loc 1 259 0
 229 0016 0022     		movs	r2, #0
 230 0018 034B     		ldr	r3, .L13+4
 231 001a 1A60     		str	r2, [r3]
 262:Generated_Source\PSoC4/mUART.c **** #endif /* (mUART_SCB_IRQ_INTERNAL) */
 232              		.loc 1 262 0
 233 001c 0720     		movs	r0, #7
 234 001e FFF7FEFF 		bl	CyIntClearPending
 235              	.LVL10:
 264:Generated_Source\PSoC4/mUART.c **** 
 236              		.loc 1 264 0
 237              		@ sp needed
 238 0022 10BD     		pop	{r4, pc}
 239              	.L14:
 240              		.align	2
 241              	.L13:
 242 0024 00000840 		.word	1074266112
 243 0028 880F0840 		.word	1074270088
 244              		.cfi_endproc
 245              	.LFE4:
 246              		.size	mUART_Stop, .-mUART_Stop
 247              		.section	.text.mUART_SetRxFifoLevel,"ax",%progbits
 248              		.align	2
 249              		.global	mUART_SetRxFifoLevel
 250              		.code	16
 251              		.thumb_func
 252              		.type	mUART_SetRxFifoLevel, %function
 253              	mUART_SetRxFifoLevel:
 254              	.LFB5:
 280:Generated_Source\PSoC4/mUART.c ****     uint32 rxFifoCtrl;
 255              		.loc 1 280 0
 256              		.cfi_startproc
 257              		@ args = 0, pretend = 0, frame = 0
 258              		@ frame_needed = 0, uses_anonymous_args = 0
 259              		@ link register save eliminated.
 260              	.LVL11:
 283:Generated_Source\PSoC4/mUART.c **** 
ARM GAS  C:\Users\PC\AppData\Local\Temp\cc6pHVeO.s 			page 14


 261              		.loc 1 283 0
 262 0000 034A     		ldr	r2, .L16
 263 0002 1368     		ldr	r3, [r2]
 264              	.LVL12:
 285:Generated_Source\PSoC4/mUART.c ****     rxFifoCtrl |= ((uint32) (mUART_RX_FIFO_CTRL_TRIGGER_LEVEL_MASK & level));
 265              		.loc 1 285 0
 266 0004 0F21     		movs	r1, #15
 267 0006 8B43     		bics	r3, r1
 268              	.LVL13:
 286:Generated_Source\PSoC4/mUART.c **** 
 269              		.loc 1 286 0
 270 0008 0840     		ands	r0, r1
 271              	.LVL14:
 272 000a 1843     		orrs	r0, r3
 273              	.LVL15:
 288:Generated_Source\PSoC4/mUART.c **** }
 274              		.loc 1 288 0
 275 000c 1060     		str	r0, [r2]
 289:Generated_Source\PSoC4/mUART.c **** 
 276              		.loc 1 289 0
 277              		@ sp needed
 278 000e 7047     		bx	lr
 279              	.L17:
 280              		.align	2
 281              	.L16:
 282 0010 04030840 		.word	1074266884
 283              		.cfi_endproc
 284              	.LFE5:
 285              		.size	mUART_SetRxFifoLevel, .-mUART_SetRxFifoLevel
 286              		.section	.text.mUART_SetTxFifoLevel,"ax",%progbits
 287              		.align	2
 288              		.global	mUART_SetTxFifoLevel
 289              		.code	16
 290              		.thumb_func
 291              		.type	mUART_SetTxFifoLevel, %function
 292              	mUART_SetTxFifoLevel:
 293              	.LFB6:
 305:Generated_Source\PSoC4/mUART.c ****     uint32 txFifoCtrl;
 294              		.loc 1 305 0
 295              		.cfi_startproc
 296              		@ args = 0, pretend = 0, frame = 0
 297              		@ frame_needed = 0, uses_anonymous_args = 0
 298              		@ link register save eliminated.
 299              	.LVL16:
 308:Generated_Source\PSoC4/mUART.c **** 
 300              		.loc 1 308 0
 301 0000 034A     		ldr	r2, .L19
 302 0002 1368     		ldr	r3, [r2]
 303              	.LVL17:
 310:Generated_Source\PSoC4/mUART.c ****     txFifoCtrl |= ((uint32) (mUART_TX_FIFO_CTRL_TRIGGER_LEVEL_MASK & level));
 304              		.loc 1 310 0
 305 0004 0F21     		movs	r1, #15
 306 0006 8B43     		bics	r3, r1
 307              	.LVL18:
 311:Generated_Source\PSoC4/mUART.c **** 
 308              		.loc 1 311 0
 309 0008 0840     		ands	r0, r1
ARM GAS  C:\Users\PC\AppData\Local\Temp\cc6pHVeO.s 			page 15


 310              	.LVL19:
 311 000a 1843     		orrs	r0, r3
 312              	.LVL20:
 313:Generated_Source\PSoC4/mUART.c **** }
 313              		.loc 1 313 0
 314 000c 1060     		str	r0, [r2]
 314:Generated_Source\PSoC4/mUART.c **** 
 315              		.loc 1 314 0
 316              		@ sp needed
 317 000e 7047     		bx	lr
 318              	.L20:
 319              		.align	2
 320              	.L19:
 321 0010 04020840 		.word	1074266628
 322              		.cfi_endproc
 323              	.LFE6:
 324              		.size	mUART_SetTxFifoLevel, .-mUART_SetTxFifoLevel
 325              		.section	.text.mUART_SetCustomInterruptHandler,"ax",%progbits
 326              		.align	2
 327              		.global	mUART_SetCustomInterruptHandler
 328              		.code	16
 329              		.thumb_func
 330              		.type	mUART_SetCustomInterruptHandler, %function
 331              	mUART_SetCustomInterruptHandler:
 332              	.LFB7:
 336:Generated_Source\PSoC4/mUART.c ****     #if !defined (CY_REMOVE_mUART_CUSTOM_INTR_HANDLER)
 333              		.loc 1 336 0
 334              		.cfi_startproc
 335              		@ args = 0, pretend = 0, frame = 0
 336              		@ frame_needed = 0, uses_anonymous_args = 0
 337              		@ link register save eliminated.
 338              	.LVL21:
 338:Generated_Source\PSoC4/mUART.c ****     #else
 339              		.loc 1 338 0
 340 0000 014B     		ldr	r3, .L22
 341 0002 5860     		str	r0, [r3, #4]
 345:Generated_Source\PSoC4/mUART.c **** #endif /* (mUART_SCB_IRQ_INTERNAL) */
 342              		.loc 1 345 0
 343              		@ sp needed
 344 0004 7047     		bx	lr
 345              	.L23:
 346 0006 C046     		.align	2
 347              	.L22:
 348 0008 00000000 		.word	.LANCHOR0
 349              		.cfi_endproc
 350              	.LFE7:
 351              		.size	mUART_SetCustomInterruptHandler, .-mUART_SetCustomInterruptHandler
 352              		.global	mUART_customIntrHandler
 353              		.global	mUART_IntrTxMask
 354              		.global	mUART_initVar
 355              		.bss
 356              		.align	2
 357              		.set	.LANCHOR0,. + 0
 358              		.type	mUART_initVar, %object
 359              		.size	mUART_initVar, 1
 360              	mUART_initVar:
 361 0000 00       		.space	1
ARM GAS  C:\Users\PC\AppData\Local\Temp\cc6pHVeO.s 			page 16


 362 0001 000000   		.space	3
 363              		.type	mUART_customIntrHandler, %object
 364              		.size	mUART_customIntrHandler, 4
 365              	mUART_customIntrHandler:
 366 0004 00000000 		.space	4
 367              		.type	mUART_IntrTxMask, %object
 368              		.size	mUART_IntrTxMask, 2
 369              	mUART_IntrTxMask:
 370 0008 0000     		.space	2
 371              		.text
 372              	.Letext0:
 373              		.file 2 "Generated_Source\\PSoC4/cytypes.h"
 374              		.file 3 "Generated_Source\\PSoC4/CyLib.h"
 375              		.file 4 "Generated_Source\\PSoC4\\mUART_SPI_UART_PVT.h"
 376              		.section	.debug_info,"",%progbits
 377              	.Ldebug_info0:
 378 0000 E5020000 		.4byte	0x2e5
 379 0004 0400     		.2byte	0x4
 380 0006 00000000 		.4byte	.Ldebug_abbrev0
 381 000a 04       		.byte	0x4
 382 000b 01       		.uleb128 0x1
 383 000c 1A020000 		.4byte	.LASF41
 384 0010 0C       		.byte	0xc
 385 0011 27010000 		.4byte	.LASF42
 386 0015 E3020000 		.4byte	.LASF43
 387 0019 00000000 		.4byte	.Ldebug_ranges0+0
 388 001d 00000000 		.4byte	0
 389 0021 00000000 		.4byte	.Ldebug_line0
 390 0025 02       		.uleb128 0x2
 391 0026 01       		.byte	0x1
 392 0027 06       		.byte	0x6
 393 0028 AC020000 		.4byte	.LASF0
 394 002c 02       		.uleb128 0x2
 395 002d 01       		.byte	0x1
 396 002e 08       		.byte	0x8
 397 002f 80000000 		.4byte	.LASF1
 398 0033 02       		.uleb128 0x2
 399 0034 02       		.byte	0x2
 400 0035 05       		.byte	0x5
 401 0036 BE010000 		.4byte	.LASF2
 402 003a 02       		.uleb128 0x2
 403 003b 02       		.byte	0x2
 404 003c 07       		.byte	0x7
 405 003d D0020000 		.4byte	.LASF3
 406 0041 02       		.uleb128 0x2
 407 0042 04       		.byte	0x4
 408 0043 05       		.byte	0x5
 409 0044 05020000 		.4byte	.LASF4
 410 0048 02       		.uleb128 0x2
 411 0049 04       		.byte	0x4
 412 004a 07       		.byte	0x7
 413 004b 8E000000 		.4byte	.LASF5
 414 004f 02       		.uleb128 0x2
 415 0050 08       		.byte	0x8
 416 0051 05       		.byte	0x5
 417 0052 9E010000 		.4byte	.LASF6
 418 0056 02       		.uleb128 0x2
ARM GAS  C:\Users\PC\AppData\Local\Temp\cc6pHVeO.s 			page 17


 419 0057 08       		.byte	0x8
 420 0058 07       		.byte	0x7
 421 0059 53010000 		.4byte	.LASF7
 422 005d 03       		.uleb128 0x3
 423 005e 04       		.byte	0x4
 424 005f 05       		.byte	0x5
 425 0060 696E7400 		.ascii	"int\000"
 426 0064 02       		.uleb128 0x2
 427 0065 04       		.byte	0x4
 428 0066 07       		.byte	0x7
 429 0067 46010000 		.4byte	.LASF8
 430 006b 04       		.uleb128 0x4
 431 006c B5000000 		.4byte	.LASF9
 432 0070 02       		.byte	0x2
 433 0071 FB01     		.2byte	0x1fb
 434 0073 2C000000 		.4byte	0x2c
 435 0077 04       		.uleb128 0x4
 436 0078 19010000 		.4byte	.LASF10
 437 007c 02       		.byte	0x2
 438 007d FC01     		.2byte	0x1fc
 439 007f 3A000000 		.4byte	0x3a
 440 0083 04       		.uleb128 0x4
 441 0084 20010000 		.4byte	.LASF11
 442 0088 02       		.byte	0x2
 443 0089 FD01     		.2byte	0x1fd
 444 008b 48000000 		.4byte	0x48
 445 008f 02       		.uleb128 0x2
 446 0090 04       		.byte	0x4
 447 0091 04       		.byte	0x4
 448 0092 7A000000 		.4byte	.LASF12
 449 0096 02       		.uleb128 0x2
 450 0097 08       		.byte	0x8
 451 0098 04       		.byte	0x4
 452 0099 01010000 		.4byte	.LASF13
 453 009d 02       		.uleb128 0x2
 454 009e 01       		.byte	0x1
 455 009f 08       		.byte	0x8
 456 00a0 AC010000 		.4byte	.LASF14
 457 00a4 04       		.uleb128 0x4
 458 00a5 00000000 		.4byte	.LASF15
 459 00a9 02       		.byte	0x2
 460 00aa A702     		.2byte	0x2a7
 461 00ac B0000000 		.4byte	0xb0
 462 00b0 05       		.uleb128 0x5
 463 00b1 83000000 		.4byte	0x83
 464 00b5 06       		.uleb128 0x6
 465 00b6 04       		.byte	0x4
 466 00b7 BB000000 		.4byte	0xbb
 467 00bb 07       		.uleb128 0x7
 468 00bc 02       		.uleb128 0x2
 469 00bd 08       		.byte	0x8
 470 00be 04       		.byte	0x4
 471 00bf 0E020000 		.4byte	.LASF16
 472 00c3 02       		.uleb128 0x2
 473 00c4 04       		.byte	0x4
 474 00c5 07       		.byte	0x7
 475 00c6 89010000 		.4byte	.LASF17
ARM GAS  C:\Users\PC\AppData\Local\Temp\cc6pHVeO.s 			page 18


 476 00ca 08       		.uleb128 0x8
 477 00cb D8000000 		.4byte	.LASF18
 478 00cf 01       		.byte	0x1
 479 00d0 6401     		.2byte	0x164
 480 00d2 00000000 		.4byte	.LFB8
 481 00d6 0A000000 		.4byte	.LFE8-.LFB8
 482 00da 01       		.uleb128 0x1
 483 00db 9C       		.byte	0x9c
 484 00dc F0000000 		.4byte	0xf0
 485 00e0 09       		.uleb128 0x9
 486 00e1 08000000 		.4byte	.LVL0
 487 00e5 A6020000 		.4byte	0x2a6
 488 00e9 0A       		.uleb128 0xa
 489 00ea 01       		.uleb128 0x1
 490 00eb 50       		.byte	0x50
 491 00ec 01       		.uleb128 0x1
 492 00ed 37       		.byte	0x37
 493 00ee 00       		.byte	0
 494 00ef 00       		.byte	0
 495 00f0 08       		.uleb128 0x8
 496 00f1 11000000 		.4byte	.LASF19
 497 00f5 01       		.byte	0x1
 498 00f6 7D01     		.2byte	0x17d
 499 00f8 00000000 		.4byte	.LFB9
 500 00fc 08000000 		.4byte	.LFE9-.LFB9
 501 0100 01       		.uleb128 0x1
 502 0101 9C       		.byte	0x9c
 503 0102 10010000 		.4byte	0x110
 504 0106 0B       		.uleb128 0xb
 505 0107 06000000 		.4byte	.LVL1
 506 010b B1020000 		.4byte	0x2b1
 507 010f 00       		.byte	0
 508 0110 08       		.uleb128 0x8
 509 0111 E8010000 		.4byte	.LASF20
 510 0115 01       		.byte	0x1
 511 0116 A201     		.2byte	0x1a2
 512 0118 00000000 		.4byte	.LFB10
 513 011c 08000000 		.4byte	.LFE10-.LFB10
 514 0120 01       		.uleb128 0x1
 515 0121 9C       		.byte	0x9c
 516 0122 30010000 		.4byte	0x130
 517 0126 0B       		.uleb128 0xb
 518 0127 06000000 		.4byte	.LVL2
 519 012b BC020000 		.4byte	0x2bc
 520 012f 00       		.byte	0
 521 0130 0C       		.uleb128 0xc
 522 0131 55000000 		.4byte	.LASF21
 523 0135 01       		.byte	0x1
 524 0136 7B       		.byte	0x7b
 525 0137 00000000 		.4byte	.LFB1
 526 013b 08000000 		.4byte	.LFE1-.LFB1
 527 013f 01       		.uleb128 0x1
 528 0140 9C       		.byte	0x9c
 529 0141 4F010000 		.4byte	0x14f
 530 0145 0B       		.uleb128 0xb
 531 0146 06000000 		.4byte	.LVL3
 532 014a C7020000 		.4byte	0x2c7
ARM GAS  C:\Users\PC\AppData\Local\Temp\cc6pHVeO.s 			page 19


 533 014e 00       		.byte	0
 534 014f 0C       		.uleb128 0xc
 535 0150 6A010000 		.4byte	.LASF22
 536 0154 01       		.byte	0x1
 537 0155 AB       		.byte	0xab
 538 0156 00000000 		.4byte	.LFB2
 539 015a 1C000000 		.4byte	.LFE2-.LFB2
 540 015e 01       		.uleb128 0x1
 541 015f 9C       		.byte	0x9c
 542 0160 77010000 		.4byte	0x177
 543 0164 0B       		.uleb128 0xb
 544 0165 12000000 		.4byte	.LVL4
 545 0169 CA000000 		.4byte	0xca
 546 016d 0B       		.uleb128 0xb
 547 016e 16000000 		.4byte	.LVL5
 548 0172 F0000000 		.4byte	0xf0
 549 0176 00       		.byte	0
 550 0177 0C       		.uleb128 0xc
 551 0178 92010000 		.4byte	.LASF23
 552 017c 01       		.byte	0x1
 553 017d D2       		.byte	0xd2
 554 017e 00000000 		.4byte	.LFB3
 555 0182 20000000 		.4byte	.LFE3-.LFB3
 556 0186 01       		.uleb128 0x1
 557 0187 9C       		.byte	0x9c
 558 0188 9F010000 		.4byte	0x19f
 559 018c 0B       		.uleb128 0xb
 560 018d 0E000000 		.4byte	.LVL6
 561 0191 30010000 		.4byte	0x130
 562 0195 0B       		.uleb128 0xb
 563 0196 18000000 		.4byte	.LVL7
 564 019a 4F010000 		.4byte	0x14f
 565 019e 00       		.byte	0
 566 019f 0C       		.uleb128 0xc
 567 01a0 6F000000 		.4byte	.LASF24
 568 01a4 01       		.byte	0x1
 569 01a5 EF       		.byte	0xef
 570 01a6 00000000 		.4byte	.LFB4
 571 01aa 2C000000 		.4byte	.LFE4-.LFB4
 572 01ae 01       		.uleb128 0x1
 573 01af 9C       		.byte	0x9c
 574 01b0 E0010000 		.4byte	0x1e0
 575 01b4 0D       		.uleb128 0xd
 576 01b5 08000000 		.4byte	.LVL8
 577 01b9 D2020000 		.4byte	0x2d2
 578 01bd C7010000 		.4byte	0x1c7
 579 01c1 0A       		.uleb128 0xa
 580 01c2 01       		.uleb128 0x1
 581 01c3 50       		.byte	0x50
 582 01c4 01       		.uleb128 0x1
 583 01c5 37       		.byte	0x37
 584 01c6 00       		.byte	0
 585 01c7 0B       		.uleb128 0xb
 586 01c8 0C000000 		.4byte	.LVL9
 587 01cc 10010000 		.4byte	0x110
 588 01d0 09       		.uleb128 0x9
 589 01d1 22000000 		.4byte	.LVL10
ARM GAS  C:\Users\PC\AppData\Local\Temp\cc6pHVeO.s 			page 20


 590 01d5 DD020000 		.4byte	0x2dd
 591 01d9 0A       		.uleb128 0xa
 592 01da 01       		.uleb128 0x1
 593 01db 50       		.byte	0x50
 594 01dc 01       		.uleb128 0x1
 595 01dd 37       		.byte	0x37
 596 01de 00       		.byte	0
 597 01df 00       		.byte	0
 598 01e0 0E       		.uleb128 0xe
 599 01e1 2F000000 		.4byte	.LASF25
 600 01e5 01       		.byte	0x1
 601 01e6 1701     		.2byte	0x117
 602 01e8 00000000 		.4byte	.LFB5
 603 01ec 14000000 		.4byte	.LFE5-.LFB5
 604 01f0 01       		.uleb128 0x1
 605 01f1 9C       		.byte	0x9c
 606 01f2 17020000 		.4byte	0x217
 607 01f6 0F       		.uleb128 0xf
 608 01f7 29000000 		.4byte	.LASF27
 609 01fb 01       		.byte	0x1
 610 01fc 1701     		.2byte	0x117
 611 01fe 83000000 		.4byte	0x83
 612 0202 00000000 		.4byte	.LLST0
 613 0206 10       		.uleb128 0x10
 614 0207 FA010000 		.4byte	.LASF28
 615 020b 01       		.byte	0x1
 616 020c 1901     		.2byte	0x119
 617 020e 83000000 		.4byte	0x83
 618 0212 21000000 		.4byte	.LLST1
 619 0216 00       		.byte	0
 620 0217 0E       		.uleb128 0xe
 621 0218 EC000000 		.4byte	.LASF26
 622 021c 01       		.byte	0x1
 623 021d 3001     		.2byte	0x130
 624 021f 00000000 		.4byte	.LFB6
 625 0223 14000000 		.4byte	.LFE6-.LFB6
 626 0227 01       		.uleb128 0x1
 627 0228 9C       		.byte	0x9c
 628 0229 4E020000 		.4byte	0x24e
 629 022d 0F       		.uleb128 0xf
 630 022e 29000000 		.4byte	.LASF27
 631 0232 01       		.byte	0x1
 632 0233 3001     		.2byte	0x130
 633 0235 83000000 		.4byte	0x83
 634 0239 3F000000 		.4byte	.LLST2
 635 023d 10       		.uleb128 0x10
 636 023e 06000000 		.4byte	.LASF29
 637 0242 01       		.byte	0x1
 638 0243 3201     		.2byte	0x132
 639 0245 83000000 		.4byte	0x83
 640 0249 60000000 		.4byte	.LLST3
 641 024d 00       		.byte	0
 642 024e 0E       		.uleb128 0xe
 643 024f C8010000 		.4byte	.LASF30
 644 0253 01       		.byte	0x1
 645 0254 4F01     		.2byte	0x14f
 646 0256 00000000 		.4byte	.LFB7
ARM GAS  C:\Users\PC\AppData\Local\Temp\cc6pHVeO.s 			page 21


 647 025a 0C000000 		.4byte	.LFE7-.LFB7
 648 025e 01       		.uleb128 0x1
 649 025f 9C       		.byte	0x9c
 650 0260 73020000 		.4byte	0x273
 651 0264 11       		.uleb128 0x11
 652 0265 08010000 		.4byte	.LASF31
 653 0269 01       		.byte	0x1
 654 026a 4F01     		.2byte	0x14f
 655 026c B5000000 		.4byte	0xb5
 656 0270 01       		.uleb128 0x1
 657 0271 50       		.byte	0x50
 658 0272 00       		.byte	0
 659 0273 12       		.uleb128 0x12
 660 0274 CA000000 		.4byte	.LASF32
 661 0278 01       		.byte	0x1
 662 0279 51       		.byte	0x51
 663 027a 6B000000 		.4byte	0x6b
 664 027e 05       		.uleb128 0x5
 665 027f 03       		.byte	0x3
 666 0280 00000000 		.4byte	mUART_initVar
 667 0284 12       		.uleb128 0x12
 668 0285 B8020000 		.4byte	.LASF33
 669 0289 01       		.byte	0x1
 670 028a 61       		.byte	0x61
 671 028b B5000000 		.4byte	0xb5
 672 028f 05       		.uleb128 0x5
 673 0290 03       		.byte	0x3
 674 0291 00000000 		.4byte	mUART_customIntrHandler
 675 0295 12       		.uleb128 0x12
 676 0296 44000000 		.4byte	.LASF34
 677 029a 01       		.byte	0x1
 678 029b 5A       		.byte	0x5a
 679 029c 77000000 		.4byte	0x77
 680 02a0 05       		.uleb128 0x5
 681 02a1 03       		.byte	0x3
 682 02a2 00000000 		.4byte	mUART_IntrTxMask
 683 02a6 13       		.uleb128 0x13
 684 02a7 0D010000 		.4byte	.LASF35
 685 02ab 0D010000 		.4byte	.LASF35
 686 02af 03       		.byte	0x3
 687 02b0 D6       		.byte	0xd6
 688 02b1 13       		.uleb128 0x13
 689 02b2 A0000000 		.4byte	.LASF36
 690 02b6 A0000000 		.4byte	.LASF36
 691 02ba 04       		.byte	0x4
 692 02bb 4C       		.byte	0x4c
 693 02bc 13       		.uleb128 0x13
 694 02bd 60000000 		.4byte	.LASF37
 695 02c1 60000000 		.4byte	.LASF37
 696 02c5 04       		.byte	0x4
 697 02c6 4D       		.byte	0x4d
 698 02c7 13       		.uleb128 0x13
 699 02c8 BB000000 		.4byte	.LASF38
 700 02cc BB000000 		.4byte	.LASF38
 701 02d0 04       		.byte	0x4
 702 02d1 50       		.byte	0x50
 703 02d2 13       		.uleb128 0x13
ARM GAS  C:\Users\PC\AppData\Local\Temp\cc6pHVeO.s 			page 22


 704 02d3 B1010000 		.4byte	.LASF39
 705 02d7 B1010000 		.4byte	.LASF39
 706 02db 03       		.byte	0x3
 707 02dc D8       		.byte	0xd8
 708 02dd 13       		.uleb128 0x13
 709 02de 77010000 		.4byte	.LASF40
 710 02e2 77010000 		.4byte	.LASF40
 711 02e6 03       		.byte	0x3
 712 02e7 DB       		.byte	0xdb
 713 02e8 00       		.byte	0
 714              		.section	.debug_abbrev,"",%progbits
 715              	.Ldebug_abbrev0:
 716 0000 01       		.uleb128 0x1
 717 0001 11       		.uleb128 0x11
 718 0002 01       		.byte	0x1
 719 0003 25       		.uleb128 0x25
 720 0004 0E       		.uleb128 0xe
 721 0005 13       		.uleb128 0x13
 722 0006 0B       		.uleb128 0xb
 723 0007 03       		.uleb128 0x3
 724 0008 0E       		.uleb128 0xe
 725 0009 1B       		.uleb128 0x1b
 726 000a 0E       		.uleb128 0xe
 727 000b 55       		.uleb128 0x55
 728 000c 17       		.uleb128 0x17
 729 000d 11       		.uleb128 0x11
 730 000e 01       		.uleb128 0x1
 731 000f 10       		.uleb128 0x10
 732 0010 17       		.uleb128 0x17
 733 0011 00       		.byte	0
 734 0012 00       		.byte	0
 735 0013 02       		.uleb128 0x2
 736 0014 24       		.uleb128 0x24
 737 0015 00       		.byte	0
 738 0016 0B       		.uleb128 0xb
 739 0017 0B       		.uleb128 0xb
 740 0018 3E       		.uleb128 0x3e
 741 0019 0B       		.uleb128 0xb
 742 001a 03       		.uleb128 0x3
 743 001b 0E       		.uleb128 0xe
 744 001c 00       		.byte	0
 745 001d 00       		.byte	0
 746 001e 03       		.uleb128 0x3
 747 001f 24       		.uleb128 0x24
 748 0020 00       		.byte	0
 749 0021 0B       		.uleb128 0xb
 750 0022 0B       		.uleb128 0xb
 751 0023 3E       		.uleb128 0x3e
 752 0024 0B       		.uleb128 0xb
 753 0025 03       		.uleb128 0x3
 754 0026 08       		.uleb128 0x8
 755 0027 00       		.byte	0
 756 0028 00       		.byte	0
 757 0029 04       		.uleb128 0x4
 758 002a 16       		.uleb128 0x16
 759 002b 00       		.byte	0
 760 002c 03       		.uleb128 0x3
ARM GAS  C:\Users\PC\AppData\Local\Temp\cc6pHVeO.s 			page 23


 761 002d 0E       		.uleb128 0xe
 762 002e 3A       		.uleb128 0x3a
 763 002f 0B       		.uleb128 0xb
 764 0030 3B       		.uleb128 0x3b
 765 0031 05       		.uleb128 0x5
 766 0032 49       		.uleb128 0x49
 767 0033 13       		.uleb128 0x13
 768 0034 00       		.byte	0
 769 0035 00       		.byte	0
 770 0036 05       		.uleb128 0x5
 771 0037 35       		.uleb128 0x35
 772 0038 00       		.byte	0
 773 0039 49       		.uleb128 0x49
 774 003a 13       		.uleb128 0x13
 775 003b 00       		.byte	0
 776 003c 00       		.byte	0
 777 003d 06       		.uleb128 0x6
 778 003e 0F       		.uleb128 0xf
 779 003f 00       		.byte	0
 780 0040 0B       		.uleb128 0xb
 781 0041 0B       		.uleb128 0xb
 782 0042 49       		.uleb128 0x49
 783 0043 13       		.uleb128 0x13
 784 0044 00       		.byte	0
 785 0045 00       		.byte	0
 786 0046 07       		.uleb128 0x7
 787 0047 15       		.uleb128 0x15
 788 0048 00       		.byte	0
 789 0049 27       		.uleb128 0x27
 790 004a 19       		.uleb128 0x19
 791 004b 00       		.byte	0
 792 004c 00       		.byte	0
 793 004d 08       		.uleb128 0x8
 794 004e 2E       		.uleb128 0x2e
 795 004f 01       		.byte	0x1
 796 0050 03       		.uleb128 0x3
 797 0051 0E       		.uleb128 0xe
 798 0052 3A       		.uleb128 0x3a
 799 0053 0B       		.uleb128 0xb
 800 0054 3B       		.uleb128 0x3b
 801 0055 05       		.uleb128 0x5
 802 0056 27       		.uleb128 0x27
 803 0057 19       		.uleb128 0x19
 804 0058 11       		.uleb128 0x11
 805 0059 01       		.uleb128 0x1
 806 005a 12       		.uleb128 0x12
 807 005b 06       		.uleb128 0x6
 808 005c 40       		.uleb128 0x40
 809 005d 18       		.uleb128 0x18
 810 005e 9742     		.uleb128 0x2117
 811 0060 19       		.uleb128 0x19
 812 0061 01       		.uleb128 0x1
 813 0062 13       		.uleb128 0x13
 814 0063 00       		.byte	0
 815 0064 00       		.byte	0
 816 0065 09       		.uleb128 0x9
 817 0066 898201   		.uleb128 0x4109
ARM GAS  C:\Users\PC\AppData\Local\Temp\cc6pHVeO.s 			page 24


 818 0069 01       		.byte	0x1
 819 006a 11       		.uleb128 0x11
 820 006b 01       		.uleb128 0x1
 821 006c 31       		.uleb128 0x31
 822 006d 13       		.uleb128 0x13
 823 006e 00       		.byte	0
 824 006f 00       		.byte	0
 825 0070 0A       		.uleb128 0xa
 826 0071 8A8201   		.uleb128 0x410a
 827 0074 00       		.byte	0
 828 0075 02       		.uleb128 0x2
 829 0076 18       		.uleb128 0x18
 830 0077 9142     		.uleb128 0x2111
 831 0079 18       		.uleb128 0x18
 832 007a 00       		.byte	0
 833 007b 00       		.byte	0
 834 007c 0B       		.uleb128 0xb
 835 007d 898201   		.uleb128 0x4109
 836 0080 00       		.byte	0
 837 0081 11       		.uleb128 0x11
 838 0082 01       		.uleb128 0x1
 839 0083 31       		.uleb128 0x31
 840 0084 13       		.uleb128 0x13
 841 0085 00       		.byte	0
 842 0086 00       		.byte	0
 843 0087 0C       		.uleb128 0xc
 844 0088 2E       		.uleb128 0x2e
 845 0089 01       		.byte	0x1
 846 008a 3F       		.uleb128 0x3f
 847 008b 19       		.uleb128 0x19
 848 008c 03       		.uleb128 0x3
 849 008d 0E       		.uleb128 0xe
 850 008e 3A       		.uleb128 0x3a
 851 008f 0B       		.uleb128 0xb
 852 0090 3B       		.uleb128 0x3b
 853 0091 0B       		.uleb128 0xb
 854 0092 27       		.uleb128 0x27
 855 0093 19       		.uleb128 0x19
 856 0094 11       		.uleb128 0x11
 857 0095 01       		.uleb128 0x1
 858 0096 12       		.uleb128 0x12
 859 0097 06       		.uleb128 0x6
 860 0098 40       		.uleb128 0x40
 861 0099 18       		.uleb128 0x18
 862 009a 9742     		.uleb128 0x2117
 863 009c 19       		.uleb128 0x19
 864 009d 01       		.uleb128 0x1
 865 009e 13       		.uleb128 0x13
 866 009f 00       		.byte	0
 867 00a0 00       		.byte	0
 868 00a1 0D       		.uleb128 0xd
 869 00a2 898201   		.uleb128 0x4109
 870 00a5 01       		.byte	0x1
 871 00a6 11       		.uleb128 0x11
 872 00a7 01       		.uleb128 0x1
 873 00a8 31       		.uleb128 0x31
 874 00a9 13       		.uleb128 0x13
ARM GAS  C:\Users\PC\AppData\Local\Temp\cc6pHVeO.s 			page 25


 875 00aa 01       		.uleb128 0x1
 876 00ab 13       		.uleb128 0x13
 877 00ac 00       		.byte	0
 878 00ad 00       		.byte	0
 879 00ae 0E       		.uleb128 0xe
 880 00af 2E       		.uleb128 0x2e
 881 00b0 01       		.byte	0x1
 882 00b1 3F       		.uleb128 0x3f
 883 00b2 19       		.uleb128 0x19
 884 00b3 03       		.uleb128 0x3
 885 00b4 0E       		.uleb128 0xe
 886 00b5 3A       		.uleb128 0x3a
 887 00b6 0B       		.uleb128 0xb
 888 00b7 3B       		.uleb128 0x3b
 889 00b8 05       		.uleb128 0x5
 890 00b9 27       		.uleb128 0x27
 891 00ba 19       		.uleb128 0x19
 892 00bb 11       		.uleb128 0x11
 893 00bc 01       		.uleb128 0x1
 894 00bd 12       		.uleb128 0x12
 895 00be 06       		.uleb128 0x6
 896 00bf 40       		.uleb128 0x40
 897 00c0 18       		.uleb128 0x18
 898 00c1 9742     		.uleb128 0x2117
 899 00c3 19       		.uleb128 0x19
 900 00c4 01       		.uleb128 0x1
 901 00c5 13       		.uleb128 0x13
 902 00c6 00       		.byte	0
 903 00c7 00       		.byte	0
 904 00c8 0F       		.uleb128 0xf
 905 00c9 05       		.uleb128 0x5
 906 00ca 00       		.byte	0
 907 00cb 03       		.uleb128 0x3
 908 00cc 0E       		.uleb128 0xe
 909 00cd 3A       		.uleb128 0x3a
 910 00ce 0B       		.uleb128 0xb
 911 00cf 3B       		.uleb128 0x3b
 912 00d0 05       		.uleb128 0x5
 913 00d1 49       		.uleb128 0x49
 914 00d2 13       		.uleb128 0x13
 915 00d3 02       		.uleb128 0x2
 916 00d4 17       		.uleb128 0x17
 917 00d5 00       		.byte	0
 918 00d6 00       		.byte	0
 919 00d7 10       		.uleb128 0x10
 920 00d8 34       		.uleb128 0x34
 921 00d9 00       		.byte	0
 922 00da 03       		.uleb128 0x3
 923 00db 0E       		.uleb128 0xe
 924 00dc 3A       		.uleb128 0x3a
 925 00dd 0B       		.uleb128 0xb
 926 00de 3B       		.uleb128 0x3b
 927 00df 05       		.uleb128 0x5
 928 00e0 49       		.uleb128 0x49
 929 00e1 13       		.uleb128 0x13
 930 00e2 02       		.uleb128 0x2
 931 00e3 17       		.uleb128 0x17
ARM GAS  C:\Users\PC\AppData\Local\Temp\cc6pHVeO.s 			page 26


 932 00e4 00       		.byte	0
 933 00e5 00       		.byte	0
 934 00e6 11       		.uleb128 0x11
 935 00e7 05       		.uleb128 0x5
 936 00e8 00       		.byte	0
 937 00e9 03       		.uleb128 0x3
 938 00ea 0E       		.uleb128 0xe
 939 00eb 3A       		.uleb128 0x3a
 940 00ec 0B       		.uleb128 0xb
 941 00ed 3B       		.uleb128 0x3b
 942 00ee 05       		.uleb128 0x5
 943 00ef 49       		.uleb128 0x49
 944 00f0 13       		.uleb128 0x13
 945 00f1 02       		.uleb128 0x2
 946 00f2 18       		.uleb128 0x18
 947 00f3 00       		.byte	0
 948 00f4 00       		.byte	0
 949 00f5 12       		.uleb128 0x12
 950 00f6 34       		.uleb128 0x34
 951 00f7 00       		.byte	0
 952 00f8 03       		.uleb128 0x3
 953 00f9 0E       		.uleb128 0xe
 954 00fa 3A       		.uleb128 0x3a
 955 00fb 0B       		.uleb128 0xb
 956 00fc 3B       		.uleb128 0x3b
 957 00fd 0B       		.uleb128 0xb
 958 00fe 49       		.uleb128 0x49
 959 00ff 13       		.uleb128 0x13
 960 0100 3F       		.uleb128 0x3f
 961 0101 19       		.uleb128 0x19
 962 0102 02       		.uleb128 0x2
 963 0103 18       		.uleb128 0x18
 964 0104 00       		.byte	0
 965 0105 00       		.byte	0
 966 0106 13       		.uleb128 0x13
 967 0107 2E       		.uleb128 0x2e
 968 0108 00       		.byte	0
 969 0109 3F       		.uleb128 0x3f
 970 010a 19       		.uleb128 0x19
 971 010b 3C       		.uleb128 0x3c
 972 010c 19       		.uleb128 0x19
 973 010d 6E       		.uleb128 0x6e
 974 010e 0E       		.uleb128 0xe
 975 010f 03       		.uleb128 0x3
 976 0110 0E       		.uleb128 0xe
 977 0111 3A       		.uleb128 0x3a
 978 0112 0B       		.uleb128 0xb
 979 0113 3B       		.uleb128 0x3b
 980 0114 0B       		.uleb128 0xb
 981 0115 00       		.byte	0
 982 0116 00       		.byte	0
 983 0117 00       		.byte	0
 984              		.section	.debug_loc,"",%progbits
 985              	.Ldebug_loc0:
 986              	.LLST0:
 987 0000 00000000 		.4byte	.LVL11
 988 0004 0A000000 		.4byte	.LVL14
ARM GAS  C:\Users\PC\AppData\Local\Temp\cc6pHVeO.s 			page 27


 989 0008 0100     		.2byte	0x1
 990 000a 50       		.byte	0x50
 991 000b 0A000000 		.4byte	.LVL14
 992 000f 14000000 		.4byte	.LFE5
 993 0013 0400     		.2byte	0x4
 994 0015 F3       		.byte	0xf3
 995 0016 01       		.uleb128 0x1
 996 0017 50       		.byte	0x50
 997 0018 9F       		.byte	0x9f
 998 0019 00000000 		.4byte	0
 999 001d 00000000 		.4byte	0
 1000              	.LLST1:
 1001 0021 04000000 		.4byte	.LVL12
 1002 0025 0C000000 		.4byte	.LVL15
 1003 0029 0100     		.2byte	0x1
 1004 002b 53       		.byte	0x53
 1005 002c 0C000000 		.4byte	.LVL15
 1006 0030 14000000 		.4byte	.LFE5
 1007 0034 0100     		.2byte	0x1
 1008 0036 50       		.byte	0x50
 1009 0037 00000000 		.4byte	0
 1010 003b 00000000 		.4byte	0
 1011              	.LLST2:
 1012 003f 00000000 		.4byte	.LVL16
 1013 0043 0A000000 		.4byte	.LVL19
 1014 0047 0100     		.2byte	0x1
 1015 0049 50       		.byte	0x50
 1016 004a 0A000000 		.4byte	.LVL19
 1017 004e 14000000 		.4byte	.LFE6
 1018 0052 0400     		.2byte	0x4
 1019 0054 F3       		.byte	0xf3
 1020 0055 01       		.uleb128 0x1
 1021 0056 50       		.byte	0x50
 1022 0057 9F       		.byte	0x9f
 1023 0058 00000000 		.4byte	0
 1024 005c 00000000 		.4byte	0
 1025              	.LLST3:
 1026 0060 04000000 		.4byte	.LVL17
 1027 0064 0C000000 		.4byte	.LVL20
 1028 0068 0100     		.2byte	0x1
 1029 006a 53       		.byte	0x53
 1030 006b 0C000000 		.4byte	.LVL20
 1031 006f 14000000 		.4byte	.LFE6
 1032 0073 0100     		.2byte	0x1
 1033 0075 50       		.byte	0x50
 1034 0076 00000000 		.4byte	0
 1035 007a 00000000 		.4byte	0
 1036              		.section	.debug_aranges,"",%progbits
 1037 0000 64000000 		.4byte	0x64
 1038 0004 0200     		.2byte	0x2
 1039 0006 00000000 		.4byte	.Ldebug_info0
 1040 000a 04       		.byte	0x4
 1041 000b 00       		.byte	0
 1042 000c 0000     		.2byte	0
 1043 000e 0000     		.2byte	0
 1044 0010 00000000 		.4byte	.LFB8
 1045 0014 0A000000 		.4byte	.LFE8-.LFB8
ARM GAS  C:\Users\PC\AppData\Local\Temp\cc6pHVeO.s 			page 28


 1046 0018 00000000 		.4byte	.LFB9
 1047 001c 08000000 		.4byte	.LFE9-.LFB9
 1048 0020 00000000 		.4byte	.LFB10
 1049 0024 08000000 		.4byte	.LFE10-.LFB10
 1050 0028 00000000 		.4byte	.LFB1
 1051 002c 08000000 		.4byte	.LFE1-.LFB1
 1052 0030 00000000 		.4byte	.LFB2
 1053 0034 1C000000 		.4byte	.LFE2-.LFB2
 1054 0038 00000000 		.4byte	.LFB3
 1055 003c 20000000 		.4byte	.LFE3-.LFB3
 1056 0040 00000000 		.4byte	.LFB4
 1057 0044 2C000000 		.4byte	.LFE4-.LFB4
 1058 0048 00000000 		.4byte	.LFB5
 1059 004c 14000000 		.4byte	.LFE5-.LFB5
 1060 0050 00000000 		.4byte	.LFB6
 1061 0054 14000000 		.4byte	.LFE6-.LFB6
 1062 0058 00000000 		.4byte	.LFB7
 1063 005c 0C000000 		.4byte	.LFE7-.LFB7
 1064 0060 00000000 		.4byte	0
 1065 0064 00000000 		.4byte	0
 1066              		.section	.debug_ranges,"",%progbits
 1067              	.Ldebug_ranges0:
 1068 0000 00000000 		.4byte	.LFB8
 1069 0004 0A000000 		.4byte	.LFE8
 1070 0008 00000000 		.4byte	.LFB9
 1071 000c 08000000 		.4byte	.LFE9
 1072 0010 00000000 		.4byte	.LFB10
 1073 0014 08000000 		.4byte	.LFE10
 1074 0018 00000000 		.4byte	.LFB1
 1075 001c 08000000 		.4byte	.LFE1
 1076 0020 00000000 		.4byte	.LFB2
 1077 0024 1C000000 		.4byte	.LFE2
 1078 0028 00000000 		.4byte	.LFB3
 1079 002c 20000000 		.4byte	.LFE3
 1080 0030 00000000 		.4byte	.LFB4
 1081 0034 2C000000 		.4byte	.LFE4
 1082 0038 00000000 		.4byte	.LFB5
 1083 003c 14000000 		.4byte	.LFE5
 1084 0040 00000000 		.4byte	.LFB6
 1085 0044 14000000 		.4byte	.LFE6
 1086 0048 00000000 		.4byte	.LFB7
 1087 004c 0C000000 		.4byte	.LFE7
 1088 0050 00000000 		.4byte	0
 1089 0054 00000000 		.4byte	0
 1090              		.section	.debug_line,"",%progbits
 1091              	.Ldebug_line0:
 1092 0000 3A010000 		.section	.debug_str,"MS",%progbits,1
 1092      02006500 
 1092      00000201 
 1092      FB0E0D00 
 1092      01010101 
 1093              	.LASF15:
 1094 0000 72656733 		.ascii	"reg32\000"
 1094      3200
 1095              	.LASF29:
 1096 0006 74784669 		.ascii	"txFifoCtrl\000"
 1096      666F4374 
ARM GAS  C:\Users\PC\AppData\Local\Temp\cc6pHVeO.s 			page 29


 1096      726C00
 1097              	.LASF19:
 1098 0011 6D554152 		.ascii	"mUART_ScbModePostEnable\000"
 1098      545F5363 
 1098      624D6F64 
 1098      65506F73 
 1098      74456E61 
 1099              	.LASF27:
 1100 0029 6C657665 		.ascii	"level\000"
 1100      6C00
 1101              	.LASF25:
 1102 002f 6D554152 		.ascii	"mUART_SetRxFifoLevel\000"
 1102      545F5365 
 1102      74527846 
 1102      69666F4C 
 1102      6576656C 
 1103              	.LASF34:
 1104 0044 6D554152 		.ascii	"mUART_IntrTxMask\000"
 1104      545F496E 
 1104      74725478 
 1104      4D61736B 
 1104      00
 1105              	.LASF21:
 1106 0055 6D554152 		.ascii	"mUART_Init\000"
 1106      545F496E 
 1106      697400
 1107              	.LASF37:
 1108 0060 6D554152 		.ascii	"mUART_UartStop\000"
 1108      545F5561 
 1108      72745374 
 1108      6F7000
 1109              	.LASF24:
 1110 006f 6D554152 		.ascii	"mUART_Stop\000"
 1110      545F5374 
 1110      6F7000
 1111              	.LASF12:
 1112 007a 666C6F61 		.ascii	"float\000"
 1112      7400
 1113              	.LASF1:
 1114 0080 756E7369 		.ascii	"unsigned char\000"
 1114      676E6564 
 1114      20636861 
 1114      7200
 1115              	.LASF5:
 1116 008e 6C6F6E67 		.ascii	"long unsigned int\000"
 1116      20756E73 
 1116      69676E65 
 1116      6420696E 
 1116      7400
 1117              	.LASF36:
 1118 00a0 6D554152 		.ascii	"mUART_UartPostEnable\000"
 1118      545F5561 
 1118      7274506F 
 1118      7374456E 
 1118      61626C65 
 1119              	.LASF9:
 1120 00b5 75696E74 		.ascii	"uint8\000"
ARM GAS  C:\Users\PC\AppData\Local\Temp\cc6pHVeO.s 			page 30


 1120      3800
 1121              	.LASF38:
 1122 00bb 6D554152 		.ascii	"mUART_UartInit\000"
 1122      545F5561 
 1122      7274496E 
 1122      697400
 1123              	.LASF32:
 1124 00ca 6D554152 		.ascii	"mUART_initVar\000"
 1124      545F696E 
 1124      69745661 
 1124      7200
 1125              	.LASF18:
 1126 00d8 6D554152 		.ascii	"mUART_ScbEnableIntr\000"
 1126      545F5363 
 1126      62456E61 
 1126      626C6549 
 1126      6E747200 
 1127              	.LASF26:
 1128 00ec 6D554152 		.ascii	"mUART_SetTxFifoLevel\000"
 1128      545F5365 
 1128      74547846 
 1128      69666F4C 
 1128      6576656C 
 1129              	.LASF13:
 1130 0101 646F7562 		.ascii	"double\000"
 1130      6C6500
 1131              	.LASF31:
 1132 0108 66756E63 		.ascii	"func\000"
 1132      00
 1133              	.LASF35:
 1134 010d 4379496E 		.ascii	"CyIntEnable\000"
 1134      74456E61 
 1134      626C6500 
 1135              	.LASF10:
 1136 0119 75696E74 		.ascii	"uint16\000"
 1136      313600
 1137              	.LASF11:
 1138 0120 75696E74 		.ascii	"uint32\000"
 1138      333200
 1139              	.LASF42:
 1140 0127 47656E65 		.ascii	"Generated_Source\\PSoC4\\mUART.c\000"
 1140      72617465 
 1140      645F536F 
 1140      75726365 
 1140      5C50536F 
 1141              	.LASF8:
 1142 0146 756E7369 		.ascii	"unsigned int\000"
 1142      676E6564 
 1142      20696E74 
 1142      00
 1143              	.LASF7:
 1144 0153 6C6F6E67 		.ascii	"long long unsigned int\000"
 1144      206C6F6E 
 1144      6720756E 
 1144      7369676E 
 1144      65642069 
 1145              	.LASF22:
ARM GAS  C:\Users\PC\AppData\Local\Temp\cc6pHVeO.s 			page 31


 1146 016a 6D554152 		.ascii	"mUART_Enable\000"
 1146      545F456E 
 1146      61626C65 
 1146      00
 1147              	.LASF40:
 1148 0177 4379496E 		.ascii	"CyIntClearPending\000"
 1148      74436C65 
 1148      61725065 
 1148      6E64696E 
 1148      6700
 1149              	.LASF17:
 1150 0189 73697A65 		.ascii	"sizetype\000"
 1150      74797065 
 1150      00
 1151              	.LASF23:
 1152 0192 6D554152 		.ascii	"mUART_Start\000"
 1152      545F5374 
 1152      61727400 
 1153              	.LASF6:
 1154 019e 6C6F6E67 		.ascii	"long long int\000"
 1154      206C6F6E 
 1154      6720696E 
 1154      7400
 1155              	.LASF14:
 1156 01ac 63686172 		.ascii	"char\000"
 1156      00
 1157              	.LASF39:
 1158 01b1 4379496E 		.ascii	"CyIntDisable\000"
 1158      74446973 
 1158      61626C65 
 1158      00
 1159              	.LASF2:
 1160 01be 73686F72 		.ascii	"short int\000"
 1160      7420696E 
 1160      7400
 1161              	.LASF30:
 1162 01c8 6D554152 		.ascii	"mUART_SetCustomInterruptHandler\000"
 1162      545F5365 
 1162      74437573 
 1162      746F6D49 
 1162      6E746572 
 1163              	.LASF20:
 1164 01e8 6D554152 		.ascii	"mUART_ScbModeStop\000"
 1164      545F5363 
 1164      624D6F64 
 1164      6553746F 
 1164      7000
 1165              	.LASF28:
 1166 01fa 72784669 		.ascii	"rxFifoCtrl\000"
 1166      666F4374 
 1166      726C00
 1167              	.LASF4:
 1168 0205 6C6F6E67 		.ascii	"long int\000"
 1168      20696E74 
 1168      00
 1169              	.LASF16:
 1170 020e 6C6F6E67 		.ascii	"long double\000"
ARM GAS  C:\Users\PC\AppData\Local\Temp\cc6pHVeO.s 			page 32


 1170      20646F75 
 1170      626C6500 
 1171              	.LASF41:
 1172 021a 474E5520 		.ascii	"GNU C11 5.4.1 20160609 (release) [ARM/embedded-5-br"
 1172      43313120 
 1172      352E342E 
 1172      31203230 
 1172      31363036 
 1173 024d 616E6368 		.ascii	"anch revision 237715] -mcpu=cortex-m0plus -mthumb -"
 1173      20726576 
 1173      6973696F 
 1173      6E203233 
 1173      37373135 
 1174 0280 67202D4F 		.ascii	"g -Og -ffunction-sections -ffat-lto-objects\000"
 1174      67202D66 
 1174      66756E63 
 1174      74696F6E 
 1174      2D736563 
 1175              	.LASF0:
 1176 02ac 7369676E 		.ascii	"signed char\000"
 1176      65642063 
 1176      68617200 
 1177              	.LASF33:
 1178 02b8 6D554152 		.ascii	"mUART_customIntrHandler\000"
 1178      545F6375 
 1178      73746F6D 
 1178      496E7472 
 1178      48616E64 
 1179              	.LASF3:
 1180 02d0 73686F72 		.ascii	"short unsigned int\000"
 1180      7420756E 
 1180      7369676E 
 1180      65642069 
 1180      6E7400
 1181              	.LASF43:
 1182 02e3 433A5C55 		.ascii	"C:\\Users\\PC\\Documents\\PSoC Creator\\yellowChip\\"
 1182      73657273 
 1182      5C50435C 
 1182      446F6375 
 1182      6D656E74 
 1183 0311 42555A5A 		.ascii	"BUZZER.cydsn\000"
 1183      45522E63 
 1183      7964736E 
 1183      00
 1184              		.ident	"GCC: (GNU Tools for ARM Embedded Processors) 5.4.1 20160609 (release) [ARM/embedded-5-bran
