ARM GAS  C:\Users\PC\AppData\Local\Temp\cc4eO5uw.s 			page 1


   1              		.syntax unified
   2              		.cpu cortex-m0plus
   3              		.fpu softvfp
   4              		.eabi_attribute 20, 1
   5              		.eabi_attribute 21, 1
   6              		.eabi_attribute 23, 3
   7              		.eabi_attribute 24, 1
   8              		.eabi_attribute 25, 1
   9              		.eabi_attribute 26, 1
  10              		.eabi_attribute 30, 4
  11              		.eabi_attribute 34, 0
  12              		.eabi_attribute 18, 4
  13              		.thumb
  14              		.syntax unified
  15              		.file	"cyfitter_cfg.c"
  16              		.text
  17              	.Ltext0:
  18              		.cfi_sections	.debug_frame
  19              		.section	.psocinit,"ax",%progbits
  20              		.align	1
  21              		.global	cyfitter_cfg
  22              		.code	16
  23              		.thumb_func
  24              		.type	cyfitter_cfg, %function
  25              	cyfitter_cfg:
  26              	.LFB6:
  27              		.file 1 "Generated_Source\\PSoC4\\cyfitter_cfg.c"
   1:Generated_Source\PSoC4/cyfitter_cfg.c **** 
   2:Generated_Source\PSoC4/cyfitter_cfg.c **** /*******************************************************************************
   3:Generated_Source\PSoC4/cyfitter_cfg.c **** * File Name: cyfitter_cfg.c
   4:Generated_Source\PSoC4/cyfitter_cfg.c **** * 
   5:Generated_Source\PSoC4/cyfitter_cfg.c **** * PSoC Creator  4.4
   6:Generated_Source\PSoC4/cyfitter_cfg.c **** *
   7:Generated_Source\PSoC4/cyfitter_cfg.c **** * Description:
   8:Generated_Source\PSoC4/cyfitter_cfg.c **** * This file contains device initialization code.
   9:Generated_Source\PSoC4/cyfitter_cfg.c **** * Except for the user defined sections in CyClockStartupError(), this file should not be modified.
  10:Generated_Source\PSoC4/cyfitter_cfg.c **** * This file is automatically generated by PSoC Creator.
  11:Generated_Source\PSoC4/cyfitter_cfg.c **** *
  12:Generated_Source\PSoC4/cyfitter_cfg.c **** ********************************************************************************
  13:Generated_Source\PSoC4/cyfitter_cfg.c **** * Copyright (c) 2007-2020 Cypress Semiconductor.  All rights reserved.
  14:Generated_Source\PSoC4/cyfitter_cfg.c **** * You may use this file only in accordance with the license, terms, conditions, 
  15:Generated_Source\PSoC4/cyfitter_cfg.c **** * disclaimers, and limitations in the end user license agreement accompanying 
  16:Generated_Source\PSoC4/cyfitter_cfg.c **** * the software package with which this file was provided.
  17:Generated_Source\PSoC4/cyfitter_cfg.c **** ********************************************************************************/
  18:Generated_Source\PSoC4/cyfitter_cfg.c **** 
  19:Generated_Source\PSoC4/cyfitter_cfg.c **** #include <string.h>
  20:Generated_Source\PSoC4/cyfitter_cfg.c **** #include "cytypes.h"
  21:Generated_Source\PSoC4/cyfitter_cfg.c **** #include "cydevice_trm.h"
  22:Generated_Source\PSoC4/cyfitter_cfg.c **** #include "cyfitter.h"
  23:Generated_Source\PSoC4/cyfitter_cfg.c **** #include "CyLib.h"
  24:Generated_Source\PSoC4/cyfitter_cfg.c **** #include "cyfitter_cfg.h"
  25:Generated_Source\PSoC4/cyfitter_cfg.c **** #include "cyapicallbacks.h"
  26:Generated_Source\PSoC4/cyfitter_cfg.c **** 
  27:Generated_Source\PSoC4/cyfitter_cfg.c **** 
  28:Generated_Source\PSoC4/cyfitter_cfg.c **** #if defined(__GNUC__) || defined(__ARMCC_VERSION)
  29:Generated_Source\PSoC4/cyfitter_cfg.c ****     #define CYPACKED 
  30:Generated_Source\PSoC4/cyfitter_cfg.c ****     #define CYPACKED_ATTR __attribute__ ((packed))
ARM GAS  C:\Users\PC\AppData\Local\Temp\cc4eO5uw.s 			page 2


  31:Generated_Source\PSoC4/cyfitter_cfg.c ****     #define CYALIGNED __attribute__ ((aligned))
  32:Generated_Source\PSoC4/cyfitter_cfg.c ****     #define CY_CFG_UNUSED __attribute__ ((unused))
  33:Generated_Source\PSoC4/cyfitter_cfg.c ****     #ifndef CY_CFG_SECTION
  34:Generated_Source\PSoC4/cyfitter_cfg.c ****         #define CY_CFG_SECTION __attribute__ ((section(".psocinit")))
  35:Generated_Source\PSoC4/cyfitter_cfg.c ****     #endif
  36:Generated_Source\PSoC4/cyfitter_cfg.c ****     
  37:Generated_Source\PSoC4/cyfitter_cfg.c ****     #if defined(__ARMCC_VERSION)
  38:Generated_Source\PSoC4/cyfitter_cfg.c ****         #define CY_CFG_MEMORY_BARRIER() __memory_changed()
  39:Generated_Source\PSoC4/cyfitter_cfg.c ****     #else
  40:Generated_Source\PSoC4/cyfitter_cfg.c ****         #define CY_CFG_MEMORY_BARRIER() __sync_synchronize()
  41:Generated_Source\PSoC4/cyfitter_cfg.c ****     #endif
  42:Generated_Source\PSoC4/cyfitter_cfg.c ****     
  43:Generated_Source\PSoC4/cyfitter_cfg.c **** #elif defined(__ICCARM__)
  44:Generated_Source\PSoC4/cyfitter_cfg.c ****     #include <intrinsics.h>
  45:Generated_Source\PSoC4/cyfitter_cfg.c **** 
  46:Generated_Source\PSoC4/cyfitter_cfg.c ****     #define CYPACKED __packed
  47:Generated_Source\PSoC4/cyfitter_cfg.c ****     #define CYPACKED_ATTR 
  48:Generated_Source\PSoC4/cyfitter_cfg.c ****     #define CYALIGNED _Pragma("data_alignment=4")
  49:Generated_Source\PSoC4/cyfitter_cfg.c ****     #define CY_CFG_UNUSED _Pragma("diag_suppress=Pe177")
  50:Generated_Source\PSoC4/cyfitter_cfg.c ****     #define CY_CFG_SECTION _Pragma("location=\".psocinit\"")
  51:Generated_Source\PSoC4/cyfitter_cfg.c ****     
  52:Generated_Source\PSoC4/cyfitter_cfg.c ****     #define CY_CFG_MEMORY_BARRIER() __DMB()
  53:Generated_Source\PSoC4/cyfitter_cfg.c ****     
  54:Generated_Source\PSoC4/cyfitter_cfg.c **** #else
  55:Generated_Source\PSoC4/cyfitter_cfg.c ****     #error Unsupported toolchain
  56:Generated_Source\PSoC4/cyfitter_cfg.c **** #endif
  57:Generated_Source\PSoC4/cyfitter_cfg.c **** 
  58:Generated_Source\PSoC4/cyfitter_cfg.c **** #ifndef CYCODE
  59:Generated_Source\PSoC4/cyfitter_cfg.c ****     #define CYCODE
  60:Generated_Source\PSoC4/cyfitter_cfg.c **** #endif
  61:Generated_Source\PSoC4/cyfitter_cfg.c **** #ifndef CYDATA
  62:Generated_Source\PSoC4/cyfitter_cfg.c ****     #define CYDATA
  63:Generated_Source\PSoC4/cyfitter_cfg.c **** #endif
  64:Generated_Source\PSoC4/cyfitter_cfg.c **** #ifndef CYFAR
  65:Generated_Source\PSoC4/cyfitter_cfg.c ****     #define CYFAR
  66:Generated_Source\PSoC4/cyfitter_cfg.c **** #endif
  67:Generated_Source\PSoC4/cyfitter_cfg.c **** #ifndef CYXDATA
  68:Generated_Source\PSoC4/cyfitter_cfg.c ****     #define CYXDATA
  69:Generated_Source\PSoC4/cyfitter_cfg.c **** #endif
  70:Generated_Source\PSoC4/cyfitter_cfg.c **** 
  71:Generated_Source\PSoC4/cyfitter_cfg.c **** 
  72:Generated_Source\PSoC4/cyfitter_cfg.c **** CY_CFG_UNUSED
  73:Generated_Source\PSoC4/cyfitter_cfg.c **** static void CYMEMZERO(void *s, size_t n);
  74:Generated_Source\PSoC4/cyfitter_cfg.c **** CY_CFG_UNUSED
  75:Generated_Source\PSoC4/cyfitter_cfg.c **** static void CYMEMZERO(void *s, size_t n)
  76:Generated_Source\PSoC4/cyfitter_cfg.c **** {
  77:Generated_Source\PSoC4/cyfitter_cfg.c **** 	(void)memset(s, 0, n);
  78:Generated_Source\PSoC4/cyfitter_cfg.c **** }
  79:Generated_Source\PSoC4/cyfitter_cfg.c **** CY_CFG_UNUSED
  80:Generated_Source\PSoC4/cyfitter_cfg.c **** static void CYCONFIGCPY(void *dest, const void *src, size_t n);
  81:Generated_Source\PSoC4/cyfitter_cfg.c **** CY_CFG_UNUSED
  82:Generated_Source\PSoC4/cyfitter_cfg.c **** static void CYCONFIGCPY(void *dest, const void *src, size_t n)
  83:Generated_Source\PSoC4/cyfitter_cfg.c **** {
  84:Generated_Source\PSoC4/cyfitter_cfg.c **** 	(void)memcpy(dest, src, n);
  85:Generated_Source\PSoC4/cyfitter_cfg.c **** }
  86:Generated_Source\PSoC4/cyfitter_cfg.c **** CY_CFG_UNUSED
  87:Generated_Source\PSoC4/cyfitter_cfg.c **** static void CYCONFIGCPYCODE(void *dest, const void *src, size_t n);
ARM GAS  C:\Users\PC\AppData\Local\Temp\cc4eO5uw.s 			page 3


  88:Generated_Source\PSoC4/cyfitter_cfg.c **** CY_CFG_UNUSED
  89:Generated_Source\PSoC4/cyfitter_cfg.c **** static void CYCONFIGCPYCODE(void *dest, const void *src, size_t n)
  90:Generated_Source\PSoC4/cyfitter_cfg.c **** {
  91:Generated_Source\PSoC4/cyfitter_cfg.c **** 	(void)memcpy(dest, src, n);
  92:Generated_Source\PSoC4/cyfitter_cfg.c **** }
  93:Generated_Source\PSoC4/cyfitter_cfg.c **** 
  94:Generated_Source\PSoC4/cyfitter_cfg.c **** 
  95:Generated_Source\PSoC4/cyfitter_cfg.c **** 
  96:Generated_Source\PSoC4/cyfitter_cfg.c **** 
  97:Generated_Source\PSoC4/cyfitter_cfg.c **** /* Clock startup error codes                                                   */
  98:Generated_Source\PSoC4/cyfitter_cfg.c **** #define CYCLOCKSTART_NO_ERROR    0u
  99:Generated_Source\PSoC4/cyfitter_cfg.c **** #define CYCLOCKSTART_XTAL_ERROR  1u
 100:Generated_Source\PSoC4/cyfitter_cfg.c **** #define CYCLOCKSTART_32KHZ_ERROR 2u
 101:Generated_Source\PSoC4/cyfitter_cfg.c **** #define CYCLOCKSTART_PLL_ERROR   3u
 102:Generated_Source\PSoC4/cyfitter_cfg.c **** #define CYCLOCKSTART_FLL_ERROR   4u
 103:Generated_Source\PSoC4/cyfitter_cfg.c **** #define CYCLOCKSTART_WCO_ERROR   5u
 104:Generated_Source\PSoC4/cyfitter_cfg.c **** 
 105:Generated_Source\PSoC4/cyfitter_cfg.c **** 
 106:Generated_Source\PSoC4/cyfitter_cfg.c **** #ifdef CY_NEED_CYCLOCKSTARTUPERROR
 107:Generated_Source\PSoC4/cyfitter_cfg.c **** /*******************************************************************************
 108:Generated_Source\PSoC4/cyfitter_cfg.c **** * Function Name: CyClockStartupError
 109:Generated_Source\PSoC4/cyfitter_cfg.c **** ********************************************************************************
 110:Generated_Source\PSoC4/cyfitter_cfg.c **** * Summary:
 111:Generated_Source\PSoC4/cyfitter_cfg.c **** *  If an error is encountered during clock configuration (crystal startup error,
 112:Generated_Source\PSoC4/cyfitter_cfg.c **** *  PLL lock error, etc.), the system will end up here.  Unless reimplemented by
 113:Generated_Source\PSoC4/cyfitter_cfg.c **** *  the customer, this function will stop in an infinite loop.
 114:Generated_Source\PSoC4/cyfitter_cfg.c **** *
 115:Generated_Source\PSoC4/cyfitter_cfg.c **** * Parameters:
 116:Generated_Source\PSoC4/cyfitter_cfg.c **** *   void
 117:Generated_Source\PSoC4/cyfitter_cfg.c **** *
 118:Generated_Source\PSoC4/cyfitter_cfg.c **** * Return:
 119:Generated_Source\PSoC4/cyfitter_cfg.c **** *   void
 120:Generated_Source\PSoC4/cyfitter_cfg.c **** *
 121:Generated_Source\PSoC4/cyfitter_cfg.c **** *******************************************************************************/
 122:Generated_Source\PSoC4/cyfitter_cfg.c **** CY_CFG_UNUSED
 123:Generated_Source\PSoC4/cyfitter_cfg.c **** static void CyClockStartupError(uint8 errorCode);
 124:Generated_Source\PSoC4/cyfitter_cfg.c **** CY_CFG_UNUSED
 125:Generated_Source\PSoC4/cyfitter_cfg.c **** static void CyClockStartupError(uint8 errorCode)
 126:Generated_Source\PSoC4/cyfitter_cfg.c **** {
 127:Generated_Source\PSoC4/cyfitter_cfg.c ****     /* To remove the compiler warning if errorCode not used.                */
 128:Generated_Source\PSoC4/cyfitter_cfg.c ****     errorCode = errorCode;
 129:Generated_Source\PSoC4/cyfitter_cfg.c **** 
 130:Generated_Source\PSoC4/cyfitter_cfg.c ****     /* If we have a clock startup error (bad MHz crystal, PLL lock, etc.),  */
 131:Generated_Source\PSoC4/cyfitter_cfg.c ****     /* we will end up here to allow the customer to implement something to  */
 132:Generated_Source\PSoC4/cyfitter_cfg.c ****     /* deal with the clock condition.                                       */
 133:Generated_Source\PSoC4/cyfitter_cfg.c **** 
 134:Generated_Source\PSoC4/cyfitter_cfg.c **** #ifdef CY_CFG_CLOCK_STARTUP_ERROR_CALLBACK
 135:Generated_Source\PSoC4/cyfitter_cfg.c ****     CY_CFG_Clock_Startup_ErrorCallback();
 136:Generated_Source\PSoC4/cyfitter_cfg.c **** #else
 137:Generated_Source\PSoC4/cyfitter_cfg.c ****     /*  If not using CY_CFG_CLOCK_STARTUP_ERROR_CALLBACK, place your clock startup code here. */
 138:Generated_Source\PSoC4/cyfitter_cfg.c ****     /* `#START CyClockStartupError` */
 139:Generated_Source\PSoC4/cyfitter_cfg.c **** 
 140:Generated_Source\PSoC4/cyfitter_cfg.c **** 
 141:Generated_Source\PSoC4/cyfitter_cfg.c **** 
 142:Generated_Source\PSoC4/cyfitter_cfg.c ****     /* `#END` */
 143:Generated_Source\PSoC4/cyfitter_cfg.c **** 
 144:Generated_Source\PSoC4/cyfitter_cfg.c ****     while(1) {}
ARM GAS  C:\Users\PC\AppData\Local\Temp\cc4eO5uw.s 			page 4


 145:Generated_Source\PSoC4/cyfitter_cfg.c **** #endif /* CY_CFG_CLOCK_STARTUP_ERROR_CALLBACK */
 146:Generated_Source\PSoC4/cyfitter_cfg.c **** }
 147:Generated_Source\PSoC4/cyfitter_cfg.c **** #endif
 148:Generated_Source\PSoC4/cyfitter_cfg.c **** 
 149:Generated_Source\PSoC4/cyfitter_cfg.c **** 
 150:Generated_Source\PSoC4/cyfitter_cfg.c **** 
 151:Generated_Source\PSoC4/cyfitter_cfg.c **** /*******************************************************************************
 152:Generated_Source\PSoC4/cyfitter_cfg.c **** * Function Name: ClockSetup
 153:Generated_Source\PSoC4/cyfitter_cfg.c **** ********************************************************************************
 154:Generated_Source\PSoC4/cyfitter_cfg.c **** *
 155:Generated_Source\PSoC4/cyfitter_cfg.c **** * Summary:
 156:Generated_Source\PSoC4/cyfitter_cfg.c **** *   Performs the initialization of all of the clocks in the device based on the
 157:Generated_Source\PSoC4/cyfitter_cfg.c **** *   settings in the Clock tab of the DWR.  This includes enabling the requested
 158:Generated_Source\PSoC4/cyfitter_cfg.c **** *   clocks and setting the necessary dividers to produce the desired frequency. 
 159:Generated_Source\PSoC4/cyfitter_cfg.c **** *
 160:Generated_Source\PSoC4/cyfitter_cfg.c **** * Parameters:
 161:Generated_Source\PSoC4/cyfitter_cfg.c **** *   void
 162:Generated_Source\PSoC4/cyfitter_cfg.c **** *
 163:Generated_Source\PSoC4/cyfitter_cfg.c **** * Return:
 164:Generated_Source\PSoC4/cyfitter_cfg.c **** *   void
 165:Generated_Source\PSoC4/cyfitter_cfg.c **** *
 166:Generated_Source\PSoC4/cyfitter_cfg.c **** *******************************************************************************/
 167:Generated_Source\PSoC4/cyfitter_cfg.c **** static void ClockSetup(void);
 168:Generated_Source\PSoC4/cyfitter_cfg.c **** CY_CFG_SECTION
 169:Generated_Source\PSoC4/cyfitter_cfg.c **** static void ClockSetup(void)
 170:Generated_Source\PSoC4/cyfitter_cfg.c **** {
 171:Generated_Source\PSoC4/cyfitter_cfg.c **** 
 172:Generated_Source\PSoC4/cyfitter_cfg.c **** 	/* Set Flash Cycles based on max possible frequency in case a glitch occurs during ClockSetup(). *
 173:Generated_Source\PSoC4/cyfitter_cfg.c **** 	CY_SET_REG32((void CYXDATA *)(CYREG_CPUSS_FLASH_CTL), (0x0012u));
 174:Generated_Source\PSoC4/cyfitter_cfg.c **** 	/* Update IMO to new clock speed. */
 175:Generated_Source\PSoC4/cyfitter_cfg.c **** 	CySysClkWriteImoFreq(24u);
 176:Generated_Source\PSoC4/cyfitter_cfg.c **** 
 177:Generated_Source\PSoC4/cyfitter_cfg.c **** 	/* Setup phase aligned clocks */
 178:Generated_Source\PSoC4/cyfitter_cfg.c **** 	CY_SET_REG32((void *)CYREG_PERI_DIV_16_CTL0, 0x00001000u);
 179:Generated_Source\PSoC4/cyfitter_cfg.c **** 	CY_SET_REG32((void *)CYREG_PERI_DIV_CMD, 0x8000FF40u);
 180:Generated_Source\PSoC4/cyfitter_cfg.c **** 
 181:Generated_Source\PSoC4/cyfitter_cfg.c **** 	/* CYDEV_CLK_SELECT Starting address: CYDEV_CLK_SELECT */
 182:Generated_Source\PSoC4/cyfitter_cfg.c **** 	CY_SET_REG32((void *)(CYREG_CLK_SELECT), 0x00000000u);
 183:Generated_Source\PSoC4/cyfitter_cfg.c **** 
 184:Generated_Source\PSoC4/cyfitter_cfg.c **** 	/* CYDEV_PERI_PCLK_CTL0 Starting address: CYDEV_PERI_PCLK_CTL0 */
 185:Generated_Source\PSoC4/cyfitter_cfg.c **** 	CY_SET_REG32((void *)(CYREG_PERI_PCLK_CTL0), 0x00000040u);
 186:Generated_Source\PSoC4/cyfitter_cfg.c **** 
 187:Generated_Source\PSoC4/cyfitter_cfg.c **** 	/* Set Flash Cycles based on newly configured 24.00MHz HFCLK. */
 188:Generated_Source\PSoC4/cyfitter_cfg.c **** 	CY_SET_REG32((void CYXDATA *)(CYREG_CPUSS_FLASH_CTL), (0x0011u));
 189:Generated_Source\PSoC4/cyfitter_cfg.c **** }
 190:Generated_Source\PSoC4/cyfitter_cfg.c **** 
 191:Generated_Source\PSoC4/cyfitter_cfg.c **** 
 192:Generated_Source\PSoC4/cyfitter_cfg.c **** /* Analog API Functions */
 193:Generated_Source\PSoC4/cyfitter_cfg.c **** 
 194:Generated_Source\PSoC4/cyfitter_cfg.c **** 
 195:Generated_Source\PSoC4/cyfitter_cfg.c **** /*******************************************************************************
 196:Generated_Source\PSoC4/cyfitter_cfg.c **** * Function Name: AnalogSetDefault
 197:Generated_Source\PSoC4/cyfitter_cfg.c **** ********************************************************************************
 198:Generated_Source\PSoC4/cyfitter_cfg.c **** *
 199:Generated_Source\PSoC4/cyfitter_cfg.c **** * Summary:
 200:Generated_Source\PSoC4/cyfitter_cfg.c **** *  Sets up the analog portions of the chip to default values based on chip
 201:Generated_Source\PSoC4/cyfitter_cfg.c **** *  configuration options from the project.
ARM GAS  C:\Users\PC\AppData\Local\Temp\cc4eO5uw.s 			page 5


 202:Generated_Source\PSoC4/cyfitter_cfg.c **** *
 203:Generated_Source\PSoC4/cyfitter_cfg.c **** * Parameters:
 204:Generated_Source\PSoC4/cyfitter_cfg.c **** *  void
 205:Generated_Source\PSoC4/cyfitter_cfg.c **** *
 206:Generated_Source\PSoC4/cyfitter_cfg.c **** * Return:
 207:Generated_Source\PSoC4/cyfitter_cfg.c **** *  void
 208:Generated_Source\PSoC4/cyfitter_cfg.c **** *
 209:Generated_Source\PSoC4/cyfitter_cfg.c **** *******************************************************************************/
 210:Generated_Source\PSoC4/cyfitter_cfg.c **** static void AnalogSetDefault(void);
 211:Generated_Source\PSoC4/cyfitter_cfg.c **** static void AnalogSetDefault(void)
 212:Generated_Source\PSoC4/cyfitter_cfg.c **** {
 213:Generated_Source\PSoC4/cyfitter_cfg.c **** }
 214:Generated_Source\PSoC4/cyfitter_cfg.c **** 
 215:Generated_Source\PSoC4/cyfitter_cfg.c **** 
 216:Generated_Source\PSoC4/cyfitter_cfg.c **** 
 217:Generated_Source\PSoC4/cyfitter_cfg.c **** 
 218:Generated_Source\PSoC4/cyfitter_cfg.c **** /*******************************************************************************
 219:Generated_Source\PSoC4/cyfitter_cfg.c **** * Function Name: cyfitter_cfg
 220:Generated_Source\PSoC4/cyfitter_cfg.c **** ********************************************************************************
 221:Generated_Source\PSoC4/cyfitter_cfg.c **** * Summary:
 222:Generated_Source\PSoC4/cyfitter_cfg.c **** *  This function is called by the start-up code for the selected device. It
 223:Generated_Source\PSoC4/cyfitter_cfg.c **** *  performs all of the necessary device configuration based on the design
 224:Generated_Source\PSoC4/cyfitter_cfg.c **** *  settings.  This includes settings from the Design Wide Resources (DWR) such
 225:Generated_Source\PSoC4/cyfitter_cfg.c **** *  as Clocks and Pins as well as any component configuration that is necessary.
 226:Generated_Source\PSoC4/cyfitter_cfg.c **** *
 227:Generated_Source\PSoC4/cyfitter_cfg.c **** * Parameters:
 228:Generated_Source\PSoC4/cyfitter_cfg.c **** *   void
 229:Generated_Source\PSoC4/cyfitter_cfg.c **** *
 230:Generated_Source\PSoC4/cyfitter_cfg.c **** * Return:
 231:Generated_Source\PSoC4/cyfitter_cfg.c **** *   void
 232:Generated_Source\PSoC4/cyfitter_cfg.c **** *
 233:Generated_Source\PSoC4/cyfitter_cfg.c **** *******************************************************************************/
 234:Generated_Source\PSoC4/cyfitter_cfg.c **** CY_CFG_SECTION
 235:Generated_Source\PSoC4/cyfitter_cfg.c **** void cyfitter_cfg(void)
 236:Generated_Source\PSoC4/cyfitter_cfg.c **** {
  28              		.loc 1 236 0
  29              		.cfi_startproc
  30              		@ args = 0, pretend = 0, frame = 0
  31              		@ frame_needed = 0, uses_anonymous_args = 0
  32 0000 10B5     		push	{r4, lr}
  33              		.cfi_def_cfa_offset 8
  34              		.cfi_offset 4, -8
  35              		.cfi_offset 14, -4
 237:Generated_Source\PSoC4/cyfitter_cfg.c **** 	/* Disable interrupts by default. Let user enable if/when they want. */
 238:Generated_Source\PSoC4/cyfitter_cfg.c **** 	CyGlobalIntDisable;
  36              		.loc 1 238 0
  37              		.syntax divided
  38              	@ 238 "Generated_Source\PSoC4\cyfitter_cfg.c" 1
  39 0002 72B6     		CPSID   i
  40              	@ 0 "" 2
 239:Generated_Source\PSoC4/cyfitter_cfg.c **** 
 240:Generated_Source\PSoC4/cyfitter_cfg.c **** 	{
 241:Generated_Source\PSoC4/cyfitter_cfg.c **** 		/* HSIOM Starting address: CYDEV_HSIOM_BASE */
 242:Generated_Source\PSoC4/cyfitter_cfg.c **** 		CY_SET_REG32((void *)(CYREG_HSIOM_PORT_SEL3), 0x0000EE00u);
  41              		.loc 1 242 0
  42              		.thumb
  43              		.syntax unified
ARM GAS  C:\Users\PC\AppData\Local\Temp\cc4eO5uw.s 			page 6


  44 0004 EE22     		movs	r2, #238
  45 0006 174B     		ldr	r3, .L2
  46 0008 1202     		lsls	r2, r2, #8
  47 000a 1A60     		str	r2, [r3]
 243:Generated_Source\PSoC4/cyfitter_cfg.c **** 		CY_SET_REG32((void *)(CYREG_HSIOM_PORT_SEL4), 0x00000099u);
  48              		.loc 1 243 0
  49 000c 9922     		movs	r2, #153
  50 000e 164B     		ldr	r3, .L2+4
 244:Generated_Source\PSoC4/cyfitter_cfg.c **** 
 245:Generated_Source\PSoC4/cyfitter_cfg.c **** 	}
 246:Generated_Source\PSoC4/cyfitter_cfg.c **** 
 247:Generated_Source\PSoC4/cyfitter_cfg.c **** 	/* Perform second pass device configuration. These items must be configured in specific order afte
 248:Generated_Source\PSoC4/cyfitter_cfg.c **** 	/* IOPINS0_0 Starting address: CYDEV_GPIO_PRT0_BASE */
 249:Generated_Source\PSoC4/cyfitter_cfg.c **** 	CY_SET_REG32((void *)(CYDEV_GPIO_PRT0_BASE), 0x00000004u);
 250:Generated_Source\PSoC4/cyfitter_cfg.c **** 	CY_SET_REG32((void *)(CYREG_GPIO_PRT0_PC), 0x00036C80u);
 251:Generated_Source\PSoC4/cyfitter_cfg.c **** 
 252:Generated_Source\PSoC4/cyfitter_cfg.c **** 	/* IOPINS0_3 Starting address: CYDEV_GPIO_PRT3_BASE */
 253:Generated_Source\PSoC4/cyfitter_cfg.c **** 	CY_SET_REG32((void *)(CYREG_GPIO_PRT3_PC), 0x00000D80u);
 254:Generated_Source\PSoC4/cyfitter_cfg.c **** 
 255:Generated_Source\PSoC4/cyfitter_cfg.c **** 	/* IOPINS0_4 Starting address: CYDEV_GPIO_PRT4_BASE */
 256:Generated_Source\PSoC4/cyfitter_cfg.c **** 	CY_SET_REG32((void *)(CYDEV_GPIO_PRT4_BASE), 0x00000002u);
 257:Generated_Source\PSoC4/cyfitter_cfg.c **** 	CY_SET_REG32((void *)(CYREG_GPIO_PRT4_PC), 0x00000031u);
  51              		.loc 1 257 0
  52 0010 3121     		movs	r1, #49
 243:Generated_Source\PSoC4/cyfitter_cfg.c **** 		CY_SET_REG32((void *)(CYREG_HSIOM_PORT_SEL4), 0x00000099u);
  53              		.loc 1 243 0
  54 0012 1A60     		str	r2, [r3]
 249:Generated_Source\PSoC4/cyfitter_cfg.c **** 	CY_SET_REG32((void *)(CYREG_GPIO_PRT0_PC), 0x00036C80u);
  55              		.loc 1 249 0
  56 0014 154B     		ldr	r3, .L2+8
  57 0016 953A     		subs	r2, r2, #149
  58 0018 1A60     		str	r2, [r3]
 250:Generated_Source\PSoC4/cyfitter_cfg.c **** 
  59              		.loc 1 250 0
  60 001a 154A     		ldr	r2, .L2+12
  61 001c 154B     		ldr	r3, .L2+16
  62              	.LBB6:
  63              	.LBB7:
 173:Generated_Source\PSoC4/cyfitter_cfg.c **** 	/* Update IMO to new clock speed. */
  64              		.loc 1 173 0
  65 001e 164C     		ldr	r4, .L2+20
  66              	.LBE7:
  67              	.LBE6:
 250:Generated_Source\PSoC4/cyfitter_cfg.c **** 
  68              		.loc 1 250 0
  69 0020 1A60     		str	r2, [r3]
 253:Generated_Source\PSoC4/cyfitter_cfg.c **** 
  70              		.loc 1 253 0
  71 0022 D822     		movs	r2, #216
  72 0024 154B     		ldr	r3, .L2+24
  73 0026 1201     		lsls	r2, r2, #4
  74 0028 1A60     		str	r2, [r3]
 256:Generated_Source\PSoC4/cyfitter_cfg.c **** 	CY_SET_REG32((void *)(CYREG_GPIO_PRT4_PC), 0x00000031u);
  75              		.loc 1 256 0
  76 002a 0223     		movs	r3, #2
  77 002c 144A     		ldr	r2, .L2+28
  78              	.LBB10:
ARM GAS  C:\Users\PC\AppData\Local\Temp\cc4eO5uw.s 			page 7


  79              	.LBB8:
 175:Generated_Source\PSoC4/cyfitter_cfg.c **** 
  80              		.loc 1 175 0
  81 002e 1820     		movs	r0, #24
  82              	.LBE8:
  83              	.LBE10:
 256:Generated_Source\PSoC4/cyfitter_cfg.c **** 	CY_SET_REG32((void *)(CYREG_GPIO_PRT4_PC), 0x00000031u);
  84              		.loc 1 256 0
  85 0030 1360     		str	r3, [r2]
  86              		.loc 1 257 0
  87 0032 144A     		ldr	r2, .L2+32
 258:Generated_Source\PSoC4/cyfitter_cfg.c **** 	CY_SET_REG32((void *)(CYREG_GPIO_PRT4_PC2), 0x00000002u);
 259:Generated_Source\PSoC4/cyfitter_cfg.c **** 
 260:Generated_Source\PSoC4/cyfitter_cfg.c **** 
 261:Generated_Source\PSoC4/cyfitter_cfg.c **** 	/* Setup clocks based on selections from Clock DWR */
 262:Generated_Source\PSoC4/cyfitter_cfg.c **** 	ClockSetup();
 263:Generated_Source\PSoC4/cyfitter_cfg.c **** 
 264:Generated_Source\PSoC4/cyfitter_cfg.c **** 	/* Perform basic analog initialization to defaults */
 265:Generated_Source\PSoC4/cyfitter_cfg.c **** 	AnalogSetDefault();
 266:Generated_Source\PSoC4/cyfitter_cfg.c **** 
 267:Generated_Source\PSoC4/cyfitter_cfg.c **** }
  88              		.loc 1 267 0
  89              		@ sp needed
 257:Generated_Source\PSoC4/cyfitter_cfg.c **** 	CY_SET_REG32((void *)(CYREG_GPIO_PRT4_PC2), 0x00000002u);
  90              		.loc 1 257 0
  91 0034 1160     		str	r1, [r2]
 258:Generated_Source\PSoC4/cyfitter_cfg.c **** 	CY_SET_REG32((void *)(CYREG_GPIO_PRT4_PC2), 0x00000002u);
  92              		.loc 1 258 0
  93 0036 144A     		ldr	r2, .L2+36
  94 0038 1360     		str	r3, [r2]
  95              	.LBB11:
  96              	.LBB9:
 173:Generated_Source\PSoC4/cyfitter_cfg.c **** 	/* Update IMO to new clock speed. */
  97              		.loc 1 173 0
  98 003a 1033     		adds	r3, r3, #16
  99 003c 2360     		str	r3, [r4]
 175:Generated_Source\PSoC4/cyfitter_cfg.c **** 
 100              		.loc 1 175 0
 101 003e FFF7FEFF 		bl	CySysClkWriteImoFreq
 102              	.LVL0:
 178:Generated_Source\PSoC4/cyfitter_cfg.c **** 	CY_SET_REG32((void *)CYREG_PERI_DIV_CMD, 0x8000FF40u);
 103              		.loc 1 178 0
 104 0042 8022     		movs	r2, #128
 105 0044 114B     		ldr	r3, .L2+40
 106 0046 5201     		lsls	r2, r2, #5
 107 0048 1A60     		str	r2, [r3]
 179:Generated_Source\PSoC4/cyfitter_cfg.c **** 
 108              		.loc 1 179 0
 109 004a 114A     		ldr	r2, .L2+44
 110 004c 114B     		ldr	r3, .L2+48
 111 004e 1A60     		str	r2, [r3]
 182:Generated_Source\PSoC4/cyfitter_cfg.c **** 
 112              		.loc 1 182 0
 113 0050 0022     		movs	r2, #0
 114 0052 114B     		ldr	r3, .L2+52
 115 0054 1A60     		str	r2, [r3]
 185:Generated_Source\PSoC4/cyfitter_cfg.c **** 
ARM GAS  C:\Users\PC\AppData\Local\Temp\cc4eO5uw.s 			page 8


 116              		.loc 1 185 0
 117 0056 114B     		ldr	r3, .L2+56
 118 0058 4032     		adds	r2, r2, #64
 119 005a 1A60     		str	r2, [r3]
 188:Generated_Source\PSoC4/cyfitter_cfg.c **** }
 120              		.loc 1 188 0
 121 005c 1123     		movs	r3, #17
 122 005e 2360     		str	r3, [r4]
 123              	.LBE9:
 124              	.LBE11:
 125              		.loc 1 267 0
 126 0060 10BD     		pop	{r4, pc}
 127              	.L3:
 128 0062 C046     		.align	2
 129              	.L2:
 130 0064 00030240 		.word	1073873664
 131 0068 00040240 		.word	1073873920
 132 006c 00000440 		.word	1074003968
 133 0070 806C0300 		.word	224384
 134 0074 08000440 		.word	1074003976
 135 0078 30001040 		.word	1074790448
 136 007c 08030440 		.word	1074004744
 137 0080 00040440 		.word	1074004992
 138 0084 08040440 		.word	1074005000
 139 0088 18040440 		.word	1074005016
 140 008c 00030140 		.word	1073808128
 141 0090 40FF0080 		.word	-2147418304
 142 0094 00000140 		.word	1073807360
 143 0098 28000340 		.word	1073938472
 144 009c 00010140 		.word	1073807616
 145              		.cfi_endproc
 146              	.LFE6:
 147              		.size	cyfitter_cfg, .-cyfitter_cfg
 148              		.text
 149              	.Letext0:
 150              		.file 2 "Generated_Source\\PSoC4\\cytypes.h"
 151              		.file 3 "Generated_Source\\PSoC4\\CyLib.h"
 152              		.section	.debug_info,"",%progbits
 153              	.Ldebug_info0:
 154 0000 F9000000 		.4byte	0xf9
 155 0004 0400     		.2byte	0x4
 156 0006 00000000 		.4byte	.Ldebug_abbrev0
 157 000a 04       		.byte	0x4
 158 000b 01       		.uleb128 0x1
 159 000c 13010000 		.4byte	.LASF18
 160 0010 0C       		.byte	0xc
 161 0011 15000000 		.4byte	.LASF19
 162 0015 AE010000 		.4byte	.LASF20
 163 0019 20000000 		.4byte	.Ldebug_ranges0+0x20
 164 001d 00000000 		.4byte	0
 165 0021 00000000 		.4byte	.Ldebug_line0
 166 0025 02       		.uleb128 0x2
 167 0026 04       		.byte	0x4
 168 0027 05       		.byte	0x5
 169 0028 696E7400 		.ascii	"int\000"
 170 002c 03       		.uleb128 0x3
 171 002d 04       		.byte	0x4
ARM GAS  C:\Users\PC\AppData\Local\Temp\cc4eO5uw.s 			page 9


 172 002e 07       		.byte	0x7
 173 002f 3B000000 		.4byte	.LASF0
 174 0033 03       		.uleb128 0x3
 175 0034 08       		.byte	0x8
 176 0035 05       		.byte	0x5
 177 0036 00000000 		.4byte	.LASF1
 178 003a 03       		.uleb128 0x3
 179 003b 08       		.byte	0x8
 180 003c 04       		.byte	0x4
 181 003d FD000000 		.4byte	.LASF2
 182 0041 03       		.uleb128 0x3
 183 0042 01       		.byte	0x1
 184 0043 06       		.byte	0x6
 185 0044 F1000000 		.4byte	.LASF3
 186 0048 03       		.uleb128 0x3
 187 0049 01       		.byte	0x1
 188 004a 08       		.byte	0x8
 189 004b 99000000 		.4byte	.LASF4
 190 004f 03       		.uleb128 0x3
 191 0050 02       		.byte	0x2
 192 0051 05       		.byte	0x5
 193 0052 09010000 		.4byte	.LASF5
 194 0056 03       		.uleb128 0x3
 195 0057 02       		.byte	0x2
 196 0058 07       		.byte	0x7
 197 0059 DE000000 		.4byte	.LASF6
 198 005d 03       		.uleb128 0x3
 199 005e 04       		.byte	0x4
 200 005f 05       		.byte	0x5
 201 0060 AC000000 		.4byte	.LASF7
 202 0064 03       		.uleb128 0x3
 203 0065 04       		.byte	0x4
 204 0066 07       		.byte	0x7
 205 0067 5D000000 		.4byte	.LASF8
 206 006b 03       		.uleb128 0x3
 207 006c 08       		.byte	0x8
 208 006d 07       		.byte	0x7
 209 006e 7C000000 		.4byte	.LASF9
 210 0072 03       		.uleb128 0x3
 211 0073 04       		.byte	0x4
 212 0074 07       		.byte	0x7
 213 0075 A5010000 		.4byte	.LASF10
 214 0079 03       		.uleb128 0x3
 215 007a 01       		.byte	0x1
 216 007b 08       		.byte	0x8
 217 007c A7000000 		.4byte	.LASF11
 218 0080 04       		.uleb128 0x4
 219 0081 0E000000 		.4byte	.LASF14
 220 0085 02       		.byte	0x2
 221 0086 FD01     		.2byte	0x1fd
 222 0088 64000000 		.4byte	0x64
 223 008c 03       		.uleb128 0x3
 224 008d 04       		.byte	0x4
 225 008e 04       		.byte	0x4
 226 008f 93000000 		.4byte	.LASF12
 227 0093 03       		.uleb128 0x3
 228 0094 08       		.byte	0x8
ARM GAS  C:\Users\PC\AppData\Local\Temp\cc4eO5uw.s 			page 10


 229 0095 04       		.byte	0x4
 230 0096 D1000000 		.4byte	.LASF13
 231 009a 04       		.uleb128 0x4
 232 009b D8000000 		.4byte	.LASF15
 233 009f 02       		.byte	0x2
 234 00a0 A702     		.2byte	0x2a7
 235 00a2 A6000000 		.4byte	0xa6
 236 00a6 05       		.uleb128 0x5
 237 00a7 80000000 		.4byte	0x80
 238 00ab 06       		.uleb128 0x6
 239 00ac B5000000 		.4byte	.LASF16
 240 00b0 01       		.byte	0x1
 241 00b1 D3       		.byte	0xd3
 242 00b2 01       		.byte	0x1
 243 00b3 06       		.uleb128 0x6
 244 00b4 C6000000 		.4byte	.LASF17
 245 00b8 01       		.byte	0x1
 246 00b9 A9       		.byte	0xa9
 247 00ba 01       		.byte	0x1
 248 00bb 07       		.uleb128 0x7
 249 00bc 6F000000 		.4byte	.LASF21
 250 00c0 01       		.byte	0x1
 251 00c1 EB       		.byte	0xeb
 252 00c2 00000000 		.4byte	.LFB6
 253 00c6 A0000000 		.4byte	.LFE6-.LFB6
 254 00ca 01       		.uleb128 0x1
 255 00cb 9C       		.byte	0x9c
 256 00cc F1000000 		.4byte	0xf1
 257 00d0 08       		.uleb128 0x8
 258 00d1 B3000000 		.4byte	0xb3
 259 00d5 1E000000 		.4byte	.LBB6
 260 00d9 00000000 		.4byte	.Ldebug_ranges0+0
 261 00dd 01       		.byte	0x1
 262 00de 0601     		.2byte	0x106
 263 00e0 09       		.uleb128 0x9
 264 00e1 42000000 		.4byte	.LVL0
 265 00e5 F1000000 		.4byte	0xf1
 266 00e9 0A       		.uleb128 0xa
 267 00ea 01       		.uleb128 0x1
 268 00eb 50       		.byte	0x50
 269 00ec 01       		.uleb128 0x1
 270 00ed 48       		.byte	0x48
 271 00ee 00       		.byte	0
 272 00ef 00       		.byte	0
 273 00f0 00       		.byte	0
 274 00f1 0B       		.uleb128 0xb
 275 00f2 48000000 		.4byte	.LASF22
 276 00f6 48000000 		.4byte	.LASF22
 277 00fa 03       		.byte	0x3
 278 00fb 6C       		.byte	0x6c
 279 00fc 00       		.byte	0
 280              		.section	.debug_abbrev,"",%progbits
 281              	.Ldebug_abbrev0:
 282 0000 01       		.uleb128 0x1
 283 0001 11       		.uleb128 0x11
 284 0002 01       		.byte	0x1
 285 0003 25       		.uleb128 0x25
ARM GAS  C:\Users\PC\AppData\Local\Temp\cc4eO5uw.s 			page 11


 286 0004 0E       		.uleb128 0xe
 287 0005 13       		.uleb128 0x13
 288 0006 0B       		.uleb128 0xb
 289 0007 03       		.uleb128 0x3
 290 0008 0E       		.uleb128 0xe
 291 0009 1B       		.uleb128 0x1b
 292 000a 0E       		.uleb128 0xe
 293 000b 55       		.uleb128 0x55
 294 000c 17       		.uleb128 0x17
 295 000d 11       		.uleb128 0x11
 296 000e 01       		.uleb128 0x1
 297 000f 10       		.uleb128 0x10
 298 0010 17       		.uleb128 0x17
 299 0011 00       		.byte	0
 300 0012 00       		.byte	0
 301 0013 02       		.uleb128 0x2
 302 0014 24       		.uleb128 0x24
 303 0015 00       		.byte	0
 304 0016 0B       		.uleb128 0xb
 305 0017 0B       		.uleb128 0xb
 306 0018 3E       		.uleb128 0x3e
 307 0019 0B       		.uleb128 0xb
 308 001a 03       		.uleb128 0x3
 309 001b 08       		.uleb128 0x8
 310 001c 00       		.byte	0
 311 001d 00       		.byte	0
 312 001e 03       		.uleb128 0x3
 313 001f 24       		.uleb128 0x24
 314 0020 00       		.byte	0
 315 0021 0B       		.uleb128 0xb
 316 0022 0B       		.uleb128 0xb
 317 0023 3E       		.uleb128 0x3e
 318 0024 0B       		.uleb128 0xb
 319 0025 03       		.uleb128 0x3
 320 0026 0E       		.uleb128 0xe
 321 0027 00       		.byte	0
 322 0028 00       		.byte	0
 323 0029 04       		.uleb128 0x4
 324 002a 16       		.uleb128 0x16
 325 002b 00       		.byte	0
 326 002c 03       		.uleb128 0x3
 327 002d 0E       		.uleb128 0xe
 328 002e 3A       		.uleb128 0x3a
 329 002f 0B       		.uleb128 0xb
 330 0030 3B       		.uleb128 0x3b
 331 0031 05       		.uleb128 0x5
 332 0032 49       		.uleb128 0x49
 333 0033 13       		.uleb128 0x13
 334 0034 00       		.byte	0
 335 0035 00       		.byte	0
 336 0036 05       		.uleb128 0x5
 337 0037 35       		.uleb128 0x35
 338 0038 00       		.byte	0
 339 0039 49       		.uleb128 0x49
 340 003a 13       		.uleb128 0x13
 341 003b 00       		.byte	0
 342 003c 00       		.byte	0
ARM GAS  C:\Users\PC\AppData\Local\Temp\cc4eO5uw.s 			page 12


 343 003d 06       		.uleb128 0x6
 344 003e 2E       		.uleb128 0x2e
 345 003f 00       		.byte	0
 346 0040 03       		.uleb128 0x3
 347 0041 0E       		.uleb128 0xe
 348 0042 3A       		.uleb128 0x3a
 349 0043 0B       		.uleb128 0xb
 350 0044 3B       		.uleb128 0x3b
 351 0045 0B       		.uleb128 0xb
 352 0046 27       		.uleb128 0x27
 353 0047 19       		.uleb128 0x19
 354 0048 20       		.uleb128 0x20
 355 0049 0B       		.uleb128 0xb
 356 004a 00       		.byte	0
 357 004b 00       		.byte	0
 358 004c 07       		.uleb128 0x7
 359 004d 2E       		.uleb128 0x2e
 360 004e 01       		.byte	0x1
 361 004f 3F       		.uleb128 0x3f
 362 0050 19       		.uleb128 0x19
 363 0051 03       		.uleb128 0x3
 364 0052 0E       		.uleb128 0xe
 365 0053 3A       		.uleb128 0x3a
 366 0054 0B       		.uleb128 0xb
 367 0055 3B       		.uleb128 0x3b
 368 0056 0B       		.uleb128 0xb
 369 0057 27       		.uleb128 0x27
 370 0058 19       		.uleb128 0x19
 371 0059 11       		.uleb128 0x11
 372 005a 01       		.uleb128 0x1
 373 005b 12       		.uleb128 0x12
 374 005c 06       		.uleb128 0x6
 375 005d 40       		.uleb128 0x40
 376 005e 18       		.uleb128 0x18
 377 005f 9742     		.uleb128 0x2117
 378 0061 19       		.uleb128 0x19
 379 0062 01       		.uleb128 0x1
 380 0063 13       		.uleb128 0x13
 381 0064 00       		.byte	0
 382 0065 00       		.byte	0
 383 0066 08       		.uleb128 0x8
 384 0067 1D       		.uleb128 0x1d
 385 0068 01       		.byte	0x1
 386 0069 31       		.uleb128 0x31
 387 006a 13       		.uleb128 0x13
 388 006b 52       		.uleb128 0x52
 389 006c 01       		.uleb128 0x1
 390 006d 55       		.uleb128 0x55
 391 006e 17       		.uleb128 0x17
 392 006f 58       		.uleb128 0x58
 393 0070 0B       		.uleb128 0xb
 394 0071 59       		.uleb128 0x59
 395 0072 05       		.uleb128 0x5
 396 0073 00       		.byte	0
 397 0074 00       		.byte	0
 398 0075 09       		.uleb128 0x9
 399 0076 898201   		.uleb128 0x4109
ARM GAS  C:\Users\PC\AppData\Local\Temp\cc4eO5uw.s 			page 13


 400 0079 01       		.byte	0x1
 401 007a 11       		.uleb128 0x11
 402 007b 01       		.uleb128 0x1
 403 007c 31       		.uleb128 0x31
 404 007d 13       		.uleb128 0x13
 405 007e 00       		.byte	0
 406 007f 00       		.byte	0
 407 0080 0A       		.uleb128 0xa
 408 0081 8A8201   		.uleb128 0x410a
 409 0084 00       		.byte	0
 410 0085 02       		.uleb128 0x2
 411 0086 18       		.uleb128 0x18
 412 0087 9142     		.uleb128 0x2111
 413 0089 18       		.uleb128 0x18
 414 008a 00       		.byte	0
 415 008b 00       		.byte	0
 416 008c 0B       		.uleb128 0xb
 417 008d 2E       		.uleb128 0x2e
 418 008e 00       		.byte	0
 419 008f 3F       		.uleb128 0x3f
 420 0090 19       		.uleb128 0x19
 421 0091 3C       		.uleb128 0x3c
 422 0092 19       		.uleb128 0x19
 423 0093 6E       		.uleb128 0x6e
 424 0094 0E       		.uleb128 0xe
 425 0095 03       		.uleb128 0x3
 426 0096 0E       		.uleb128 0xe
 427 0097 3A       		.uleb128 0x3a
 428 0098 0B       		.uleb128 0xb
 429 0099 3B       		.uleb128 0x3b
 430 009a 0B       		.uleb128 0xb
 431 009b 00       		.byte	0
 432 009c 00       		.byte	0
 433 009d 00       		.byte	0
 434              		.section	.debug_aranges,"",%progbits
 435 0000 1C000000 		.4byte	0x1c
 436 0004 0200     		.2byte	0x2
 437 0006 00000000 		.4byte	.Ldebug_info0
 438 000a 04       		.byte	0x4
 439 000b 00       		.byte	0
 440 000c 0000     		.2byte	0
 441 000e 0000     		.2byte	0
 442 0010 00000000 		.4byte	.LFB6
 443 0014 A0000000 		.4byte	.LFE6-.LFB6
 444 0018 00000000 		.4byte	0
 445 001c 00000000 		.4byte	0
 446              		.section	.debug_ranges,"",%progbits
 447              	.Ldebug_ranges0:
 448 0000 1E000000 		.4byte	.LBB6
 449 0004 20000000 		.4byte	.LBE6
 450 0008 2E000000 		.4byte	.LBB10
 451 000c 30000000 		.4byte	.LBE10
 452 0010 3A000000 		.4byte	.LBB11
 453 0014 60000000 		.4byte	.LBE11
 454 0018 00000000 		.4byte	0
 455 001c 00000000 		.4byte	0
 456 0020 00000000 		.4byte	.LFB6
ARM GAS  C:\Users\PC\AppData\Local\Temp\cc4eO5uw.s 			page 14


 457 0024 A0000000 		.4byte	.LFE6
 458 0028 00000000 		.4byte	0
 459 002c 00000000 		.4byte	0
 460              		.section	.debug_line,"",%progbits
 461              	.Ldebug_line0:
 462 0000 9D000000 		.section	.debug_str,"MS",%progbits,1
 462      02005400 
 462      00000201 
 462      FB0E0D00 
 462      01010101 
 463              	.LASF1:
 464 0000 6C6F6E67 		.ascii	"long long int\000"
 464      206C6F6E 
 464      6720696E 
 464      7400
 465              	.LASF14:
 466 000e 75696E74 		.ascii	"uint32\000"
 466      333200
 467              	.LASF19:
 468 0015 47656E65 		.ascii	"Generated_Source\\PSoC4\\cyfitter_cfg.c\000"
 468      72617465 
 468      645F536F 
 468      75726365 
 468      5C50536F 
 469              	.LASF0:
 470 003b 756E7369 		.ascii	"unsigned int\000"
 470      676E6564 
 470      20696E74 
 470      00
 471              	.LASF22:
 472 0048 43795379 		.ascii	"CySysClkWriteImoFreq\000"
 472      73436C6B 
 472      57726974 
 472      65496D6F 
 472      46726571 
 473              	.LASF8:
 474 005d 6C6F6E67 		.ascii	"long unsigned int\000"
 474      20756E73 
 474      69676E65 
 474      6420696E 
 474      7400
 475              	.LASF21:
 476 006f 63796669 		.ascii	"cyfitter_cfg\000"
 476      74746572 
 476      5F636667 
 476      00
 477              	.LASF9:
 478 007c 6C6F6E67 		.ascii	"long long unsigned int\000"
 478      206C6F6E 
 478      6720756E 
 478      7369676E 
 478      65642069 
 479              	.LASF12:
 480 0093 666C6F61 		.ascii	"float\000"
 480      7400
 481              	.LASF4:
 482 0099 756E7369 		.ascii	"unsigned char\000"
ARM GAS  C:\Users\PC\AppData\Local\Temp\cc4eO5uw.s 			page 15


 482      676E6564 
 482      20636861 
 482      7200
 483              	.LASF11:
 484 00a7 63686172 		.ascii	"char\000"
 484      00
 485              	.LASF7:
 486 00ac 6C6F6E67 		.ascii	"long int\000"
 486      20696E74 
 486      00
 487              	.LASF16:
 488 00b5 416E616C 		.ascii	"AnalogSetDefault\000"
 488      6F675365 
 488      74446566 
 488      61756C74 
 488      00
 489              	.LASF17:
 490 00c6 436C6F63 		.ascii	"ClockSetup\000"
 490      6B536574 
 490      757000
 491              	.LASF13:
 492 00d1 646F7562 		.ascii	"double\000"
 492      6C6500
 493              	.LASF15:
 494 00d8 72656733 		.ascii	"reg32\000"
 494      3200
 495              	.LASF6:
 496 00de 73686F72 		.ascii	"short unsigned int\000"
 496      7420756E 
 496      7369676E 
 496      65642069 
 496      6E7400
 497              	.LASF3:
 498 00f1 7369676E 		.ascii	"signed char\000"
 498      65642063 
 498      68617200 
 499              	.LASF2:
 500 00fd 6C6F6E67 		.ascii	"long double\000"
 500      20646F75 
 500      626C6500 
 501              	.LASF5:
 502 0109 73686F72 		.ascii	"short int\000"
 502      7420696E 
 502      7400
 503              	.LASF18:
 504 0113 474E5520 		.ascii	"GNU C11 5.4.1 20160609 (release) [ARM/embedded-5-br"
 504      43313120 
 504      352E342E 
 504      31203230 
 504      31363036 
 505 0146 616E6368 		.ascii	"anch revision 237715] -mcpu=cortex-m0plus -mthumb -"
 505      20726576 
 505      6973696F 
 505      6E203233 
 505      37373135 
 506 0179 67202D4F 		.ascii	"g -Os -ffunction-sections -ffat-lto-objects\000"
 506      73202D66 
ARM GAS  C:\Users\PC\AppData\Local\Temp\cc4eO5uw.s 			page 16


 506      66756E63 
 506      74696F6E 
 506      2D736563 
 507              	.LASF10:
 508 01a5 73697A65 		.ascii	"sizetype\000"
 508      74797065 
 508      00
 509              	.LASF20:
 510 01ae 433A5C55 		.ascii	"C:\\Users\\PC\\Documents\\PSoC Creator\\yellowChip\\"
 510      73657273 
 510      5C50435C 
 510      446F6375 
 510      6D656E74 
 511 01dc 5247425F 		.ascii	"RGB_Led.cydsn\000"
 511      4C65642E 
 511      63796473 
 511      6E00
 512              		.ident	"GCC: (GNU Tools for ARM Embedded Processors) 5.4.1 20160609 (release) [ARM/embedded-5-bran
